#
# There is insufficient memory for the Java Runtime Environment to continue.
# Native memory allocation (mmap) failed to map 295698432 bytes for G1 virtual space
# Possible reasons:
#   The system is out of physical RAM or swap space
#   The process is running with CompressedOops enabled, and the Java Heap may be blocking the growth of the native heap
# Possible solutions:
#   Reduce memory load on the system
#   Increase physical memory or swap space
#   Check if swap backing store is full
#   Decrease Java heap size (-Xmx/-Xms)
#   Decrease number of Java threads
#   Decrease Java thread stack sizes (-Xss)
#   Set larger code cache with -XX:ReservedCodeCacheSize=
#   JVM is running with Unscaled Compressed Oops mode in which the Java heap is
#     placed in the first 4GB address space. The Java Heap base address is the
#     maximum limit for the native heap growth. Please use -XX:HeapBaseMinAddress
#     to set the Java Heap base and to place the Java Heap above 4GB virtual address.
# This output file may be truncated or incomplete.
#
#  Out of Memory Error (os_windows.cpp:3769), pid=11788, tid=2756
#
# JRE version: OpenJDK Runtime Environment (17.0.6) (build 17.0.6+0-b2043.56-10027231)
# Java VM: OpenJDK 64-Bit Server VM (17.0.6+0-b2043.56-10027231, mixed mode, tiered, compressed oops, compressed class ptrs, g1 gc, windows-amd64)
# No core dump will be written. Minidumps are not enabled by default on client versions of Windows
#

---------------  S U M M A R Y ------------

Command Line: --add-opens=java.base/java.util=ALL-UNNAMED --add-opens=java.base/java.lang=ALL-UNNAMED --add-opens=java.base/java.lang.invoke=ALL-UNNAMED --add-opens=java.base/java.util=ALL-UNNAMED --add-opens=java.prefs/java.util.prefs=ALL-UNNAMED --add-opens=java.prefs/java.util.prefs=ALL-UNNAMED --add-opens=java.base/java.nio.charset=ALL-UNNAMED --add-opens=java.base/java.net=ALL-UNNAMED --add-opens=java.base/java.util.concurrent.atomic=ALL-UNNAMED -Xmx2048m -Dfile.encoding=UTF-8 -Duser.country=ID -Duser.language=en -Duser.variant org.gradle.launcher.daemon.bootstrap.GradleDaemon 7.5

Host: Intel(R) Core(TM) i7-6500U CPU @ 2.50GHz, 4 cores, 7G,  Windows 10 , 64 bit Build 19041 (10.0.19041.3570)
Time: Fri Nov 10 22:21:46 2023 SE Asia Standard Time elapsed time: 444.908176 seconds (0d 0h 7m 24s)

---------------  T H R E A D  ---------------

Current thread (0x0000021de7ea6d30):  VMThread "VM Thread" [stack: 0x0000003dc1100000,0x0000003dc1200000] [id=2756]

Stack: [0x0000003dc1100000,0x0000003dc1200000]
Native frames: (J=compiled Java code, j=interpreted, Vv=VM code, C=native code)
V  [jvm.dll+0x683c9a]
V  [jvm.dll+0x8427a4]
V  [jvm.dll+0x843f9e]
V  [jvm.dll+0x844603]
V  [jvm.dll+0x249b75]
V  [jvm.dll+0x680b69]
V  [jvm.dll+0x67505a]
V  [jvm.dll+0x309acb]
V  [jvm.dll+0x310f86]
V  [jvm.dll+0x3608ee]
V  [jvm.dll+0x360b1f]
V  [jvm.dll+0x2dfbf8]
V  [jvm.dll+0x2ddec4]
V  [jvm.dll+0x2dd4cc]
V  [jvm.dll+0x321f3b]
V  [jvm.dll+0x848ccb]
V  [jvm.dll+0x849a04]
V  [jvm.dll+0x849f1d]
V  [jvm.dll+0x84a2f4]
V  [jvm.dll+0x84a3c0]
V  [jvm.dll+0x7f274a]
V  [jvm.dll+0x682ad5]
C  [ucrtbase.dll+0x21bb2]
C  [KERNEL32.DLL+0x17344]
C  [ntdll.dll+0x526b1]

VM_Operation (0x0000003dc25f7e90): G1CollectForAllocation, mode: safepoint, requested by thread 0x0000021dee8fcd40


---------------  P R O C E S S  ---------------

Threads class SMR info:
_java_thread_list=0x0000021dee3c5680, length=81, elements={
0x0000021dcc82df90, 0x0000021de7eaca40, 0x0000021de7ead7c0, 0x0000021de7ed2d00,
0x0000021de7ed35c0, 0x0000021de8833010, 0x0000021de88338d0, 0x0000021de883f9d0,
0x0000021de8842390, 0x0000021de885f070, 0x0000021de89c5020, 0x0000021de89df830,
0x0000021deb3fb440, 0x0000021deb442310, 0x0000021de9cf6440, 0x0000021deae5e550,
0x0000021dea31db90, 0x0000021dea3184f0, 0x0000021dea31d1f0, 0x0000021dea31b040,
0x0000021dea31eed0, 0x0000021dea31b510, 0x0000021dea319360, 0x0000021dea318e90,
0x0000021dea31e060, 0x0000021dea31ab70, 0x0000021dea31b9e0, 0x0000021dee9023e0,
0x0000021dee8fcd40, 0x0000021dee900230, 0x0000021dee8fb530, 0x0000021dee9028b0,
0x0000021dee8fe080, 0x0000021dee900700, 0x0000021dee8fd6e0, 0x0000021dee8fe550,
0x0000021dee8fba00, 0x0000021dee8fea20, 0x0000021dee901570, 0x0000021dee8fc3a0,
0x0000021dee8fd210, 0x0000021dead68850, 0x0000021dead696c0, 0x0000021dead64020,
0x0000021dead69b90, 0x0000021dead6a060, 0x0000021dead6a530, 0x0000021dead644f0,
0x0000021dead649c0, 0x0000021dead64e90, 0x0000021dead65360, 0x0000021dead65830,
0x0000021dead66b70, 0x0000021dea31a6a0, 0x0000021dea319830, 0x0000021dea31d6c0,
0x0000021dea319d00, 0x0000021dea31a1d0, 0x0000021dea31c380, 0x0000021deae5f890,
0x0000021deae5ea20, 0x0000021deae5eef0, 0x0000021deae5f3c0, 0x0000021deae5e080,
0x0000021de97fa090, 0x0000021de97fa560, 0x0000021de97faa30, 0x0000021de97f7070,
0x0000021de97f8d50, 0x0000021de97f8880, 0x0000021de97f9220, 0x0000021de97f96f0,
0x0000021de97f9bc0, 0x0000021de97f7540, 0x0000021de97f7a10, 0x0000021de97f7ee0,
0x0000021de97f83b0, 0x0000021df0c39b90, 0x0000021df0c3da20, 0x0000021df0c3a530,
0x0000021df0c3c210
}

Java Threads: ( => current thread )
  0x0000021dcc82df90 JavaThread "main" [_thread_blocked, id=11924, stack(0x0000003dc0b00000,0x0000003dc0c00000)]
  0x0000021de7eaca40 JavaThread "Reference Handler" daemon [_thread_blocked, id=7916, stack(0x0000003dc1200000,0x0000003dc1300000)]
  0x0000021de7ead7c0 JavaThread "Finalizer" daemon [_thread_blocked, id=8548, stack(0x0000003dc1300000,0x0000003dc1400000)]
  0x0000021de7ed2d00 JavaThread "Signal Dispatcher" daemon [_thread_blocked, id=9028, stack(0x0000003dc1400000,0x0000003dc1500000)]
  0x0000021de7ed35c0 JavaThread "Attach Listener" daemon [_thread_blocked, id=8804, stack(0x0000003dc1500000,0x0000003dc1600000)]
  0x0000021de8833010 JavaThread "Service Thread" daemon [_thread_blocked, id=6988, stack(0x0000003dc1600000,0x0000003dc1700000)]
  0x0000021de88338d0 JavaThread "Monitor Deflation Thread" daemon [_thread_blocked, id=12304, stack(0x0000003dc1700000,0x0000003dc1800000)]
  0x0000021de883f9d0 JavaThread "C2 CompilerThread0" daemon [_thread_blocked, id=12552, stack(0x0000003dc1800000,0x0000003dc1900000)]
  0x0000021de8842390 JavaThread "C1 CompilerThread0" daemon [_thread_blocked, id=4032, stack(0x0000003dc1900000,0x0000003dc1a00000)]
  0x0000021de885f070 JavaThread "Sweeper thread" daemon [_thread_blocked, id=4624, stack(0x0000003dc1a00000,0x0000003dc1b00000)]
  0x0000021de89c5020 JavaThread "Common-Cleaner" daemon [_thread_blocked, id=9296, stack(0x0000003dc1b00000,0x0000003dc1c00000)]
  0x0000021de89df830 JavaThread "Notification Thread" daemon [_thread_blocked, id=7440, stack(0x0000003dc1c00000,0x0000003dc1d00000)]
  0x0000021deb3fb440 JavaThread "Daemon health stats" [_thread_blocked, id=13256, stack(0x0000003dc2200000,0x0000003dc2300000)]
  0x0000021deb442310 JavaThread "Incoming local TCP Connector on port 59916" [_thread_in_native, id=10236, stack(0x0000003dc2300000,0x0000003dc2400000)]
  0x0000021de9cf6440 JavaThread "Daemon periodic checks" [_thread_blocked, id=10144, stack(0x0000003dc2400000,0x0000003dc2500000)]
  0x0000021deae5e550 JavaThread "Cache worker for journal cache (C:\Users\ASUS\.gradle\caches\journal-1)" [_thread_blocked, id=10188, stack(0x0000003dc2c00000,0x0000003dc2d00000)]
  0x0000021dea31db90 JavaThread "File lock request listener" [_thread_in_native, id=6312, stack(0x0000003dc2d00000,0x0000003dc2e00000)]
  0x0000021dea3184f0 JavaThread "Cache worker for file hash cache (C:\Users\ASUS\.gradle\caches\7.5\fileHashes)" [_thread_blocked, id=8652, stack(0x0000003dc2e00000,0x0000003dc2f00000)]
  0x0000021dea31d1f0 JavaThread "File watcher server" daemon [_thread_in_native, id=5264, stack(0x0000003dc2f00000,0x0000003dc3000000)]
  0x0000021dea31b040 JavaThread "File watcher consumer" daemon [_thread_blocked, id=5208, stack(0x0000003dc3000000,0x0000003dc3100000)]
  0x0000021dea31eed0 JavaThread "jar transforms" [_thread_blocked, id=2512, stack(0x0000003dc3100000,0x0000003dc3200000)]
  0x0000021dea31b510 JavaThread "jar transforms Thread 2" [_thread_blocked, id=11168, stack(0x0000003dc3200000,0x0000003dc3300000)]
  0x0000021dea319360 JavaThread "jar transforms Thread 3" [_thread_blocked, id=12548, stack(0x0000003dc3300000,0x0000003dc3400000)]
  0x0000021dea318e90 JavaThread "jar transforms Thread 4" [_thread_blocked, id=10480, stack(0x0000003dc3400000,0x0000003dc3500000)]
  0x0000021dea31e060 JavaThread "Cache worker for file content cache (C:\Users\ASUS\.gradle\caches\7.5\fileContent)" [_thread_blocked, id=1560, stack(0x0000003dc3700000,0x0000003dc3800000)]
  0x0000021dea31ab70 JavaThread "Cache worker for execution history cache (C:\Users\ASUS\.gradle\caches\7.5\executionHistory)" [_thread_blocked, id=2896, stack(0x0000003dc3a00000,0x0000003dc3b00000)]
  0x0000021dea31b9e0 JavaThread "Cache worker for kotlin-dsl (C:\Users\ASUS\.gradle\caches\7.5\kotlin-dsl)" [_thread_blocked, id=11396, stack(0x0000003dc3b00000,0x0000003dc3c00000)]
  0x0000021dee9023e0 JavaThread "Daemon Thread 2" [_thread_blocked, id=8764, stack(0x0000003dc0900000,0x0000003dc0a00000)]
  0x0000021dee8fcd40 JavaThread "Daemon worker Thread 2" [_thread_blocked, id=10712, stack(0x0000003dc2500000,0x0000003dc2600000)]
  0x0000021dee900230 JavaThread "Handler for socket connection from /127.0.0.1:59916 to /127.0.0.1:59967" [_thread_in_native, id=8848, stack(0x0000003dc0a00000,0x0000003dc0b00000)]
  0x0000021dee8fb530 JavaThread "Cancel handler" [_thread_blocked, id=10608, stack(0x0000003dc2100000,0x0000003dc2200000)]
  0x0000021dee9028b0 JavaThread "Asynchronous log dispatcher for DefaultDaemonConnection: socket connection from /127.0.0.1:59916 to /127.0.0.1:59967" [_thread_blocked, id=6688, stack(0x0000003dc2600000,0x0000003dc2700000)]
  0x0000021dee8fe080 JavaThread "Stdin handler" [_thread_blocked, id=11548, stack(0x0000003dc2800000,0x0000003dc2900000)]
  0x0000021dee900700 JavaThread "Daemon client event forwarder" [_thread_blocked, id=1252, stack(0x0000003dc2900000,0x0000003dc2a00000)]
  0x0000021dee8fd6e0 JavaThread "Cache worker for checksums cache (E:\Project Coba-coba\Mapbox\.gradle\7.5\checksums)" [_thread_blocked, id=12072, stack(0x0000003dc2a00000,0x0000003dc2b00000)]
  0x0000021dee8fe550 JavaThread "Cache worker for cache directory md-rule (C:\Users\ASUS\.gradle\caches\7.5\md-rule)" [_thread_blocked, id=1644, stack(0x0000003dc2b00000,0x0000003dc2c00000)]
  0x0000021dee8fba00 JavaThread "Cache worker for file hash cache (E:\Project Coba-coba\Mapbox\.gradle\7.5\fileHashes)" [_thread_blocked, id=10508, stack(0x0000003dc3500000,0x0000003dc3600000)]
  0x0000021dee8fea20 JavaThread "Cache worker for cache directory md-supplier (C:\Users\ASUS\.gradle\caches\7.5\md-supplier)" [_thread_blocked, id=9600, stack(0x0000003dc3600000,0x0000003dc3700000)]
  0x0000021dee901570 JavaThread "Cache worker for dependencies-accessors (E:\Project Coba-coba\Mapbox\.gradle\7.5\dependencies-accessors)" [_thread_blocked, id=8284, stack(0x0000003dc3900000,0x0000003dc3a00000)]
  0x0000021dee8fc3a0 JavaThread "Cache worker for Build Output Cleanup Cache (E:\Project Coba-coba\Mapbox\.gradle\buildOutputCleanup)" [_thread_blocked, id=12660, stack(0x0000003dc3c00000,0x0000003dc3d00000)]
  0x0000021dee8fd210 JavaThread "Unconstrained build operations" [_thread_blocked, id=8340, stack(0x0000003dc3d00000,0x0000003dc3e00000)]
  0x0000021dead68850 JavaThread "Unconstrained build operations Thread 2" [_thread_blocked, id=1696, stack(0x0000003dc3f00000,0x0000003dc4000000)]
  0x0000021dead696c0 JavaThread "Unconstrained build operations Thread 3" [_thread_blocked, id=5860, stack(0x0000003dc4000000,0x0000003dc4100000)]
  0x0000021dead64020 JavaThread "Unconstrained build operations Thread 4" [_thread_blocked, id=4268, stack(0x0000003dc4100000,0x0000003dc4200000)]
  0x0000021dead69b90 JavaThread "Unconstrained build operations Thread 5" [_thread_blocked, id=3456, stack(0x0000003dc4200000,0x0000003dc4300000)]
  0x0000021dead6a060 JavaThread "Unconstrained build operations Thread 6" [_thread_blocked, id=8424, stack(0x0000003dc4300000,0x0000003dc4400000)]
  0x0000021dead6a530 JavaThread "Unconstrained build operations Thread 7" [_thread_blocked, id=10528, stack(0x0000003dc4400000,0x0000003dc4500000)]
  0x0000021dead644f0 JavaThread "Unconstrained build operations Thread 8" [_thread_blocked, id=7112, stack(0x0000003dc4500000,0x0000003dc4600000)]
  0x0000021dead649c0 JavaThread "Unconstrained build operations Thread 9" [_thread_blocked, id=9944, stack(0x0000003dc4600000,0x0000003dc4700000)]
  0x0000021dead64e90 JavaThread "Unconstrained build operations Thread 10" [_thread_blocked, id=11980, stack(0x0000003dc4700000,0x0000003dc4800000)]
  0x0000021dead65360 JavaThread "Unconstrained build operations Thread 11" [_thread_blocked, id=7200, stack(0x0000003dc4800000,0x0000003dc4900000)]
  0x0000021dead65830 JavaThread "Unconstrained build operations Thread 12" [_thread_blocked, id=5420, stack(0x0000003dc4900000,0x0000003dc4a00000)]
  0x0000021dead66b70 JavaThread "Unconstrained build operations Thread 13" [_thread_blocked, id=1064, stack(0x0000003dc4a00000,0x0000003dc4b00000)]
  0x0000021dea31a6a0 JavaThread "Unconstrained build operations Thread 14" [_thread_blocked, id=8140, stack(0x0000003dc4b00000,0x0000003dc4c00000)]
  0x0000021dea319830 JavaThread "Unconstrained build operations Thread 15" [_thread_blocked, id=3116, stack(0x0000003dc4c00000,0x0000003dc4d00000)]
  0x0000021dea31d6c0 JavaThread "Unconstrained build operations Thread 16" [_thread_blocked, id=4000, stack(0x0000003dc4d00000,0x0000003dc4e00000)]
  0x0000021dea319d00 JavaThread "Unconstrained build operations Thread 17" [_thread_blocked, id=7600, stack(0x0000003dc4e00000,0x0000003dc4f00000)]
  0x0000021dea31a1d0 JavaThread "Unconstrained build operations Thread 18" [_thread_blocked, id=11556, stack(0x0000003dc4f00000,0x0000003dc5000000)]
  0x0000021dea31c380 JavaThread "Unconstrained build operations Thread 19" [_thread_blocked, id=4940, stack(0x0000003dc5000000,0x0000003dc5100000)]
  0x0000021deae5f890 JavaThread "Unconstrained build operations Thread 20" [_thread_blocked, id=7628, stack(0x0000003dc5100000,0x0000003dc5200000)]
  0x0000021deae5ea20 JavaThread "Unconstrained build operations Thread 21" [_thread_blocked, id=452, stack(0x0000003dc5200000,0x0000003dc5300000)]
  0x0000021deae5eef0 JavaThread "Unconstrained build operations Thread 22" [_thread_blocked, id=7924, stack(0x0000003dc5300000,0x0000003dc5400000)]
  0x0000021deae5f3c0 JavaThread "Unconstrained build operations Thread 23" [_thread_blocked, id=1716, stack(0x0000003dc5400000,0x0000003dc5500000)]
  0x0000021deae5e080 JavaThread "Unconstrained build operations Thread 24" [_thread_blocked, id=2524, stack(0x0000003dc5500000,0x0000003dc5600000)]
  0x0000021de97fa090 JavaThread "Unconstrained build operations Thread 25" [_thread_blocked, id=12384, stack(0x0000003dc5600000,0x0000003dc5700000)]
  0x0000021de97fa560 JavaThread "Unconstrained build operations Thread 26" [_thread_blocked, id=188, stack(0x0000003dc5700000,0x0000003dc5800000)]
  0x0000021de97faa30 JavaThread "Unconstrained build operations Thread 27" [_thread_blocked, id=11412, stack(0x0000003dc5800000,0x0000003dc5900000)]
  0x0000021de97f7070 JavaThread "Unconstrained build operations Thread 28" [_thread_blocked, id=2380, stack(0x0000003dc5900000,0x0000003dc5a00000)]
  0x0000021de97f8d50 JavaThread "Unconstrained build operations Thread 29" [_thread_blocked, id=7892, stack(0x0000003dc5a00000,0x0000003dc5b00000)]
  0x0000021de97f8880 JavaThread "Unconstrained build operations Thread 30" [_thread_blocked, id=13204, stack(0x0000003dc5b00000,0x0000003dc5c00000)]
  0x0000021de97f9220 JavaThread "Unconstrained build operations Thread 31" [_thread_blocked, id=11740, stack(0x0000003dc5c00000,0x0000003dc5d00000)]
  0x0000021de97f96f0 JavaThread "Unconstrained build operations Thread 32" [_thread_blocked, id=6396, stack(0x0000003dc5d00000,0x0000003dc5e00000)]
  0x0000021de97f9bc0 JavaThread "Unconstrained build operations Thread 33" [_thread_blocked, id=9588, stack(0x0000003dc5e00000,0x0000003dc5f00000)]
  0x0000021de97f7540 JavaThread "Unconstrained build operations Thread 34" [_thread_blocked, id=4664, stack(0x0000003dc5f00000,0x0000003dc6000000)]
  0x0000021de97f7a10 JavaThread "Unconstrained build operations Thread 35" [_thread_blocked, id=10496, stack(0x0000003dc6000000,0x0000003dc6100000)]
  0x0000021de97f7ee0 JavaThread "Unconstrained build operations Thread 36" [_thread_blocked, id=12704, stack(0x0000003dc6100000,0x0000003dc6200000)]
  0x0000021de97f83b0 JavaThread "Unconstrained build operations Thread 37" [_thread_blocked, id=9444, stack(0x0000003dc6200000,0x0000003dc6300000)]
  0x0000021df0c39b90 JavaThread "Unconstrained build operations Thread 38" [_thread_blocked, id=10540, stack(0x0000003dc6300000,0x0000003dc6400000)]
  0x0000021df0c3da20 JavaThread "Unconstrained build operations Thread 39" [_thread_blocked, id=11124, stack(0x0000003dc6400000,0x0000003dc6500000)]
  0x0000021df0c3a530 JavaThread "Unconstrained build operations Thread 40" [_thread_blocked, id=6520, stack(0x0000003dc6500000,0x0000003dc6600000)]
  0x0000021df0c3c210 JavaThread "Memory manager" [_thread_blocked, id=9284, stack(0x0000003dc6700000,0x0000003dc6800000)]

Other Threads:
=>0x0000021de7ea6d30 VMThread "VM Thread" [stack: 0x0000003dc1100000,0x0000003dc1200000] [id=2756]
  0x0000021de89dfd00 WatcherThread [stack: 0x0000003dc1d00000,0x0000003dc1e00000] [id=12684]
  0x0000021dce9283b0 GCTaskThread "GC Thread#0" [stack: 0x0000003dc0c00000,0x0000003dc0d00000] [id=928]
  0x0000021de8d79890 GCTaskThread "GC Thread#1" [stack: 0x0000003dc1f00000,0x0000003dc2000000] [id=2620]
  0x0000021de8c9e3c0 GCTaskThread "GC Thread#2" [stack: 0x0000003dc2000000,0x0000003dc2100000] [id=6960]
  0x0000021de8a97510 GCTaskThread "GC Thread#3" [stack: 0x0000003dc1e00000,0x0000003dc1f00000] [id=1156]
  0x0000021dce9399a0 ConcurrentGCThread "G1 Main Marker" [stack: 0x0000003dc0d00000,0x0000003dc0e00000] [id=12344]
  0x0000021dce93b2d0 ConcurrentGCThread "G1 Conc#0" [stack: 0x0000003dc0e00000,0x0000003dc0f00000] [id=10888]
  0x0000021dce9942b0 ConcurrentGCThread "G1 Refine#0" [stack: 0x0000003dc0f00000,0x0000003dc1000000] [id=5232]
  0x0000021de8fe2be0 ConcurrentGCThread "G1 Refine#1" [stack: 0x0000003dc2700000,0x0000003dc2800000] [id=9800]
  0x0000021dce994be0 ConcurrentGCThread "G1 Service" [stack: 0x0000003dc1000000,0x0000003dc1100000] [id=12316]

Threads with active compile tasks:

VM state: at safepoint (normal execution)

VM Mutex/Monitor currently owned by a thread:  ([mutex/lock_event])
[0x0000021dcc82a7a0] Threads_lock - owner thread: 0x0000021de7ea6d30
[0x0000021dcc82be20] Heap_lock - owner thread: 0x0000021dee8fcd40

Heap address: 0x0000000080000000, size: 2048 MB, Compressed Oops mode: 32-bit

CDS archive(s) not mapped
Compressed class space mapped at: 0x0000000100000000-0x0000000140000000, reserved size: 1073741824
Narrow klass base: 0x0000000000000000, Narrow klass shift: 3, Narrow klass range: 0x140000000

GC Precious Log:
 CPUs: 4 total, 4 available
 Memory: 8085M
 Large Page Support: Disabled
 NUMA Support: Disabled
 Compressed Oops: Enabled (32-bit)
 Heap Region Size: 1M
 Heap Min Capacity: 8M
 Heap Initial Capacity: 128M
 Heap Max Capacity: 2G
 Pre-touch: Disabled
 Parallel Workers: 4
 Concurrent Workers: 1
 Concurrent Refinement Workers: 4
 Periodic GC: Disabled

Heap:
 garbage-first heap   total 279552K, used 153600K [0x0000000080000000, 0x0000000100000000)
  region size 1024K, 5 young (5120K), 5 survivors (5120K)
 Metaspace       used 135725K, committed 136576K, reserved 1171456K
  class space    used 17153K, committed 17536K, reserved 1048576K

Heap Regions: E=young(eden), S=young(survivor), O=old, HS=humongous(starts), HC=humongous(continues), CS=collection set, F=free, OA=open archive, CA=closed archive, TAMS=top-at-mark-start (previous, next)
|   0|0x0000000080000000, 0x0000000080100000, 0x0000000080100000|100%|HS|  |TAMS 0x0000000080100000, 0x0000000080000000| Complete 
|   1|0x0000000080100000, 0x0000000080200000, 0x0000000080200000|100%|HC|  |TAMS 0x0000000080200000, 0x0000000080100000| Complete 
|   2|0x0000000080200000, 0x0000000080300000, 0x0000000080300000|100%|HC|  |TAMS 0x0000000080300000, 0x0000000080200000| Complete 
|   3|0x0000000080300000, 0x0000000080400000, 0x0000000080400000|100%| O|  |TAMS 0x0000000080400000, 0x0000000080300000| Untracked 
|   4|0x0000000080400000, 0x0000000080500000, 0x0000000080500000|100%| O|  |TAMS 0x0000000080500000, 0x0000000080400000| Untracked 
|   5|0x0000000080500000, 0x0000000080600000, 0x0000000080600000|100%| O|  |TAMS 0x0000000080600000, 0x0000000080500000| Untracked 
|   6|0x0000000080600000, 0x0000000080700000, 0x0000000080700000|100%| O|  |TAMS 0x0000000080700000, 0x0000000080600000| Untracked 
|   7|0x0000000080700000, 0x0000000080800000, 0x0000000080800000|100%| O|  |TAMS 0x0000000080800000, 0x0000000080700000| Untracked 
|   8|0x0000000080800000, 0x0000000080900000, 0x0000000080900000|100%| O|  |TAMS 0x0000000080900000, 0x0000000080800000| Untracked 
|   9|0x0000000080900000, 0x0000000080a00000, 0x0000000080a00000|100%| O|  |TAMS 0x0000000080a00000, 0x0000000080900000| Untracked 
|  10|0x0000000080a00000, 0x0000000080b00000, 0x0000000080b00000|100%| O|  |TAMS 0x0000000080b00000, 0x0000000080a00000| Untracked 
|  11|0x0000000080b00000, 0x0000000080c00000, 0x0000000080c00000|100%| O|  |TAMS 0x0000000080c00000, 0x0000000080b00000| Untracked 
|  12|0x0000000080c00000, 0x0000000080d00000, 0x0000000080d00000|100%| O|  |TAMS 0x0000000080d00000, 0x0000000080c00000| Untracked 
|  13|0x0000000080d00000, 0x0000000080e00000, 0x0000000080e00000|100%| O|  |TAMS 0x0000000080e00000, 0x0000000080d00000| Untracked 
|  14|0x0000000080e00000, 0x0000000080f00000, 0x0000000080f00000|100%| O|  |TAMS 0x0000000080f00000, 0x0000000080e00000| Untracked 
|  15|0x0000000080f00000, 0x0000000081000000, 0x0000000081000000|100%| O|  |TAMS 0x0000000081000000, 0x0000000080f00000| Untracked 
|  16|0x0000000081000000, 0x0000000081100000, 0x0000000081100000|100%| O|  |TAMS 0x0000000081100000, 0x0000000081000000| Untracked 
|  17|0x0000000081100000, 0x0000000081200000, 0x0000000081200000|100%| O|  |TAMS 0x0000000081200000, 0x0000000081100000| Untracked 
|  18|0x0000000081200000, 0x0000000081300000, 0x0000000081300000|100%| O|  |TAMS 0x0000000081300000, 0x0000000081200000| Untracked 
|  19|0x0000000081300000, 0x0000000081400000, 0x0000000081400000|100%| O|  |TAMS 0x0000000081400000, 0x0000000081300000| Untracked 
|  20|0x0000000081400000, 0x0000000081500000, 0x0000000081500000|100%|HS|  |TAMS 0x0000000081500000, 0x0000000081400000| Complete 
|  21|0x0000000081500000, 0x0000000081600000, 0x0000000081600000|100%|HC|  |TAMS 0x0000000081600000, 0x0000000081500000| Complete 
|  22|0x0000000081600000, 0x0000000081700000, 0x0000000081700000|100%|HS|  |TAMS 0x0000000081700000, 0x0000000081600000| Complete 
|  23|0x0000000081700000, 0x0000000081800000, 0x0000000081800000|100%|HC|  |TAMS 0x0000000081800000, 0x0000000081700000| Complete 
|  24|0x0000000081800000, 0x0000000081900000, 0x0000000081900000|100%|HC|  |TAMS 0x0000000081900000, 0x0000000081800000| Complete 
|  25|0x0000000081900000, 0x0000000081a00000, 0x0000000081a00000|100%|HS|  |TAMS 0x0000000081a00000, 0x0000000081900000| Complete 
|  26|0x0000000081a00000, 0x0000000081b00000, 0x0000000081b00000|100%|HC|  |TAMS 0x0000000081b00000, 0x0000000081a00000| Complete 
|  27|0x0000000081b00000, 0x0000000081c00000, 0x0000000081c00000|100%|HC|  |TAMS 0x0000000081c00000, 0x0000000081b00000| Complete 
|  28|0x0000000081c00000, 0x0000000081d00000, 0x0000000081d00000|100%|HS|  |TAMS 0x0000000081d00000, 0x0000000081c00000| Complete 
|  29|0x0000000081d00000, 0x0000000081e00000, 0x0000000081e00000|100%|HC|  |TAMS 0x0000000081e00000, 0x0000000081d00000| Complete 
|  30|0x0000000081e00000, 0x0000000081f00000, 0x0000000081f00000|100%|HC|  |TAMS 0x0000000081f00000, 0x0000000081e00000| Complete 
|  31|0x0000000081f00000, 0x0000000082000000, 0x0000000082000000|100%|HC|  |TAMS 0x0000000082000000, 0x0000000081f00000| Complete 
|  32|0x0000000082000000, 0x0000000082100000, 0x0000000082100000|100%|HC|  |TAMS 0x0000000082100000, 0x0000000082000000| Complete 
|  33|0x0000000082100000, 0x0000000082200000, 0x0000000082200000|100%|HC|  |TAMS 0x0000000082200000, 0x0000000082100000| Complete 
|  34|0x0000000082200000, 0x0000000082300000, 0x0000000082300000|100%|HC|  |TAMS 0x0000000082300000, 0x0000000082200000| Complete 
|  35|0x0000000082300000, 0x0000000082400000, 0x0000000082400000|100%|HC|  |TAMS 0x0000000082400000, 0x0000000082300000| Complete 
|  36|0x0000000082400000, 0x0000000082500000, 0x0000000082500000|100%|HC|  |TAMS 0x0000000082500000, 0x0000000082400000| Complete 
|  37|0x0000000082500000, 0x0000000082600000, 0x0000000082600000|100%|HC|  |TAMS 0x0000000082600000, 0x0000000082500000| Complete 
|  38|0x0000000082600000, 0x0000000082700000, 0x0000000082700000|100%|HC|  |TAMS 0x0000000082700000, 0x0000000082600000| Complete 
|  39|0x0000000082700000, 0x0000000082800000, 0x0000000082800000|100%|HC|  |TAMS 0x0000000082800000, 0x0000000082700000| Complete 
|  40|0x0000000082800000, 0x0000000082900000, 0x0000000082900000|100%| O|  |TAMS 0x0000000082900000, 0x0000000082800000| Untracked 
|  41|0x0000000082900000, 0x0000000082a00000, 0x0000000082a00000|100%| O|  |TAMS 0x0000000082a00000, 0x0000000082900000| Untracked 
|  42|0x0000000082a00000, 0x0000000082b00000, 0x0000000082b00000|100%| O|  |TAMS 0x0000000082b00000, 0x0000000082a00000| Untracked 
|  43|0x0000000082b00000, 0x0000000082c00000, 0x0000000082c00000|100%|HS|  |TAMS 0x0000000082c00000, 0x0000000082b00000| Complete 
|  44|0x0000000082c00000, 0x0000000082d00000, 0x0000000082d00000|100%|HC|  |TAMS 0x0000000082d00000, 0x0000000082c00000| Complete 
|  45|0x0000000082d00000, 0x0000000082e00000, 0x0000000082e00000|100%| O|  |TAMS 0x0000000082e00000, 0x0000000082d00000| Untracked 
|  46|0x0000000082e00000, 0x0000000082f00000, 0x0000000082f00000|100%| O|  |TAMS 0x0000000082f00000, 0x0000000082e00000| Untracked 
|  47|0x0000000082f00000, 0x0000000083000000, 0x0000000083000000|100%| O|  |TAMS 0x0000000083000000, 0x0000000082f00000| Untracked 
|  48|0x0000000083000000, 0x0000000083100000, 0x0000000083100000|100%| O|  |TAMS 0x0000000083100000, 0x0000000083000000| Untracked 
|  49|0x0000000083100000, 0x0000000083200000, 0x0000000083200000|100%| O|  |TAMS 0x0000000083200000, 0x0000000083100000| Untracked 
|  50|0x0000000083200000, 0x0000000083300000, 0x0000000083300000|100%| O|  |TAMS 0x0000000083300000, 0x0000000083200000| Untracked 
|  51|0x0000000083300000, 0x0000000083400000, 0x0000000083400000|100%| O|  |TAMS 0x0000000083400000, 0x0000000083300000| Untracked 
|  52|0x0000000083400000, 0x0000000083500000, 0x0000000083500000|100%| O|  |TAMS 0x0000000083500000, 0x0000000083400000| Untracked 
|  53|0x0000000083500000, 0x0000000083600000, 0x0000000083600000|100%| O|  |TAMS 0x0000000083600000, 0x0000000083500000| Untracked 
|  54|0x0000000083600000, 0x0000000083700000, 0x0000000083700000|100%|HS|  |TAMS 0x0000000083700000, 0x0000000083600000| Complete 
|  55|0x0000000083700000, 0x0000000083800000, 0x0000000083800000|100%|HC|  |TAMS 0x0000000083800000, 0x0000000083700000| Complete 
|  56|0x0000000083800000, 0x0000000083900000, 0x0000000083900000|100%|HC|  |TAMS 0x0000000083900000, 0x0000000083800000| Complete 
|  57|0x0000000083900000, 0x0000000083a00000, 0x0000000083a00000|100%|HS|  |TAMS 0x0000000083a00000, 0x0000000083900000| Complete 
|  58|0x0000000083a00000, 0x0000000083b00000, 0x0000000083b00000|100%|HC|  |TAMS 0x0000000083b00000, 0x0000000083a00000| Complete 
|  59|0x0000000083b00000, 0x0000000083c00000, 0x0000000083c00000|100%|HC|  |TAMS 0x0000000083c00000, 0x0000000083b00000| Complete 
|  60|0x0000000083c00000, 0x0000000083d00000, 0x0000000083d00000|100%| O|  |TAMS 0x0000000083d00000, 0x0000000083c00000| Untracked 
|  61|0x0000000083d00000, 0x0000000083e00000, 0x0000000083e00000|100%| O|  |TAMS 0x0000000083e00000, 0x0000000083d00000| Untracked 
|  62|0x0000000083e00000, 0x0000000083f00000, 0x0000000083f00000|100%| O|  |TAMS 0x0000000083f00000, 0x0000000083e00000| Untracked 
|  63|0x0000000083f00000, 0x0000000084000000, 0x0000000084000000|100%|HS|  |TAMS 0x0000000084000000, 0x0000000083f00000| Complete 
|  64|0x0000000084000000, 0x0000000084100000, 0x0000000084100000|100%|HC|  |TAMS 0x0000000084100000, 0x0000000084000000| Complete 
|  65|0x0000000084100000, 0x0000000084200000, 0x0000000084200000|100%|HC|  |TAMS 0x0000000084200000, 0x0000000084100000| Complete 
|  66|0x0000000084200000, 0x0000000084300000, 0x0000000084300000|100%| O|  |TAMS 0x0000000084300000, 0x0000000084200000| Untracked 
|  67|0x0000000084300000, 0x0000000084400000, 0x0000000084400000|100%| O|  |TAMS 0x0000000084400000, 0x0000000084300000| Untracked 
|  68|0x0000000084400000, 0x0000000084500000, 0x0000000084500000|100%| O|  |TAMS 0x0000000084500000, 0x0000000084400000| Untracked 
|  69|0x0000000084500000, 0x0000000084600000, 0x0000000084600000|100%| O|  |TAMS 0x0000000084600000, 0x0000000084500000| Untracked 
|  70|0x0000000084600000, 0x0000000084700000, 0x0000000084700000|100%| O|  |TAMS 0x0000000084700000, 0x0000000084600000| Untracked 
|  71|0x0000000084700000, 0x0000000084800000, 0x0000000084800000|100%| O|  |TAMS 0x0000000084800000, 0x0000000084700000| Untracked 
|  72|0x0000000084800000, 0x0000000084900000, 0x0000000084900000|100%| O|  |TAMS 0x0000000084900000, 0x0000000084800000| Untracked 
|  73|0x0000000084900000, 0x0000000084a00000, 0x0000000084a00000|100%| O|  |TAMS 0x0000000084a00000, 0x0000000084900000| Untracked 
|  74|0x0000000084a00000, 0x0000000084b00000, 0x0000000084b00000|100%| O|  |TAMS 0x0000000084b00000, 0x0000000084a00000| Untracked 
|  75|0x0000000084b00000, 0x0000000084c00000, 0x0000000084c00000|100%| O|  |TAMS 0x0000000084c00000, 0x0000000084b00000| Untracked 
|  76|0x0000000084c00000, 0x0000000084d00000, 0x0000000084d00000|100%|HS|  |TAMS 0x0000000084d00000, 0x0000000084c00000| Complete 
|  77|0x0000000084d00000, 0x0000000084e00000, 0x0000000084e00000|100%|HC|  |TAMS 0x0000000084e00000, 0x0000000084d00000| Complete 
|  78|0x0000000084e00000, 0x0000000084f00000, 0x0000000084f00000|100%|HC|  |TAMS 0x0000000084f00000, 0x0000000084e00000| Complete 
|  79|0x0000000084f00000, 0x0000000085000000, 0x0000000085000000|100%|HC|  |TAMS 0x0000000085000000, 0x0000000084f00000| Complete 
|  80|0x0000000085000000, 0x0000000085100000, 0x0000000085100000|100%|HC|  |TAMS 0x0000000085100000, 0x0000000085000000| Complete 
|  81|0x0000000085100000, 0x0000000085200000, 0x0000000085200000|100%| O|  |TAMS 0x0000000085200000, 0x0000000085100000| Untracked 
|  82|0x0000000085200000, 0x0000000085300000, 0x0000000085300000|100%| O|  |TAMS 0x0000000085300000, 0x0000000085200000| Untracked 
|  83|0x0000000085300000, 0x0000000085400000, 0x0000000085400000|100%| O|  |TAMS 0x0000000085400000, 0x0000000085300000| Untracked 
|  84|0x0000000085400000, 0x0000000085500000, 0x0000000085500000|100%| O|  |TAMS 0x0000000085500000, 0x0000000085400000| Untracked 
|  85|0x0000000085500000, 0x0000000085600000, 0x0000000085600000|100%| O|  |TAMS 0x0000000085600000, 0x0000000085500000| Untracked 
|  86|0x0000000085600000, 0x0000000085700000, 0x0000000085700000|100%| O|  |TAMS 0x0000000085700000, 0x0000000085600000| Untracked 
|  87|0x0000000085700000, 0x0000000085800000, 0x0000000085800000|100%| O|  |TAMS 0x0000000085800000, 0x0000000085700000| Untracked 
|  88|0x0000000085800000, 0x0000000085900000, 0x0000000085900000|100%| O|  |TAMS 0x0000000085800000, 0x0000000085800000| Untracked 
|  89|0x0000000085900000, 0x0000000085a00000, 0x0000000085a00000|100%| O|  |TAMS 0x0000000085a00000, 0x0000000085900000| Untracked 
|  90|0x0000000085a00000, 0x0000000085b00000, 0x0000000085b00000|100%| O|  |TAMS 0x0000000085a00000, 0x0000000085a00000| Untracked 
|  91|0x0000000085b00000, 0x0000000085c00000, 0x0000000085c00000|100%| O|  |TAMS 0x0000000085b11000, 0x0000000085b00000| Untracked 
|  92|0x0000000085c00000, 0x0000000085d00000, 0x0000000085d00000|100%| O|  |TAMS 0x0000000085d00000, 0x0000000085c00000| Untracked 
|  93|0x0000000085d00000, 0x0000000085e00000, 0x0000000085e00000|100%| O|  |TAMS 0x0000000085e00000, 0x0000000085d00000| Untracked 
|  94|0x0000000085e00000, 0x0000000085f00000, 0x0000000085f00000|100%| O|  |TAMS 0x0000000085f00000, 0x0000000085e00000| Untracked 
|  95|0x0000000085f00000, 0x0000000086000000, 0x0000000086000000|100%|HS|  |TAMS 0x0000000085f00000, 0x0000000085f00000| Complete 
|  96|0x0000000086000000, 0x0000000086100000, 0x0000000086100000|100%| O|  |TAMS 0x0000000086100000, 0x0000000086000000| Untracked 
|  97|0x0000000086100000, 0x0000000086200000, 0x0000000086200000|100%| O|  |TAMS 0x0000000086200000, 0x0000000086100000| Untracked 
|  98|0x0000000086200000, 0x0000000086300000, 0x0000000086300000|100%| O|  |TAMS 0x0000000086300000, 0x0000000086200000| Untracked 
|  99|0x0000000086300000, 0x0000000086400000, 0x0000000086400000|100%| O|  |TAMS 0x0000000086400000, 0x0000000086300000| Untracked 
| 100|0x0000000086400000, 0x0000000086500000, 0x0000000086500000|100%| O|  |TAMS 0x0000000086500000, 0x0000000086400000| Untracked 
| 101|0x0000000086500000, 0x0000000086600000, 0x0000000086600000|100%| O|  |TAMS 0x0000000086600000, 0x0000000086500000| Untracked 
| 102|0x0000000086600000, 0x0000000086700000, 0x0000000086700000|100%| O|  |TAMS 0x0000000086700000, 0x0000000086600000| Untracked 
| 103|0x0000000086700000, 0x0000000086800000, 0x0000000086800000|100%| O|  |TAMS 0x0000000086800000, 0x0000000086700000| Untracked 
| 104|0x0000000086800000, 0x0000000086900000, 0x0000000086900000|100%| O|  |TAMS 0x0000000086900000, 0x0000000086800000| Untracked 
| 105|0x0000000086900000, 0x0000000086a00000, 0x0000000086a00000|100%| O|  |TAMS 0x0000000086a00000, 0x0000000086900000| Untracked 
| 106|0x0000000086a00000, 0x0000000086b00000, 0x0000000086b00000|100%| O|  |TAMS 0x0000000086b00000, 0x0000000086a00000| Untracked 
| 107|0x0000000086b00000, 0x0000000086c00000, 0x0000000086c00000|100%| O|  |TAMS 0x0000000086b00000, 0x0000000086b00000| Untracked 
| 108|0x0000000086c00000, 0x0000000086d00000, 0x0000000086d00000|100%| O|  |TAMS 0x0000000086c00000, 0x0000000086c00000| Untracked 
| 109|0x0000000086d00000, 0x0000000086e00000, 0x0000000086e00000|100%| O|  |TAMS 0x0000000086d00000, 0x0000000086d00000| Untracked 
| 110|0x0000000086e00000, 0x0000000086f00000, 0x0000000086f00000|100%| O|  |TAMS 0x0000000086e00000, 0x0000000086e00000| Untracked 
| 111|0x0000000086f00000, 0x0000000087000000, 0x0000000087000000|100%| O|  |TAMS 0x0000000086f00000, 0x0000000086f00000| Untracked 
| 112|0x0000000087000000, 0x0000000087100000, 0x0000000087100000|100%| O|  |TAMS 0x0000000087000000, 0x0000000087000000| Untracked 
| 113|0x0000000087100000, 0x0000000087200000, 0x0000000087200000|100%|HS|  |TAMS 0x0000000087100000, 0x0000000087100000| Complete 
| 114|0x0000000087200000, 0x0000000087300000, 0x0000000087300000|100%|HS|  |TAMS 0x0000000087200000, 0x0000000087200000| Complete 
| 115|0x0000000087300000, 0x0000000087400000, 0x0000000087400000|100%|HC|  |TAMS 0x0000000087300000, 0x0000000087300000| Complete 
| 116|0x0000000087400000, 0x0000000087500000, 0x0000000087500000|100%|HS|  |TAMS 0x0000000087400000, 0x0000000087400000| Complete 
| 117|0x0000000087500000, 0x0000000087600000, 0x0000000087600000|100%|HS|  |TAMS 0x0000000087500000, 0x0000000087500000| Complete 
| 118|0x0000000087600000, 0x0000000087700000, 0x0000000087700000|100%|HC|  |TAMS 0x0000000087600000, 0x0000000087600000| Complete 
| 119|0x0000000087700000, 0x0000000087800000, 0x0000000087800000|100%|HC|  |TAMS 0x0000000087700000, 0x0000000087700000| Complete 
| 120|0x0000000087800000, 0x0000000087900000, 0x0000000087900000|100%|HC|  |TAMS 0x0000000087800000, 0x0000000087800000| Complete 
| 121|0x0000000087900000, 0x0000000087a00000, 0x0000000087a00000|100%| O|  |TAMS 0x0000000087900000, 0x0000000087900000| Untracked 
| 122|0x0000000087a00000, 0x0000000087b00000, 0x0000000087b00000|100%| O|  |TAMS 0x0000000087a00000, 0x0000000087a00000| Untracked 
| 123|0x0000000087b00000, 0x0000000087c00000, 0x0000000087c00000|100%| O|  |TAMS 0x0000000087b00000, 0x0000000087b00000| Untracked 
| 124|0x0000000087c00000, 0x0000000087d00000, 0x0000000087d00000|100%| O|  |TAMS 0x0000000087c00000, 0x0000000087c00000| Untracked 
| 125|0x0000000087d00000, 0x0000000087e00000, 0x0000000087e00000|100%| O|  |TAMS 0x0000000087d00000, 0x0000000087d00000| Untracked 
| 126|0x0000000087e00000, 0x0000000087f00000, 0x0000000087f00000|100%| O|  |TAMS 0x0000000087e00000, 0x0000000087e00000| Untracked 
| 127|0x0000000087f00000, 0x0000000088000000, 0x0000000088000000|100%| O|  |TAMS 0x0000000087f00000, 0x0000000087f00000| Untracked 
| 128|0x0000000088000000, 0x0000000088100000, 0x0000000088100000|100%| O|  |TAMS 0x0000000088000000, 0x0000000088000000| Untracked 
| 129|0x0000000088100000, 0x0000000088200000, 0x0000000088200000|100%| O|  |TAMS 0x0000000088100000, 0x0000000088100000| Untracked 
| 130|0x0000000088200000, 0x0000000088300000, 0x0000000088300000|100%| O|  |TAMS 0x0000000088200000, 0x0000000088200000| Untracked 
| 131|0x0000000088300000, 0x0000000088400000, 0x0000000088400000|100%| O|  |TAMS 0x0000000088300000, 0x0000000088300000| Untracked 
| 132|0x0000000088400000, 0x0000000088500000, 0x0000000088500000|100%| O|  |TAMS 0x0000000088400000, 0x0000000088400000| Untracked 
| 133|0x0000000088500000, 0x0000000088600000, 0x0000000088600000|100%| O|  |TAMS 0x0000000088500000, 0x0000000088500000| Untracked 
| 134|0x0000000088600000, 0x0000000088700000, 0x0000000088700000|100%| O|  |TAMS 0x0000000088600000, 0x0000000088600000| Untracked 
| 135|0x0000000088700000, 0x0000000088800000, 0x0000000088800000|100%| O|  |TAMS 0x0000000088700000, 0x0000000088700000| Untracked 
| 136|0x0000000088800000, 0x0000000088900000, 0x0000000088900000|100%| O|  |TAMS 0x0000000088800000, 0x0000000088800000| Untracked 
| 137|0x0000000088900000, 0x0000000088a00000, 0x0000000088a00000|100%| O|  |TAMS 0x0000000088900000, 0x0000000088900000| Untracked 
| 138|0x0000000088a00000, 0x0000000088b00000, 0x0000000088b00000|100%| O|  |TAMS 0x0000000088a00000, 0x0000000088a00000| Untracked 
| 139|0x0000000088b00000, 0x0000000088c00000, 0x0000000088c00000|100%| O|  |TAMS 0x0000000088b00000, 0x0000000088b00000| Untracked 
| 140|0x0000000088c00000, 0x0000000088d00000, 0x0000000088d00000|100%| O|  |TAMS 0x0000000088c00000, 0x0000000088c00000| Untracked 
| 141|0x0000000088d00000, 0x0000000088e00000, 0x0000000088e00000|100%| O|  |TAMS 0x0000000088d00000, 0x0000000088d00000| Untracked 
| 142|0x0000000088e00000, 0x0000000088f00000, 0x0000000088f00000|100%| O|  |TAMS 0x0000000088e00000, 0x0000000088e00000| Untracked 
| 143|0x0000000088f00000, 0x0000000089000000, 0x0000000089000000|100%| O|  |TAMS 0x0000000088f00000, 0x0000000088f00000| Untracked 
| 144|0x0000000089000000, 0x0000000089100000, 0x0000000089100000|100%| O|  |TAMS 0x0000000089000000, 0x0000000089000000| Untracked 
| 145|0x0000000089100000, 0x0000000089100000, 0x0000000089200000|  0%| F|  |TAMS 0x0000000089100000, 0x0000000089100000| Untracked 
| 146|0x0000000089200000, 0x0000000089200000, 0x0000000089300000|  0%| F|  |TAMS 0x0000000089200000, 0x0000000089200000| Untracked 
| 147|0x0000000089300000, 0x0000000089300000, 0x0000000089400000|  0%| F|  |TAMS 0x0000000089300000, 0x0000000089300000| Untracked 
| 148|0x0000000089400000, 0x0000000089400000, 0x0000000089500000|  0%| F|  |TAMS 0x0000000089400000, 0x0000000089400000| Untracked 
| 149|0x0000000089500000, 0x0000000089500000, 0x0000000089600000|  0%| F|  |TAMS 0x0000000089500000, 0x0000000089500000| Untracked 
| 150|0x0000000089600000, 0x0000000089600000, 0x0000000089700000|  0%| F|  |TAMS 0x0000000089600000, 0x0000000089600000| Untracked 
| 151|0x0000000089700000, 0x0000000089700000, 0x0000000089800000|  0%| F|  |TAMS 0x0000000089700000, 0x0000000089700000| Untracked 
| 152|0x0000000089800000, 0x0000000089800000, 0x0000000089900000|  0%| F|  |TAMS 0x0000000089800000, 0x0000000089800000| Untracked 
| 153|0x0000000089900000, 0x0000000089900000, 0x0000000089a00000|  0%| F|  |TAMS 0x0000000089900000, 0x0000000089900000| Untracked 
| 154|0x0000000089a00000, 0x0000000089a00000, 0x0000000089b00000|  0%| F|  |TAMS 0x0000000089a00000, 0x0000000089a00000| Untracked 
| 155|0x0000000089b00000, 0x0000000089b00000, 0x0000000089c00000|  0%| F|  |TAMS 0x0000000089b00000, 0x0000000089b00000| Untracked 
| 156|0x0000000089c00000, 0x0000000089c00000, 0x0000000089d00000|  0%| F|  |TAMS 0x0000000089c00000, 0x0000000089c00000| Untracked 
| 157|0x0000000089d00000, 0x0000000089d00000, 0x0000000089e00000|  0%| F|  |TAMS 0x0000000089d00000, 0x0000000089d00000| Untracked 
| 158|0x0000000089e00000, 0x0000000089e00000, 0x0000000089f00000|  0%| F|  |TAMS 0x0000000089e00000, 0x0000000089e00000| Untracked 
| 159|0x0000000089f00000, 0x0000000089f00000, 0x000000008a000000|  0%| F|  |TAMS 0x0000000089f00000, 0x0000000089f00000| Untracked 
| 160|0x000000008a000000, 0x000000008a000000, 0x000000008a100000|  0%| F|  |TAMS 0x000000008a000000, 0x000000008a000000| Untracked 
| 161|0x000000008a100000, 0x000000008a100000, 0x000000008a200000|  0%| F|  |TAMS 0x000000008a100000, 0x000000008a100000| Untracked 
| 162|0x000000008a200000, 0x000000008a200000, 0x000000008a300000|  0%| F|  |TAMS 0x000000008a200000, 0x000000008a200000| Untracked 
| 163|0x000000008a300000, 0x000000008a300000, 0x000000008a400000|  0%| F|  |TAMS 0x000000008a300000, 0x000000008a300000| Untracked 
| 164|0x000000008a400000, 0x000000008a400000, 0x000000008a500000|  0%| F|  |TAMS 0x000000008a400000, 0x000000008a400000| Untracked 
| 165|0x000000008a500000, 0x000000008a500000, 0x000000008a600000|  0%| F|  |TAMS 0x000000008a500000, 0x000000008a500000| Untracked 
| 166|0x000000008a600000, 0x000000008a600000, 0x000000008a700000|  0%| F|  |TAMS 0x000000008a600000, 0x000000008a600000| Untracked 
| 167|0x000000008a700000, 0x000000008a700000, 0x000000008a800000|  0%| F|  |TAMS 0x000000008a700000, 0x000000008a700000| Untracked 
| 168|0x000000008a800000, 0x000000008a800000, 0x000000008a900000|  0%| F|  |TAMS 0x000000008a800000, 0x000000008a800000| Untracked 
| 169|0x000000008a900000, 0x000000008a900000, 0x000000008aa00000|  0%| F|  |TAMS 0x000000008a900000, 0x000000008a900000| Untracked 
| 170|0x000000008aa00000, 0x000000008aa00000, 0x000000008ab00000|  0%| F|  |TAMS 0x000000008aa00000, 0x000000008aa00000| Untracked 
| 171|0x000000008ab00000, 0x000000008ab00000, 0x000000008ac00000|  0%| F|  |TAMS 0x000000008ab00000, 0x000000008ab00000| Untracked 
| 172|0x000000008ac00000, 0x000000008ac00000, 0x000000008ad00000|  0%| F|  |TAMS 0x000000008ac00000, 0x000000008ac00000| Untracked 
| 173|0x000000008ad00000, 0x000000008ad00000, 0x000000008ae00000|  0%| F|  |TAMS 0x000000008ad00000, 0x000000008ad00000| Untracked 
| 174|0x000000008ae00000, 0x000000008ae00000, 0x000000008af00000|  0%| F|  |TAMS 0x000000008ae00000, 0x000000008ae00000| Untracked 
| 175|0x000000008af00000, 0x000000008af00000, 0x000000008b000000|  0%| F|  |TAMS 0x000000008af00000, 0x000000008af00000| Untracked 
| 176|0x000000008b000000, 0x000000008b000000, 0x000000008b100000|  0%| F|  |TAMS 0x000000008b000000, 0x000000008b000000| Untracked 
| 177|0x000000008b100000, 0x000000008b100000, 0x000000008b200000|  0%| F|  |TAMS 0x000000008b100000, 0x000000008b100000| Untracked 
| 178|0x000000008b200000, 0x000000008b200000, 0x000000008b300000|  0%| F|  |TAMS 0x000000008b200000, 0x000000008b200000| Untracked 
| 179|0x000000008b300000, 0x000000008b300000, 0x000000008b400000|  0%| F|  |TAMS 0x000000008b300000, 0x000000008b300000| Untracked 
| 180|0x000000008b400000, 0x000000008b400000, 0x000000008b500000|  0%| F|  |TAMS 0x000000008b400000, 0x000000008b400000| Untracked 
| 181|0x000000008b500000, 0x000000008b500000, 0x000000008b600000|  0%| F|  |TAMS 0x000000008b500000, 0x000000008b500000| Untracked 
| 182|0x000000008b600000, 0x000000008b600000, 0x000000008b700000|  0%| F|  |TAMS 0x000000008b600000, 0x000000008b600000| Untracked 
| 183|0x000000008b700000, 0x000000008b700000, 0x000000008b800000|  0%| F|  |TAMS 0x000000008b700000, 0x000000008b700000| Untracked 
| 184|0x000000008b800000, 0x000000008b800000, 0x000000008b900000|  0%| F|  |TAMS 0x000000008b800000, 0x000000008b800000| Untracked 
| 185|0x000000008b900000, 0x000000008ba00000, 0x000000008ba00000|100%| S|CS|TAMS 0x000000008b900000, 0x000000008b900000| Complete 
| 186|0x000000008ba00000, 0x000000008bb00000, 0x000000008bb00000|100%| S|CS|TAMS 0x000000008ba00000, 0x000000008ba00000| Complete 
| 187|0x000000008bb00000, 0x000000008bc00000, 0x000000008bc00000|100%| S|CS|TAMS 0x000000008bb00000, 0x000000008bb00000| Complete 
| 188|0x000000008bc00000, 0x000000008bc00000, 0x000000008bd00000|  0%| F|  |TAMS 0x000000008bc00000, 0x000000008bc00000| Untracked 
| 189|0x000000008bd00000, 0x000000008bd00000, 0x000000008be00000|  0%| F|  |TAMS 0x000000008bd00000, 0x000000008bd00000| Untracked 
| 190|0x000000008be00000, 0x000000008be00000, 0x000000008bf00000|  0%| F|  |TAMS 0x000000008be00000, 0x000000008be00000| Untracked 
| 191|0x000000008bf00000, 0x000000008bf00000, 0x000000008c000000|  0%| F|  |TAMS 0x000000008bf00000, 0x000000008bf00000| Untracked 
| 192|0x000000008c000000, 0x000000008c000000, 0x000000008c100000|  0%| F|  |TAMS 0x000000008c000000, 0x000000008c000000| Untracked 
| 193|0x000000008c100000, 0x000000008c200000, 0x000000008c200000|100%| S|CS|TAMS 0x000000008c100000, 0x000000008c100000| Complete 
| 194|0x000000008c200000, 0x000000008c300000, 0x000000008c300000|100%| S|CS|TAMS 0x000000008c200000, 0x000000008c200000| Complete 
| 195|0x000000008c300000, 0x000000008c300000, 0x000000008c400000|  0%| F|  |TAMS 0x000000008c300000, 0x000000008c300000| Untracked 
| 196|0x000000008c400000, 0x000000008c400000, 0x000000008c500000|  0%| F|  |TAMS 0x000000008c400000, 0x000000008c400000| Untracked 
| 197|0x000000008c500000, 0x000000008c500000, 0x000000008c600000|  0%| F|  |TAMS 0x000000008c500000, 0x000000008c500000| Untracked 
| 198|0x000000008c600000, 0x000000008c600000, 0x000000008c700000|  0%| F|  |TAMS 0x000000008c600000, 0x000000008c600000| Untracked 
| 199|0x000000008c700000, 0x000000008c700000, 0x000000008c800000|  0%| F|  |TAMS 0x000000008c700000, 0x000000008c700000| Untracked 
| 200|0x000000008c800000, 0x000000008c800000, 0x000000008c900000|  0%| F|  |TAMS 0x000000008c800000, 0x000000008c800000| Untracked 
| 201|0x000000008c900000, 0x000000008c900000, 0x000000008ca00000|  0%| F|  |TAMS 0x000000008c900000, 0x000000008c900000| Untracked 
| 202|0x000000008ca00000, 0x000000008ca00000, 0x000000008cb00000|  0%| F|  |TAMS 0x000000008ca00000, 0x000000008ca00000| Untracked 
| 203|0x000000008cb00000, 0x000000008cb00000, 0x000000008cc00000|  0%| F|  |TAMS 0x000000008cb00000, 0x000000008cb00000| Untracked 
| 204|0x000000008cc00000, 0x000000008cc00000, 0x000000008cd00000|  0%| F|  |TAMS 0x000000008cc00000, 0x000000008cc00000| Untracked 
| 205|0x000000008cd00000, 0x000000008cd00000, 0x000000008ce00000|  0%| F|  |TAMS 0x000000008cd00000, 0x000000008cd00000| Untracked 
| 206|0x000000008ce00000, 0x000000008ce00000, 0x000000008cf00000|  0%| F|  |TAMS 0x000000008ce00000, 0x000000008ce00000| Untracked 
| 207|0x000000008cf00000, 0x000000008cf00000, 0x000000008d000000|  0%| F|  |TAMS 0x000000008cf00000, 0x000000008cf00000| Untracked 
| 208|0x000000008d000000, 0x000000008d000000, 0x000000008d100000|  0%| F|  |TAMS 0x000000008d000000, 0x000000008d000000| Untracked 
| 209|0x000000008d100000, 0x000000008d100000, 0x000000008d200000|  0%| F|  |TAMS 0x000000008d100000, 0x000000008d100000| Untracked 
| 210|0x000000008d200000, 0x000000008d200000, 0x000000008d300000|  0%| F|  |TAMS 0x000000008d200000, 0x000000008d200000| Untracked 
| 211|0x000000008d300000, 0x000000008d300000, 0x000000008d400000|  0%| F|  |TAMS 0x000000008d300000, 0x000000008d300000| Untracked 
| 212|0x000000008d400000, 0x000000008d400000, 0x000000008d500000|  0%| F|  |TAMS 0x000000008d400000, 0x000000008d400000| Untracked 
| 213|0x000000008d500000, 0x000000008d500000, 0x000000008d600000|  0%| F|  |TAMS 0x000000008d500000, 0x000000008d500000| Untracked 
| 214|0x000000008d600000, 0x000000008d600000, 0x000000008d700000|  0%| F|  |TAMS 0x000000008d600000, 0x000000008d600000| Untracked 
| 215|0x000000008d700000, 0x000000008d700000, 0x000000008d800000|  0%| F|  |TAMS 0x000000008d700000, 0x000000008d700000| Untracked 
| 216|0x000000008d800000, 0x000000008d800000, 0x000000008d900000|  0%| F|  |TAMS 0x000000008d800000, 0x000000008d800000| Untracked 
| 217|0x000000008d900000, 0x000000008d900000, 0x000000008da00000|  0%| F|  |TAMS 0x000000008d900000, 0x000000008d900000| Untracked 
| 218|0x000000008da00000, 0x000000008da00000, 0x000000008db00000|  0%| F|  |TAMS 0x000000008da00000, 0x000000008da00000| Untracked 
| 219|0x000000008db00000, 0x000000008db00000, 0x000000008dc00000|  0%| F|  |TAMS 0x000000008db00000, 0x000000008db00000| Untracked 
| 220|0x000000008dc00000, 0x000000008dc00000, 0x000000008dd00000|  0%| F|  |TAMS 0x000000008dc00000, 0x000000008dc00000| Untracked 
| 221|0x000000008dd00000, 0x000000008dd00000, 0x000000008de00000|  0%| F|  |TAMS 0x000000008dd00000, 0x000000008dd00000| Untracked 
| 222|0x000000008de00000, 0x000000008de00000, 0x000000008df00000|  0%| F|  |TAMS 0x000000008de00000, 0x000000008de00000| Untracked 
| 223|0x000000008df00000, 0x000000008df00000, 0x000000008e000000|  0%| F|  |TAMS 0x000000008df00000, 0x000000008df00000| Untracked 
| 224|0x000000008e000000, 0x000000008e000000, 0x000000008e100000|  0%| F|  |TAMS 0x000000008e000000, 0x000000008e000000| Untracked 
| 225|0x000000008e100000, 0x000000008e100000, 0x000000008e200000|  0%| F|  |TAMS 0x000000008e100000, 0x000000008e100000| Untracked 
| 226|0x000000008e200000, 0x000000008e200000, 0x000000008e300000|  0%| F|  |TAMS 0x000000008e200000, 0x000000008e200000| Untracked 
| 227|0x000000008e300000, 0x000000008e300000, 0x000000008e400000|  0%| F|  |TAMS 0x000000008e300000, 0x000000008e300000| Untracked 
| 228|0x000000008e400000, 0x000000008e400000, 0x000000008e500000|  0%| F|  |TAMS 0x000000008e400000, 0x000000008e400000| Untracked 
| 229|0x000000008e500000, 0x000000008e500000, 0x000000008e600000|  0%| F|  |TAMS 0x000000008e500000, 0x000000008e500000| Untracked 
| 230|0x000000008e600000, 0x000000008e600000, 0x000000008e700000|  0%| F|  |TAMS 0x000000008e600000, 0x000000008e600000| Untracked 
| 231|0x000000008e700000, 0x000000008e700000, 0x000000008e800000|  0%| F|  |TAMS 0x000000008e700000, 0x000000008e700000| Untracked 
| 232|0x000000008e800000, 0x000000008e800000, 0x000000008e900000|  0%| F|  |TAMS 0x000000008e800000, 0x000000008e800000| Untracked 
| 233|0x000000008e900000, 0x000000008e900000, 0x000000008ea00000|  0%| F|  |TAMS 0x000000008e900000, 0x000000008e900000| Untracked 
| 234|0x000000008ea00000, 0x000000008ea00000, 0x000000008eb00000|  0%| F|  |TAMS 0x000000008ea00000, 0x000000008ea00000| Untracked 
| 235|0x000000008eb00000, 0x000000008eb00000, 0x000000008ec00000|  0%| F|  |TAMS 0x000000008eb00000, 0x000000008eb00000| Untracked 
| 236|0x000000008ec00000, 0x000000008ec00000, 0x000000008ed00000|  0%| F|  |TAMS 0x000000008ec00000, 0x000000008ec00000| Untracked 
| 237|0x000000008ed00000, 0x000000008ed00000, 0x000000008ee00000|  0%| F|  |TAMS 0x000000008ed00000, 0x000000008ed00000| Untracked 
| 238|0x000000008ee00000, 0x000000008ee00000, 0x000000008ef00000|  0%| F|  |TAMS 0x000000008ee00000, 0x000000008ee00000| Untracked 
| 239|0x000000008ef00000, 0x000000008ef00000, 0x000000008f000000|  0%| F|  |TAMS 0x000000008ef00000, 0x000000008ef00000| Untracked 
| 240|0x000000008f000000, 0x000000008f000000, 0x000000008f100000|  0%| F|  |TAMS 0x000000008f000000, 0x000000008f000000| Untracked 
| 241|0x000000008f100000, 0x000000008f100000, 0x000000008f200000|  0%| F|  |TAMS 0x000000008f100000, 0x000000008f100000| Untracked 
| 242|0x000000008f200000, 0x000000008f200000, 0x000000008f300000|  0%| F|  |TAMS 0x000000008f200000, 0x000000008f200000| Untracked 
| 243|0x000000008f300000, 0x000000008f300000, 0x000000008f400000|  0%| F|  |TAMS 0x000000008f300000, 0x000000008f300000| Untracked 
| 244|0x000000008f400000, 0x000000008f400000, 0x000000008f500000|  0%| F|  |TAMS 0x000000008f400000, 0x000000008f400000| Untracked 
| 245|0x000000008f500000, 0x000000008f500000, 0x000000008f600000|  0%| F|  |TAMS 0x000000008f500000, 0x000000008f500000| Untracked 
| 246|0x000000008f600000, 0x000000008f600000, 0x000000008f700000|  0%| F|  |TAMS 0x000000008f600000, 0x000000008f600000| Untracked 
| 247|0x000000008f700000, 0x000000008f700000, 0x000000008f800000|  0%| F|  |TAMS 0x000000008f700000, 0x000000008f700000| Untracked 
| 248|0x000000008f800000, 0x000000008f800000, 0x000000008f900000|  0%| F|  |TAMS 0x000000008f800000, 0x000000008f800000| Untracked 
| 249|0x000000008f900000, 0x000000008f900000, 0x000000008fa00000|  0%| F|  |TAMS 0x000000008f900000, 0x000000008f900000| Untracked 
| 250|0x000000008fa00000, 0x000000008fa00000, 0x000000008fb00000|  0%| F|  |TAMS 0x000000008fa00000, 0x000000008fa00000| Untracked 
| 251|0x000000008fb00000, 0x000000008fb00000, 0x000000008fc00000|  0%| F|  |TAMS 0x000000008fb00000, 0x000000008fb00000| Untracked 
| 252|0x000000008fc00000, 0x000000008fc00000, 0x000000008fd00000|  0%| F|  |TAMS 0x000000008fc00000, 0x000000008fc00000| Untracked 
| 253|0x000000008fd00000, 0x000000008fd00000, 0x000000008fe00000|  0%| F|  |TAMS 0x000000008fd00000, 0x000000008fd00000| Untracked 
| 254|0x000000008fe00000, 0x000000008fe00000, 0x000000008ff00000|  0%| F|  |TAMS 0x000000008fe00000, 0x000000008fe00000| Untracked 
| 255|0x000000008ff00000, 0x000000008ff00000, 0x0000000090000000|  0%| F|  |TAMS 0x000000008ff00000, 0x000000008ff00000| Untracked 
| 256|0x0000000090000000, 0x0000000090000000, 0x0000000090100000|  0%| F|  |TAMS 0x0000000090000000, 0x0000000090000000| Untracked 
| 257|0x0000000090100000, 0x0000000090100000, 0x0000000090200000|  0%| F|  |TAMS 0x0000000090100000, 0x0000000090100000| Untracked 
| 258|0x0000000090200000, 0x0000000090200000, 0x0000000090300000|  0%| F|  |TAMS 0x0000000090200000, 0x0000000090200000| Untracked 
| 259|0x0000000090300000, 0x0000000090300000, 0x0000000090400000|  0%| F|  |TAMS 0x0000000090300000, 0x0000000090300000| Untracked 
| 260|0x0000000090400000, 0x0000000090400000, 0x0000000090500000|  0%| F|  |TAMS 0x0000000090400000, 0x0000000090400000| Untracked 
| 261|0x0000000090500000, 0x0000000090500000, 0x0000000090600000|  0%| F|  |TAMS 0x0000000090500000, 0x0000000090500000| Untracked 
| 262|0x0000000090600000, 0x0000000090600000, 0x0000000090700000|  0%| F|  |TAMS 0x0000000090600000, 0x0000000090600000| Untracked 
| 263|0x0000000090700000, 0x0000000090700000, 0x0000000090800000|  0%| F|  |TAMS 0x0000000090700000, 0x0000000090700000| Untracked 
| 264|0x0000000090800000, 0x0000000090800000, 0x0000000090900000|  0%| F|  |TAMS 0x0000000090800000, 0x0000000090800000| Untracked 
| 265|0x0000000090900000, 0x0000000090900000, 0x0000000090a00000|  0%| F|  |TAMS 0x0000000090900000, 0x0000000090900000| Untracked 
| 266|0x0000000090a00000, 0x0000000090a00000, 0x0000000090b00000|  0%| F|  |TAMS 0x0000000090a00000, 0x0000000090a00000| Untracked 
| 267|0x0000000090b00000, 0x0000000090b00000, 0x0000000090c00000|  0%| F|  |TAMS 0x0000000090b00000, 0x0000000090b00000| Untracked 
| 268|0x0000000090c00000, 0x0000000090c00000, 0x0000000090d00000|  0%| F|  |TAMS 0x0000000090c00000, 0x0000000090c00000| Untracked 
| 269|0x0000000090d00000, 0x0000000090d00000, 0x0000000090e00000|  0%| F|  |TAMS 0x0000000090d00000, 0x0000000090d00000| Untracked 
| 270|0x0000000090e00000, 0x0000000090e00000, 0x0000000090f00000|  0%| F|  |TAMS 0x0000000090e00000, 0x0000000090e00000| Untracked 
| 271|0x0000000090f00000, 0x0000000090f00000, 0x0000000091000000|  0%| F|  |TAMS 0x0000000090f00000, 0x0000000090f00000| Untracked 
| 272|0x0000000091000000, 0x0000000091000000, 0x0000000091100000|  0%| F|  |TAMS 0x0000000091000000, 0x0000000091000000| Untracked 

Card table byte_map: [0x0000021de11a0000,0x0000021de15a0000] _byte_map_base: 0x0000021de0da0000

Marking Bits (Prev, Next): (CMBitMap*) 0x0000021dce928910, (CMBitMap*) 0x0000021dce9288d0
 Prev Bits: [0x0000021de39a0000, 0x0000021de59a0000)
 Next Bits: [0x0000021de19a0000, 0x0000021de39a0000)

Polling page: 0x0000021dcc8a0000

Metaspace:

Usage:
  Non-class:    115.79 MB used.
      Class:     16.75 MB used.
       Both:    132.54 MB used.

Virtual space:
  Non-class space:      120.00 MB reserved,     116.25 MB ( 97%) committed,  15 nodes.
      Class space:        1.00 GB reserved,      17.12 MB (  2%) committed,  1 nodes.
             Both:        1.12 GB reserved,     133.38 MB ( 12%) committed. 

Chunk freelists:
   Non-Class:  3.39 MB
       Class:  2.92 MB
        Both:  6.31 MB

MaxMetaspaceSize: unlimited
CompressedClassSpaceSize: 1.00 GB
Initial GC threshold: 21.00 MB
Current GC threshold: 193.69 MB
CDS: off
MetaspaceReclaimPolicy: balanced
 - commit_granule_bytes: 65536.
 - commit_granule_words: 8192.
 - virtual_space_node_default_size: 1048576.
 - enlarge_chunks_in_place: 1.
 - new_chunks_are_fully_committed: 0.
 - uncommit_free_chunks: 1.
 - use_allocation_guard: 0.
 - handle_deallocations: 1.


Internal statistics:

num_allocs_failed_limit: 6.
num_arena_births: 1140.
num_arena_deaths: 0.
num_vsnodes_births: 16.
num_vsnodes_deaths: 0.
num_space_committed: 2132.
num_space_uncommitted: 0.
num_chunks_returned_to_freelist: 6.
num_chunks_taken_from_freelist: 5727.
num_chunk_merges: 6.
num_chunk_splits: 4142.
num_chunks_enlarged: 3165.
num_purges: 0.
num_inconsistent_stats: 0.

CodeHeap 'non-profiled nmethods': size=120000Kb used=10870Kb max_used=10870Kb free=109129Kb
 bounds [0x0000021dd9870000, 0x0000021dda310000, 0x0000021de0da0000]
CodeHeap 'profiled nmethods': size=120000Kb used=31953Kb max_used=31953Kb free=88046Kb
 bounds [0x0000021dd1da0000, 0x0000021dd3ce0000, 0x0000021dd92d0000]
CodeHeap 'non-nmethods': size=5760Kb used=2497Kb max_used=2629Kb free=3262Kb
 bounds [0x0000021dd92d0000, 0x0000021dd9570000, 0x0000021dd9870000]
 total_blobs=16383 nmethods=15331 adapters=963
 compilation: enabled
              stopped_count=0, restarted_count=0
 full_count=0

Compilation events (20 events):
Event: 444.451 Thread 0x0000021deb959ed0 nmethod 18064 0x0000021dda2f6c10 code [0x0000021dda2f6da0, 0x0000021dda2f6ef8]
Event: 444.451 Thread 0x0000021deb959ed0 18245       4       java.lang.reflect.Modifier::isPublic (12 bytes)
Event: 444.451 Thread 0x0000021deb959ed0 nmethod 18245 0x0000021dda2f7010 code [0x0000021dda2f7180, 0x0000021dda2f71d8]
Event: 444.451 Thread 0x0000021deb959ed0 18088       4       kotlin.collections.CollectionsKt__CollectionsKt::getLastIndex (15 bytes)
Event: 444.461 Thread 0x0000021deb959ed0 nmethod 18088 0x0000021dda2f7310 code [0x0000021dda2f7480, 0x0000021dda2f7518]
Event: 444.461 Thread 0x0000021deb959ed0 18123       4       kotlin.collections.CollectionsKt___CollectionsKt::joinToString$default (94 bytes)
Event: 444.472 Thread 0x0000021deb959ed0 nmethod 18123 0x0000021dda2f7610 code [0x0000021dda2f77e0, 0x0000021dda2f8018]
Event: 444.472 Thread 0x0000021deb959ed0 18124       4       kotlin.collections.CollectionsKt___CollectionsKt::joinToString (72 bytes)
Event: 444.481 Thread 0x0000021deb959ed0 nmethod 18124 0x0000021dda2f8510 code [0x0000021dda2f86e0, 0x0000021dda2f8e78]
Event: 444.481 Thread 0x0000021deb959ed0 18286       4       java.util.LinkedHashMap::<init> (10 bytes)
Event: 444.481 Thread 0x0000021deb959ed0 nmethod 18286 0x0000021dda2f9390 code [0x0000021dda2f9500, 0x0000021dda2f9578]
Event: 444.481 Thread 0x0000021deb959ed0 18101       4       com.google.common.reflect.TypeResolver$TypeVariableKey::hashCode (32 bytes)
Event: 444.489 Thread 0x0000021deb959ed0 nmethod 18101 0x0000021dda2f9690 code [0x0000021dda2f9840, 0x0000021dda2f9d48]
Event: 444.489 Thread 0x0000021deb959ed0 18075       4       java.lang.ClassLoader::getDefinedPackage (36 bytes)
Event: 444.525 Thread 0x0000021de883f9d0 nmethod 17982 0x0000021dda2fa010 code [0x0000021dda2fa980, 0x0000021dda304b10]
Event: 444.526 Thread 0x0000021deb959ed0 nmethod 18075 0x0000021dda30bb10 code [0x0000021dda30bd00, 0x0000021dda30cd48]
Event: 444.546 Thread 0x0000021de8842390 18301       3       java.util.zip.ZipEntry::isDirectory (10 bytes)
Event: 444.546 Thread 0x0000021de8842390 nmethod 18301 0x0000021dd3cd4090 code [0x0000021dd3cd4260, 0x0000021dd3cd4608]
Event: 444.743 Thread 0x0000021de883f9d0 18302       4       java.util.zip.ZipEntry::isDirectory (10 bytes)
Event: 444.745 Thread 0x0000021de883f9d0 nmethod 18302 0x0000021dda30d610 code [0x0000021dda30d780, 0x0000021dda30d878]

GC Heap History (20 events):
Event: 417.123 GC heap after
{Heap after GC invocations=104 (full 0):
 garbage-first heap   total 279552K, used 107043K [0x0000000080000000, 0x0000000100000000)
  region size 1024K, 1 young (1024K), 1 survivors (1024K)
 Metaspace       used 118360K, committed 119040K, reserved 1155072K
  class space    used 14955K, committed 15232K, reserved 1048576K
}
Event: 417.165 GC heap before
{Heap before GC invocations=104 (full 0):
 garbage-first heap   total 279552K, used 119331K [0x0000000080000000, 0x0000000100000000)
  region size 1024K, 13 young (13312K), 1 survivors (1024K)
 Metaspace       used 118360K, committed 119040K, reserved 1155072K
  class space    used 14955K, committed 15232K, reserved 1048576K
}
Event: 417.169 GC heap after
{Heap after GC invocations=105 (full 0):
 garbage-first heap   total 279552K, used 106651K [0x0000000080000000, 0x0000000100000000)
  region size 1024K, 1 young (1024K), 1 survivors (1024K)
 Metaspace       used 118360K, committed 119040K, reserved 1155072K
  class space    used 14955K, committed 15232K, reserved 1048576K
}
Event: 417.633 GC heap before
{Heap before GC invocations=105 (full 0):
 garbage-first heap   total 279552K, used 259227K [0x0000000080000000, 0x0000000100000000)
  region size 1024K, 138 young (141312K), 1 survivors (1024K)
 Metaspace       used 118382K, committed 119040K, reserved 1155072K
  class space    used 14955K, committed 15232K, reserved 1048576K
}
Event: 417.637 GC heap after
{Heap after GC invocations=106 (full 0):
 garbage-first heap   total 279552K, used 111489K [0x0000000080000000, 0x0000000100000000)
  region size 1024K, 3 young (3072K), 3 survivors (3072K)
 Metaspace       used 118382K, committed 119040K, reserved 1155072K
  class space    used 14955K, committed 15232K, reserved 1048576K
}
Event: 417.663 GC heap before
{Heap before GC invocations=106 (full 0):
 garbage-first heap   total 279552K, used 115585K [0x0000000080000000, 0x0000000100000000)
  region size 1024K, 8 young (8192K), 3 survivors (3072K)
 Metaspace       used 118382K, committed 119040K, reserved 1155072K
  class space    used 14955K, committed 15232K, reserved 1048576K
}
Event: 417.668 GC heap after
{Heap after GC invocations=107 (full 0):
 garbage-first heap   total 279552K, used 110762K [0x0000000080000000, 0x0000000100000000)
  region size 1024K, 5 young (5120K), 5 survivors (5120K)
 Metaspace       used 118382K, committed 119040K, reserved 1155072K
  class space    used 14955K, committed 15232K, reserved 1048576K
}
Event: 418.284 GC heap before
{Heap before GC invocations=108 (full 0):
 garbage-first heap   total 279552K, used 231594K [0x0000000080000000, 0x0000000100000000)
  region size 1024K, 106 young (108544K), 5 survivors (5120K)
 Metaspace       used 118536K, committed 119232K, reserved 1155072K
  class space    used 14963K, committed 15296K, reserved 1048576K
}
Event: 418.301 GC heap after
{Heap after GC invocations=109 (full 0):
 garbage-first heap   total 279552K, used 134337K [0x0000000080000000, 0x0000000100000000)
  region size 1024K, 14 young (14336K), 14 survivors (14336K)
 Metaspace       used 118536K, committed 119232K, reserved 1155072K
  class space    used 14963K, committed 15296K, reserved 1048576K
}
Event: 418.320 GC heap before
{Heap before GC invocations=109 (full 0):
 garbage-first heap   total 279552K, used 135361K [0x0000000080000000, 0x0000000100000000)
  region size 1024K, 15 young (15360K), 14 survivors (14336K)
 Metaspace       used 118576K, committed 119360K, reserved 1155072K
  class space    used 14966K, committed 15296K, reserved 1048576K
}
Event: 418.333 GC heap after
{Heap after GC invocations=110 (full 0):
 garbage-first heap   total 279552K, used 135824K [0x0000000080000000, 0x0000000100000000)
  region size 1024K, 2 young (2048K), 2 survivors (2048K)
 Metaspace       used 118576K, committed 119360K, reserved 1155072K
  class space    used 14966K, committed 15296K, reserved 1048576K
}
Event: 442.100 GC heap before
{Heap before GC invocations=110 (full 0):
 garbage-first heap   total 279552K, used 218768K [0x0000000080000000, 0x0000000100000000)
  region size 1024K, 83 young (84992K), 2 survivors (2048K)
 Metaspace       used 123101K, committed 123904K, reserved 1163264K
  class space    used 15537K, committed 15872K, reserved 1048576K
}
Event: 442.109 GC heap after
{Heap after GC invocations=111 (full 0):
 garbage-first heap   total 279552K, used 142015K [0x0000000080000000, 0x0000000100000000)
  region size 1024K, 8 young (8192K), 8 survivors (8192K)
 Metaspace       used 123101K, committed 123904K, reserved 1163264K
  class space    used 15537K, committed 15872K, reserved 1048576K
}
Event: 443.472 GC heap before
{Heap before GC invocations=111 (full 0):
 garbage-first heap   total 279552K, used 229055K [0x0000000080000000, 0x0000000100000000)
  region size 1024K, 87 young (89088K), 8 survivors (8192K)
 Metaspace       used 131922K, committed 132800K, reserved 1171456K
  class space    used 16662K, committed 17024K, reserved 1048576K
}
Event: 443.486 GC heap after
{Heap after GC invocations=112 (full 0):
 garbage-first heap   total 279552K, used 148380K [0x0000000080000000, 0x0000000100000000)
  region size 1024K, 7 young (7168K), 7 survivors (7168K)
 Metaspace       used 131922K, committed 132800K, reserved 1171456K
  class space    used 16662K, committed 17024K, reserved 1048576K
}
Event: 444.451 GC heap before
{Heap before GC invocations=112 (full 0):
 garbage-first heap   total 279552K, used 225180K [0x0000000080000000, 0x0000000100000000)
  region size 1024K, 82 young (83968K), 7 survivors (7168K)
 Metaspace       used 135725K, committed 136576K, reserved 1171456K
  class space    used 17153K, committed 17536K, reserved 1048576K
}
Event: 444.461 GC heap after
{Heap after GC invocations=113 (full 0):
 garbage-first heap   total 279552K, used 151835K [0x0000000080000000, 0x0000000100000000)
  region size 1024K, 4 young (4096K), 4 survivors (4096K)
 Metaspace       used 135725K, committed 136576K, reserved 1171456K
  class space    used 17153K, committed 17536K, reserved 1048576K
}
Event: 444.681 GC heap before
{Heap before GC invocations=113 (full 0):
 garbage-first heap   total 279552K, used 229659K [0x0000000080000000, 0x0000000100000000)
  region size 1024K, 80 young (81920K), 4 survivors (4096K)
 Metaspace       used 135725K, committed 136576K, reserved 1171456K
  class space    used 17153K, committed 17536K, reserved 1048576K
}
Event: 444.686 GC heap after
{Heap after GC invocations=114 (full 0):
 garbage-first heap   total 279552K, used 152751K [0x0000000080000000, 0x0000000100000000)
  region size 1024K, 5 young (5120K), 5 survivors (5120K)
 Metaspace       used 135725K, committed 136576K, reserved 1171456K
  class space    used 17153K, committed 17536K, reserved 1048576K
}
Event: 444.886 GC heap before
{Heap before GC invocations=114 (full 0):
 garbage-first heap   total 279552K, used 232623K [0x0000000080000000, 0x0000000100000000)
  region size 1024K, 83 young (84992K), 5 survivors (5120K)
 Metaspace       used 135725K, committed 136576K, reserved 1171456K
  class space    used 17153K, committed 17536K, reserved 1048576K
}

Dll operation events (2 events):
Event: 0.009 Loaded shared library C:\Program Files\Android\Android Studio\jbr\bin\java.dll
Event: 0.820 Loaded shared library C:\Program Files\Android\Android Studio\jbr\bin\verify.dll

Deoptimization events (20 events):
Event: 443.647 Thread 0x0000021dee8fcd40 Uncommon trap: trap_request=0xffffff45 fr.pc=0x0000021dda1046f4 relative=0x0000000000000794
Event: 443.647 Thread 0x0000021dee8fcd40 Uncommon trap: reason=unstable_if action=reinterpret pc=0x0000021dda1046f4 method=java.util.StringTokenizer.scanToken(I)I @ 96 c2
Event: 443.647 Thread 0x0000021dee8fcd40 DEOPT PACKING pc=0x0000021dda1046f4 sp=0x0000003dc25f6040
Event: 443.647 Thread 0x0000021dee8fcd40 DEOPT UNPACKING pc=0x0000021dd93269a3 sp=0x0000003dc25f5fa8 mode 2
Event: 443.667 Thread 0x0000021dee8fcd40 DEOPT PACKING pc=0x0000021dd2439dd9 sp=0x0000003dc25f69d0
Event: 443.667 Thread 0x0000021dee8fcd40 DEOPT UNPACKING pc=0x0000021dd9327143 sp=0x0000003dc25f5ec0 mode 0
Event: 443.667 Thread 0x0000021dee8fcd40 DEOPT PACKING pc=0x0000021dd20b8cce sp=0x0000003dc25f6a00
Event: 443.667 Thread 0x0000021dee8fcd40 DEOPT UNPACKING pc=0x0000021dd9327143 sp=0x0000003dc25f5ec8 mode 0
Event: 443.667 Thread 0x0000021dee8fcd40 DEOPT PACKING pc=0x0000021dd2439dd9 sp=0x0000003dc25f69d0
Event: 443.667 Thread 0x0000021dee8fcd40 DEOPT UNPACKING pc=0x0000021dd9327143 sp=0x0000003dc25f5ec0 mode 0
Event: 443.671 Thread 0x0000021dee8fcd40 DEOPT PACKING pc=0x0000021dd20b8cce sp=0x0000003dc25f6a00
Event: 443.671 Thread 0x0000021dee8fcd40 DEOPT UNPACKING pc=0x0000021dd9327143 sp=0x0000003dc25f5ec8 mode 0
Event: 443.672 Thread 0x0000021dee8fcd40 Uncommon trap: trap_request=0xffffff45 fr.pc=0x0000021dd9923c84 relative=0x0000000000000664
Event: 443.672 Thread 0x0000021dee8fcd40 Uncommon trap: reason=unstable_if action=reinterpret pc=0x0000021dd9923c84 method=java.lang.String.replace(CC)Ljava/lang/String; @ 2 c2
Event: 443.672 Thread 0x0000021dee8fcd40 DEOPT PACKING pc=0x0000021dd9923c84 sp=0x0000003dc25f6ae0
Event: 443.672 Thread 0x0000021dee8fcd40 DEOPT UNPACKING pc=0x0000021dd93269a3 sp=0x0000003dc25f6a90 mode 2
Event: 443.893 Thread 0x0000021dee8fcd40 Uncommon trap: trap_request=0xffffff45 fr.pc=0x0000021dda28a3d4 relative=0x0000000000004f34
Event: 443.893 Thread 0x0000021dee8fcd40 Uncommon trap: reason=unstable_if action=reinterpret pc=0x0000021dda28a3d4 method=sun.net.www.protocol.jar.Handler.parseURL(Ljava/net/URL;Ljava/lang/String;II)V @ 116 c2
Event: 443.893 Thread 0x0000021dee8fcd40 DEOPT PACKING pc=0x0000021dda28a3d4 sp=0x0000003dc25f6e30
Event: 443.893 Thread 0x0000021dee8fcd40 DEOPT UNPACKING pc=0x0000021dd93269a3 sp=0x0000003dc25f6d48 mode 2

Classes unloaded (0 events):
No events

Classes redefined (0 events):
No events

Internal exceptions (20 events):
Event: 443.824 Thread 0x0000021dee8fcd40 Exception <a 'java/lang/ClassNotFoundException'{0x000000009009de68}: org/gradle/api/plugins/internal/DefaultBasePluginConventionBeanInfo> (0x000000009009de68) 
thrown [s\src\hotspot\share\classfile\systemDictionary.cpp, line 256]
Event: 443.825 Thread 0x0000021dee8fcd40 Exception <a 'java/lang/ClassNotFoundException'{0x00000000900b4998}: org/gradle/api/plugins/BasePluginConventionBeanInfo> (0x00000000900b4998) 
thrown [s\src\hotspot\share\classfile\systemDictionary.cpp, line 256]
Event: 443.826 Thread 0x0000021dee8fcd40 Exception <a 'java/lang/ClassNotFoundException'{0x00000000900ca9f0}: org/gradle/api/plugins/BasePluginConventionCustomizer> (0x00000000900ca9f0) 
thrown [s\src\hotspot\share\classfile\systemDictionary.cpp, line 256]
Event: 443.828 Thread 0x0000021dee8fcd40 Exception <a 'java/lang/ClassNotFoundException'{0x00000000900eb6f8}: org/gradle/api/plugins/internal/DefaultBasePluginConventionCustomizer> (0x00000000900eb6f8) 
thrown [s\src\hotspot\share\classfile\systemDictionary.cpp, line 256]
Event: 443.832 Thread 0x0000021dee8fcd40 Exception <a 'java/lang/ClassNotFoundException'{0x000000008ff35f68}: org/gradle/api/plugins/internal/DefaultJavaPluginConventionBeanInfo> (0x000000008ff35f68) 
thrown [s\src\hotspot\share\classfile\systemDictionary.cpp, line 256]
Event: 443.833 Thread 0x0000021dee8fcd40 Exception <a 'java/lang/ClassNotFoundException'{0x000000008ff4ca98}: org/gradle/api/plugins/JavaPluginConventionBeanInfo> (0x000000008ff4ca98) 
thrown [s\src\hotspot\share\classfile\systemDictionary.cpp, line 256]
Event: 443.835 Thread 0x0000021dee8fcd40 Exception <a 'java/lang/ClassNotFoundException'{0x000000008ff62af0}: org/gradle/api/plugins/JavaPluginConventionCustomizer> (0x000000008ff62af0) 
thrown [s\src\hotspot\share\classfile\systemDictionary.cpp, line 256]
Event: 443.837 Thread 0x0000021dee8fcd40 Exception <a 'java/lang/ClassNotFoundException'{0x000000008ff8d760}: org/gradle/api/plugins/internal/DefaultJavaPluginConventionCustomizer> (0x000000008ff8d760) 
thrown [s\src\hotspot\share\classfile\systemDictionary.cpp, line 256]
Event: 444.199 Thread 0x0000021dee8fcd40 Exception <a 'java/lang/ClassNotFoundException'{0x000000008f3c48e8}: org/jetbrains/kotlin/gradle/targets/js/npm/DefaultNpmDependencyExtensionBeanInfo> (0x000000008f3c48e8) 
thrown [s\src\hotspot\share\classfile\systemDictionary.cpp, line 256]
Event: 444.199 Thread 0x0000021dee8fcd40 Exception <a 'java/lang/ClassNotFoundException'{0x000000008f3cff58}: org/jetbrains/kotlin/gradle/targets/js/npm/DefaultNpmDependencyExtensionCustomizer> (0x000000008f3cff58) 
thrown [s\src\hotspot\share\classfile\systemDictionary.cpp, line 256]
Event: 444.207 Thread 0x0000021dee8fcd40 Exception <a 'java/lang/ClassNotFoundException'{0x000000008f23a338}: org/jetbrains/kotlin/gradle/targets/js/npm/NpmDependencyExtensionKt$defaultNpmDependencyDelegate$1BeanInfo> (0x000000008f23a338) 
thrown [s\src\hotspot\share\classfile\systemDictionary.cpp, line 256]
Event: 444.208 Thread 0x0000021dee8fcd40 Exception <a 'java/lang/ClassNotFoundException'{0x000000008f2459f0}: org/jetbrains/kotlin/gradle/targets/js/npm/NpmDependencyExtensionDelegateBeanInfo> (0x000000008f2459f0) 
thrown [s\src\hotspot\share\classfile\systemDictionary.cpp, line 256]
Event: 444.208 Thread 0x0000021dee8fcd40 Exception <a 'java/lang/ClassNotFoundException'{0x000000008f251070}: org/jetbrains/kotlin/gradle/targets/js/npm/NpmDependencyExtensionDelegateCustomizer> (0x000000008f251070) 
thrown [s\src\hotspot\share\classfile\systemDictionary.cpp, line 256]
Event: 444.210 Thread 0x0000021dee8fcd40 Exception <a 'java/lang/ClassNotFoundException'{0x000000008f274b38}: org/jetbrains/kotlin/gradle/targets/js/npm/NpmDependencyExtensionKt$defaultNpmDependencyDelegate$1Customizer> (0x000000008f274b38) 
thrown [s\src\hotspot\share\classfile\systemDictionary.cpp, line 256]
Event: 444.213 Thread 0x0000021dee8fcd40 Exception <a 'java/lang/ClassNotFoundException'{0x000000008f2a8cf0}: org/jetbrains/kotlin/gradle/targets/js/npm/DefaultDevNpmDependencyExtensionBeanInfo> (0x000000008f2a8cf0) 
thrown [s\src\hotspot\share\classfile\systemDictionary.cpp, line 256]
Event: 444.213 Thread 0x0000021dee8fcd40 Exception <a 'java/lang/ClassNotFoundException'{0x000000008f2b4378}: org/jetbrains/kotlin/gradle/targets/js/npm/DefaultDevNpmDependencyExtensionCustomizer> (0x000000008f2b4378) 
thrown [s\src\hotspot\share\classfile\systemDictionary.cpp, line 256]
Event: 444.217 Thread 0x0000021dee8fcd40 Exception <a 'java/lang/ClassNotFoundException'{0x000000008f2ed530}: org/jetbrains/kotlin/gradle/targets/js/npm/DefaultPeerNpmDependencyExtensionBeanInfo> (0x000000008f2ed530) 
thrown [s\src\hotspot\share\classfile\systemDictionary.cpp, line 256]
Event: 444.217 Thread 0x0000021dee8fcd40 Exception <a 'java/lang/ClassNotFoundException'{0x000000008f2f8be8}: org/jetbrains/kotlin/gradle/targets/js/npm/DefaultPeerNpmDependencyExtensionCustomizer> (0x000000008f2f8be8) 
thrown [s\src\hotspot\share\classfile\systemDictionary.cpp, line 256]
Event: 444.221 Thread 0x0000021dee8fcd40 Exception <a 'java/lang/ClassNotFoundException'{0x000000008f138118}: org/jetbrains/kotlin/gradle/targets/js/npm/DefaultPeerNpmDependencyExtension$delegate$1BeanInfo> (0x000000008f138118) 
thrown [s\src\hotspot\share\classfile\systemDictionary.cpp, line 256]
Event: 444.221 Thread 0x0000021dee8fcd40 Exception <a 'java/lang/ClassNotFoundException'{0x000000008f143998}: org/jetbrains/kotlin/gradle/targets/js/npm/DefaultPeerNpmDependencyExtension$delegate$1Customizer> (0x000000008f143998) 
thrown [s\src\hotspot\share\classfile\systemDictionary.cpp, line 256]

VM Operations (20 events):
Event: 442.035 Executing VM operation: HandshakeAllThreads done
Event: 442.100 Executing VM operation: G1CollectForAllocation
Event: 442.109 Executing VM operation: G1CollectForAllocation done
Event: 442.124 Executing VM operation: HandshakeAllThreads
Event: 442.124 Executing VM operation: HandshakeAllThreads done
Event: 442.600 Executing VM operation: ICBufferFull
Event: 442.600 Executing VM operation: ICBufferFull done
Event: 442.828 Executing VM operation: HandshakeAllThreads
Event: 442.828 Executing VM operation: HandshakeAllThreads done
Event: 443.472 Executing VM operation: G1CollectForAllocation
Event: 443.486 Executing VM operation: G1CollectForAllocation done
Event: 443.622 Executing VM operation: HandshakeAllThreads
Event: 443.622 Executing VM operation: HandshakeAllThreads done
Event: 443.706 Executing VM operation: HandshakeAllThreads
Event: 443.706 Executing VM operation: HandshakeAllThreads done
Event: 444.451 Executing VM operation: G1CollectForAllocation
Event: 444.461 Executing VM operation: G1CollectForAllocation done
Event: 444.681 Executing VM operation: G1CollectForAllocation
Event: 444.686 Executing VM operation: G1CollectForAllocation done
Event: 444.886 Executing VM operation: G1CollectForAllocation

Events (20 events):
Event: 442.856 loading class sun/security/util/ManifestEntryVerifier$SunProviderHolder done
Event: 442.919 loading class java/security/KeyStore$ProtectionParameter
Event: 442.920 loading class java/security/KeyStore$ProtectionParameter done
Event: 443.467 loading class sun/reflect/annotation/AnnotationInvocationHandler$1
Event: 443.467 loading class sun/reflect/annotation/AnnotationInvocationHandler$1 done
Event: 443.635 loading class org/xml/sax/ContentHandler
Event: 443.635 loading class org/xml/sax/ContentHandler done
Event: 443.635 loading class org/xml/sax/ErrorHandler
Event: 443.635 loading class org/xml/sax/ErrorHandler done
Event: 443.635 loading class org/xml/sax/DTDHandler
Event: 443.635 loading class org/xml/sax/DTDHandler done
Event: 443.647 loading class java/util/Spliterators$IntArraySpliterator
Event: 443.648 loading class java/util/Spliterators$IntArraySpliterator done
Event: 443.717 loading class java/time/format/DateTimeFormatterBuilder$WeekBasedFieldPrinterParser
Event: 443.718 loading class java/time/format/DateTimeFormatterBuilder$WeekBasedFieldPrinterParser done
Event: 443.732 loading class com/sun/jmx/mbeanserver/StandardMBeanSupport
Event: 443.733 loading class com/sun/jmx/mbeanserver/StandardMBeanSupport done
Event: 443.733 loading class com/sun/jmx/mbeanserver/StandardMBeanIntrospector
Event: 443.733 loading class com/sun/jmx/mbeanserver/StandardMBeanIntrospector done
Event: 444.743 Thread 0x0000021deb959ed0 Thread exited: 0x0000021deb959ed0


Dynamic libraries:
0x00007ff7b2310000 - 0x00007ff7b231a000 	C:\Program Files\Android\Android Studio\jbr\bin\java.exe
0x00007ffcf5750000 - 0x00007ffcf5947000 	C:\Windows\SYSTEM32\ntdll.dll
0x00007ffcf5280000 - 0x00007ffcf533d000 	C:\Windows\System32\KERNEL32.DLL
0x00007ffcf3230000 - 0x00007ffcf3526000 	C:\Windows\System32\KERNELBASE.dll
0x00007ffcf2ed0000 - 0x00007ffcf2fd0000 	C:\Windows\System32\ucrtbase.dll
0x00007ffce5cc0000 - 0x00007ffce5cdb000 	C:\Program Files\Android\Android Studio\jbr\bin\VCRUNTIME140.dll
0x00007ffce57c0000 - 0x00007ffce57d7000 	C:\Program Files\Android\Android Studio\jbr\bin\jli.dll
0x00007ffcf40a0000 - 0x00007ffcf423e000 	C:\Windows\System32\USER32.dll
0x00007ffcf36d0000 - 0x00007ffcf36f2000 	C:\Windows\System32\win32u.dll
0x00007ffcf56e0000 - 0x00007ffcf570c000 	C:\Windows\System32\GDI32.dll
0x00007ffcf3530000 - 0x00007ffcf364a000 	C:\Windows\System32\gdi32full.dll
0x00007ffcf2e30000 - 0x00007ffcf2ecd000 	C:\Windows\System32\msvcp_win.dll
0x00007ffce0390000 - 0x00007ffce062a000 	C:\Windows\WinSxS\amd64_microsoft.windows.common-controls_6595b64144ccf1df_6.0.19041.3570_none_60bb2a3971f3e41a\COMCTL32.dll
0x00007ffcf5020000 - 0x00007ffcf50be000 	C:\Windows\System32\msvcrt.dll
0x00007ffcf4990000 - 0x00007ffcf49c0000 	C:\Windows\System32\IMM32.DLL
0x00007ffcee080000 - 0x00007ffcee08c000 	C:\Program Files\Android\Android Studio\jbr\bin\vcruntime140_1.dll
0x00007ffccb620000 - 0x00007ffccb6ad000 	C:\Program Files\Android\Android Studio\jbr\bin\msvcp140.dll
0x00007ffcbd840000 - 0x00007ffcbe4ae000 	C:\Program Files\Android\Android Studio\jbr\bin\server\jvm.dll
0x00007ffcf4860000 - 0x00007ffcf490e000 	C:\Windows\System32\ADVAPI32.dll
0x00007ffcf49c0000 - 0x00007ffcf4a5c000 	C:\Windows\System32\sechost.dll
0x00007ffcf5150000 - 0x00007ffcf5276000 	C:\Windows\System32\RPCRT4.dll
0x00007ffcf0c50000 - 0x00007ffcf0c59000 	C:\Windows\SYSTEM32\WSOCK32.dll
0x00007ffcf4b20000 - 0x00007ffcf4b8b000 	C:\Windows\System32\WS2_32.dll
0x00007ffce8450000 - 0x00007ffce8477000 	C:\Windows\SYSTEM32\WINMM.dll
0x00007ffce9a00000 - 0x00007ffce9a0a000 	C:\Windows\SYSTEM32\VERSION.dll
0x00007ffcf1660000 - 0x00007ffcf1672000 	C:\Windows\SYSTEM32\kernel.appcore.dll
0x00007ffcee070000 - 0x00007ffcee07a000 	C:\Program Files\Android\Android Studio\jbr\bin\jimage.dll
0x00007ffcf0a00000 - 0x00007ffcf0be4000 	C:\Windows\SYSTEM32\DBGHELP.DLL
0x00007ffcd9d60000 - 0x00007ffcd9d94000 	C:\Windows\SYSTEM32\dbgcore.DLL
0x00007ffcf3040000 - 0x00007ffcf30c2000 	C:\Windows\System32\bcryptPrimitives.dll
0x00007ffceb3e0000 - 0x00007ffceb405000 	C:\Program Files\Android\Android Studio\jbr\bin\java.dll
0x00007ffcec660000 - 0x00007ffcec678000 	C:\Program Files\Android\Android Studio\jbr\bin\zip.dll
0x00007ffcf3950000 - 0x00007ffcf4094000 	C:\Windows\System32\SHELL32.dll
0x00007ffcf0eb0000 - 0x00007ffcf164b000 	C:\Windows\SYSTEM32\windows.storage.dll
0x00007ffcf4b90000 - 0x00007ffcf4ee4000 	C:\Windows\System32\combase.dll
0x00007ffcf2870000 - 0x00007ffcf289d000 	C:\Windows\SYSTEM32\Wldp.dll
0x00007ffcf4a60000 - 0x00007ffcf4b0d000 	C:\Windows\System32\SHCORE.dll
0x00007ffcf38f0000 - 0x00007ffcf3945000 	C:\Windows\System32\shlwapi.dll
0x00007ffcf2d60000 - 0x00007ffcf2d85000 	C:\Windows\SYSTEM32\profapi.dll
0x00007ffceb3c0000 - 0x00007ffceb3d9000 	C:\Program Files\Android\Android Studio\jbr\bin\net.dll
0x00007ffce9bc0000 - 0x00007ffce9cca000 	C:\Windows\SYSTEM32\WINHTTP.dll
0x00007ffcf25d0000 - 0x00007ffcf263a000 	C:\Windows\system32\mswsock.dll
0x00007ffceab20000 - 0x00007ffceab36000 	C:\Program Files\Android\Android Studio\jbr\bin\nio.dll
0x00007ffcee010000 - 0x00007ffcee020000 	C:\Program Files\Android\Android Studio\jbr\bin\verify.dll
0x00007ffceab40000 - 0x00007ffceab67000 	C:\Users\ASUS\.gradle\native\e1d6ef7f7dcc3fd88c89a11ec53ec762bb8ba0a96d01ffa2cd45eb1d1d8dd5c5\windows-amd64\native-platform.dll
0x00007ffcc2a70000 - 0x00007ffcc2bb4000 	C:\Users\ASUS\.gradle\native\0d407fdbe67a94daf76414ababcb853783967236a71b16ec16e742cd7a986fd3\windows-amd64\native-platform-file-events.dll
0x00007ffced990000 - 0x00007ffced999000 	C:\Program Files\Android\Android Studio\jbr\bin\management.dll
0x00007ffcec9a0000 - 0x00007ffcec9ab000 	C:\Program Files\Android\Android Studio\jbr\bin\management_ext.dll
0x00007ffcf53f0000 - 0x00007ffcf53f8000 	C:\Windows\System32\PSAPI.DLL
0x00007ffcf27d0000 - 0x00007ffcf27e8000 	C:\Windows\SYSTEM32\CRYPTSP.dll
0x00007ffcf1e70000 - 0x00007ffcf1ea4000 	C:\Windows\system32\rsaenh.dll
0x00007ffcf3650000 - 0x00007ffcf3677000 	C:\Windows\System32\bcrypt.dll
0x00007ffcf2d20000 - 0x00007ffcf2d4e000 	C:\Windows\SYSTEM32\USERENV.dll
0x00007ffcf27c0000 - 0x00007ffcf27cc000 	C:\Windows\SYSTEM32\CRYPTBASE.dll
0x00007ffcf2270000 - 0x00007ffcf22ab000 	C:\Windows\SYSTEM32\IPHLPAPI.DLL
0x00007ffcf4ef0000 - 0x00007ffcf4ef8000 	C:\Windows\System32\NSI.dll
0x00007ffcea570000 - 0x00007ffcea587000 	C:\Windows\SYSTEM32\dhcpcsvc6.DLL
0x00007ffceb320000 - 0x00007ffceb33d000 	C:\Windows\SYSTEM32\dhcpcsvc.DLL
0x00007ffcf22b0000 - 0x00007ffcf237a000 	C:\Windows\SYSTEM32\DNSAPI.dll
0x00007ffcd4c70000 - 0x00007ffcd4c77000 	C:\Windows\system32\wshunix.dll
0x00007ffce0b40000 - 0x00007ffce0b4a000 	C:\Windows\System32\rasadhlp.dll
0x00007ffce1210000 - 0x00007ffce1292000 	C:\Windows\System32\fwpuclnt.dll

dbghelp: loaded successfully - version: 4.0.5 - missing functions: none
symbol engine: initialized successfully - sym options: 0x614 - pdb path: .;C:\Program Files\Android\Android Studio\jbr\bin;C:\Windows\SYSTEM32;C:\Windows\WinSxS\amd64_microsoft.windows.common-controls_6595b64144ccf1df_6.0.19041.3570_none_60bb2a3971f3e41a;C:\Program Files\Android\Android Studio\jbr\bin\server;C:\Users\ASUS\.gradle\native\e1d6ef7f7dcc3fd88c89a11ec53ec762bb8ba0a96d01ffa2cd45eb1d1d8dd5c5\windows-amd64;C:\Users\ASUS\.gradle\native\0d407fdbe67a94daf76414ababcb853783967236a71b16ec16e742cd7a986fd3\windows-amd64

VM Arguments:
jvm_args: --add-opens=java.base/java.util=ALL-UNNAMED --add-opens=java.base/java.lang=ALL-UNNAMED --add-opens=java.base/java.lang.invoke=ALL-UNNAMED --add-opens=java.base/java.util=ALL-UNNAMED --add-opens=java.prefs/java.util.prefs=ALL-UNNAMED --add-opens=java.prefs/java.util.prefs=ALL-UNNAMED --add-opens=java.base/java.nio.charset=ALL-UNNAMED --add-opens=java.base/java.net=ALL-UNNAMED --add-opens=java.base/java.util.concurrent.atomic=ALL-UNNAMED -Xmx2048m -Dfile.encoding=UTF-8 -Duser.country=ID -Duser.language=en -Duser.variant 
java_command: org.gradle.launcher.daemon.bootstrap.GradleDaemon 7.5
java_class_path (initial): C:\Users\ASUS\.gradle\wrapper\dists\gradle-7.5-bin\f1w0cc9nuo0eivz97x2xlu9sv\gradle-7.5\lib\gradle-launcher-7.5.jar
Launcher Type: SUN_STANDARD

[Global flags]
     intx CICompilerCount                          = 3                                         {product} {ergonomic}
     uint ConcGCThreads                            = 1                                         {product} {ergonomic}
     uint G1ConcRefinementThreads                  = 4                                         {product} {ergonomic}
   size_t G1HeapRegionSize                         = 1048576                                   {product} {ergonomic}
    uintx GCDrainStackTargetSize                   = 64                                        {product} {ergonomic}
   size_t InitialHeapSize                          = 134217728                                 {product} {ergonomic}
   size_t MarkStackSize                            = 4194304                                   {product} {ergonomic}
   size_t MaxHeapSize                              = 2147483648                                {product} {command line}
   size_t MaxNewSize                               = 1287651328                                {product} {ergonomic}
   size_t MinHeapDeltaBytes                        = 1048576                                   {product} {ergonomic}
   size_t MinHeapSize                              = 8388608                                   {product} {ergonomic}
    uintx NonNMethodCodeHeapSize                   = 5832780                                {pd product} {ergonomic}
    uintx NonProfiledCodeHeapSize                  = 122912730                              {pd product} {ergonomic}
    uintx ProfiledCodeHeapSize                     = 122912730                              {pd product} {ergonomic}
    uintx ReservedCodeCacheSize                    = 251658240                              {pd product} {ergonomic}
     bool SegmentedCodeCache                       = true                                      {product} {ergonomic}
   size_t SoftMaxHeapSize                          = 2147483648                             {manageable} {ergonomic}
     bool UseCompressedClassPointers               = true                           {product lp64_product} {ergonomic}
     bool UseCompressedOops                        = true                           {product lp64_product} {ergonomic}
     bool UseG1GC                                  = true                                      {product} {ergonomic}
     bool UseLargePagesIndividualAllocation        = false                                  {pd product} {ergonomic}

Logging:
Log output configuration:
 #0: stdout all=warning uptime,level,tags
 #1: stderr all=off uptime,level,tags

Environment Variables:
JAVA_HOME=C:\Program Files\Zulu\zulu-17
PATH=C:\Program Files\Zulu\zulu-17\bin\;C:\Windows\system32;C:\Windows;C:\Windows\System32\Wbem;C:\Windows\System32\WindowsPowerShell\v1.0\;C:\Windows\System32\OpenSSH\;E:\SDK dan Gradle\gradle-8.0.1-all\gradle-8.0.1\bin;C:\Development\flutter_windows_3.10.6-stable\flutter\bin\cache\dart-sdk\bin;C:\Program Files\Git\cmd;C:\Users\ASUS\AppData\Local\Microsoft\WindowsApps;C:\Users\ASUS\AppData\Local\Programs\Microsoft VS Code\bin;C:\Development\flutter_windows_3.10.6-stable\flutter\bin;
USERNAME=ASUS
OS=Windows_NT
PROCESSOR_IDENTIFIER=Intel64 Family 6 Model 78 Stepping 3, GenuineIntel
TMP=C:\Users\ASUS\AppData\Local\Temp
TEMP=C:\Users\ASUS\AppData\Local\Temp


JNI global refs:
JNI global refs: 24, weak refs: 0

JNI global refs memory usage: 843, weak refs: 209


---------------  S Y S T E M  ---------------

OS:
 Windows 10 , 64 bit Build 19041 (10.0.19041.3570)
OS uptime: 5 days 20:39 hours

CPU: total 4 (initial active 4) (2 cores per cpu, 2 threads per core) family 6 model 78 stepping 3 microcode 0xcc, cx8, cmov, fxsr, ht, mmx, 3dnowpref, sse, sse2, sse3, ssse3, sse4.1, sse4.2, popcnt, lzcnt, tsc, tscinvbit, avx, avx2, aes, erms, clmul, bmi1, bmi2, adx, fma, vzeroupper, clflush, clflushopt

Memory: 4k page, system-wide physical 8085M (448M free)
TotalPageFile size 12233M (AvailPageFile size 197M)
current process WorkingSet (physical memory assigned to process): 579M, peak: 586M
current process commit charge ("private bytes"): 642M, peak: 924M

vm_info: OpenJDK 64-Bit Server VM (17.0.6+0-b2043.56-10027231) for windows-amd64 JRE (17.0.6+0-b2043.56-10027231), built on Apr 28 2023 00:43:19 by "androidbuild" with MS VC++ 16.10 / 16.11 (VS2019)

END.
