#
# There is insufficient memory for the Java Runtime Environment to continue.
# Native memory allocation (malloc) failed to allocate 1220656 bytes for Chunk::new
# Possible reasons:
#   The system is out of physical RAM or swap space
#   The process is running with CompressedOops enabled, and the Java Heap may be blocking the growth of the native heap
# Possible solutions:
#   Reduce memory load on the system
#   Increase physical memory or swap space
#   Check if swap backing store is full
#   Decrease Java heap size (-Xmx/-Xms)
#   Decrease number of Java threads
#   Decrease Java thread stack sizes (-Xss)
#   Set larger code cache with -XX:ReservedCodeCacheSize=
#   JVM is running with Unscaled Compressed Oops mode in which the Java heap is
#     placed in the first 4GB address space. The Java Heap base address is the
#     maximum limit for the native heap growth. Please use -XX:HeapBaseMinAddress
#     to set the Java Heap base and to place the Java Heap above 4GB virtual address.
# This output file may be truncated or incomplete.
#
#  Out of Memory Error (arena.cpp:189), pid=11928, tid=8864
#
# JRE version: OpenJDK Runtime Environment Zulu17.44+15-CA (17.0.8+7) (build 17.0.8+7-LTS)
# Java VM: OpenJDK 64-Bit Server VM Zulu17.44+15-CA (17.0.8+7-LTS, mixed mode, sharing, tiered, compressed oops, compressed class ptrs, g1 gc, windows-amd64)
# No core dump will be written. Minidumps are not enabled by default on client versions of Windows
#

---------------  S U M M A R Y ------------

Command Line: --add-opens=java.base/java.util=ALL-UNNAMED --add-opens=java.base/java.lang=ALL-UNNAMED --add-opens=java.base/java.lang.invoke=ALL-UNNAMED --add-opens=java.prefs/java.util.prefs=ALL-UNNAMED --add-opens=java.base/java.nio.charset=ALL-UNNAMED --add-opens=java.base/java.net=ALL-UNNAMED --add-opens=java.base/java.util.concurrent.atomic=ALL-UNNAMED -Xmx2048m -Dfile.encoding=UTF-8 -Duser.country=ID -Duser.language=en -Duser.variant org.gradle.launcher.daemon.bootstrap.GradleDaemon 8.0

Host: Intel(R) Core(TM) i7-6500U CPU @ 2.50GHz, 4 cores, 7G,  Windows 10 , 64 bit Build 19041 (10.0.19041.3570)
Time: Sat Nov 11 00:53:16 2023 SE Asia Standard Time elapsed time: 8.583805 seconds (0d 0h 0m 8s)

---------------  T H R E A D  ---------------

Current thread (0x0000013a76a129b0):  JavaThread "C2 CompilerThread0" daemon [_thread_in_native, id=8864, stack(0x0000000684300000,0x0000000684400000)]


Current CompileTask:
C2:   8583 3085   !   4       java.lang.reflect.Executable::declaredAnnotations (85 bytes)

Stack: [0x0000000684300000,0x0000000684400000]
Native frames: (J=compiled Java code, j=interpreted, Vv=VM code, C=native code)
V  [jvm.dll+0x67e01a]
V  [jvm.dll+0x83be54]
V  [jvm.dll+0x83d5fe]
V  [jvm.dll+0x83dc63]
V  [jvm.dll+0x24b18f]
V  [jvm.dll+0xac3ac]
V  [jvm.dll+0xac97c]
V  [jvm.dll+0x36a152]
V  [jvm.dll+0x333cc1]
V  [jvm.dll+0x33316a]
V  [jvm.dll+0x21a141]
V  [jvm.dll+0x219561]
V  [jvm.dll+0x1a576d]
V  [jvm.dll+0x229259]
V  [jvm.dll+0x22729c]
V  [jvm.dll+0x7f1b4c]
V  [jvm.dll+0x7ebf6a]
V  [jvm.dll+0x67ce65]
C  [ucrtbase.dll+0x21bb2]
C  [KERNEL32.DLL+0x17344]
C  [ntdll.dll+0x526b1]


---------------  P R O C E S S  ---------------

Threads class SMR info:
_java_thread_list=0x0000013a7d19c230, length=39, elements={
0x0000013a58d86530, 0x0000013a769f5150, 0x0000013a769f5ee0, 0x0000013a76a07e50,
0x0000013a76a0a730, 0x0000013a76a10420, 0x0000013a76a10cf0, 0x0000013a76a129b0,
0x0000013a76a29060, 0x0000013a76a41940, 0x0000013a76c5d740, 0x0000013a76c66860,
0x0000013a7ca1a650, 0x0000013a7b974c70, 0x0000013a7c86a030, 0x0000013a7c690420,
0x0000013a7cc5b040, 0x0000013a7c42f490, 0x0000013a7cdd98e0, 0x0000013a7cdda1c0,
0x0000013a7c7cb3c0, 0x0000013a7c7c9560, 0x0000013a7c7c8630, 0x0000013a7c7ca9a0,
0x0000013a7c7c9f80, 0x0000013a7c7cbde0, 0x0000013a7c7caeb0, 0x0000013a7c7cb8d0,
0x0000013a7c7c9050, 0x0000013a7c7c8b40, 0x0000013a7c7c9a70, 0x0000013a7d6fe730,
0x0000013a76dd4000, 0x0000013a7d700aa0, 0x0000013a7d6ff150, 0x0000013a7d6fd800,
0x0000013a7d700fb0, 0x0000013a7d7014c0, 0x0000013a7d704250
}

Java Threads: ( => current thread )
  0x0000013a58d86530 JavaThread "main" [_thread_blocked, id=10612, stack(0x0000000683600000,0x0000000683700000)]
  0x0000013a769f5150 JavaThread "Reference Handler" daemon [_thread_blocked, id=3340, stack(0x0000000683d00000,0x0000000683e00000)]
  0x0000013a769f5ee0 JavaThread "Finalizer" daemon [_thread_blocked, id=10992, stack(0x0000000683e00000,0x0000000683f00000)]
  0x0000013a76a07e50 JavaThread "Signal Dispatcher" daemon [_thread_blocked, id=12728, stack(0x0000000683f00000,0x0000000684000000)]
  0x0000013a76a0a730 JavaThread "Attach Listener" daemon [_thread_blocked, id=11700, stack(0x0000000684000000,0x0000000684100000)]
  0x0000013a76a10420 JavaThread "Service Thread" daemon [_thread_blocked, id=12860, stack(0x0000000684100000,0x0000000684200000)]
  0x0000013a76a10cf0 JavaThread "Monitor Deflation Thread" daemon [_thread_blocked, id=3452, stack(0x0000000684200000,0x0000000684300000)]
=>0x0000013a76a129b0 JavaThread "C2 CompilerThread0" daemon [_thread_in_native, id=8864, stack(0x0000000684300000,0x0000000684400000)]
  0x0000013a76a29060 JavaThread "C1 CompilerThread0" daemon [_thread_blocked, id=1056, stack(0x0000000684400000,0x0000000684500000)]
  0x0000013a76a41940 JavaThread "Sweeper thread" daemon [_thread_blocked, id=3588, stack(0x0000000684500000,0x0000000684600000)]
  0x0000013a76c5d740 JavaThread "Common-Cleaner" daemon [_thread_blocked, id=11048, stack(0x0000000684600000,0x0000000684700000)]
  0x0000013a76c66860 JavaThread "Notification Thread" daemon [_thread_blocked, id=11376, stack(0x0000000684700000,0x0000000684800000)]
  0x0000013a7ca1a650 JavaThread "Daemon health stats" [_thread_blocked, id=3768, stack(0x0000000684d00000,0x0000000684e00000)]
  0x0000013a7b974c70 JavaThread "Incoming local TCP Connector on port 57633" [_thread_in_native, id=12204, stack(0x0000000684e00000,0x0000000684f00000)]
  0x0000013a7c86a030 JavaThread "Daemon periodic checks" [_thread_blocked, id=7336, stack(0x0000000684f00000,0x0000000685000000)]
  0x0000013a7c690420 JavaThread "Daemon" [_thread_blocked, id=8780, stack(0x0000000685000000,0x0000000685100000)]
  0x0000013a7cc5b040 JavaThread "Handler for socket connection from /127.0.0.1:57633 to /127.0.0.1:57634" [_thread_in_native, id=6152, stack(0x0000000685100000,0x0000000685200000)]
  0x0000013a7c42f490 JavaThread "Cancel handler" [_thread_blocked, id=1124, stack(0x0000000685200000,0x0000000685300000)]
  0x0000013a7cdd98e0 JavaThread "Daemon worker" [_thread_in_vm, id=6696, stack(0x0000000685300000,0x0000000685400000)]
  0x0000013a7cdda1c0 JavaThread "Asynchronous log dispatcher for DefaultDaemonConnection: socket connection from /127.0.0.1:57633 to /127.0.0.1:57634" [_thread_blocked, id=3436, stack(0x0000000685400000,0x0000000685500000)]
  0x0000013a7c7cb3c0 JavaThread "Stdin handler" [_thread_blocked, id=12316, stack(0x0000000685500000,0x0000000685600000)]
  0x0000013a7c7c9560 JavaThread "Daemon client event forwarder" [_thread_blocked, id=840, stack(0x0000000685600000,0x0000000685700000)]
  0x0000013a7c7c8630 JavaThread "Cache worker for journal cache (C:\Users\ASUS\.gradle\caches\journal-1)" [_thread_blocked, id=4944, stack(0x0000000685700000,0x0000000685800000)]
  0x0000013a7c7ca9a0 JavaThread "File lock request listener" [_thread_in_native, id=2756, stack(0x0000000685800000,0x0000000685900000)]
  0x0000013a7c7c9f80 JavaThread "Cache worker for file hash cache (C:\Users\ASUS\.gradle\caches\8.0\fileHashes)" [_thread_blocked, id=11940, stack(0x0000000685900000,0x0000000685a00000)]
  0x0000013a7c7cbde0 JavaThread "File lock release action executor" [_thread_blocked, id=5012, stack(0x0000000685a00000,0x0000000685b00000)]
  0x0000013a7c7caeb0 JavaThread "File watcher server" daemon [_thread_in_native, id=11380, stack(0x0000000685b00000,0x0000000685c00000)]
  0x0000013a7c7cb8d0 JavaThread "File watcher consumer" daemon [_thread_blocked, id=7784, stack(0x0000000685c00000,0x0000000685d00000)]
  0x0000013a7c7c9050 JavaThread "jar transforms" [_thread_blocked, id=10568, stack(0x0000000685d00000,0x0000000685e00000)]
  0x0000013a7c7c8b40 JavaThread "jar transforms Thread 2" [_thread_blocked, id=5544, stack(0x0000000685e00000,0x0000000685f00000)]
  0x0000013a7c7c9a70 JavaThread "jar transforms Thread 3" [_thread_blocked, id=6996, stack(0x0000000685f00000,0x0000000686000000)]
  0x0000013a7d6fe730 JavaThread "jar transforms Thread 4" [_thread_blocked, id=2312, stack(0x0000000686000000,0x0000000686100000)]
  0x0000013a76dd4000 JavaThread "C2 CompilerThread1" daemon [_thread_in_native, id=1448, stack(0x0000000684900000,0x0000000684a00000)]
  0x0000013a7d700aa0 JavaThread "Cache worker for checksums cache (E:\Project Coba-coba\Mapbox\.gradle\8.0\checksums)" [_thread_blocked, id=5328, stack(0x0000000686100000,0x0000000686200000)]
  0x0000013a7d6ff150 JavaThread "Cache worker for cache directory md-rule (C:\Users\ASUS\.gradle\caches\8.0\md-rule)" [_thread_blocked, id=1184, stack(0x0000000686200000,0x0000000686300000)]
  0x0000013a7d6fd800 JavaThread "Cache worker for file content cache (C:\Users\ASUS\.gradle\caches\8.0\fileContent)" [_thread_blocked, id=456, stack(0x0000000686300000,0x0000000686400000)]
  0x0000013a7d700fb0 JavaThread "Cache worker for file hash cache (E:\Project Coba-coba\Mapbox\.gradle\8.0\fileHashes)" [_thread_blocked, id=8704, stack(0x0000000686400000,0x0000000686500000)]
  0x0000013a7d7014c0 JavaThread "Cache worker for cache directory md-supplier (C:\Users\ASUS\.gradle\caches\8.0\md-supplier)" [_thread_blocked, id=8340, stack(0x0000000686500000,0x0000000686600000)]
  0x0000013a7d704250 JavaThread "Cache worker for execution history cache (C:\Users\ASUS\.gradle\caches\8.0\executionHistory)" [_thread_blocked, id=13236, stack(0x0000000686600000,0x0000000686700000)]

Other Threads:
  0x0000013a769f0630 VMThread "VM Thread" [stack: 0x0000000683c00000,0x0000000683d00000] [id=7460]
  0x0000013a76c66d40 WatcherThread [stack: 0x0000000684800000,0x0000000684900000] [id=9116]
  0x0000013a58de2b40 GCTaskThread "GC Thread#0" [stack: 0x0000000683700000,0x0000000683800000] [id=4004]
  0x0000013a7b379570 GCTaskThread "GC Thread#1" [stack: 0x0000000684a00000,0x0000000684b00000] [id=9916]
  0x0000013a7b7acc90 GCTaskThread "GC Thread#2" [stack: 0x0000000684b00000,0x0000000684c00000] [id=11608]
  0x0000013a7c2dcb10 GCTaskThread "GC Thread#3" [stack: 0x0000000684c00000,0x0000000684d00000] [id=8888]
  0x0000013a58df39a0 ConcurrentGCThread "G1 Main Marker" [stack: 0x0000000683800000,0x0000000683900000] [id=11932]
  0x0000013a58df42d0 ConcurrentGCThread "G1 Conc#0" [stack: 0x0000000683900000,0x0000000683a00000] [id=3200]
  0x0000013a768ab570 ConcurrentGCThread "G1 Refine#0" [stack: 0x0000000683a00000,0x0000000683b00000] [id=1376]
  0x0000013a768abeb0 ConcurrentGCThread "G1 Service" [stack: 0x0000000683b00000,0x0000000683c00000] [id=11600]

Threads with active compile tasks:
C2 CompilerThread0     8624 3085   !   4       java.lang.reflect.Executable::declaredAnnotations (85 bytes)
C2 CompilerThread1     8625 3131       4       java.util.AbstractCollection::addAll (42 bytes)

VM state: not at safepoint (normal execution)

VM Mutex/Monitor currently owned by a thread: None

Heap address: 0x0000000080000000, size: 2048 MB, Compressed Oops mode: 32-bit

CDS archive(s) mapped at: [0x0000013a00000000-0x0000013a00c00000-0x0000013a00c00000), size 12582912, SharedBaseAddress: 0x0000013a00000000, ArchiveRelocationMode: 1.
Compressed class space mapped at: 0x0000013a01000000-0x0000013a41000000, reserved size: 1073741824
Narrow klass base: 0x0000013a00000000, Narrow klass shift: 0, Narrow klass range: 0x100000000

GC Precious Log:
 CPUs: 4 total, 4 available
 Memory: 8085M
 Large Page Support: Disabled
 NUMA Support: Disabled
 Compressed Oops: Enabled (32-bit)
 Heap Region Size: 1M
 Heap Min Capacity: 8M
 Heap Initial Capacity: 128M
 Heap Max Capacity: 2G
 Pre-touch: Disabled
 Parallel Workers: 4
 Concurrent Workers: 1
 Concurrent Refinement Workers: 4
 Periodic GC: Disabled

Heap:
 garbage-first heap   total 131072K, used 85915K [0x0000000080000000, 0x0000000100000000)
  region size 1024K, 43 young (44032K), 6 survivors (6144K)
 Metaspace       used 26534K, committed 26944K, reserved 1114112K
  class space    used 3972K, committed 4160K, reserved 1048576K

Heap Regions: E=young(eden), S=young(survivor), O=old, HS=humongous(starts), HC=humongous(continues), CS=collection set, F=free, OA=open archive, CA=closed archive, TAMS=top-at-mark-start (previous, next)
|   0|0x0000000080000000, 0x0000000080100000, 0x0000000080100000|100%| O|  |TAMS 0x0000000080100000, 0x0000000080000000| Untracked 
|   1|0x0000000080100000, 0x0000000080200000, 0x0000000080200000|100%| O|  |TAMS 0x0000000080200000, 0x0000000080100000| Untracked 
|   2|0x0000000080200000, 0x0000000080300000, 0x0000000080300000|100%|HS|  |TAMS 0x0000000080300000, 0x0000000080200000| Complete 
|   3|0x0000000080300000, 0x0000000080400000, 0x0000000080400000|100%|HC|  |TAMS 0x0000000080400000, 0x0000000080300000| Complete 
|   4|0x0000000080400000, 0x0000000080500000, 0x0000000080500000|100%|HC|  |TAMS 0x0000000080500000, 0x0000000080400000| Complete 
|   5|0x0000000080500000, 0x0000000080600000, 0x0000000080600000|100%|HC|  |TAMS 0x0000000080600000, 0x0000000080500000| Complete 
|   6|0x0000000080600000, 0x0000000080700000, 0x0000000080700000|100%| O|  |TAMS 0x0000000080700000, 0x0000000080600000| Untracked 
|   7|0x0000000080700000, 0x0000000080800000, 0x0000000080800000|100%| O|  |TAMS 0x0000000080800000, 0x0000000080700000| Untracked 
|   8|0x0000000080800000, 0x0000000080900000, 0x0000000080900000|100%| O|  |TAMS 0x0000000080800000, 0x0000000080800000| Untracked 
|   9|0x0000000080900000, 0x0000000080a00000, 0x0000000080a00000|100%| O|  |TAMS 0x0000000080a00000, 0x0000000080900000| Untracked 
|  10|0x0000000080a00000, 0x0000000080b00000, 0x0000000080b00000|100%| O|  |TAMS 0x0000000080b00000, 0x0000000080a00000| Untracked 
|  11|0x0000000080b00000, 0x0000000080c00000, 0x0000000080c00000|100%| O|  |TAMS 0x0000000080b44e00, 0x0000000080b00000| Untracked 
|  12|0x0000000080c00000, 0x0000000080d00000, 0x0000000080d00000|100%|HS|  |TAMS 0x0000000080d00000, 0x0000000080c00000| Complete 
|  13|0x0000000080d00000, 0x0000000080e00000, 0x0000000080e00000|100%|HC|  |TAMS 0x0000000080e00000, 0x0000000080d00000| Complete 
|  14|0x0000000080e00000, 0x0000000080f00000, 0x0000000080f00000|100%|HS|  |TAMS 0x0000000080f00000, 0x0000000080e00000| Complete 
|  15|0x0000000080f00000, 0x0000000081000000, 0x0000000081000000|100%|HC|  |TAMS 0x0000000081000000, 0x0000000080f00000| Complete 
|  16|0x0000000081000000, 0x0000000081100000, 0x0000000081100000|100%|HC|  |TAMS 0x0000000081100000, 0x0000000081000000| Complete 
|  17|0x0000000081100000, 0x0000000081200000, 0x0000000081200000|100%|HS|  |TAMS 0x0000000081200000, 0x0000000081100000| Complete 
|  18|0x0000000081200000, 0x0000000081300000, 0x0000000081300000|100%|HC|  |TAMS 0x0000000081300000, 0x0000000081200000| Complete 
|  19|0x0000000081300000, 0x0000000081400000, 0x0000000081400000|100%|HC|  |TAMS 0x0000000081400000, 0x0000000081300000| Complete 
|  20|0x0000000081400000, 0x0000000081500000, 0x0000000081500000|100%|HS|  |TAMS 0x0000000081500000, 0x0000000081400000| Complete 
|  21|0x0000000081500000, 0x0000000081600000, 0x0000000081600000|100%|HC|  |TAMS 0x0000000081600000, 0x0000000081500000| Complete 
|  22|0x0000000081600000, 0x0000000081700000, 0x0000000081700000|100%|HC|  |TAMS 0x0000000081700000, 0x0000000081600000| Complete 
|  23|0x0000000081700000, 0x0000000081800000, 0x0000000081800000|100%|HC|  |TAMS 0x0000000081800000, 0x0000000081700000| Complete 
|  24|0x0000000081800000, 0x0000000081900000, 0x0000000081900000|100%|HC|  |TAMS 0x0000000081900000, 0x0000000081800000| Complete 
|  25|0x0000000081900000, 0x0000000081a00000, 0x0000000081a00000|100%|HC|  |TAMS 0x0000000081a00000, 0x0000000081900000| Complete 
|  26|0x0000000081a00000, 0x0000000081b00000, 0x0000000081b00000|100%|HC|  |TAMS 0x0000000081b00000, 0x0000000081a00000| Complete 
|  27|0x0000000081b00000, 0x0000000081c00000, 0x0000000081c00000|100%|HC|  |TAMS 0x0000000081c00000, 0x0000000081b00000| Complete 
|  28|0x0000000081c00000, 0x0000000081d00000, 0x0000000081d00000|100%|HC|  |TAMS 0x0000000081d00000, 0x0000000081c00000| Complete 
|  29|0x0000000081d00000, 0x0000000081e00000, 0x0000000081e00000|100%|HC|  |TAMS 0x0000000081e00000, 0x0000000081d00000| Complete 
|  30|0x0000000081e00000, 0x0000000081f00000, 0x0000000081f00000|100%|HC|  |TAMS 0x0000000081f00000, 0x0000000081e00000| Complete 
|  31|0x0000000081f00000, 0x0000000082000000, 0x0000000082000000|100%|HC|  |TAMS 0x0000000082000000, 0x0000000081f00000| Complete 
|  32|0x0000000082000000, 0x0000000082100000, 0x0000000082100000|100%|HS|  |TAMS 0x0000000082100000, 0x0000000082000000| Complete 
|  33|0x0000000082100000, 0x0000000082200000, 0x0000000082200000|100%|HC|  |TAMS 0x0000000082200000, 0x0000000082100000| Complete 
|  34|0x0000000082200000, 0x0000000082300000, 0x0000000082300000|100%| O|  |TAMS 0x0000000082200000, 0x0000000082200000| Untracked 
|  35|0x0000000082300000, 0x0000000082400000, 0x0000000082400000|100%| O|  |TAMS 0x0000000082300000, 0x0000000082300000| Untracked 
|  36|0x0000000082400000, 0x0000000082500000, 0x0000000082500000|100%| O|  |TAMS 0x0000000082400000, 0x0000000082400000| Untracked 
|  37|0x0000000082500000, 0x0000000082600000, 0x0000000082600000|100%| O|  |TAMS 0x0000000082500000, 0x0000000082500000| Untracked 
|  38|0x0000000082600000, 0x0000000082700000, 0x0000000082700000|100%| O|  |TAMS 0x0000000082600000, 0x0000000082600000| Untracked 
|  39|0x0000000082700000, 0x0000000082800000, 0x0000000082800000|100%| O|  |TAMS 0x0000000082700000, 0x0000000082700000| Untracked 
|  40|0x0000000082800000, 0x0000000082900000, 0x0000000082900000|100%| O|  |TAMS 0x0000000082800000, 0x0000000082800000| Untracked 
|  41|0x0000000082900000, 0x0000000082a00000, 0x0000000082a00000|100%| O|  |TAMS 0x0000000082900000, 0x0000000082900000| Untracked 
|  42|0x0000000082a00000, 0x0000000082a00000, 0x0000000082b00000|  0%| F|  |TAMS 0x0000000082a00000, 0x0000000082a00000| Untracked 
|  43|0x0000000082b00000, 0x0000000082b00000, 0x0000000082c00000|  0%| F|  |TAMS 0x0000000082b00000, 0x0000000082b00000| Untracked 
|  44|0x0000000082c00000, 0x0000000082c00000, 0x0000000082d00000|  0%| F|  |TAMS 0x0000000082c00000, 0x0000000082c00000| Untracked 
|  45|0x0000000082d00000, 0x0000000082d00000, 0x0000000082e00000|  0%| F|  |TAMS 0x0000000082d00000, 0x0000000082d00000| Untracked 
|  46|0x0000000082e00000, 0x0000000082e00000, 0x0000000082f00000|  0%| F|  |TAMS 0x0000000082e00000, 0x0000000082e00000| Untracked 
|  47|0x0000000082f00000, 0x0000000082f00000, 0x0000000083000000|  0%| F|  |TAMS 0x0000000082f00000, 0x0000000082f00000| Untracked 
|  48|0x0000000083000000, 0x0000000083000000, 0x0000000083100000|  0%| F|  |TAMS 0x0000000083000000, 0x0000000083000000| Untracked 
|  49|0x0000000083100000, 0x0000000083100000, 0x0000000083200000|  0%| F|  |TAMS 0x0000000083100000, 0x0000000083100000| Untracked 
|  50|0x0000000083200000, 0x0000000083200000, 0x0000000083300000|  0%| F|  |TAMS 0x0000000083200000, 0x0000000083200000| Untracked 
|  51|0x0000000083300000, 0x0000000083300000, 0x0000000083400000|  0%| F|  |TAMS 0x0000000083300000, 0x0000000083300000| Untracked 
|  52|0x0000000083400000, 0x0000000083410600, 0x0000000083500000|  6%| O|  |TAMS 0x0000000083400000, 0x0000000083400000| Untracked 
|  53|0x0000000083500000, 0x0000000083500000, 0x0000000083600000|  0%| F|  |TAMS 0x0000000083500000, 0x0000000083500000| Untracked 
|  54|0x0000000083600000, 0x0000000083600000, 0x0000000083700000|  0%| F|  |TAMS 0x0000000083600000, 0x0000000083600000| Untracked 
|  55|0x0000000083700000, 0x0000000083700000, 0x0000000083800000|  0%| F|  |TAMS 0x0000000083700000, 0x0000000083700000| Untracked 
|  56|0x0000000083800000, 0x0000000083800000, 0x0000000083900000|  0%| F|  |TAMS 0x0000000083800000, 0x0000000083800000| Untracked 
|  57|0x0000000083900000, 0x0000000083900000, 0x0000000083a00000|  0%| F|  |TAMS 0x0000000083900000, 0x0000000083900000| Untracked 
|  58|0x0000000083a00000, 0x0000000083a00000, 0x0000000083b00000|  0%| F|  |TAMS 0x0000000083a00000, 0x0000000083a00000| Untracked 
|  59|0x0000000083b00000, 0x0000000083b00000, 0x0000000083c00000|  0%| F|  |TAMS 0x0000000083b00000, 0x0000000083b00000| Untracked 
|  60|0x0000000083c00000, 0x0000000083c00000, 0x0000000083d00000|  0%| F|  |TAMS 0x0000000083c00000, 0x0000000083c00000| Untracked 
|  61|0x0000000083d00000, 0x0000000083d00000, 0x0000000083e00000|  0%| F|  |TAMS 0x0000000083d00000, 0x0000000083d00000| Untracked 
|  62|0x0000000083e00000, 0x0000000083e00000, 0x0000000083f00000|  0%| F|  |TAMS 0x0000000083e00000, 0x0000000083e00000| Untracked 
|  63|0x0000000083f00000, 0x0000000083f00000, 0x0000000084000000|  0%| F|  |TAMS 0x0000000083f00000, 0x0000000083f00000| Untracked 
|  64|0x0000000084000000, 0x0000000084000000, 0x0000000084100000|  0%| F|  |TAMS 0x0000000084000000, 0x0000000084000000| Untracked 
|  65|0x0000000084100000, 0x0000000084100000, 0x0000000084200000|  0%| F|  |TAMS 0x0000000084100000, 0x0000000084100000| Untracked 
|  66|0x0000000084200000, 0x0000000084200000, 0x0000000084300000|  0%| F|  |TAMS 0x0000000084200000, 0x0000000084200000| Untracked 
|  67|0x0000000084300000, 0x0000000084300000, 0x0000000084400000|  0%| F|  |TAMS 0x0000000084300000, 0x0000000084300000| Untracked 
|  68|0x0000000084400000, 0x0000000084400000, 0x0000000084500000|  0%| F|  |TAMS 0x0000000084400000, 0x0000000084400000| Untracked 
|  69|0x0000000084500000, 0x0000000084500000, 0x0000000084600000|  0%| F|  |TAMS 0x0000000084500000, 0x0000000084500000| Untracked 
|  70|0x0000000084600000, 0x0000000084600000, 0x0000000084700000|  0%| F|  |TAMS 0x0000000084600000, 0x0000000084600000| Untracked 
|  71|0x0000000084700000, 0x0000000084700000, 0x0000000084800000|  0%| F|  |TAMS 0x0000000084700000, 0x0000000084700000| Untracked 
|  72|0x0000000084800000, 0x0000000084800000, 0x0000000084900000|  0%| F|  |TAMS 0x0000000084800000, 0x0000000084800000| Untracked 
|  73|0x0000000084900000, 0x0000000084900000, 0x0000000084a00000|  0%| F|  |TAMS 0x0000000084900000, 0x0000000084900000| Untracked 
|  74|0x0000000084a00000, 0x0000000084a00000, 0x0000000084b00000|  0%| F|  |TAMS 0x0000000084a00000, 0x0000000084a00000| Untracked 
|  75|0x0000000084b00000, 0x0000000084b00000, 0x0000000084c00000|  0%| F|  |TAMS 0x0000000084b00000, 0x0000000084b00000| Untracked 
|  76|0x0000000084c00000, 0x0000000084c00000, 0x0000000084d00000|  0%| F|  |TAMS 0x0000000084c00000, 0x0000000084c00000| Untracked 
|  77|0x0000000084d00000, 0x0000000084d00000, 0x0000000084e00000|  0%| F|  |TAMS 0x0000000084d00000, 0x0000000084d00000| Untracked 
|  78|0x0000000084e00000, 0x0000000084e00000, 0x0000000084f00000|  0%| F|  |TAMS 0x0000000084e00000, 0x0000000084e00000| Untracked 
|  79|0x0000000084f00000, 0x0000000084f00000, 0x0000000085000000|  0%| F|  |TAMS 0x0000000084f00000, 0x0000000084f00000| Untracked 
|  80|0x0000000085000000, 0x0000000085000000, 0x0000000085100000|  0%| F|  |TAMS 0x0000000085000000, 0x0000000085000000| Untracked 
|  81|0x0000000085100000, 0x0000000085100000, 0x0000000085200000|  0%| F|  |TAMS 0x0000000085100000, 0x0000000085100000| Untracked 
|  82|0x0000000085200000, 0x0000000085200000, 0x0000000085300000|  0%| F|  |TAMS 0x0000000085200000, 0x0000000085200000| Untracked 
|  83|0x0000000085300000, 0x0000000085300000, 0x0000000085400000|  0%| F|  |TAMS 0x0000000085300000, 0x0000000085300000| Untracked 
|  84|0x0000000085400000, 0x0000000085400000, 0x0000000085500000|  0%| F|  |TAMS 0x0000000085400000, 0x0000000085400000| Untracked 
|  85|0x0000000085500000, 0x00000000855e60d8, 0x0000000085600000| 89%| E|  |TAMS 0x0000000085500000, 0x0000000085500000| Complete 
|  86|0x0000000085600000, 0x0000000085700000, 0x0000000085700000|100%| E|CS|TAMS 0x0000000085600000, 0x0000000085600000| Complete 
|  87|0x0000000085700000, 0x0000000085800000, 0x0000000085800000|100%| E|CS|TAMS 0x0000000085700000, 0x0000000085700000| Complete 
|  88|0x0000000085800000, 0x0000000085900000, 0x0000000085900000|100%| E|CS|TAMS 0x0000000085800000, 0x0000000085800000| Complete 
|  89|0x0000000085900000, 0x0000000085a00000, 0x0000000085a00000|100%| E|CS|TAMS 0x0000000085900000, 0x0000000085900000| Complete 
|  90|0x0000000085a00000, 0x0000000085b00000, 0x0000000085b00000|100%| E|CS|TAMS 0x0000000085a00000, 0x0000000085a00000| Complete 
|  91|0x0000000085b00000, 0x0000000085c00000, 0x0000000085c00000|100%| E|CS|TAMS 0x0000000085b00000, 0x0000000085b00000| Complete 
|  92|0x0000000085c00000, 0x0000000085d00000, 0x0000000085d00000|100%| E|CS|TAMS 0x0000000085c00000, 0x0000000085c00000| Complete 
|  93|0x0000000085d00000, 0x0000000085e00000, 0x0000000085e00000|100%| E|CS|TAMS 0x0000000085d00000, 0x0000000085d00000| Complete 
|  94|0x0000000085e00000, 0x0000000085ed67e8, 0x0000000085f00000| 83%| S|CS|TAMS 0x0000000085e00000, 0x0000000085e00000| Complete 
|  95|0x0000000085f00000, 0x0000000086000000, 0x0000000086000000|100%| S|CS|TAMS 0x0000000085f00000, 0x0000000085f00000| Complete 
|  96|0x0000000086000000, 0x0000000086100000, 0x0000000086100000|100%| S|CS|TAMS 0x0000000086000000, 0x0000000086000000| Complete 
|  97|0x0000000086100000, 0x0000000086200000, 0x0000000086200000|100%| S|CS|TAMS 0x0000000086100000, 0x0000000086100000| Complete 
|  98|0x0000000086200000, 0x0000000086300000, 0x0000000086300000|100%| S|CS|TAMS 0x0000000086200000, 0x0000000086200000| Complete 
|  99|0x0000000086300000, 0x0000000086400000, 0x0000000086400000|100%| S|CS|TAMS 0x0000000086300000, 0x0000000086300000| Complete 
| 100|0x0000000086400000, 0x0000000086500000, 0x0000000086500000|100%| E|CS|TAMS 0x0000000086400000, 0x0000000086400000| Complete 
| 101|0x0000000086500000, 0x0000000086600000, 0x0000000086600000|100%| E|CS|TAMS 0x0000000086500000, 0x0000000086500000| Complete 
| 102|0x0000000086600000, 0x0000000086700000, 0x0000000086700000|100%| E|CS|TAMS 0x0000000086600000, 0x0000000086600000| Complete 
| 103|0x0000000086700000, 0x0000000086800000, 0x0000000086800000|100%| E|CS|TAMS 0x0000000086700000, 0x0000000086700000| Complete 
| 104|0x0000000086800000, 0x0000000086900000, 0x0000000086900000|100%| E|CS|TAMS 0x0000000086800000, 0x0000000086800000| Complete 
| 105|0x0000000086900000, 0x0000000086a00000, 0x0000000086a00000|100%| E|CS|TAMS 0x0000000086900000, 0x0000000086900000| Complete 
| 106|0x0000000086a00000, 0x0000000086b00000, 0x0000000086b00000|100%| E|CS|TAMS 0x0000000086a00000, 0x0000000086a00000| Complete 
| 107|0x0000000086b00000, 0x0000000086c00000, 0x0000000086c00000|100%| E|CS|TAMS 0x0000000086b00000, 0x0000000086b00000| Complete 
| 108|0x0000000086c00000, 0x0000000086d00000, 0x0000000086d00000|100%| E|CS|TAMS 0x0000000086c00000, 0x0000000086c00000| Complete 
| 109|0x0000000086d00000, 0x0000000086e00000, 0x0000000086e00000|100%| E|CS|TAMS 0x0000000086d00000, 0x0000000086d00000| Complete 
| 110|0x0000000086e00000, 0x0000000086f00000, 0x0000000086f00000|100%| E|CS|TAMS 0x0000000086e00000, 0x0000000086e00000| Complete 
| 111|0x0000000086f00000, 0x0000000087000000, 0x0000000087000000|100%| E|CS|TAMS 0x0000000086f00000, 0x0000000086f00000| Complete 
| 112|0x0000000087000000, 0x0000000087100000, 0x0000000087100000|100%| E|CS|TAMS 0x0000000087000000, 0x0000000087000000| Complete 
| 113|0x0000000087100000, 0x0000000087200000, 0x0000000087200000|100%| E|CS|TAMS 0x0000000087100000, 0x0000000087100000| Complete 
| 114|0x0000000087200000, 0x0000000087300000, 0x0000000087300000|100%| E|CS|TAMS 0x0000000087200000, 0x0000000087200000| Complete 
| 115|0x0000000087300000, 0x0000000087400000, 0x0000000087400000|100%| E|CS|TAMS 0x0000000087300000, 0x0000000087300000| Complete 
| 116|0x0000000087400000, 0x0000000087500000, 0x0000000087500000|100%| E|CS|TAMS 0x0000000087400000, 0x0000000087400000| Complete 
| 117|0x0000000087500000, 0x0000000087600000, 0x0000000087600000|100%| E|CS|TAMS 0x0000000087500000, 0x0000000087500000| Complete 
| 118|0x0000000087600000, 0x0000000087700000, 0x0000000087700000|100%| E|CS|TAMS 0x0000000087600000, 0x0000000087600000| Complete 
| 119|0x0000000087700000, 0x0000000087800000, 0x0000000087800000|100%| E|CS|TAMS 0x0000000087700000, 0x0000000087700000| Complete 
| 120|0x0000000087800000, 0x0000000087900000, 0x0000000087900000|100%| E|CS|TAMS 0x0000000087800000, 0x0000000087800000| Complete 
| 121|0x0000000087900000, 0x0000000087a00000, 0x0000000087a00000|100%| E|CS|TAMS 0x0000000087900000, 0x0000000087900000| Complete 
| 122|0x0000000087a00000, 0x0000000087b00000, 0x0000000087b00000|100%| E|CS|TAMS 0x0000000087a00000, 0x0000000087a00000| Complete 
| 123|0x0000000087b00000, 0x0000000087c00000, 0x0000000087c00000|100%| E|CS|TAMS 0x0000000087b00000, 0x0000000087b00000| Complete 
| 124|0x0000000087c00000, 0x0000000087d00000, 0x0000000087d00000|100%| E|CS|TAMS 0x0000000087c00000, 0x0000000087c00000| Complete 
| 125|0x0000000087d00000, 0x0000000087e00000, 0x0000000087e00000|100%| E|CS|TAMS 0x0000000087d00000, 0x0000000087d00000| Complete 
| 126|0x0000000087e00000, 0x0000000087f00000, 0x0000000087f00000|100%| E|CS|TAMS 0x0000000087e00000, 0x0000000087e00000| Complete 
| 127|0x0000000087f00000, 0x0000000088000000, 0x0000000088000000|100%| E|CS|TAMS 0x0000000087f00000, 0x0000000087f00000| Complete 

Card table byte_map: [0x0000013a6fd20000,0x0000013a70120000] _byte_map_base: 0x0000013a6f920000

Marking Bits (Prev, Next): (CMBitMap*) 0x0000013a58de30b0, (CMBitMap*) 0x0000013a58de3070
 Prev Bits: [0x0000013a72520000, 0x0000013a74520000)
 Next Bits: [0x0000013a70520000, 0x0000013a72520000)

Polling page: 0x0000013a56d60000

Metaspace:

Usage:
  Non-class:     22.09 MB used.
      Class:      3.89 MB used.
       Both:     25.97 MB used.

Virtual space:
  Non-class space:       64.00 MB reserved,      22.25 MB ( 35%) committed,  1 nodes.
      Class space:        1.00 GB reserved,       4.06 MB ( <1%) committed,  1 nodes.
             Both:        1.06 GB reserved,      26.31 MB (  2%) committed. 

Chunk freelists:
   Non-Class:  9.44 MB
       Class:  11.94 MB
        Both:  21.38 MB

MaxMetaspaceSize: unlimited
CompressedClassSpaceSize: 1.00 GB
Initial GC threshold: 21.00 MB
Current GC threshold: 35.12 MB
CDS: on
MetaspaceReclaimPolicy: balanced
 - commit_granule_bytes: 65536.
 - commit_granule_words: 8192.
 - virtual_space_node_default_size: 8388608.
 - enlarge_chunks_in_place: 1.
 - new_chunks_are_fully_committed: 0.
 - uncommit_free_chunks: 1.
 - use_allocation_guard: 0.
 - handle_deallocations: 1.


Internal statistics:

num_allocs_failed_limit: 3.
num_arena_births: 368.
num_arena_deaths: 0.
num_vsnodes_births: 2.
num_vsnodes_deaths: 0.
num_space_committed: 421.
num_space_uncommitted: 0.
num_chunks_returned_to_freelist: 3.
num_chunks_taken_from_freelist: 1415.
num_chunk_merges: 3.
num_chunk_splits: 904.
num_chunks_enlarged: 609.
num_inconsistent_stats: 0.

CodeHeap 'non-profiled nmethods': size=120000Kb used=1794Kb max_used=1794Kb free=118205Kb
 bounds [0x0000013a683f0000, 0x0000013a68660000, 0x0000013a6f920000]
CodeHeap 'profiled nmethods': size=120000Kb used=6677Kb max_used=6677Kb free=113322Kb
 bounds [0x0000013a60920000, 0x0000013a60fb0000, 0x0000013a67e50000]
CodeHeap 'non-nmethods': size=5760Kb used=1240Kb max_used=1318Kb free=4519Kb
 bounds [0x0000013a67e50000, 0x0000013a680c0000, 0x0000013a683f0000]
 total_blobs=3697 nmethods=3146 adapters=463
 compilation: enabled
              stopped_count=0, restarted_count=0
 full_count=0

Compilation events (20 events):
Event: 8.577 Thread 0x0000013a76dd4000 nmethod 3124 0x0000013a685ae810 code [0x0000013a685ae980, 0x0000013a685ae9d8]
Event: 8.577 Thread 0x0000013a76dd4000 3125       4       java.util.Arrays::hashCode (56 bytes)
Event: 8.578 Thread 0x0000013a76a29060 3126       3       org.gradle.internal.reflect.MutablePropertyDetails::getGetters (8 bytes)
Event: 8.579 Thread 0x0000013a76a29060 nmethod 3126 0x0000013a60f9b010 code [0x0000013a60f9b200, 0x0000013a60f9b7b8]
Event: 8.579 Thread 0x0000013a76a29060 3127       3       org.gradle.internal.reflect.MutablePropertyDetails::getSetters (8 bytes)
Event: 8.579 Thread 0x0000013a76a29060 nmethod 3127 0x0000013a60f9ba10 code [0x0000013a60f9bc00, 0x0000013a60f9c1b8]
Event: 8.580 Thread 0x0000013a76dd4000 nmethod 3125 0x0000013a685aeb10 code [0x0000013a685aeca0, 0x0000013a685aee18]
Event: 8.580 Thread 0x0000013a76a29060 3129       3       jdk.internal.org.objectweb.asm.MethodWriter::addSuccessorToCurrentBasicBlock (24 bytes)
Event: 8.580 Thread 0x0000013a76dd4000 3128       4       org.gradle.internal.reflect.PropertyAccessorType::of (101 bytes)
Event: 8.580 Thread 0x0000013a76a29060 nmethod 3129 0x0000013a60f9c410 code [0x0000013a60f9c5c0, 0x0000013a60f9c918]
Event: 8.581 Thread 0x0000013a76a29060 3130       3       java.util.HashMap::putMapEntries (167 bytes)
Event: 8.581 Thread 0x0000013a76a29060 nmethod 3130 0x0000013a60f9ca90 code [0x0000013a60f9cd60, 0x0000013a60f9db88]
Event: 8.581 Thread 0x0000013a76a29060 3132       1       org.gradle.internal.instantiation.generator.AbstractClassGenerator$PropertyMetadata::getMainGetter (5 bytes)
Event: 8.582 Thread 0x0000013a76a29060 nmethod 3132 0x0000013a685aef90 code [0x0000013a685af120, 0x0000013a685af1f8]
Event: 8.582 Thread 0x0000013a76a29060 3133       3       java.util.stream.MatchOps$MatchOp::getOpFlags (8 bytes)
Event: 8.582 Thread 0x0000013a76a29060 nmethod 3133 0x0000013a60f9df90 code [0x0000013a60f9e120, 0x0000013a60f9e238]
Event: 8.582 Thread 0x0000013a76a29060 3134       3       java.util.stream.MatchOps$MatchOp::evaluateSequential (7 bytes)
Event: 8.582 Thread 0x0000013a76a29060 nmethod 3134 0x0000013a60f9e310 code [0x0000013a60f9e500, 0x0000013a60f9eb78]
Event: 8.582 Thread 0x0000013a76a29060 3135       3       java.util.stream.MatchOps$MatchOp::evaluateSequential (27 bytes)
Event: 8.582 Thread 0x0000013a76a29060 nmethod 3135 0x0000013a60f9ed10 code [0x0000013a60f9ef00, 0x0000013a60f9f518]

GC Heap History (10 events):
Event: 0.562 GC heap before
{Heap before GC invocations=0 (full 0):
 garbage-first heap   total 131072K, used 13312K [0x0000000080000000, 0x0000000100000000)
  region size 1024K, 13 young (13312K), 0 survivors (0K)
 Metaspace       used 994K, committed 1152K, reserved 1114112K
  class space    used 78K, committed 128K, reserved 1048576K
}
Event: 0.565 GC heap after
{Heap after GC invocations=1 (full 0):
 garbage-first heap   total 131072K, used 3695K [0x0000000080000000, 0x0000000100000000)
  region size 1024K, 2 young (2048K), 2 survivors (2048K)
 Metaspace       used 994K, committed 1152K, reserved 1114112K
  class space    used 78K, committed 128K, reserved 1048576K
}
Event: 1.028 GC heap before
{Heap before GC invocations=1 (full 0):
 garbage-first heap   total 131072K, used 22127K [0x0000000080000000, 0x0000000100000000)
  region size 1024K, 17 young (17408K), 2 survivors (2048K)
 Metaspace       used 3874K, committed 4096K, reserved 1114112K
  class space    used 482K, committed 576K, reserved 1048576K
}
Event: 1.033 GC heap after
{Heap after GC invocations=2 (full 0):
 garbage-first heap   total 131072K, used 10641K [0x0000000080000000, 0x0000000100000000)
  region size 1024K, 3 young (3072K), 3 survivors (3072K)
 Metaspace       used 3874K, committed 4096K, reserved 1114112K
  class space    used 482K, committed 576K, reserved 1048576K
}
Event: 1.396 GC heap before
{Heap before GC invocations=2 (full 0):
 garbage-first heap   total 131072K, used 32145K [0x0000000080000000, 0x0000000100000000)
  region size 1024K, 24 young (24576K), 3 survivors (3072K)
 Metaspace       used 4016K, committed 4224K, reserved 1114112K
  class space    used 482K, committed 576K, reserved 1048576K
}
Event: 1.400 GC heap after
{Heap after GC invocations=3 (full 0):
 garbage-first heap   total 131072K, used 12822K [0x0000000080000000, 0x0000000100000000)
  region size 1024K, 3 young (3072K), 3 survivors (3072K)
 Metaspace       used 4016K, committed 4224K, reserved 1114112K
  class space    used 482K, committed 576K, reserved 1048576K
}
Event: 3.541 GC heap before
{Heap before GC invocations=3 (full 0):
 garbage-first heap   total 131072K, used 87574K [0x0000000080000000, 0x0000000100000000)
  region size 1024K, 76 young (77824K), 3 survivors (3072K)
 Metaspace       used 17662K, committed 17984K, reserved 1114112K
  class space    used 2583K, committed 2752K, reserved 1048576K
}
Event: 3.553 GC heap after
{Heap after GC invocations=4 (full 0):
 garbage-first heap   total 131072K, used 20708K [0x0000000080000000, 0x0000000100000000)
  region size 1024K, 10 young (10240K), 10 survivors (10240K)
 Metaspace       used 17662K, committed 17984K, reserved 1114112K
  class space    used 2583K, committed 2752K, reserved 1048576K
}
Event: 7.631 GC heap before
{Heap before GC invocations=4 (full 0):
 garbage-first heap   total 131072K, used 69860K [0x0000000080000000, 0x0000000100000000)
  region size 1024K, 38 young (38912K), 10 survivors (10240K)
 Metaspace       used 21138K, committed 21504K, reserved 1114112K
  class space    used 3161K, committed 3328K, reserved 1048576K
}
Event: 7.646 GC heap after
{Heap after GC invocations=5 (full 0):
 garbage-first heap   total 131072K, used 49051K [0x0000000080000000, 0x0000000100000000)
  region size 1024K, 6 young (6144K), 6 survivors (6144K)
 Metaspace       used 21138K, committed 21504K, reserved 1114112K
  class space    used 3161K, committed 3328K, reserved 1048576K
}

Dll operation events (12 events):
Event: 0.008 Loaded shared library C:\Program Files\Zulu\zulu-17\bin\java.dll
Event: 0.031 Loaded shared library C:\Program Files\Zulu\zulu-17\bin\jsvml.dll
Event: 0.083 Loaded shared library C:\Program Files\Zulu\zulu-17\bin\net.dll
Event: 0.085 Loaded shared library C:\Program Files\Zulu\zulu-17\bin\nio.dll
Event: 0.091 Loaded shared library C:\Program Files\Zulu\zulu-17\bin\zip.dll
Event: 0.434 Loaded shared library C:\Program Files\Zulu\zulu-17\bin\jimage.dll
Event: 0.534 Loaded shared library C:\Program Files\Zulu\zulu-17\bin\verify.dll
Event: 0.726 Loaded shared library C:\Users\ASUS\.gradle\native\68d5fa5c4cc2d200863cafc0d521ce42e7d3e7ee720ec0a83991735586a16f82\windows-amd64\native-platform.dll
Event: 0.731 Loaded shared library C:\Users\ASUS\.gradle\native\e376f236ea51e6404a007f0833ffe2c6e607c4080706a723a18a27aeea778392\windows-amd64\native-platform-file-events.dll
Event: 1.779 Loaded shared library C:\Program Files\Zulu\zulu-17\bin\management.dll
Event: 1.783 Loaded shared library C:\Program Files\Zulu\zulu-17\bin\management_ext.dll
Event: 2.334 Loaded shared library C:\Program Files\Zulu\zulu-17\bin\sunmscapi.dll

Deoptimization events (20 events):
Event: 7.628 Thread 0x0000013a7cdd98e0 DEOPT PACKING pc=0x0000013a68491e48 sp=0x00000006853fa8a0
Event: 7.628 Thread 0x0000013a7cdd98e0 DEOPT UNPACKING pc=0x0000013a67ea69a3 sp=0x00000006853fa850 mode 2
Event: 7.884 Thread 0x0000013a7cdd98e0 DEOPT PACKING pc=0x0000013a60d10e5c sp=0x00000006853f8680
Event: 7.884 Thread 0x0000013a7cdd98e0 DEOPT UNPACKING pc=0x0000013a67ea7143 sp=0x00000006853f7c00 mode 0
Event: 8.047 Thread 0x0000013a7cdd98e0 Uncommon trap: trap_request=0xffffff45 fr.pc=0x0000013a6843ff18 relative=0x00000000000004d8
Event: 8.048 Thread 0x0000013a7cdd98e0 Uncommon trap: reason=unstable_if action=reinterpret pc=0x0000013a6843ff18 method=java.util.HashMap.hash(Ljava/lang/Object;)I @ 1 c2
Event: 8.048 Thread 0x0000013a7cdd98e0 DEOPT PACKING pc=0x0000013a6843ff18 sp=0x00000006853f7110
Event: 8.048 Thread 0x0000013a7cdd98e0 DEOPT UNPACKING pc=0x0000013a67ea69a3 sp=0x00000006853f6fb8 mode 2
Event: 8.570 Thread 0x0000013a7cdd98e0 Uncommon trap: trap_request=0xffffff45 fr.pc=0x0000013a6858c478 relative=0x0000000000005cb8
Event: 8.570 Thread 0x0000013a7cdd98e0 Uncommon trap: reason=unstable_if action=reinterpret pc=0x0000013a6858c478 method=java.lang.ClassLoader.getClassLoadingLock(Ljava/lang/String;)Ljava/lang/Object; @ 6 c2
Event: 8.570 Thread 0x0000013a7cdd98e0 DEOPT PACKING pc=0x0000013a6858c478 sp=0x00000006853f7f20
Event: 8.570 Thread 0x0000013a7cdd98e0 DEOPT UNPACKING pc=0x0000013a67ea69a3 sp=0x00000006853f7f30 mode 2
Event: 8.572 Thread 0x0000013a7cdd98e0 Uncommon trap: trap_request=0xffffff45 fr.pc=0x0000013a684e7f0c relative=0x00000000000000ec
Event: 8.572 Thread 0x0000013a7cdd98e0 Uncommon trap: reason=unstable_if action=reinterpret pc=0x0000013a684e7f0c method=java.lang.ClassLoader.getClassLoadingLock(Ljava/lang/String;)Ljava/lang/Object; @ 6 c2
Event: 8.572 Thread 0x0000013a7cdd98e0 DEOPT PACKING pc=0x0000013a684e7f0c sp=0x00000006853f81d0
Event: 8.572 Thread 0x0000013a7cdd98e0 DEOPT UNPACKING pc=0x0000013a67ea69a3 sp=0x00000006853f8170 mode 2
Event: 8.572 Thread 0x0000013a7cdd98e0 Uncommon trap: trap_request=0xffffff45 fr.pc=0x0000013a68542c14 relative=0x0000000000000754
Event: 8.572 Thread 0x0000013a7cdd98e0 Uncommon trap: reason=unstable_if action=reinterpret pc=0x0000013a68542c14 method=java.lang.Class.getPackageName()Ljava/lang/String; @ 55 c2
Event: 8.572 Thread 0x0000013a7cdd98e0 DEOPT PACKING pc=0x0000013a68542c14 sp=0x00000006853f9700
Event: 8.572 Thread 0x0000013a7cdd98e0 DEOPT UNPACKING pc=0x0000013a67ea69a3 sp=0x00000006853f96c0 mode 2

Classes unloaded (0 events):
No events

Classes redefined (0 events):
No events

Internal exceptions (20 events):
Event: 7.539 Thread 0x0000013a7cdd98e0 Exception <a 'java/lang/NoSuchMethodError'{0x000000008671c020}: static Lorg/gradle/tooling/internal/consumer/versioning/VersionDetails;.<clinit>()V> (0x000000008671c020) 
thrown [s\src\hotspot\share\prims\jni.cpp, line 1107]
Event: 7.539 Thread 0x0000013a7cdd98e0 Exception <a 'java/lang/NoSuchMethodError'{0x000000008671e9c8}: static Lorg/gradle/tooling/internal/consumer/versioning/VersionDetails$R26VersionDetails;.<clinit>()V> (0x000000008671e9c8) 
thrown [s\src\hotspot\share\prims\jni.cpp, line 1107]
Event: 7.539 Thread 0x0000013a7cdd98e0 Exception <a 'java/lang/NoSuchMethodError'{0x000000008671ff40}: static Lorg/gradle/tooling/internal/consumer/versioning/VersionDetails$R28VersionDetails;.<clinit>()V> (0x000000008671ff40) 
thrown [s\src\hotspot\share\prims\jni.cpp, line 1107]
Event: 7.539 Thread 0x0000013a7cdd98e0 Exception <a 'java/lang/NoSuchMethodError'{0x0000000086721448}: static Lorg/gradle/tooling/internal/consumer/versioning/VersionDetails$R35VersionDetails;.<clinit>()V> (0x0000000086721448) 
thrown [s\src\hotspot\share\prims\jni.cpp, line 1107]
Event: 7.540 Thread 0x0000013a7cdd98e0 Exception <a 'java/lang/NoSuchMethodError'{0x0000000086722b18}: static Lorg/gradle/tooling/internal/consumer/versioning/VersionDetails$R44VersionDetails;.<clinit>()V> (0x0000000086722b18) 
thrown [s\src\hotspot\share\prims\jni.cpp, line 1107]
Event: 7.540 Thread 0x0000013a7cdd98e0 Exception <a 'java/lang/NoSuchMethodError'{0x0000000086724120}: static Lorg/gradle/tooling/internal/consumer/versioning/VersionDetails$R48VersionDetails;.<clinit>()V> (0x0000000086724120) 
thrown [s\src\hotspot\share\prims\jni.cpp, line 1107]
Event: 7.540 Thread 0x0000013a7cdd98e0 Exception <a 'java/lang/NoSuchMethodError'{0x0000000086725320}: static Lorg/gradle/tooling/internal/consumer/versioning/VersionDetails$R51VersionDetails;.<clinit>()V> (0x0000000086725320) 
thrown [s\src\hotspot\share\prims\jni.cpp, line 1107]
Event: 7.566 Thread 0x0000013a7cdd98e0 Exception <a 'java/lang/NoSuchMethodError'{0x0000000086612890}: 'java.lang.Object java.lang.invoke.DirectMethodHandle$Holder.newInvokeSpecial(java.lang.Object, java.lang.Object, int)'> (0x0000000086612890) 
thrown [s\src\hotspot\share\interpreter\linkResolver.cpp, line 759]
Event: 7.883 Thread 0x0000013a7cdd98e0 Exception <a 'java/lang/NoSuchMethodError'{0x0000000087751fd0}: 'java.lang.Object java.lang.invoke.DirectMethodHandle$Holder.invokeSpecialIFC(java.lang.Object, java.lang.Object, java.lang.Object, java.lang.Object)'> (0x0000000087751fd0) 
thrown [s\src\hotspot\share\interpreter\linkResolver.cpp, line 759]
Event: 8.047 Thread 0x0000013a7cdd98e0 Implicit null exception at 0x0000013a6843fa8e to 0x0000013a6843fefc
Event: 8.106 Thread 0x0000013a7cdd98e0 Exception <a 'java/lang/NoSuchMethodError'{0x00000000870c5ba0}: 'java.lang.Object java.lang.invoke.DirectMethodHandle$Holder.invokeSpecial(java.lang.Object, java.lang.Object, java.lang.Object, java.lang.Object, java.lang.Object, java.lang.Object, java.lang.Object, java.lang.Object, java.lang.Object, java.lang.Object, java.lang.Object, java.lang.Object, java.lang.Object)'> (0x00000000870c5ba0) 
thrown [s\src\hotspot\share\interpreter\linkResolver.cpp, line 759]
Event: 8.107 Thread 0x0000013a7cdd98e0 Exception <a 'java/lang/NoSuchMethodError'{0x00000000870d71c8}: 'java.lang.Object java.lang.invoke.DirectMethodHandle$Holder.newInvokeSpecial(java.lang.Object, java.lang.Object, java.lang.Object, java.lang.Object, java.lang.Object, java.lang.Object, java.lang.Object, java.lang.Object, java.lang.Object, java.lang.Object, java.lang.Object)'> (0x00000000870d71c8) 
thrown [s\src\hotspot\share\interpreter\linkResolver.cpp, line 759]
Event: 8.108 Thread 0x0000013a7cdd98e0 Exception <a 'java/lang/NoSuchMethodError'{0x00000000870dc260}: 'java.lang.Object java.lang.invoke.Invokers$Holder.linkToTargetMethod(java.lang.Object, java.lang.Object, java.lang.Object, java.lang.Object, java.lang.Object, java.lang.Object, java.lang.Object, java.lang.Object, java.lang.Object, java.lang.Object, java.lang.Object)'> (0x00000000870dc260) 
thrown [s\src\hotspot\share\interpreter\linkResolver.cpp, line 759]
Event: 8.113 Thread 0x0000013a7cdd98e0 Exception <a 'java/lang/NoSuchMethodError'{0x0000000086f262f0}: 'java.lang.Object java.lang.invoke.DirectMethodHandle$Holder.invokeSpecial(java.lang.Object, java.lang.Object, java.lang.Object, java.lang.Object, java.lang.Object, java.lang.Object, java.lang.Object, java.lang.Object, java.lang.Object, java.lang.Object, java.lang.Object, java.lang.Object, java.lang.Object, java.lang.Object)'> (0x0000000086f262f0) 
thrown [s\src\hotspot\share\interpreter\linkResolver.cpp, line 759]
Event: 8.114 Thread 0x0000013a7cdd98e0 Exception <a 'java/lang/NoSuchMethodError'{0x0000000086f38918}: 'java.lang.Object java.lang.invoke.DirectMethodHandle$Holder.newInvokeSpecial(java.lang.Object, java.lang.Object, java.lang.Object, java.lang.Object, java.lang.Object, java.lang.Object, java.lang.Object, java.lang.Object, java.lang.Object, java.lang.Object, java.lang.Object, java.lang.Object)'> (0x0000000086f38918) 
thrown [s\src\hotspot\share\interpreter\linkResolver.cpp, line 759]
Event: 8.115 Thread 0x0000013a7cdd98e0 Exception <a 'java/lang/NoSuchMethodError'{0x0000000086f3e2b0}: 'java.lang.Object java.lang.invoke.Invokers$Holder.linkToTargetMethod(java.lang.Object, java.lang.Object, java.lang.Object, java.lang.Object, java.lang.Object, java.lang.Object, java.lang.Object, java.lang.Object, java.lang.Object, java.lang.Object, java.lang.Object, java.lang.Object)'> (0x0000000086f3e2b0) 
thrown [s\src\hotspot\share\interpreter\linkResolver.cpp, line 759]
Event: 8.146 Thread 0x0000013a7cdd98e0 Exception <a 'java/lang/NoSuchMethodError'{0x0000000086fd4430}: 'java.lang.Object java.lang.invoke.DirectMethodHandle$Holder.invokeStaticInit(java.lang.Object, java.lang.Object, java.lang.Object, java.lang.Object)'> (0x0000000086fd4430) 
thrown [s\src\hotspot\share\interpreter\linkResolver.cpp, line 759]
Event: 8.369 Thread 0x0000013a7cdd98e0 Exception <a 'java/lang/NoSuchMethodError'{0x0000000086562150}: 'java.lang.Object java.lang.invoke.DirectMethodHandle$Holder.newInvokeSpecial(java.lang.Object, java.lang.Object, java.lang.Object, java.lang.Object, java.lang.Object, java.lang.Object, java.lang.Object, java.lang.Object)'> (0x0000000086562150) 
thrown [s\src\hotspot\share\interpreter\linkResolver.cpp, line 759]
Event: 8.370 Thread 0x0000013a7cdd98e0 Exception <a 'java/lang/NoSuchMethodError'{0x0000000086567f30}: 'java.lang.Object java.lang.invoke.Invokers$Holder.linkToTargetMethod(java.lang.Object, java.lang.Object, java.lang.Object, java.lang.Object, java.lang.Object, java.lang.Object, java.lang.Object, java.lang.Object)'> (0x0000000086567f30) 
thrown [s\src\hotspot\share\interpreter\linkResolver.cpp, line 759]
Event: 8.385 Thread 0x0000013a7cdd98e0 Exception <a 'java/lang/IncompatibleClassChangeError'{0x00000000865cafd8}: Found class java.lang.Object, but interface was expected> (0x00000000865cafd8) 
thrown [s\src\hotspot\share\interpreter\linkResolver.cpp, line 826]

VM Operations (20 events):
Event: 5.581 Executing VM operation: Cleanup
Event: 5.581 Executing VM operation: Cleanup done
Event: 6.591 Executing VM operation: Cleanup
Event: 6.591 Executing VM operation: Cleanup done
Event: 7.124 Executing VM operation: HandshakeAllThreads
Event: 7.124 Executing VM operation: HandshakeAllThreads done
Event: 7.564 Executing VM operation: HandshakeAllThreads
Event: 7.564 Executing VM operation: HandshakeAllThreads done
Event: 7.631 Executing VM operation: CollectForMetadataAllocation
Event: 7.657 Executing VM operation: CollectForMetadataAllocation done
Event: 7.657 Executing VM operation: HandshakeAllThreads
Event: 7.657 Executing VM operation: HandshakeAllThreads done
Event: 7.663 Executing VM operation: G1PauseRemark
Event: 7.679 Executing VM operation: G1PauseRemark done
Event: 7.691 Executing VM operation: G1PauseCleanup
Event: 7.691 Executing VM operation: G1PauseCleanup done
Event: 8.052 Executing VM operation: HandshakeAllThreads
Event: 8.052 Executing VM operation: HandshakeAllThreads done
Event: 8.358 Executing VM operation: HandshakeAllThreads
Event: 8.358 Executing VM operation: HandshakeAllThreads done

Events (20 events):
Event: 8.510 loading class java/lang/invoke/SerializedLambda
Event: 8.510 loading class java/lang/invoke/SerializedLambda done
Event: 8.511 loading class java/lang/Process
Event: 8.511 loading class java/lang/Process done
Event: 8.511 loading class java/lang/ProcessBuilder
Event: 8.511 loading class java/lang/ProcessBuilder done
Event: 8.523 loading class java/nio/file/FileTreeWalker
Event: 8.523 loading class java/nio/file/FileTreeWalker done
Event: 8.524 loading class java/nio/file/FileTreeWalker$DirectoryNode
Event: 8.524 loading class java/nio/file/FileTreeWalker$DirectoryNode done
Event: 8.524 loading class java/nio/file/FileTreeWalker$Event
Event: 8.524 loading class java/nio/file/FileTreeWalker$Event done
Event: 8.524 loading class java/nio/file/FileTreeWalker$EventType
Event: 8.524 loading class java/nio/file/FileTreeWalker$EventType done
Event: 8.524 loading class java/nio/file/Files$3
Event: 8.524 loading class java/nio/file/Files$3 done
Event: 8.526 loading class java/nio/file/FileVisitResult
Event: 8.526 loading class java/nio/file/FileVisitResult done
Event: 8.579 loading class java/beans/Transient
Event: 8.579 loading class java/beans/Transient done


Dynamic libraries:
0x00007ff6e3eb0000 - 0x00007ff6e3ebe000 	C:\Program Files\Zulu\zulu-17\bin\java.exe
0x00007ffcf5750000 - 0x00007ffcf5947000 	C:\Windows\SYSTEM32\ntdll.dll
0x00007ffcf5280000 - 0x00007ffcf533d000 	C:\Windows\System32\KERNEL32.DLL
0x00007ffcf3230000 - 0x00007ffcf3526000 	C:\Windows\System32\KERNELBASE.dll
0x00007ffcf2ed0000 - 0x00007ffcf2fd0000 	C:\Windows\System32\ucrtbase.dll
0x00007ffce0da0000 - 0x00007ffce0dbb000 	C:\Program Files\Zulu\zulu-17\bin\VCRUNTIME140.dll
0x00007ffce0c40000 - 0x00007ffce0c59000 	C:\Program Files\Zulu\zulu-17\bin\jli.dll
0x00007ffcf40a0000 - 0x00007ffcf423e000 	C:\Windows\System32\USER32.dll
0x00007ffce0390000 - 0x00007ffce062a000 	C:\Windows\WinSxS\amd64_microsoft.windows.common-controls_6595b64144ccf1df_6.0.19041.3570_none_60bb2a3971f3e41a\COMCTL32.dll
0x00007ffcf36d0000 - 0x00007ffcf36f2000 	C:\Windows\System32\win32u.dll
0x00007ffcf5020000 - 0x00007ffcf50be000 	C:\Windows\System32\msvcrt.dll
0x00007ffcf56e0000 - 0x00007ffcf570c000 	C:\Windows\System32\GDI32.dll
0x00007ffcf3530000 - 0x00007ffcf364a000 	C:\Windows\System32\gdi32full.dll
0x00007ffcf2e30000 - 0x00007ffcf2ecd000 	C:\Windows\System32\msvcp_win.dll
0x00007ffcf4990000 - 0x00007ffcf49c0000 	C:\Windows\System32\IMM32.DLL
0x00007ffcec640000 - 0x00007ffcec64c000 	C:\Program Files\Zulu\zulu-17\bin\vcruntime140_1.dll
0x00007ffcd0d80000 - 0x00007ffcd0e0d000 	C:\Program Files\Zulu\zulu-17\bin\msvcp140.dll
0x00007ffcb9f80000 - 0x00007ffcbabe8000 	C:\Program Files\Zulu\zulu-17\bin\server\jvm.dll
0x00007ffcf4860000 - 0x00007ffcf490e000 	C:\Windows\System32\ADVAPI32.dll
0x00007ffcf49c0000 - 0x00007ffcf4a5c000 	C:\Windows\System32\sechost.dll
0x00007ffcf5150000 - 0x00007ffcf5276000 	C:\Windows\System32\RPCRT4.dll
0x00007ffcf23e0000 - 0x00007ffcf242b000 	C:\Windows\SYSTEM32\POWRPROF.dll
0x00007ffcf0c50000 - 0x00007ffcf0c59000 	C:\Windows\SYSTEM32\WSOCK32.dll
0x00007ffce8450000 - 0x00007ffce8477000 	C:\Windows\SYSTEM32\WINMM.dll
0x00007ffcf4b20000 - 0x00007ffcf4b8b000 	C:\Windows\System32\WS2_32.dll
0x00007ffce9a00000 - 0x00007ffce9a0a000 	C:\Windows\SYSTEM32\VERSION.dll
0x00007ffcf2250000 - 0x00007ffcf2262000 	C:\Windows\SYSTEM32\UMPDC.dll
0x00007ffcf1660000 - 0x00007ffcf1672000 	C:\Windows\SYSTEM32\kernel.appcore.dll
0x00007ffcead10000 - 0x00007ffcead1a000 	C:\Program Files\Zulu\zulu-17\bin\jimage.dll
0x00007ffcf0a00000 - 0x00007ffcf0be4000 	C:\Windows\SYSTEM32\DBGHELP.DLL
0x00007ffcd9d60000 - 0x00007ffcd9d94000 	C:\Windows\SYSTEM32\dbgcore.DLL
0x00007ffcf3040000 - 0x00007ffcf30c2000 	C:\Windows\System32\bcryptPrimitives.dll
0x00007ffcdfc50000 - 0x00007ffcdfc75000 	C:\Program Files\Zulu\zulu-17\bin\java.dll
0x00007ffcc42a0000 - 0x00007ffcc4377000 	C:\Program Files\Zulu\zulu-17\bin\jsvml.dll
0x00007ffcf3950000 - 0x00007ffcf4094000 	C:\Windows\System32\SHELL32.dll
0x00007ffcf0eb0000 - 0x00007ffcf164b000 	C:\Windows\SYSTEM32\windows.storage.dll
0x00007ffcf4b90000 - 0x00007ffcf4ee4000 	C:\Windows\System32\combase.dll
0x00007ffcf2870000 - 0x00007ffcf289d000 	C:\Windows\SYSTEM32\Wldp.dll
0x00007ffcf4a60000 - 0x00007ffcf4b0d000 	C:\Windows\System32\SHCORE.dll
0x00007ffcf38f0000 - 0x00007ffcf3945000 	C:\Windows\System32\shlwapi.dll
0x00007ffcf2d60000 - 0x00007ffcf2d85000 	C:\Windows\SYSTEM32\profapi.dll
0x00007ffce0710000 - 0x00007ffce0729000 	C:\Program Files\Zulu\zulu-17\bin\net.dll
0x00007ffce9bc0000 - 0x00007ffce9cca000 	C:\Windows\SYSTEM32\WINHTTP.dll
0x00007ffcf25d0000 - 0x00007ffcf263a000 	C:\Windows\system32\mswsock.dll
0x00007ffcdfbd0000 - 0x00007ffcdfbe6000 	C:\Program Files\Zulu\zulu-17\bin\nio.dll
0x00007ffcdeea0000 - 0x00007ffcdeeb8000 	C:\Program Files\Zulu\zulu-17\bin\zip.dll
0x00007ffceac90000 - 0x00007ffceaca0000 	C:\Program Files\Zulu\zulu-17\bin\verify.dll
0x00007ffcecc20000 - 0x00007ffcecc47000 	C:\Users\ASUS\.gradle\native\68d5fa5c4cc2d200863cafc0d521ce42e7d3e7ee720ec0a83991735586a16f82\windows-amd64\native-platform.dll
0x00007ffcc4820000 - 0x00007ffcc4964000 	C:\Users\ASUS\.gradle\native\e376f236ea51e6404a007f0833ffe2c6e607c4080706a723a18a27aeea778392\windows-amd64\native-platform-file-events.dll
0x00007ffcea590000 - 0x00007ffcea599000 	C:\Program Files\Zulu\zulu-17\bin\management.dll
0x00007ffce96f0000 - 0x00007ffce96fb000 	C:\Program Files\Zulu\zulu-17\bin\management_ext.dll
0x00007ffcf53f0000 - 0x00007ffcf53f8000 	C:\Windows\System32\PSAPI.DLL
0x00007ffcf27d0000 - 0x00007ffcf27e8000 	C:\Windows\SYSTEM32\CRYPTSP.dll
0x00007ffcf1e70000 - 0x00007ffcf1ea4000 	C:\Windows\system32\rsaenh.dll
0x00007ffcf3650000 - 0x00007ffcf3677000 	C:\Windows\System32\bcrypt.dll
0x00007ffcf2d20000 - 0x00007ffcf2d4e000 	C:\Windows\SYSTEM32\USERENV.dll
0x00007ffcf27c0000 - 0x00007ffcf27cc000 	C:\Windows\SYSTEM32\CRYPTBASE.dll
0x00007ffcf2270000 - 0x00007ffcf22ab000 	C:\Windows\SYSTEM32\IPHLPAPI.DLL
0x00007ffcf4ef0000 - 0x00007ffcf4ef8000 	C:\Windows\System32\NSI.dll
0x00007ffcea570000 - 0x00007ffcea587000 	C:\Windows\SYSTEM32\dhcpcsvc6.DLL
0x00007ffceb320000 - 0x00007ffceb33d000 	C:\Windows\SYSTEM32\dhcpcsvc.DLL
0x00007ffcf22b0000 - 0x00007ffcf237a000 	C:\Windows\SYSTEM32\DNSAPI.dll
0x00007ffce8540000 - 0x00007ffce854e000 	C:\Program Files\Zulu\zulu-17\bin\sunmscapi.dll
0x00007ffcf30d0000 - 0x00007ffcf322d000 	C:\Windows\System32\CRYPT32.dll
0x00007ffcf28e0000 - 0x00007ffcf2907000 	C:\Windows\SYSTEM32\ncrypt.dll
0x00007ffcf28a0000 - 0x00007ffcf28db000 	C:\Windows\SYSTEM32\NTASN1.dll
0x00007ffcd4c70000 - 0x00007ffcd4c77000 	C:\Windows\system32\wshunix.dll

dbghelp: loaded successfully - version: 4.0.5 - missing functions: none
symbol engine: initialized successfully - sym options: 0x614 - pdb path: .;C:\Program Files\Zulu\zulu-17\bin;C:\Windows\SYSTEM32;C:\Windows\WinSxS\amd64_microsoft.windows.common-controls_6595b64144ccf1df_6.0.19041.3570_none_60bb2a3971f3e41a;C:\Program Files\Zulu\zulu-17\bin\server;C:\Users\ASUS\.gradle\native\68d5fa5c4cc2d200863cafc0d521ce42e7d3e7ee720ec0a83991735586a16f82\windows-amd64;C:\Users\ASUS\.gradle\native\e376f236ea51e6404a007f0833ffe2c6e607c4080706a723a18a27aeea778392\windows-amd64

VM Arguments:
jvm_args: --add-opens=java.base/java.util=ALL-UNNAMED --add-opens=java.base/java.lang=ALL-UNNAMED --add-opens=java.base/java.lang.invoke=ALL-UNNAMED --add-opens=java.prefs/java.util.prefs=ALL-UNNAMED --add-opens=java.base/java.nio.charset=ALL-UNNAMED --add-opens=java.base/java.net=ALL-UNNAMED --add-opens=java.base/java.util.concurrent.atomic=ALL-UNNAMED -Xmx2048m -Dfile.encoding=UTF-8 -Duser.country=ID -Duser.language=en -Duser.variant 
java_command: org.gradle.launcher.daemon.bootstrap.GradleDaemon 8.0
java_class_path (initial): C:\Users\ASUS\.gradle\wrapper\dists\gradle-8.0-bin\ca5e32bp14vu59qr306oxotwh\gradle-8.0\lib\gradle-launcher-8.0.jar
Launcher Type: SUN_STANDARD

[Global flags]
     intx CICompilerCount                          = 3                                         {product} {ergonomic}
     uint ConcGCThreads                            = 1                                         {product} {ergonomic}
     uint G1ConcRefinementThreads                  = 4                                         {product} {ergonomic}
   size_t G1HeapRegionSize                         = 1048576                                   {product} {ergonomic}
    uintx GCDrainStackTargetSize                   = 64                                        {product} {ergonomic}
   size_t InitialHeapSize                          = 134217728                                 {product} {ergonomic}
   size_t MarkStackSize                            = 4194304                                   {product} {ergonomic}
   size_t MaxHeapSize                              = 2147483648                                {product} {command line}
   size_t MaxNewSize                               = 1287651328                                {product} {ergonomic}
   size_t MinHeapDeltaBytes                        = 1048576                                   {product} {ergonomic}
   size_t MinHeapSize                              = 8388608                                   {product} {ergonomic}
    uintx NonNMethodCodeHeapSize                   = 5832780                                {pd product} {ergonomic}
    uintx NonProfiledCodeHeapSize                  = 122912730                              {pd product} {ergonomic}
    uintx ProfiledCodeHeapSize                     = 122912730                              {pd product} {ergonomic}
    uintx ReservedCodeCacheSize                    = 251658240                              {pd product} {ergonomic}
     bool SegmentedCodeCache                       = true                                      {product} {ergonomic}
   size_t SoftMaxHeapSize                          = 2147483648                             {manageable} {ergonomic}
     bool UseCompressedClassPointers               = true                           {product lp64_product} {ergonomic}
     bool UseCompressedOops                        = true                           {product lp64_product} {ergonomic}
     bool UseG1GC                                  = true                                      {product} {ergonomic}
     bool UseLargePagesIndividualAllocation        = false                                  {pd product} {ergonomic}

Logging:
Log output configuration:
 #0: stdout all=warning uptime,level,tags
 #1: stderr all=off uptime,level,tags

Environment Variables:
JAVA_HOME=C:\Program Files\Zulu\zulu-17
PATH=C:\Program Files\Zulu\zulu-17\bin\;C:\Windows\system32;C:\Windows;C:\Windows\System32\Wbem;C:\Windows\System32\WindowsPowerShell\v1.0\;C:\Windows\System32\OpenSSH\;E:\SDK dan Gradle\gradle-8.0.1-all\gradle-8.0.1\bin;C:\Development\flutter_windows_3.10.6-stable\flutter\bin\cache\dart-sdk\bin;C:\Program Files\Git\cmd;C:\Users\ASUS\AppData\Local\Microsoft\WindowsApps;C:\Users\ASUS\AppData\Local\Programs\Microsoft VS Code\bin;C:\Development\flutter_windows_3.10.6-stable\flutter\bin;
USERNAME=ASUS
OS=Windows_NT
PROCESSOR_IDENTIFIER=Intel64 Family 6 Model 78 Stepping 3, GenuineIntel
TMP=C:\Users\ASUS\AppData\Local\Temp
TEMP=C:\Users\ASUS\AppData\Local\Temp



---------------  S Y S T E M  ---------------

OS:
 Windows 10 , 64 bit Build 19041 (10.0.19041.3570)
OS uptime: 5 days 23:11 hours

CPU: total 4 (initial active 4) (2 cores per cpu, 2 threads per core) family 6 model 78 stepping 3 microcode 0xcc, cx8, cmov, fxsr, ht, mmx, 3dnowpref, sse, sse2, sse3, ssse3, sse4.1, sse4.2, popcnt, lzcnt, tsc, tscinvbit, avx, avx2, aes, erms, clmul, bmi1, bmi2, adx, fma, vzeroupper, clflush, clflushopt
Processor Information for all 4 processors :
  Max Mhz: 2592, Current Mhz: 2492, Mhz Limit: 2488

Memory: 4k page, system-wide physical 8085M (456M free)
TotalPageFile size 12233M (AvailPageFile size 5M)
current process WorkingSet (physical memory assigned to process): 253M, peak: 253M
current process commit charge ("private bytes"): 294M, peak: 297M

vm_info: OpenJDK 64-Bit Server VM (17.0.8+7-LTS) for windows-amd64 JRE (17.0.8+7-LTS) (Zulu17.44+15-CA), built on Jul  5 2023 07:56:11 by "zulu_re" with MS VC++ 16.10 / 16.11 (VS2019)

END.
