#
# There is insufficient memory for the Java Runtime Environment to continue.
# Native memory allocation (mmap) failed to map 120586240 bytes for G1 virtual space
# Possible reasons:
#   The system is out of physical RAM or swap space
#   The process is running with CompressedOops enabled, and the Java Heap may be blocking the growth of the native heap
# Possible solutions:
#   Reduce memory load on the system
#   Increase physical memory or swap space
#   Check if swap backing store is full
#   Decrease Java heap size (-Xmx/-Xms)
#   Decrease number of Java threads
#   Decrease Java thread stack sizes (-Xss)
#   Set larger code cache with -XX:ReservedCodeCacheSize=
#   JVM is running with Unscaled Compressed Oops mode in which the Java heap is
#     placed in the first 4GB address space. The Java Heap base address is the
#     maximum limit for the native heap growth. Please use -XX:HeapBaseMinAddress
#     to set the Java Heap base and to place the Java Heap above 4GB virtual address.
# This output file may be truncated or incomplete.
#
#  Out of Memory Error (os_windows.cpp:3617), pid=8464, tid=3012
#
# JRE version: OpenJDK Runtime Environment Zulu17.44+15-CA (17.0.8+7) (build 17.0.8+7-LTS)
# Java VM: OpenJDK 64-Bit Server VM Zulu17.44+15-CA (17.0.8+7-LTS, mixed mode, sharing, tiered, compressed oops, compressed class ptrs, g1 gc, windows-amd64)
# No core dump will be written. Minidumps are not enabled by default on client versions of Windows
#

---------------  S U M M A R Y ------------

Command Line: --add-opens=java.base/java.util=ALL-UNNAMED --add-opens=java.base/java.lang=ALL-UNNAMED --add-opens=java.base/java.lang.invoke=ALL-UNNAMED --add-opens=java.base/java.util=ALL-UNNAMED --add-opens=java.prefs/java.util.prefs=ALL-UNNAMED --add-opens=java.prefs/java.util.prefs=ALL-UNNAMED --add-opens=java.base/java.nio.charset=ALL-UNNAMED --add-opens=java.base/java.net=ALL-UNNAMED --add-opens=java.base/java.util.concurrent.atomic=ALL-UNNAMED -Xmx2048m -Dfile.encoding=UTF-8 -Duser.country=ID -Duser.language=en -Duser.variant org.gradle.launcher.daemon.bootstrap.GradleDaemon 7.5

Host: Intel(R) Core(TM) i7-6500U CPU @ 2.50GHz, 4 cores, 7G,  Windows 10 , 64 bit Build 19041 (10.0.19041.3570)
Time: Fri Nov 10 22:24:50 2023 SE Asia Standard Time elapsed time: 15.666878 seconds (0d 0h 0m 15s)

---------------  T H R E A D  ---------------

Current thread (0x0000018cabe57770):  VMThread "VM Thread" [stack: 0x0000007eddb00000,0x0000007eddc00000] [id=3012]

Stack: [0x0000007eddb00000,0x0000007eddc00000]
Native frames: (J=compiled Java code, j=interpreted, Vv=VM code, C=native code)
V  [jvm.dll+0x67e01a]
V  [jvm.dll+0x83be54]
V  [jvm.dll+0x83d5fe]
V  [jvm.dll+0x83dc63]
V  [jvm.dll+0x24b18f]
V  [jvm.dll+0x67ad89]
V  [jvm.dll+0x66f61a]
V  [jvm.dll+0x30a85b]
V  [jvm.dll+0x311d06]
V  [jvm.dll+0x36223e]
V  [jvm.dll+0x36246f]
V  [jvm.dll+0x2e17f8]
V  [jvm.dll+0x2df9d4]
V  [jvm.dll+0x2defdc]
V  [jvm.dll+0x322fd1]
V  [jvm.dll+0x84215b]
V  [jvm.dll+0x842e94]
V  [jvm.dll+0x8433ad]
V  [jvm.dll+0x843784]
V  [jvm.dll+0x843850]
V  [jvm.dll+0x7ebf6a]
V  [jvm.dll+0x67ce65]
C  [ucrtbase.dll+0x21bb2]
C  [KERNEL32.DLL+0x17344]
C  [ntdll.dll+0x526b1]

VM_Operation (0x0000007edf2fae80): G1TryInitiateConcMark, mode: safepoint, requested by thread 0x0000018cf2744080


---------------  P R O C E S S  ---------------

Threads class SMR info:
_java_thread_list=0x0000018cf1399c50, length=82, elements={
0x0000018c8e1f5110, 0x0000018cabe5ca30, 0x0000018cabe5df60, 0x0000018cabe73c80,
0x0000018cabe76660, 0x0000018cabe776d0, 0x0000018cabe77fa0, 0x0000018cabe78c50,
0x0000018cf1020f80, 0x0000018cf1031c20, 0x0000018cf10f7820, 0x0000018cf1101d30,
0x0000018cf2891040, 0x0000018cf1f50940, 0x0000018cf21c4050, 0x0000018cf2bd0080,
0x0000018cf2959010, 0x0000018cf2746e10, 0x0000018cf2744080, 0x0000018cf27463f0,
0x0000018cf2747320, 0x0000018cf2744590, 0x0000018cf2745ee0, 0x0000018cf2744fb0,
0x0000018cf27454c0, 0x0000018cf2746900, 0x0000018cf27459d0, 0x0000018cf2747830,
0x0000018cf2080390, 0x0000018cf2083b40, 0x0000018cf2084f80, 0x0000018cf20817d0,
0x0000018cf2084a70, 0x0000018cf2084560, 0x0000018cf2080db0, 0x0000018cf2082c10,
0x0000018cf20821f0, 0x0000018cf20812c0, 0x0000018cf2083120, 0x0000018cf207fe80,
0x0000018cf20868d0, 0x0000018cf2083630, 0x0000018cf2085eb0, 0x0000018cf2086de0,
0x0000018cf20872f0, 0x0000018cf2087800, 0x0000018cf20808a0, 0x0000018cf5fc38c0,
0x0000018cf5fc3dd0, 0x0000018cf5fc33b0, 0x0000018cf5fc42e0, 0x0000018cf5fbe7c0,
0x0000018cf5fc1550, 0x0000018cf5fbfc00, 0x0000018cf5fbe2b0, 0x0000018cf5fc2480,
0x0000018cf5fc0b30, 0x0000018cf5fbdda0, 0x0000018cf5fbf1e0, 0x0000018cf5fc47f0,
0x0000018cf5fbd380, 0x0000018cf5fc4d00, 0x0000018cf5fbecd0, 0x0000018cf5fc2990,
0x0000018cf5fbf6f0, 0x0000018cf5fc1040, 0x0000018cf5fc0110, 0x0000018cf5fbd890,
0x0000018cf5fc0620, 0x0000018cf5fc1a60, 0x0000018cf5fc1f70, 0x0000018cf5fc2ea0,
0x0000018cf126f240, 0x0000018cf126c9c0, 0x0000018cf126de00, 0x0000018cf126a140,
0x0000018cf126f750, 0x0000018cf126ab60, 0x0000018cf126fc60, 0x0000018cf126ced0,
0x0000018cf126a650, 0x0000018cf126ed30
}

Java Threads: ( => current thread )
  0x0000018c8e1f5110 JavaThread "main" [_thread_blocked, id=8996, stack(0x0000007edd500000,0x0000007edd600000)]
  0x0000018cabe5ca30 JavaThread "Reference Handler" daemon [_thread_blocked, id=7876, stack(0x0000007eddc00000,0x0000007eddd00000)]
  0x0000018cabe5df60 JavaThread "Finalizer" daemon [_thread_blocked, id=5224, stack(0x0000007eddd00000,0x0000007edde00000)]
  0x0000018cabe73c80 JavaThread "Signal Dispatcher" daemon [_thread_blocked, id=10068, stack(0x0000007edde00000,0x0000007eddf00000)]
  0x0000018cabe76660 JavaThread "Attach Listener" daemon [_thread_blocked, id=7392, stack(0x0000007eddf00000,0x0000007ede000000)]
  0x0000018cabe776d0 JavaThread "Service Thread" daemon [_thread_blocked, id=9604, stack(0x0000007ede000000,0x0000007ede100000)]
  0x0000018cabe77fa0 JavaThread "Monitor Deflation Thread" daemon [_thread_blocked, id=864, stack(0x0000007ede100000,0x0000007ede200000)]
  0x0000018cabe78c50 JavaThread "C2 CompilerThread0" daemon [_thread_blocked, id=12628, stack(0x0000007ede200000,0x0000007ede300000)]
  0x0000018cf1020f80 JavaThread "C1 CompilerThread0" daemon [_thread_blocked, id=10300, stack(0x0000007ede300000,0x0000007ede400000)]
  0x0000018cf1031c20 JavaThread "Sweeper thread" daemon [_thread_blocked, id=5268, stack(0x0000007ede400000,0x0000007ede500000)]
  0x0000018cf10f7820 JavaThread "Common-Cleaner" daemon [_thread_blocked, id=10464, stack(0x0000007ede500000,0x0000007ede600000)]
  0x0000018cf1101d30 JavaThread "Notification Thread" daemon [_thread_blocked, id=7196, stack(0x0000007ede600000,0x0000007ede700000)]
  0x0000018cf2891040 JavaThread "Daemon health stats" [_thread_blocked, id=2932, stack(0x0000007edeb00000,0x0000007edec00000)]
  0x0000018cf1f50940 JavaThread "Incoming local TCP Connector on port 60000" [_thread_in_native, id=9448, stack(0x0000007eded00000,0x0000007edee00000)]
  0x0000018cf21c4050 JavaThread "Daemon periodic checks" [_thread_blocked, id=6484, stack(0x0000007edee00000,0x0000007edef00000)]
  0x0000018cf2bd0080 JavaThread "Daemon" [_thread_blocked, id=1788, stack(0x0000007edef00000,0x0000007edf000000)]
  0x0000018cf2959010 JavaThread "Handler for socket connection from /127.0.0.1:60000 to /127.0.0.1:60001" [_thread_in_native, id=10420, stack(0x0000007edf000000,0x0000007edf100000)]
  0x0000018cf2746e10 JavaThread "Cancel handler" [_thread_blocked, id=1876, stack(0x0000007edf100000,0x0000007edf200000)]
  0x0000018cf2744080 JavaThread "Daemon worker" [_thread_blocked, id=13116, stack(0x0000007edf200000,0x0000007edf300000)]
  0x0000018cf27463f0 JavaThread "Asynchronous log dispatcher for DefaultDaemonConnection: socket connection from /127.0.0.1:60000 to /127.0.0.1:60001" [_thread_blocked, id=10744, stack(0x0000007edf300000,0x0000007edf400000)]
  0x0000018cf2747320 JavaThread "Stdin handler" [_thread_blocked, id=12184, stack(0x0000007edf400000,0x0000007edf500000)]
  0x0000018cf2744590 JavaThread "Daemon client event forwarder" [_thread_blocked, id=1604, stack(0x0000007edf500000,0x0000007edf600000)]
  0x0000018cf2745ee0 JavaThread "Cache worker for journal cache (C:\Users\ASUS\.gradle\caches\journal-1)" [_thread_blocked, id=12896, stack(0x0000007edf600000,0x0000007edf700000)]
  0x0000018cf2744fb0 JavaThread "File lock request listener" [_thread_in_native, id=11128, stack(0x0000007edf700000,0x0000007edf800000)]
  0x0000018cf27454c0 JavaThread "Cache worker for file hash cache (C:\Users\ASUS\.gradle\caches\7.5\fileHashes)" [_thread_blocked, id=9932, stack(0x0000007edf800000,0x0000007edf900000)]
  0x0000018cf2746900 JavaThread "File watcher server" daemon [_thread_in_native, id=11952, stack(0x0000007edec00000,0x0000007eded00000)]
  0x0000018cf27459d0 JavaThread "File watcher consumer" daemon [_thread_blocked, id=8720, stack(0x0000007edf900000,0x0000007edfa00000)]
  0x0000018cf2747830 JavaThread "jar transforms" [_thread_blocked, id=9904, stack(0x0000007edfa00000,0x0000007edfb00000)]
  0x0000018cf2080390 JavaThread "jar transforms Thread 2" [_thread_blocked, id=3844, stack(0x0000007edfb00000,0x0000007edfc00000)]
  0x0000018cf2083b40 JavaThread "jar transforms Thread 3" [_thread_blocked, id=11940, stack(0x0000007edfc00000,0x0000007edfd00000)]
  0x0000018cf2084f80 JavaThread "jar transforms Thread 4" [_thread_blocked, id=2480, stack(0x0000007edfd00000,0x0000007edfe00000)]
  0x0000018cf20817d0 JavaThread "Cache worker for checksums cache (E:\Project Coba-coba\Mapbox\.gradle\7.5\checksums)" [_thread_blocked, id=12540, stack(0x0000007edfe00000,0x0000007edff00000)]
  0x0000018cf2084a70 JavaThread "Cache worker for cache directory md-rule (C:\Users\ASUS\.gradle\caches\7.5\md-rule)" [_thread_blocked, id=6932, stack(0x0000007edff00000,0x0000007ee0000000)]
  0x0000018cf2084560 JavaThread "Cache worker for file content cache (C:\Users\ASUS\.gradle\caches\7.5\fileContent)" [_thread_blocked, id=10060, stack(0x0000007ee0000000,0x0000007ee0100000)]
  0x0000018cf2080db0 JavaThread "Cache worker for file hash cache (E:\Project Coba-coba\Mapbox\.gradle\7.5\fileHashes)" [_thread_blocked, id=6536, stack(0x0000007ee0100000,0x0000007ee0200000)]
  0x0000018cf2082c10 JavaThread "Cache worker for cache directory md-supplier (C:\Users\ASUS\.gradle\caches\7.5\md-supplier)" [_thread_blocked, id=4824, stack(0x0000007ee0200000,0x0000007ee0300000)]
  0x0000018cf20821f0 JavaThread "Cache worker for execution history cache (C:\Users\ASUS\.gradle\caches\7.5\executionHistory)" [_thread_blocked, id=6604, stack(0x0000007ee0300000,0x0000007ee0400000)]
  0x0000018cf20812c0 JavaThread "Cache worker for kotlin-dsl (C:\Users\ASUS\.gradle\caches\7.5\kotlin-dsl)" [_thread_blocked, id=12708, stack(0x0000007ee0400000,0x0000007ee0500000)]
  0x0000018cf2083120 JavaThread "Cache worker for dependencies-accessors (E:\Project Coba-coba\Mapbox\.gradle\7.5\dependencies-accessors)" [_thread_blocked, id=11712, stack(0x0000007ee0500000,0x0000007ee0600000)]
  0x0000018cf207fe80 JavaThread "Cache worker for Build Output Cleanup Cache (E:\Project Coba-coba\Mapbox\.gradle\buildOutputCleanup)" [_thread_blocked, id=1132, stack(0x0000007ee0600000,0x0000007ee0700000)]
  0x0000018cf20868d0 JavaThread "Unconstrained build operations" [_thread_blocked, id=11744, stack(0x0000007ee0700000,0x0000007ee0800000)]
  0x0000018cf2083630 JavaThread "Unconstrained build operations Thread 2" [_thread_blocked, id=10268, stack(0x0000007ee0800000,0x0000007ee0900000)]
  0x0000018cf2085eb0 JavaThread "Unconstrained build operations Thread 3" [_thread_blocked, id=764, stack(0x0000007ee0900000,0x0000007ee0a00000)]
  0x0000018cf2086de0 JavaThread "Unconstrained build operations Thread 4" [_thread_blocked, id=5276, stack(0x0000007ee0a00000,0x0000007ee0b00000)]
  0x0000018cf20872f0 JavaThread "Unconstrained build operations Thread 5" [_thread_blocked, id=7640, stack(0x0000007ee0b00000,0x0000007ee0c00000)]
  0x0000018cf2087800 JavaThread "Unconstrained build operations Thread 6" [_thread_blocked, id=1308, stack(0x0000007ee0c00000,0x0000007ee0d00000)]
  0x0000018cf20808a0 JavaThread "Unconstrained build operations Thread 7" [_thread_blocked, id=6816, stack(0x0000007ee0d00000,0x0000007ee0e00000)]
  0x0000018cf5fc38c0 JavaThread "Unconstrained build operations Thread 8" [_thread_blocked, id=6372, stack(0x0000007ee0e00000,0x0000007ee0f00000)]
  0x0000018cf5fc3dd0 JavaThread "Unconstrained build operations Thread 9" [_thread_blocked, id=12732, stack(0x0000007ee0f00000,0x0000007ee1000000)]
  0x0000018cf5fc33b0 JavaThread "Unconstrained build operations Thread 10" [_thread_blocked, id=6756, stack(0x0000007ee1000000,0x0000007ee1100000)]
  0x0000018cf5fc42e0 JavaThread "Unconstrained build operations Thread 11" [_thread_blocked, id=8576, stack(0x0000007ee1100000,0x0000007ee1200000)]
  0x0000018cf5fbe7c0 JavaThread "Unconstrained build operations Thread 12" [_thread_blocked, id=9724, stack(0x0000007ee1200000,0x0000007ee1300000)]
  0x0000018cf5fc1550 JavaThread "Unconstrained build operations Thread 13" [_thread_blocked, id=2520, stack(0x0000007ee1300000,0x0000007ee1400000)]
  0x0000018cf5fbfc00 JavaThread "Unconstrained build operations Thread 14" [_thread_blocked, id=6780, stack(0x0000007ee1400000,0x0000007ee1500000)]
  0x0000018cf5fbe2b0 JavaThread "Unconstrained build operations Thread 15" [_thread_blocked, id=10972, stack(0x0000007ee1500000,0x0000007ee1600000)]
  0x0000018cf5fc2480 JavaThread "Unconstrained build operations Thread 16" [_thread_blocked, id=5300, stack(0x0000007ee1600000,0x0000007ee1700000)]
  0x0000018cf5fc0b30 JavaThread "Unconstrained build operations Thread 17" [_thread_blocked, id=4452, stack(0x0000007ee1700000,0x0000007ee1800000)]
  0x0000018cf5fbdda0 JavaThread "Unconstrained build operations Thread 18" [_thread_blocked, id=10812, stack(0x0000007ee1800000,0x0000007ee1900000)]
  0x0000018cf5fbf1e0 JavaThread "Unconstrained build operations Thread 19" [_thread_blocked, id=12668, stack(0x0000007ee1900000,0x0000007ee1a00000)]
  0x0000018cf5fc47f0 JavaThread "Unconstrained build operations Thread 20" [_thread_blocked, id=11208, stack(0x0000007ee1a00000,0x0000007ee1b00000)]
  0x0000018cf5fbd380 JavaThread "Unconstrained build operations Thread 21" [_thread_blocked, id=10304, stack(0x0000007ee1b00000,0x0000007ee1c00000)]
  0x0000018cf5fc4d00 JavaThread "Unconstrained build operations Thread 22" [_thread_blocked, id=1312, stack(0x0000007ee1c00000,0x0000007ee1d00000)]
  0x0000018cf5fbecd0 JavaThread "Unconstrained build operations Thread 23" [_thread_blocked, id=11532, stack(0x0000007ee1d00000,0x0000007ee1e00000)]
  0x0000018cf5fc2990 JavaThread "Unconstrained build operations Thread 24" [_thread_blocked, id=6508, stack(0x0000007ee1e00000,0x0000007ee1f00000)]
  0x0000018cf5fbf6f0 JavaThread "Unconstrained build operations Thread 25" [_thread_blocked, id=3192, stack(0x0000007ee1f00000,0x0000007ee2000000)]
  0x0000018cf5fc1040 JavaThread "Unconstrained build operations Thread 26" [_thread_blocked, id=11788, stack(0x0000007ee2000000,0x0000007ee2100000)]
  0x0000018cf5fc0110 JavaThread "Unconstrained build operations Thread 27" [_thread_blocked, id=10364, stack(0x0000007ee2100000,0x0000007ee2200000)]
  0x0000018cf5fbd890 JavaThread "Unconstrained build operations Thread 28" [_thread_blocked, id=8688, stack(0x0000007ee2200000,0x0000007ee2300000)]
  0x0000018cf5fc0620 JavaThread "Unconstrained build operations Thread 29" [_thread_blocked, id=2744, stack(0x0000007ee2300000,0x0000007ee2400000)]
  0x0000018cf5fc1a60 JavaThread "Unconstrained build operations Thread 30" [_thread_blocked, id=6496, stack(0x0000007ee2400000,0x0000007ee2500000)]
  0x0000018cf5fc1f70 JavaThread "Unconstrained build operations Thread 31" [_thread_blocked, id=11688, stack(0x0000007ee2500000,0x0000007ee2600000)]
  0x0000018cf5fc2ea0 JavaThread "Unconstrained build operations Thread 32" [_thread_blocked, id=5960, stack(0x0000007ee2600000,0x0000007ee2700000)]
  0x0000018cf126f240 JavaThread "Unconstrained build operations Thread 33" [_thread_blocked, id=10552, stack(0x0000007ee2700000,0x0000007ee2800000)]
  0x0000018cf126c9c0 JavaThread "Unconstrained build operations Thread 34" [_thread_blocked, id=576, stack(0x0000007ee2800000,0x0000007ee2900000)]
  0x0000018cf126de00 JavaThread "Unconstrained build operations Thread 35" [_thread_blocked, id=7480, stack(0x0000007ee2900000,0x0000007ee2a00000)]
  0x0000018cf126a140 JavaThread "Unconstrained build operations Thread 36" [_thread_blocked, id=1212, stack(0x0000007ee2a00000,0x0000007ee2b00000)]
  0x0000018cf126f750 JavaThread "Unconstrained build operations Thread 37" [_thread_blocked, id=13128, stack(0x0000007ee2b00000,0x0000007ee2c00000)]
  0x0000018cf126ab60 JavaThread "Unconstrained build operations Thread 38" [_thread_blocked, id=3660, stack(0x0000007ee2c00000,0x0000007ee2d00000)]
  0x0000018cf126fc60 JavaThread "Unconstrained build operations Thread 39" [_thread_blocked, id=6376, stack(0x0000007ee2d00000,0x0000007ee2e00000)]
  0x0000018cf126ced0 JavaThread "Unconstrained build operations Thread 40" [_thread_blocked, id=4364, stack(0x0000007ee2e00000,0x0000007ee2f00000)]
  0x0000018cf126a650 JavaThread "Memory manager" [_thread_blocked, id=1768, stack(0x0000007ee2f00000,0x0000007ee3000000)]
  0x0000018cf126ed30 JavaThread "pool-3-thread-1" [_thread_blocked, id=5340, stack(0x0000007ee3000000,0x0000007ee3100000)]

Other Threads:
=>0x0000018cabe57770 VMThread "VM Thread" [stack: 0x0000007eddb00000,0x0000007eddc00000] [id=3012]
  0x0000018cf10f54f0 WatcherThread [stack: 0x0000007ede700000,0x0000007ede800000] [id=6300]
  0x0000018c8e251720 GCTaskThread "GC Thread#0" [stack: 0x0000007edd600000,0x0000007edd700000] [id=12676]
  0x0000018cf1529150 GCTaskThread "GC Thread#1" [stack: 0x0000007ede900000,0x0000007edea00000] [id=6008]
  0x0000018cf1311200 GCTaskThread "GC Thread#2" [stack: 0x0000007edea00000,0x0000007edeb00000] [id=9740]
  0x0000018cf1af32e0 GCTaskThread "GC Thread#3" [stack: 0x0000007ede800000,0x0000007ede900000] [id=1584]
  0x0000018c8e263590 ConcurrentGCThread "G1 Main Marker" [stack: 0x0000007edd700000,0x0000007edd800000] [id=9088]
  0x0000018c8e265670 ConcurrentGCThread "G1 Conc#0" [stack: 0x0000007edd800000,0x0000007edd900000] [id=5884]
  0x0000018c8e2be100 ConcurrentGCThread "G1 Refine#0" [stack: 0x0000007edd900000,0x0000007edda00000] [id=7564]
  0x0000018c8e2bea40 ConcurrentGCThread "G1 Service" [stack: 0x0000007edda00000,0x0000007eddb00000] [id=1272]

Threads with active compile tasks:
C2 CompilerThread0    15708 8699       4       java.lang.Class::getInterfaces (49 bytes)

VM state: at safepoint (normal execution)

VM Mutex/Monitor currently owned by a thread:  ([mutex/lock_event])
[0x0000018c8e1f1e90] Threads_lock - owner thread: 0x0000018cabe57770
[0x0000018c8e1f2550] Heap_lock - owner thread: 0x0000018cf2744080

Heap address: 0x0000000080000000, size: 2048 MB, Compressed Oops mode: 32-bit

CDS archive(s) mapped at: [0x0000018cac000000-0x0000018cacc00000-0x0000018cacc00000), size 12582912, SharedBaseAddress: 0x0000018cac000000, ArchiveRelocationMode: 1.
Compressed class space mapped at: 0x0000018cad000000-0x0000018ced000000, reserved size: 1073741824
Narrow klass base: 0x0000018cac000000, Narrow klass shift: 0, Narrow klass range: 0x100000000

GC Precious Log:
 CPUs: 4 total, 4 available
 Memory: 8085M
 Large Page Support: Disabled
 NUMA Support: Disabled
 Compressed Oops: Enabled (32-bit)
 Heap Region Size: 1M
 Heap Min Capacity: 8M
 Heap Initial Capacity: 128M
 Heap Max Capacity: 2G
 Pre-touch: Disabled
 Parallel Workers: 4
 Concurrent Workers: 1
 Concurrent Refinement Workers: 4
 Periodic GC: Disabled

Heap:
 garbage-first heap   total 181248K, used 105535K [0x0000000080000000, 0x0000000100000000)
  region size 1024K, 5 young (5120K), 5 survivors (5120K)
 Metaspace       used 76869K, committed 77632K, reserved 1179648K
  class space    used 10461K, committed 10816K, reserved 1048576K

Heap Regions: E=young(eden), S=young(survivor), O=old, HS=humongous(starts), HC=humongous(continues), CS=collection set, F=free, OA=open archive, CA=closed archive, TAMS=top-at-mark-start (previous, next)
|   0|0x0000000080000000, 0x0000000080100000, 0x0000000080100000|100%|HS|  |TAMS 0x0000000080100000, 0x0000000080100000| Complete 
|   1|0x0000000080100000, 0x0000000080200000, 0x0000000080200000|100%|HC|  |TAMS 0x0000000080200000, 0x0000000080200000| Complete 
|   2|0x0000000080200000, 0x0000000080300000, 0x0000000080300000|100%|HC|  |TAMS 0x0000000080300000, 0x0000000080300000| Complete 
|   3|0x0000000080300000, 0x0000000080400000, 0x0000000080400000|100%| O|  |TAMS 0x0000000080400000, 0x0000000080400000| Untracked 
|   4|0x0000000080400000, 0x0000000080500000, 0x0000000080500000|100%| O|  |TAMS 0x0000000080500000, 0x0000000080500000| Untracked 
|   5|0x0000000080500000, 0x0000000080600000, 0x0000000080600000|100%| O|  |TAMS 0x0000000080600000, 0x0000000080600000| Untracked 
|   6|0x0000000080600000, 0x0000000080700000, 0x0000000080700000|100%| O|  |TAMS 0x0000000080700000, 0x0000000080700000| Untracked 
|   7|0x0000000080700000, 0x0000000080800000, 0x0000000080800000|100%| O|  |TAMS 0x0000000080800000, 0x0000000080800000| Untracked 
|   8|0x0000000080800000, 0x0000000080900000, 0x0000000080900000|100%| O|  |TAMS 0x0000000080900000, 0x0000000080900000| Untracked 
|   9|0x0000000080900000, 0x0000000080a00000, 0x0000000080a00000|100%| O|  |TAMS 0x0000000080a00000, 0x0000000080a00000| Untracked 
|  10|0x0000000080a00000, 0x0000000080b00000, 0x0000000080b00000|100%| O|  |TAMS 0x0000000080b00000, 0x0000000080b00000| Untracked 
|  11|0x0000000080b00000, 0x0000000080c00000, 0x0000000080c00000|100%|HS|  |TAMS 0x0000000080c00000, 0x0000000080c00000| Complete 
|  12|0x0000000080c00000, 0x0000000080d00000, 0x0000000080d00000|100%|HC|  |TAMS 0x0000000080d00000, 0x0000000080d00000| Complete 
|  13|0x0000000080d00000, 0x0000000080e00000, 0x0000000080e00000|100%|HS|  |TAMS 0x0000000080e00000, 0x0000000080e00000| Complete 
|  14|0x0000000080e00000, 0x0000000080f00000, 0x0000000080f00000|100%|HC|  |TAMS 0x0000000080f00000, 0x0000000080f00000| Complete 
|  15|0x0000000080f00000, 0x0000000081000000, 0x0000000081000000|100%|HC|  |TAMS 0x0000000081000000, 0x0000000081000000| Complete 
|  16|0x0000000081000000, 0x0000000081100000, 0x0000000081100000|100%|HS|  |TAMS 0x0000000081100000, 0x0000000081100000| Complete 
|  17|0x0000000081100000, 0x0000000081200000, 0x0000000081200000|100%|HC|  |TAMS 0x0000000081200000, 0x0000000081200000| Complete 
|  18|0x0000000081200000, 0x0000000081300000, 0x0000000081300000|100%|HC|  |TAMS 0x0000000081300000, 0x0000000081300000| Complete 
|  19|0x0000000081300000, 0x0000000081400000, 0x0000000081400000|100%|HS|  |TAMS 0x0000000081400000, 0x0000000081400000| Complete 
|  20|0x0000000081400000, 0x0000000081500000, 0x0000000081500000|100%|HC|  |TAMS 0x0000000081500000, 0x0000000081500000| Complete 
|  21|0x0000000081500000, 0x0000000081600000, 0x0000000081600000|100%|HC|  |TAMS 0x0000000081600000, 0x0000000081600000| Complete 
|  22|0x0000000081600000, 0x0000000081700000, 0x0000000081700000|100%|HC|  |TAMS 0x0000000081700000, 0x0000000081700000| Complete 
|  23|0x0000000081700000, 0x0000000081800000, 0x0000000081800000|100%|HC|  |TAMS 0x0000000081800000, 0x0000000081800000| Complete 
|  24|0x0000000081800000, 0x0000000081900000, 0x0000000081900000|100%|HC|  |TAMS 0x0000000081900000, 0x0000000081900000| Complete 
|  25|0x0000000081900000, 0x0000000081a00000, 0x0000000081a00000|100%|HC|  |TAMS 0x0000000081a00000, 0x0000000081a00000| Complete 
|  26|0x0000000081a00000, 0x0000000081b00000, 0x0000000081b00000|100%|HC|  |TAMS 0x0000000081b00000, 0x0000000081b00000| Complete 
|  27|0x0000000081b00000, 0x0000000081c00000, 0x0000000081c00000|100%|HC|  |TAMS 0x0000000081c00000, 0x0000000081c00000| Complete 
|  28|0x0000000081c00000, 0x0000000081d00000, 0x0000000081d00000|100%|HC|  |TAMS 0x0000000081d00000, 0x0000000081d00000| Complete 
|  29|0x0000000081d00000, 0x0000000081e00000, 0x0000000081e00000|100%|HC|  |TAMS 0x0000000081e00000, 0x0000000081e00000| Complete 
|  30|0x0000000081e00000, 0x0000000081f00000, 0x0000000081f00000|100%|HC|  |TAMS 0x0000000081f00000, 0x0000000081f00000| Complete 
|  31|0x0000000081f00000, 0x0000000082000000, 0x0000000082000000|100%|HS|  |TAMS 0x0000000082000000, 0x0000000082000000| Complete 
|  32|0x0000000082000000, 0x0000000082100000, 0x0000000082100000|100%|HC|  |TAMS 0x0000000082100000, 0x0000000082100000| Complete 
|  33|0x0000000082100000, 0x0000000082200000, 0x0000000082200000|100%| O|  |TAMS 0x0000000082200000, 0x0000000082200000| Untracked 
|  34|0x0000000082200000, 0x0000000082300000, 0x0000000082300000|100%| O|  |TAMS 0x0000000082300000, 0x0000000082300000| Untracked 
|  35|0x0000000082300000, 0x0000000082400000, 0x0000000082400000|100%| O|  |TAMS 0x0000000082400000, 0x0000000082400000| Untracked 
|  36|0x0000000082400000, 0x0000000082500000, 0x0000000082500000|100%| O|  |TAMS 0x0000000082500000, 0x0000000082500000| Untracked 
|  37|0x0000000082500000, 0x0000000082600000, 0x0000000082600000|100%| O|  |TAMS 0x0000000082600000, 0x0000000082600000| Untracked 
|  38|0x0000000082600000, 0x0000000082700000, 0x0000000082700000|100%| O|  |TAMS 0x0000000082700000, 0x0000000082700000| Untracked 
|  39|0x0000000082700000, 0x0000000082800000, 0x0000000082800000|100%| O|  |TAMS 0x0000000082800000, 0x0000000082800000| Untracked 
|  40|0x0000000082800000, 0x0000000082900000, 0x0000000082900000|100%| O|  |TAMS 0x0000000082900000, 0x0000000082900000| Untracked 
|  41|0x0000000082900000, 0x0000000082a00000, 0x0000000082a00000|100%| O|  |TAMS 0x0000000082a00000, 0x0000000082a00000| Untracked 
|  42|0x0000000082a00000, 0x0000000082b00000, 0x0000000082b00000|100%| O|  |TAMS 0x0000000082b00000, 0x0000000082b00000| Untracked 
|  43|0x0000000082b00000, 0x0000000082c00000, 0x0000000082c00000|100%| O|  |TAMS 0x0000000082c00000, 0x0000000082c00000| Untracked 
|  44|0x0000000082c00000, 0x0000000082d00000, 0x0000000082d00000|100%| O|  |TAMS 0x0000000082d00000, 0x0000000082d00000| Untracked 
|  45|0x0000000082d00000, 0x0000000082e00000, 0x0000000082e00000|100%| O|  |TAMS 0x0000000082e00000, 0x0000000082e00000| Untracked 
|  46|0x0000000082e00000, 0x0000000082f00000, 0x0000000082f00000|100%| O|  |TAMS 0x0000000082f00000, 0x0000000082f00000| Untracked 
|  47|0x0000000082f00000, 0x0000000083000000, 0x0000000083000000|100%|HS|  |TAMS 0x0000000083000000, 0x0000000083000000| Complete 
|  48|0x0000000083000000, 0x0000000083100000, 0x0000000083100000|100%|HC|  |TAMS 0x0000000083100000, 0x0000000083100000| Complete 
|  49|0x0000000083100000, 0x0000000083200000, 0x0000000083200000|100%|HC|  |TAMS 0x0000000083200000, 0x0000000083200000| Complete 
|  50|0x0000000083200000, 0x0000000083300000, 0x0000000083300000|100%| O|  |TAMS 0x0000000083300000, 0x0000000083300000| Untracked 
|  51|0x0000000083300000, 0x0000000083400000, 0x0000000083400000|100%| O|  |TAMS 0x0000000083400000, 0x0000000083400000| Untracked 
|  52|0x0000000083400000, 0x0000000083400000, 0x0000000083500000|  0%| F|  |TAMS 0x0000000083400000, 0x0000000083400000| Untracked 
|  53|0x0000000083500000, 0x0000000083600000, 0x0000000083600000|100%| O|  |TAMS 0x0000000083500000, 0x0000000083600000| Untracked 
|  54|0x0000000083600000, 0x0000000083700000, 0x0000000083700000|100%| O|  |TAMS 0x0000000083700000, 0x0000000083700000| Untracked 
|  55|0x0000000083700000, 0x0000000083800000, 0x0000000083800000|100%| O|  |TAMS 0x0000000083800000, 0x0000000083800000| Untracked 
|  56|0x0000000083800000, 0x0000000083900000, 0x0000000083900000|100%| O|  |TAMS 0x0000000083900000, 0x0000000083900000| Untracked 
|  57|0x0000000083900000, 0x0000000083a00000, 0x0000000083a00000|100%| O|  |TAMS 0x0000000083a00000, 0x0000000083a00000| Untracked 
|  58|0x0000000083a00000, 0x0000000083b00000, 0x0000000083b00000|100%|HS|  |TAMS 0x0000000083b00000, 0x0000000083b00000| Complete 
|  59|0x0000000083b00000, 0x0000000083c00000, 0x0000000083c00000|100%|HC|  |TAMS 0x0000000083c00000, 0x0000000083c00000| Complete 
|  60|0x0000000083c00000, 0x0000000083d00000, 0x0000000083d00000|100%|HC|  |TAMS 0x0000000083d00000, 0x0000000083d00000| Complete 
|  61|0x0000000083d00000, 0x0000000083e00000, 0x0000000083e00000|100%| O|  |TAMS 0x0000000083e00000, 0x0000000083e00000| Untracked 
|  62|0x0000000083e00000, 0x0000000083f00000, 0x0000000083f00000|100%| O|  |TAMS 0x0000000083f00000, 0x0000000083f00000| Untracked 
|  63|0x0000000083f00000, 0x0000000084000000, 0x0000000084000000|100%| O|  |TAMS 0x0000000084000000, 0x0000000084000000| Untracked 
|  64|0x0000000084000000, 0x0000000084100000, 0x0000000084100000|100%| O|  |TAMS 0x0000000084100000, 0x0000000084100000| Untracked 
|  65|0x0000000084100000, 0x0000000084200000, 0x0000000084200000|100%|HS|  |TAMS 0x0000000084200000, 0x0000000084200000| Complete 
|  66|0x0000000084200000, 0x0000000084300000, 0x0000000084300000|100%|HS|  |TAMS 0x0000000084300000, 0x0000000084300000| Complete 
|  67|0x0000000084300000, 0x0000000084400000, 0x0000000084400000|100%|HC|  |TAMS 0x0000000084400000, 0x0000000084400000| Complete 
|  68|0x0000000084400000, 0x0000000084500000, 0x0000000084500000|100%|HS|  |TAMS 0x0000000084500000, 0x0000000084500000| Complete 
|  69|0x0000000084500000, 0x0000000084600000, 0x0000000084600000|100%|HS|  |TAMS 0x0000000084600000, 0x0000000084600000| Complete 
|  70|0x0000000084600000, 0x0000000084700000, 0x0000000084700000|100%|HC|  |TAMS 0x0000000084700000, 0x0000000084700000| Complete 
|  71|0x0000000084700000, 0x0000000084800000, 0x0000000084800000|100%|HC|  |TAMS 0x0000000084800000, 0x0000000084800000| Complete 
|  72|0x0000000084800000, 0x0000000084900000, 0x0000000084900000|100%|HC|  |TAMS 0x0000000084900000, 0x0000000084900000| Complete 
|  73|0x0000000084900000, 0x0000000084a00000, 0x0000000084a00000|100%| O|  |TAMS 0x0000000084a00000, 0x0000000084a00000| Untracked 
|  74|0x0000000084a00000, 0x0000000084b00000, 0x0000000084b00000|100%| O|  |TAMS 0x0000000084b00000, 0x0000000084b00000| Untracked 
|  75|0x0000000084b00000, 0x0000000084c00000, 0x0000000084c00000|100%| O|  |TAMS 0x0000000084c00000, 0x0000000084c00000| Untracked 
|  76|0x0000000084c00000, 0x0000000084d00000, 0x0000000084d00000|100%| O|  |TAMS 0x0000000084d00000, 0x0000000084d00000| Untracked 
|  77|0x0000000084d00000, 0x0000000084e00000, 0x0000000084e00000|100%| O|  |TAMS 0x0000000084e00000, 0x0000000084e00000| Untracked 
|  78|0x0000000084e00000, 0x0000000084f00000, 0x0000000084f00000|100%| O|  |TAMS 0x0000000084f00000, 0x0000000084f00000| Untracked 
|  79|0x0000000084f00000, 0x0000000085000000, 0x0000000085000000|100%| O|  |TAMS 0x0000000085000000, 0x0000000085000000| Untracked 
|  80|0x0000000085000000, 0x0000000085100000, 0x0000000085100000|100%| O|  |TAMS 0x0000000085100000, 0x0000000085100000| Untracked 
|  81|0x0000000085100000, 0x0000000085200000, 0x0000000085200000|100%| O|  |TAMS 0x0000000085200000, 0x0000000085200000| Untracked 
|  82|0x0000000085200000, 0x0000000085300000, 0x0000000085300000|100%| O|  |TAMS 0x0000000085300000, 0x0000000085300000| Untracked 
|  83|0x0000000085300000, 0x0000000085400000, 0x0000000085400000|100%| O|  |TAMS 0x0000000085400000, 0x0000000085400000| Untracked 
|  84|0x0000000085400000, 0x0000000085500000, 0x0000000085500000|100%| O|  |TAMS 0x0000000085500000, 0x0000000085500000| Untracked 
|  85|0x0000000085500000, 0x0000000085600000, 0x0000000085600000|100%| O|  |TAMS 0x0000000085600000, 0x0000000085600000| Untracked 
|  86|0x0000000085600000, 0x0000000085700000, 0x0000000085700000|100%| O|  |TAMS 0x0000000085700000, 0x0000000085700000| Untracked 
|  87|0x0000000085700000, 0x0000000085800000, 0x0000000085800000|100%| O|  |TAMS 0x0000000085800000, 0x0000000085800000| Untracked 
|  88|0x0000000085800000, 0x0000000085900000, 0x0000000085900000|100%| O|  |TAMS 0x0000000085900000, 0x0000000085900000| Untracked 
|  89|0x0000000085900000, 0x0000000085a00000, 0x0000000085a00000|100%| O|  |TAMS 0x0000000085a00000, 0x0000000085a00000| Untracked 
|  90|0x0000000085a00000, 0x0000000085b00000, 0x0000000085b00000|100%| O|  |TAMS 0x0000000085b00000, 0x0000000085b00000| Untracked 
|  91|0x0000000085b00000, 0x0000000085c00000, 0x0000000085c00000|100%| O|  |TAMS 0x0000000085b7a000, 0x0000000085c00000| Untracked 
|  92|0x0000000085c00000, 0x0000000085d00000, 0x0000000085d00000|100%| O|  |TAMS 0x0000000085d00000, 0x0000000085d00000| Untracked 
|  93|0x0000000085d00000, 0x0000000085e00000, 0x0000000085e00000|100%| O|  |TAMS 0x0000000085e00000, 0x0000000085e00000| Untracked 
|  94|0x0000000085e00000, 0x0000000085f00000, 0x0000000085f00000|100%| O|  |TAMS 0x0000000085f00000, 0x0000000085f00000| Untracked 
|  95|0x0000000085f00000, 0x0000000086000000, 0x0000000086000000|100%| O|  |TAMS 0x0000000086000000, 0x0000000086000000| Untracked 
|  96|0x0000000086000000, 0x0000000086100000, 0x0000000086100000|100%| O|  |TAMS 0x0000000086000000, 0x0000000086100000| Untracked 
|  97|0x0000000086100000, 0x0000000086200000, 0x0000000086200000|100%| O|  |TAMS 0x0000000086100000, 0x0000000086200000| Untracked 
|  98|0x0000000086200000, 0x0000000086300000, 0x0000000086300000|100%| O|  |TAMS 0x0000000086200000, 0x0000000086300000| Untracked 
|  99|0x0000000086300000, 0x00000000863c6000, 0x0000000086400000| 77%| O|  |TAMS 0x0000000086300000, 0x00000000863c6000| Untracked 
| 100|0x0000000086400000, 0x0000000086400000, 0x0000000086500000|  0%| F|  |TAMS 0x0000000086400000, 0x0000000086400000| Untracked 
| 101|0x0000000086500000, 0x0000000086500000, 0x0000000086600000|  0%| F|  |TAMS 0x0000000086500000, 0x0000000086500000| Untracked 
| 102|0x0000000086600000, 0x0000000086600000, 0x0000000086700000|  0%| F|  |TAMS 0x0000000086600000, 0x0000000086600000| Untracked 
| 103|0x0000000086700000, 0x0000000086700000, 0x0000000086800000|  0%| F|  |TAMS 0x0000000086700000, 0x0000000086700000| Untracked 
| 104|0x0000000086800000, 0x0000000086800000, 0x0000000086900000|  0%| F|  |TAMS 0x0000000086800000, 0x0000000086800000| Untracked 
| 105|0x0000000086900000, 0x0000000086900000, 0x0000000086a00000|  0%| F|  |TAMS 0x0000000086900000, 0x0000000086900000| Untracked 
| 106|0x0000000086a00000, 0x0000000086a00000, 0x0000000086b00000|  0%| F|  |TAMS 0x0000000086a00000, 0x0000000086a00000| Untracked 
| 107|0x0000000086b00000, 0x0000000086b00000, 0x0000000086c00000|  0%| F|  |TAMS 0x0000000086b00000, 0x0000000086b00000| Untracked 
| 108|0x0000000086c00000, 0x0000000086c00000, 0x0000000086d00000|  0%| F|  |TAMS 0x0000000086c00000, 0x0000000086c00000| Untracked 
| 109|0x0000000086d00000, 0x0000000086d00000, 0x0000000086e00000|  0%| F|  |TAMS 0x0000000086d00000, 0x0000000086d00000| Untracked 
| 110|0x0000000086e00000, 0x0000000086e00000, 0x0000000086f00000|  0%| F|  |TAMS 0x0000000086e00000, 0x0000000086e00000| Untracked 
| 111|0x0000000086f00000, 0x0000000086f00000, 0x0000000087000000|  0%| F|  |TAMS 0x0000000086f00000, 0x0000000086f00000| Untracked 
| 112|0x0000000087000000, 0x0000000087000000, 0x0000000087100000|  0%| F|  |TAMS 0x0000000087000000, 0x0000000087000000| Untracked 
| 113|0x0000000087100000, 0x0000000087100000, 0x0000000087200000|  0%| F|  |TAMS 0x0000000087100000, 0x0000000087100000| Untracked 
| 114|0x0000000087200000, 0x0000000087200000, 0x0000000087300000|  0%| F|  |TAMS 0x0000000087200000, 0x0000000087200000| Untracked 
| 115|0x0000000087300000, 0x0000000087300000, 0x0000000087400000|  0%| F|  |TAMS 0x0000000087300000, 0x0000000087300000| Untracked 
| 116|0x0000000087400000, 0x0000000087400000, 0x0000000087500000|  0%| F|  |TAMS 0x0000000087400000, 0x0000000087400000| Untracked 
| 117|0x0000000087500000, 0x0000000087500000, 0x0000000087600000|  0%| F|  |TAMS 0x0000000087500000, 0x0000000087500000| Untracked 
| 118|0x0000000087600000, 0x0000000087600000, 0x0000000087700000|  0%| F|  |TAMS 0x0000000087600000, 0x0000000087600000| Untracked 
| 119|0x0000000087700000, 0x0000000087700000, 0x0000000087800000|  0%| F|  |TAMS 0x0000000087700000, 0x0000000087700000| Untracked 
| 120|0x0000000087800000, 0x0000000087800000, 0x0000000087900000|  0%| F|  |TAMS 0x0000000087800000, 0x0000000087800000| Untracked 
| 121|0x0000000087900000, 0x0000000087900000, 0x0000000087a00000|  0%| F|  |TAMS 0x0000000087900000, 0x0000000087900000| Untracked 
| 122|0x0000000087a00000, 0x0000000087a00000, 0x0000000087b00000|  0%| F|  |TAMS 0x0000000087a00000, 0x0000000087a00000| Untracked 
| 123|0x0000000087b00000, 0x0000000087b00000, 0x0000000087c00000|  0%| F|  |TAMS 0x0000000087b00000, 0x0000000087b00000| Untracked 
| 124|0x0000000087c00000, 0x0000000087c00000, 0x0000000087d00000|  0%| F|  |TAMS 0x0000000087c00000, 0x0000000087c00000| Untracked 
| 125|0x0000000087d00000, 0x0000000087d00000, 0x0000000087e00000|  0%| F|  |TAMS 0x0000000087d00000, 0x0000000087d00000| Untracked 
| 126|0x0000000087e00000, 0x0000000087e00000, 0x0000000087f00000|  0%| F|  |TAMS 0x0000000087e00000, 0x0000000087e00000| Untracked 
| 127|0x0000000087f00000, 0x0000000087f00000, 0x0000000088000000|  0%| F|  |TAMS 0x0000000087f00000, 0x0000000087f00000| Untracked 
| 128|0x0000000088000000, 0x0000000088000000, 0x0000000088100000|  0%| F|  |TAMS 0x0000000088000000, 0x0000000088000000| Untracked 
| 129|0x0000000088100000, 0x0000000088100000, 0x0000000088200000|  0%| F|  |TAMS 0x0000000088100000, 0x0000000088100000| Untracked 
| 130|0x0000000088200000, 0x0000000088200000, 0x0000000088300000|  0%| F|  |TAMS 0x0000000088200000, 0x0000000088200000| Untracked 
| 131|0x0000000088300000, 0x0000000088300000, 0x0000000088400000|  0%| F|  |TAMS 0x0000000088300000, 0x0000000088300000| Untracked 
| 132|0x0000000088400000, 0x0000000088400000, 0x0000000088500000|  0%| F|  |TAMS 0x0000000088400000, 0x0000000088400000| Untracked 
| 133|0x0000000088500000, 0x0000000088500000, 0x0000000088600000|  0%| F|  |TAMS 0x0000000088500000, 0x0000000088500000| Untracked 
| 134|0x0000000088600000, 0x0000000088600000, 0x0000000088700000|  0%| F|  |TAMS 0x0000000088600000, 0x0000000088600000| Untracked 
| 135|0x0000000088700000, 0x0000000088700000, 0x0000000088800000|  0%| F|  |TAMS 0x0000000088700000, 0x0000000088700000| Untracked 
| 136|0x0000000088800000, 0x0000000088800000, 0x0000000088900000|  0%| F|  |TAMS 0x0000000088800000, 0x0000000088800000| Untracked 
| 137|0x0000000088900000, 0x0000000088900000, 0x0000000088a00000|  0%| F|  |TAMS 0x0000000088900000, 0x0000000088900000| Untracked 
| 138|0x0000000088a00000, 0x0000000088a00000, 0x0000000088b00000|  0%| F|  |TAMS 0x0000000088a00000, 0x0000000088a00000| Untracked 
| 139|0x0000000088b00000, 0x0000000088b00000, 0x0000000088c00000|  0%| F|  |TAMS 0x0000000088b00000, 0x0000000088b00000| Untracked 
| 140|0x0000000088c00000, 0x0000000088c00000, 0x0000000088d00000|  0%| F|  |TAMS 0x0000000088c00000, 0x0000000088c00000| Untracked 
| 141|0x0000000088d00000, 0x0000000088d00000, 0x0000000088e00000|  0%| F|  |TAMS 0x0000000088d00000, 0x0000000088d00000| Untracked 
| 142|0x0000000088e00000, 0x0000000088e00000, 0x0000000088f00000|  0%| F|  |TAMS 0x0000000088e00000, 0x0000000088e00000| Untracked 
| 143|0x0000000088f00000, 0x0000000088f49d68, 0x0000000089000000| 28%| S|CS|TAMS 0x0000000088f00000, 0x0000000088f00000| Complete 
| 144|0x0000000089000000, 0x0000000089100000, 0x0000000089100000|100%| S|CS|TAMS 0x0000000089000000, 0x0000000089000000| Complete 
| 145|0x0000000089100000, 0x0000000089200000, 0x0000000089200000|100%| S|CS|TAMS 0x0000000089100000, 0x0000000089100000| Complete 
| 146|0x0000000089200000, 0x0000000089300000, 0x0000000089300000|100%| S|CS|TAMS 0x0000000089200000, 0x0000000089200000| Complete 
| 147|0x0000000089300000, 0x0000000089400000, 0x0000000089400000|100%| S|CS|TAMS 0x0000000089300000, 0x0000000089300000| Complete 
| 148|0x0000000089400000, 0x0000000089400000, 0x0000000089500000|  0%| F|  |TAMS 0x0000000089400000, 0x0000000089400000| Untracked 
| 149|0x0000000089500000, 0x0000000089500000, 0x0000000089600000|  0%| F|  |TAMS 0x0000000089500000, 0x0000000089500000| Untracked 
| 150|0x0000000089600000, 0x0000000089600000, 0x0000000089700000|  0%| F|  |TAMS 0x0000000089600000, 0x0000000089600000| Untracked 
| 151|0x0000000089700000, 0x0000000089700000, 0x0000000089800000|  0%| F|  |TAMS 0x0000000089700000, 0x0000000089700000| Untracked 
| 152|0x0000000089800000, 0x0000000089800000, 0x0000000089900000|  0%| F|  |TAMS 0x0000000089800000, 0x0000000089800000| Untracked 
| 153|0x0000000089900000, 0x0000000089900000, 0x0000000089a00000|  0%| F|  |TAMS 0x0000000089900000, 0x0000000089900000| Untracked 
| 154|0x0000000089a00000, 0x0000000089a00000, 0x0000000089b00000|  0%| F|  |TAMS 0x0000000089a00000, 0x0000000089a00000| Untracked 
| 155|0x0000000089b00000, 0x0000000089b00000, 0x0000000089c00000|  0%| F|  |TAMS 0x0000000089b00000, 0x0000000089b00000| Untracked 
| 156|0x0000000089c00000, 0x0000000089c00000, 0x0000000089d00000|  0%| F|  |TAMS 0x0000000089c00000, 0x0000000089c00000| Untracked 
| 157|0x0000000089d00000, 0x0000000089d00000, 0x0000000089e00000|  0%| F|  |TAMS 0x0000000089d00000, 0x0000000089d00000| Untracked 
| 158|0x0000000089e00000, 0x0000000089e00000, 0x0000000089f00000|  0%| F|  |TAMS 0x0000000089e00000, 0x0000000089e00000| Untracked 
| 159|0x0000000089f00000, 0x0000000089f00000, 0x000000008a000000|  0%| F|  |TAMS 0x0000000089f00000, 0x0000000089f00000| Untracked 
| 160|0x000000008a000000, 0x000000008a000000, 0x000000008a100000|  0%| F|  |TAMS 0x000000008a000000, 0x000000008a000000| Untracked 
| 161|0x000000008a100000, 0x000000008a100000, 0x000000008a200000|  0%| F|  |TAMS 0x000000008a100000, 0x000000008a100000| Untracked 
| 162|0x000000008a200000, 0x000000008a200000, 0x000000008a300000|  0%| F|  |TAMS 0x000000008a200000, 0x000000008a200000| Untracked 
| 163|0x000000008a300000, 0x000000008a300000, 0x000000008a400000|  0%| F|  |TAMS 0x000000008a300000, 0x000000008a300000| Untracked 
| 164|0x000000008a400000, 0x000000008a400000, 0x000000008a500000|  0%| F|  |TAMS 0x000000008a400000, 0x000000008a400000| Untracked 
| 165|0x000000008a500000, 0x000000008a500000, 0x000000008a600000|  0%| F|  |TAMS 0x000000008a500000, 0x000000008a500000| Untracked 
| 166|0x000000008a600000, 0x000000008a600000, 0x000000008a700000|  0%| F|  |TAMS 0x000000008a600000, 0x000000008a600000| Untracked 
| 167|0x000000008a700000, 0x000000008a700000, 0x000000008a800000|  0%| F|  |TAMS 0x000000008a700000, 0x000000008a700000| Untracked 
| 168|0x000000008a800000, 0x000000008a800000, 0x000000008a900000|  0%| F|  |TAMS 0x000000008a800000, 0x000000008a800000| Untracked 
| 169|0x000000008a900000, 0x000000008a900000, 0x000000008aa00000|  0%| F|  |TAMS 0x000000008a900000, 0x000000008a900000| Untracked 
| 170|0x000000008aa00000, 0x000000008aa00000, 0x000000008ab00000|  0%| F|  |TAMS 0x000000008aa00000, 0x000000008aa00000| Untracked 
| 171|0x000000008ab00000, 0x000000008ab00000, 0x000000008ac00000|  0%| F|  |TAMS 0x000000008ab00000, 0x000000008ab00000| Untracked 
| 172|0x000000008ac00000, 0x000000008ac00000, 0x000000008ad00000|  0%| F|  |TAMS 0x000000008ac00000, 0x000000008ac00000| Untracked 
| 173|0x000000008ad00000, 0x000000008ad00000, 0x000000008ae00000|  0%| F|  |TAMS 0x000000008ad00000, 0x000000008ad00000| Untracked 
| 174|0x000000008ae00000, 0x000000008ae00000, 0x000000008af00000|  0%| F|  |TAMS 0x000000008ae00000, 0x000000008ae00000| Untracked 
| 175|0x000000008af00000, 0x000000008af00000, 0x000000008b000000|  0%| F|  |TAMS 0x000000008af00000, 0x000000008af00000| Untracked 
| 176|0x000000008b000000, 0x000000008b000000, 0x000000008b100000|  0%| F|  |TAMS 0x000000008b000000, 0x000000008b000000| Untracked 

Card table byte_map: [0x0000018ca5190000,0x0000018ca5590000] _byte_map_base: 0x0000018ca4d90000

Marking Bits (Prev, Next): (CMBitMap*) 0x0000018c8e251c50, (CMBitMap*) 0x0000018c8e251c90
 Prev Bits: [0x0000018ca5990000, 0x0000018ca7990000)
 Next Bits: [0x0000018ca7990000, 0x0000018ca9990000)

Polling page: 0x0000018c8d9c0000

Metaspace:

Usage:
  Non-class:     64.85 MB used.
      Class:     10.22 MB used.
       Both:     75.07 MB used.

Virtual space:
  Non-class space:      128.00 MB reserved,      65.25 MB ( 51%) committed,  2 nodes.
      Class space:        1.00 GB reserved,      10.56 MB (  1%) committed,  1 nodes.
             Both:        1.12 GB reserved,      75.81 MB (  7%) committed. 

Chunk freelists:
   Non-Class:  14.67 MB
       Class:  5.36 MB
        Both:  20.03 MB

MaxMetaspaceSize: unlimited
CompressedClassSpaceSize: 1.00 GB
Initial GC threshold: 21.00 MB
Current GC threshold: 112.75 MB
CDS: on
MetaspaceReclaimPolicy: balanced
 - commit_granule_bytes: 65536.
 - commit_granule_words: 8192.
 - virtual_space_node_default_size: 8388608.
 - enlarge_chunks_in_place: 1.
 - new_chunks_are_fully_committed: 0.
 - uncommit_free_chunks: 1.
 - use_allocation_guard: 0.
 - handle_deallocations: 1.


Internal statistics:

num_allocs_failed_limit: 6.
num_arena_births: 852.
num_arena_deaths: 0.
num_vsnodes_births: 3.
num_vsnodes_deaths: 0.
num_space_committed: 1213.
num_space_uncommitted: 0.
num_chunks_returned_to_freelist: 6.
num_chunks_taken_from_freelist: 3926.
num_chunk_merges: 6.
num_chunk_splits: 2669.
num_chunks_enlarged: 1829.
num_inconsistent_stats: 0.

CodeHeap 'non-profiled nmethods': size=120000Kb used=3207Kb max_used=3207Kb free=116792Kb
 bounds [0x0000018c9d860000, 0x0000018c9db90000, 0x0000018ca4d90000]
CodeHeap 'profiled nmethods': size=120000Kb used=14272Kb max_used=14290Kb free=105727Kb
 bounds [0x0000018c95d90000, 0x0000018c96b90000, 0x0000018c9d2c0000]
CodeHeap 'non-nmethods': size=5760Kb used=2395Kb max_used=2473Kb free=3364Kb
 bounds [0x0000018c9d2c0000, 0x0000018c9d540000, 0x0000018c9d860000]
 total_blobs=8694 nmethods=7768 adapters=836
 compilation: enabled
              stopped_count=0, restarted_count=0
 full_count=0

Compilation events (20 events):
Event: 15.587 Thread 0x0000018cf1020f80 8697       3       java.util.concurrent.locks.ReentrantReadWriteLock$NonfairSync::readerShouldBlock (5 bytes)
Event: 15.587 Thread 0x0000018cf1020f80 nmethod 8697 0x0000018c96b84190 code [0x0000018c96b84320, 0x0000018c96b84468]
Event: 15.587 Thread 0x0000018cf1020f80 8698       3       java.util.concurrent.locks.AbstractQueuedSynchronizer::apparentlyFirstQueuedIsExclusive (38 bytes)
Event: 15.587 Thread 0x0000018cf1020f80 nmethod 8698 0x0000018c96b84510 code [0x0000018c96b846c0, 0x0000018c96b849d8]
Event: 15.589 Thread 0x0000018cabe78c50 nmethod 8615 0x0000018c9db7cd90 code [0x0000018c9db7cf60, 0x0000018c9db7d458]
Event: 15.589 Thread 0x0000018cabe78c50 8662       4       java.util.Arrays$ArrayItr::hasNext (18 bytes)
Event: 15.589 Thread 0x0000018cabe78c50 nmethod 8662 0x0000018c9db7d890 code [0x0000018c9db7da00, 0x0000018c9db7da98]
Event: 15.589 Thread 0x0000018cabe78c50 8640       4       org.gradle.api.attributes.Attribute::equals (57 bytes)
Event: 15.591 Thread 0x0000018cabe78c50 nmethod 8640 0x0000018c9db7db90 code [0x0000018c9db7dd20, 0x0000018c9db7df98]
Event: 15.591 Thread 0x0000018cabe78c50 8593       4       jdk.internal.org.objectweb.asm.MethodWriter::visitVarInsn (302 bytes)
Event: 15.603 Thread 0x0000018cf1020f80 8701       3       org.gradle.internal.serialize.kryo.KryoBackedEncoder::writeLong (9 bytes)
Event: 15.603 Thread 0x0000018cf1020f80 nmethod 8701 0x0000018c96677790 code [0x0000018c96677940, 0x0000018c96677aa8]
Event: 15.604 Thread 0x0000018cabe78c50 nmethod 8593 0x0000018c9db7e110 code [0x0000018c9db7e2e0, 0x0000018c9db7eec8]
Event: 15.604 Thread 0x0000018cabe78c50 8700       4       jdk.internal.org.objectweb.asm.SymbolTable::addType (81 bytes)
Event: 15.643 Thread 0x0000018cabe78c50 nmethod 8700 0x0000018c9db7f410 code [0x0000018c9db7f5e0, 0x0000018c9db80ac8]
Event: 15.643 Thread 0x0000018cabe78c50 8613       4       java.lang.Class::getGenericInfo (52 bytes)
Event: 15.649 Thread 0x0000018cabe78c50 nmethod 8613 0x0000018c9db81190 code [0x0000018c9db81340, 0x0000018c9db81918]
Event: 15.649 Thread 0x0000018cabe78c50 8627       4       java.io.FilterInputStream::<init> (10 bytes)
Event: 15.650 Thread 0x0000018cabe78c50 nmethod 8627 0x0000018c9db81c10 code [0x0000018c9db81d80, 0x0000018c9db81ed8]
Event: 15.650 Thread 0x0000018cabe78c50 8699       4       java.lang.Class::getInterfaces (49 bytes)

GC Heap History (20 events):
Event: 10.277 GC heap after
{Heap after GC invocations=16 (full 0):
 garbage-first heap   total 179200K, used 70023K [0x0000000080000000, 0x0000000100000000)
  region size 1024K, 5 young (5120K), 5 survivors (5120K)
 Metaspace       used 43179K, committed 43840K, reserved 1114112K
  class space    used 6045K, committed 6336K, reserved 1048576K
}
Event: 11.381 GC heap before
{Heap before GC invocations=17 (full 0):
 garbage-first heap   total 179200K, used 141703K [0x0000000080000000, 0x0000000100000000)
  region size 1024K, 67 young (68608K), 5 survivors (5120K)
 Metaspace       used 47149K, committed 47744K, reserved 1114112K
  class space    used 6527K, committed 6784K, reserved 1048576K
}
Event: 11.393 GC heap after
{Heap after GC invocations=18 (full 0):
 garbage-first heap   total 179200K, used 86879K [0x0000000080000000, 0x0000000100000000)
  region size 1024K, 9 young (9216K), 9 survivors (9216K)
 Metaspace       used 47149K, committed 47744K, reserved 1114112K
  class space    used 6527K, committed 6784K, reserved 1048576K
}
Event: 12.264 GC heap before
{Heap before GC invocations=18 (full 0):
 garbage-first heap   total 179200K, used 140127K [0x0000000080000000, 0x0000000100000000)
  region size 1024K, 59 young (60416K), 9 survivors (9216K)
 Metaspace       used 55363K, committed 56128K, reserved 1114112K
  class space    used 7518K, committed 7872K, reserved 1048576K
}
Event: 12.273 GC heap after
{Heap after GC invocations=19 (full 0):
 garbage-first heap   total 179200K, used 95094K [0x0000000080000000, 0x0000000100000000)
  region size 1024K, 5 young (5120K), 5 survivors (5120K)
 Metaspace       used 55363K, committed 56128K, reserved 1114112K
  class space    used 7518K, committed 7872K, reserved 1048576K
}
Event: 12.847 GC heap before
{Heap before GC invocations=20 (full 0):
 garbage-first heap   total 181248K, used 143222K [0x0000000080000000, 0x0000000100000000)
  region size 1024K, 49 young (50176K), 5 survivors (5120K)
 Metaspace       used 58709K, committed 59392K, reserved 1114112K
  class space    used 7935K, committed 8256K, reserved 1048576K
}
Event: 12.858 GC heap after
{Heap after GC invocations=21 (full 0):
 garbage-first heap   total 181248K, used 95114K [0x0000000080000000, 0x0000000100000000)
  region size 1024K, 4 young (4096K), 4 survivors (4096K)
 Metaspace       used 58709K, committed 59392K, reserved 1114112K
  class space    used 7935K, committed 8256K, reserved 1048576K
}
Event: 12.868 GC heap before
{Heap before GC invocations=21 (full 0):
 garbage-first heap   total 181248K, used 95114K [0x0000000080000000, 0x0000000100000000)
  region size 1024K, 5 young (5120K), 4 survivors (4096K)
 Metaspace       used 58780K, committed 59456K, reserved 1114112K
  class space    used 7940K, committed 8256K, reserved 1048576K
}
Event: 12.875 GC heap after
{Heap after GC invocations=22 (full 0):
 garbage-first heap   total 181248K, used 95222K [0x0000000080000000, 0x0000000100000000)
  region size 1024K, 4 young (4096K), 4 survivors (4096K)
 Metaspace       used 58780K, committed 59456K, reserved 1114112K
  class space    used 7940K, committed 8256K, reserved 1048576K
}
Event: 13.686 GC heap before
{Heap before GC invocations=23 (full 0):
 garbage-first heap   total 181248K, used 139254K [0x0000000080000000, 0x0000000100000000)
  region size 1024K, 46 young (47104K), 4 survivors (4096K)
 Metaspace       used 63385K, committed 64064K, reserved 1114112K
  class space    used 8552K, committed 8896K, reserved 1048576K
}
Event: 13.694 GC heap after
{Heap after GC invocations=24 (full 0):
 garbage-first heap   total 181248K, used 97198K [0x0000000080000000, 0x0000000100000000)
  region size 1024K, 3 young (3072K), 3 survivors (3072K)
 Metaspace       used 63385K, committed 64064K, reserved 1114112K
  class space    used 8552K, committed 8896K, reserved 1048576K
}
Event: 13.768 GC heap before
{Heap before GC invocations=24 (full 0):
 garbage-first heap   total 181248K, used 101294K [0x0000000080000000, 0x0000000100000000)
  region size 1024K, 8 young (8192K), 3 survivors (3072K)
 Metaspace       used 64109K, committed 64768K, reserved 1114112K
  class space    used 8649K, committed 8960K, reserved 1048576K
}
Event: 13.773 GC heap after
{Heap after GC invocations=25 (full 0):
 garbage-first heap   total 181248K, used 97204K [0x0000000080000000, 0x0000000100000000)
  region size 1024K, 1 young (1024K), 1 survivors (1024K)
 Metaspace       used 64109K, committed 64768K, reserved 1114112K
  class space    used 8649K, committed 8960K, reserved 1048576K
}
Event: 14.362 GC heap before
{Heap before GC invocations=25 (full 0):
 garbage-first heap   total 181248K, used 141236K [0x0000000080000000, 0x0000000100000000)
  region size 1024K, 45 young (46080K), 1 survivors (1024K)
 Metaspace       used 67883K, committed 68608K, reserved 1114112K
  class space    used 9119K, committed 9472K, reserved 1048576K
}
Event: 14.368 GC heap after
{Heap after GC invocations=26 (full 0):
 garbage-first heap   total 181248K, used 99380K [0x0000000080000000, 0x0000000100000000)
  region size 1024K, 3 young (3072K), 3 survivors (3072K)
 Metaspace       used 67883K, committed 68608K, reserved 1114112K
  class space    used 9119K, committed 9472K, reserved 1048576K
}
Event: 15.143 GC heap before
{Heap before GC invocations=27 (full 0):
 garbage-first heap   total 181248K, used 144436K [0x0000000080000000, 0x0000000100000000)
  region size 1024K, 47 young (48128K), 3 survivors (3072K)
 Metaspace       used 73011K, committed 73728K, reserved 1114112K
  class space    used 10029K, committed 10368K, reserved 1048576K
}
Event: 15.153 GC heap after
{Heap after GC invocations=28 (full 0):
 garbage-first heap   total 181248K, used 101768K [0x0000000080000000, 0x0000000100000000)
  region size 1024K, 5 young (5120K), 5 survivors (5120K)
 Metaspace       used 73011K, committed 73728K, reserved 1114112K
  class space    used 10029K, committed 10368K, reserved 1048576K
}
Event: 15.196 GC heap before
{Heap before GC invocations=28 (full 0):
 garbage-first heap   total 181248K, used 104840K [0x0000000080000000, 0x0000000100000000)
  region size 1024K, 8 young (8192K), 5 survivors (5120K)
 Metaspace       used 73319K, committed 73984K, reserved 1114112K
  class space    used 10063K, committed 10368K, reserved 1048576K
}
Event: 15.203 GC heap after
{Heap after GC invocations=29 (full 0):
 garbage-first heap   total 181248K, used 101938K [0x0000000080000000, 0x0000000100000000)
  region size 1024K, 1 young (1024K), 1 survivors (1024K)
 Metaspace       used 73319K, committed 73984K, reserved 1114112K
  class space    used 10063K, committed 10368K, reserved 1048576K
}
Event: 15.656 GC heap before
{Heap before GC invocations=29 (full 0):
 garbage-first heap   total 181248K, used 128562K [0x0000000080000000, 0x0000000100000000)
  region size 1024K, 29 young (29696K), 1 survivors (1024K)
 Metaspace       used 76869K, committed 77632K, reserved 1179648K
  class space    used 10461K, committed 10816K, reserved 1048576K
}

Dll operation events (12 events):
Event: 0.011 Loaded shared library C:\Program Files\Zulu\zulu-17\bin\java.dll
Event: 0.031 Loaded shared library C:\Program Files\Zulu\zulu-17\bin\jsvml.dll
Event: 0.101 Loaded shared library C:\Program Files\Zulu\zulu-17\bin\net.dll
Event: 0.103 Loaded shared library C:\Program Files\Zulu\zulu-17\bin\nio.dll
Event: 0.112 Loaded shared library C:\Program Files\Zulu\zulu-17\bin\zip.dll
Event: 0.735 Loaded shared library C:\Program Files\Zulu\zulu-17\bin\jimage.dll
Event: 0.936 Loaded shared library C:\Program Files\Zulu\zulu-17\bin\verify.dll
Event: 1.509 Loaded shared library C:\Users\ASUS\.gradle\native\e1d6ef7f7dcc3fd88c89a11ec53ec762bb8ba0a96d01ffa2cd45eb1d1d8dd5c5\windows-amd64\native-platform.dll
Event: 1.515 Loaded shared library C:\Users\ASUS\.gradle\native\0d407fdbe67a94daf76414ababcb853783967236a71b16ec16e742cd7a986fd3\windows-amd64\native-platform-file-events.dll
Event: 3.858 Loaded shared library C:\Program Files\Zulu\zulu-17\bin\management.dll
Event: 3.865 Loaded shared library C:\Program Files\Zulu\zulu-17\bin\management_ext.dll
Event: 4.649 Loaded shared library C:\Program Files\Zulu\zulu-17\bin\sunmscapi.dll

Deoptimization events (20 events):
Event: 15.507 Thread 0x0000018cf2744080 Uncommon trap: trap_request=0xffffffc6 fr.pc=0x0000018c9d8edeb0 relative=0x0000000000001630
Event: 15.507 Thread 0x0000018cf2744080 Uncommon trap: reason=bimorphic_or_optimized_type_check action=maybe_recompile pc=0x0000018c9d8edeb0 method=java.io.DataInputStream.readInt()I @ 4 c2
Event: 15.507 Thread 0x0000018cf2744080 DEOPT PACKING pc=0x0000018c9d8edeb0 sp=0x0000007edf2f7750
Event: 15.507 Thread 0x0000018cf2744080 DEOPT UNPACKING pc=0x0000018c9d3169a3 sp=0x0000007edf2f7720 mode 2
Event: 15.554 Thread 0x0000018cf2744080 Uncommon trap: trap_request=0xffffff45 fr.pc=0x0000018c9daf42cc relative=0x0000000000000ccc
Event: 15.554 Thread 0x0000018cf2744080 Uncommon trap: reason=unstable_if action=reinterpret pc=0x0000018c9daf42cc method=com.esotericsoftware.kryo.io.Input.readString()Ljava/lang/String; @ 28 c2
Event: 15.554 Thread 0x0000018cf2744080 DEOPT PACKING pc=0x0000018c9daf42cc sp=0x0000007edf2f8150
Event: 15.554 Thread 0x0000018cf2744080 DEOPT UNPACKING pc=0x0000018c9d3169a3 sp=0x0000007edf2f8128 mode 2
Event: 15.559 Thread 0x0000018cf2744080 Uncommon trap: trap_request=0xffffff45 fr.pc=0x0000018c9dad3964 relative=0x00000000000001c4
Event: 15.559 Thread 0x0000018cf2744080 Uncommon trap: reason=unstable_if action=reinterpret pc=0x0000018c9dad3964 method=com.esotericsoftware.kryo.io.Input.require(I)I @ 65 c2
Event: 15.559 Thread 0x0000018cf2744080 DEOPT PACKING pc=0x0000018c9dad3964 sp=0x0000007edf2f8030
Event: 15.559 Thread 0x0000018cf2744080 DEOPT UNPACKING pc=0x0000018c9d3169a3 sp=0x0000007edf2f7fe0 mode 2
Event: 15.569 Thread 0x0000018cf2744080 Uncommon trap: trap_request=0xffffff45 fr.pc=0x0000018c9d8f0f70 relative=0x0000000000000070
Event: 15.569 Thread 0x0000018cf2744080 Uncommon trap: reason=unstable_if action=reinterpret pc=0x0000018c9d8f0f70 method=com.google.common.cache.LocalCache.isExpired(Lcom/google/common/cache/ReferenceEntry;J)Z @ 9 c2
Event: 15.569 Thread 0x0000018cf2744080 DEOPT PACKING pc=0x0000018c9d8f0f70 sp=0x0000007edf2f82d0
Event: 15.569 Thread 0x0000018cf2744080 DEOPT UNPACKING pc=0x0000018c9d3169a3 sp=0x0000007edf2f8260 mode 2
Event: 15.587 Thread 0x0000018cf2744080 Uncommon trap: trap_request=0xffffff45 fr.pc=0x0000018c9d939a78 relative=0x00000000000007b8
Event: 15.587 Thread 0x0000018cf2744080 Uncommon trap: reason=unstable_if action=reinterpret pc=0x0000018c9d939a78 method=java.lang.Integer.stringSize(I)I @ 3 c2
Event: 15.587 Thread 0x0000018cf2744080 DEOPT PACKING pc=0x0000018c9d939a78 sp=0x0000007edf2fc170
Event: 15.587 Thread 0x0000018cf2744080 DEOPT UNPACKING pc=0x0000018c9d3169a3 sp=0x0000007edf2fc078 mode 2

Classes unloaded (0 events):
No events

Classes redefined (0 events):
No events

Internal exceptions (20 events):
Event: 13.554 Thread 0x0000018cf2744080 Exception <a 'java/lang/ClassNotFoundException'{0x0000000088cfade8}: org/jetbrains/kotlin/gradle/targets/js/npm/NpmDependencyExtensionDelegateCustomizer> (0x0000000088cfade8) 
thrown [s\src\hotspot\share\classfile\systemDictionary.cpp, line 259]
Event: 13.555 Thread 0x0000018cf2744080 Exception <a 'java/lang/ClassNotFoundException'{0x0000000088b1e4a8}: org/jetbrains/kotlin/gradle/targets/js/npm/NpmDependencyExtensionKt$defaultNpmDependencyDelegate$1Customizer> (0x0000000088b1e4a8) 
thrown [s\src\hotspot\share\classfile\systemDictionary.cpp, line 259]
Event: 13.557 Thread 0x0000018cf2744080 Exception <a 'java/lang/ClassNotFoundException'{0x0000000088b59330}: org/jetbrains/kotlin/gradle/targets/js/npm/DefaultDevNpmDependencyExtensionBeanInfo> (0x0000000088b59330) 
thrown [s\src\hotspot\share\classfile\systemDictionary.cpp, line 259]
Event: 13.558 Thread 0x0000018cf2744080 Exception <a 'java/lang/ClassNotFoundException'{0x0000000088b64888}: org/jetbrains/kotlin/gradle/targets/js/npm/DefaultDevNpmDependencyExtensionCustomizer> (0x0000000088b64888) 
thrown [s\src\hotspot\share\classfile\systemDictionary.cpp, line 259]
Event: 13.560 Thread 0x0000018cf2744080 Exception <a 'java/lang/ClassNotFoundException'{0x0000000088ba4458}: org/jetbrains/kotlin/gradle/targets/js/npm/DefaultPeerNpmDependencyExtensionBeanInfo> (0x0000000088ba4458) 
thrown [s\src\hotspot\share\classfile\systemDictionary.cpp, line 259]
Event: 13.560 Thread 0x0000018cf2744080 Exception <a 'java/lang/ClassNotFoundException'{0x0000000088baf9e0}: org/jetbrains/kotlin/gradle/targets/js/npm/DefaultPeerNpmDependencyExtensionCustomizer> (0x0000000088baf9e0) 
thrown [s\src\hotspot\share\classfile\systemDictionary.cpp, line 259]
Event: 13.564 Thread 0x0000018cf2744080 Exception <a 'java/lang/ClassNotFoundException'{0x0000000088bfb358}: org/jetbrains/kotlin/gradle/targets/js/npm/DefaultPeerNpmDependencyExtension$delegate$1BeanInfo> (0x0000000088bfb358) 
thrown [s\src\hotspot\share\classfile\systemDictionary.cpp, line 259]
Event: 13.564 Thread 0x0000018cf2744080 Exception <a 'java/lang/ClassNotFoundException'{0x0000000088a07008}: org/jetbrains/kotlin/gradle/targets/js/npm/DefaultPeerNpmDependencyExtension$delegate$1Customizer> (0x0000000088a07008) 
thrown [s\src\hotspot\share\classfile\systemDictionary.cpp, line 259]
Event: 15.104 Thread 0x0000018cf2744080 Exception <a 'java/lang/ClassNotFoundException'{0x000000008873aa48}: com/android/build/gradle/internal/api/ApkVariantOutputImpl_DecoratedBeanInfo> (0x000000008873aa48) 
thrown [s\src\hotspot\share\classfile\systemDictionary.cpp, line 259]
Event: 15.105 Thread 0x0000018cf2744080 Exception <a 'java/lang/ClassNotFoundException'{0x0000000088747838}: com/android/build/gradle/internal/api/ApkVariantOutputImplBeanInfo> (0x0000000088747838) 
thrown [s\src\hotspot\share\classfile\systemDictionary.cpp, line 259]
Event: 15.105 Thread 0x0000018cf2744080 Exception <a 'java/lang/ClassNotFoundException'{0x0000000088754638}: com/android/build/gradle/internal/api/BaseVariantOutputImplBeanInfo> (0x0000000088754638) 
thrown [s\src\hotspot\share\classfile\systemDictionary.cpp, line 259]
Event: 15.106 Thread 0x0000018cf2744080 Exception <a 'java/lang/ClassNotFoundException'{0x0000000088761410}: com/android/build/gradle/internal/api/BaseVariantOutputImplCustomizer> (0x0000000088761410) 
thrown [s\src\hotspot\share\classfile\systemDictionary.cpp, line 259]
Event: 15.107 Thread 0x0000018cf2744080 Exception <a 'java/lang/ClassNotFoundException'{0x0000000088781420}: com/android/build/gradle/internal/api/ApkVariantOutputImplCustomizer> (0x0000000088781420) 
thrown [s\src\hotspot\share\classfile\systemDictionary.cpp, line 259]
Event: 15.108 Thread 0x0000018cf2744080 Exception <a 'java/lang/ClassNotFoundException'{0x000000008879c0c8}: com/android/build/gradle/internal/api/ApkVariantOutputImpl_DecoratedCustomizer> (0x000000008879c0c8) 
thrown [s\src\hotspot\share\classfile\systemDictionary.cpp, line 259]
Event: 15.185 Thread 0x0000018cf2744080 Exception <a 'java/lang/ClassNotFoundException'{0x000000008ae47358}: com/android/build/gradle/internal/api/ReadOnlyBuildTypeBeanInfo> (0x000000008ae47358) 
thrown [s\src\hotspot\share\classfile\systemDictionary.cpp, line 259]
Event: 15.186 Thread 0x0000018cf2744080 Exception <a 'java/lang/ClassNotFoundException'{0x000000008ae54670}: com/android/build/gradle/internal/api/ReadOnlyBaseConfigBeanInfo> (0x000000008ae54670) 
thrown [s\src\hotspot\share\classfile\systemDictionary.cpp, line 259]
Event: 15.187 Thread 0x0000018cf2744080 Exception <a 'java/lang/ClassNotFoundException'{0x000000008ae61688}: com/android/build/gradle/internal/api/ReadOnlyBaseConfigCustomizer> (0x000000008ae61688) 
thrown [s\src\hotspot\share\classfile\systemDictionary.cpp, line 259]
Event: 15.188 Thread 0x0000018cf2744080 Exception <a 'java/lang/ClassNotFoundException'{0x000000008ae7f470}: com/android/build/gradle/internal/api/ReadOnlyBuildTypeCustomizer> (0x000000008ae7f470) 
thrown [s\src\hotspot\share\classfile\systemDictionary.cpp, line 259]
Event: 15.504 Thread 0x0000018cf2744080 Exception <a 'java/lang/NoSuchMethodError'{0x0000000089cfafc8}: static Lcom/android/build/gradle/internal/profile/ProjectData;.<clinit>()V> (0x0000000089cfafc8) 
thrown [s\src\hotspot\share\prims\jni.cpp, line 1107]
Event: 15.541 Thread 0x0000018cf2744080 Exception <a 'sun/nio/fs/WindowsException'{0x0000000089ae4f00}> (0x0000000089ae4f00) 
thrown [s\src\hotspot\share\prims\jni.cpp, line 516]

VM Operations (20 events):
Event: 14.368 Executing VM operation: G1CollectForAllocation done
Event: 14.461 Executing VM operation: G1PauseRemark
Event: 14.466 Executing VM operation: G1PauseRemark done
Event: 14.512 Executing VM operation: G1PauseCleanup
Event: 14.512 Executing VM operation: G1PauseCleanup done
Event: 14.641 Executing VM operation: HandshakeAllThreads
Event: 14.642 Executing VM operation: HandshakeAllThreads done
Event: 14.642 Executing VM operation: HandshakeAllThreads
Event: 14.642 Executing VM operation: HandshakeAllThreads done
Event: 15.143 Executing VM operation: G1CollectForAllocation
Event: 15.153 Executing VM operation: G1CollectForAllocation done
Event: 15.196 Executing VM operation: G1CollectForAllocation
Event: 15.203 Executing VM operation: G1CollectForAllocation done
Event: 15.355 Executing VM operation: HandshakeAllThreads
Event: 15.355 Executing VM operation: HandshakeAllThreads done
Event: 15.589 Executing VM operation: HandshakeAllThreads
Event: 15.589 Executing VM operation: HandshakeAllThreads done
Event: 15.600 Executing VM operation: ICBufferFull
Event: 15.601 Executing VM operation: ICBufferFull done
Event: 15.656 Executing VM operation: G1TryInitiateConcMark

Events (20 events):
Event: 15.405 loading class java/time/temporal/WeekFields$ComputedDayOfField done
Event: 15.405 loading class java/time/Month$1
Event: 15.406 loading class java/time/Month$1 done
Event: 15.406 loading class java/nio/channels/Channels$1
Event: 15.407 loading class java/nio/channels/Channels$1 done
Event: 15.502 loading class java/io/ObjectOutputStream$BlockDataOutputStream
Event: 15.502 loading class java/io/ObjectOutputStream$BlockDataOutputStream done
Event: 15.502 loading class java/io/ObjectOutputStream$HandleTable
Event: 15.503 loading class java/io/ObjectOutputStream$HandleTable done
Event: 15.503 loading class java/io/ObjectOutputStream$ReplaceTable
Event: 15.503 loading class java/io/ObjectOutputStream$ReplaceTable done
Event: 15.543 Thread 0x0000018cf126ed30 Thread added: 0x0000018cf126ed30
Event: 15.543 loading class java/util/concurrent/ConcurrentLinkedQueue$Itr
Event: 15.543 loading class java/util/concurrent/ConcurrentLinkedQueue$Itr done
Event: 15.567 loading class java/util/AbstractList$ListItr
Event: 15.567 loading class java/util/AbstractList$ListItr done
Event: 15.593 Thread 0x0000018cf1031c20 flushing nmethod 0x0000018c9611d590
Event: 15.594 loading class java/io/NotSerializableException
Event: 15.594 loading class java/io/NotSerializableException done
Event: 15.597 Thread 0x0000018cf1031c20 flushing nmethod 0x0000018c96677290


Dynamic libraries:
0x00007ff6e3eb0000 - 0x00007ff6e3ebe000 	C:\Program Files\Zulu\zulu-17\bin\java.exe
0x00007ffcf5750000 - 0x00007ffcf5947000 	C:\Windows\SYSTEM32\ntdll.dll
0x00007ffcf5280000 - 0x00007ffcf533d000 	C:\Windows\System32\KERNEL32.DLL
0x00007ffcf3230000 - 0x00007ffcf3526000 	C:\Windows\System32\KERNELBASE.dll
0x00007ffcf2ed0000 - 0x00007ffcf2fd0000 	C:\Windows\System32\ucrtbase.dll
0x00007ffce5890000 - 0x00007ffce58a9000 	C:\Program Files\Zulu\zulu-17\bin\jli.dll
0x00007ffcf40a0000 - 0x00007ffcf423e000 	C:\Windows\System32\USER32.dll
0x00007ffce5870000 - 0x00007ffce588b000 	C:\Program Files\Zulu\zulu-17\bin\VCRUNTIME140.dll
0x00007ffcf36d0000 - 0x00007ffcf36f2000 	C:\Windows\System32\win32u.dll
0x00007ffcf56e0000 - 0x00007ffcf570c000 	C:\Windows\System32\GDI32.dll
0x00007ffce0390000 - 0x00007ffce062a000 	C:\Windows\WinSxS\amd64_microsoft.windows.common-controls_6595b64144ccf1df_6.0.19041.3570_none_60bb2a3971f3e41a\COMCTL32.dll
0x00007ffcf3530000 - 0x00007ffcf364a000 	C:\Windows\System32\gdi32full.dll
0x00007ffcf5020000 - 0x00007ffcf50be000 	C:\Windows\System32\msvcrt.dll
0x00007ffcf2e30000 - 0x00007ffcf2ecd000 	C:\Windows\System32\msvcp_win.dll
0x00007ffcf4990000 - 0x00007ffcf49c0000 	C:\Windows\System32\IMM32.DLL
0x00007ffced9a0000 - 0x00007ffced9ac000 	C:\Program Files\Zulu\zulu-17\bin\vcruntime140_1.dll
0x00007ffce5730000 - 0x00007ffce57bd000 	C:\Program Files\Zulu\zulu-17\bin\msvcp140.dll
0x00007ffcbe4b0000 - 0x00007ffcbf118000 	C:\Program Files\Zulu\zulu-17\bin\server\jvm.dll
0x00007ffcf4860000 - 0x00007ffcf490e000 	C:\Windows\System32\ADVAPI32.dll
0x00007ffcf49c0000 - 0x00007ffcf4a5c000 	C:\Windows\System32\sechost.dll
0x00007ffcf5150000 - 0x00007ffcf5276000 	C:\Windows\System32\RPCRT4.dll
0x00007ffcf23e0000 - 0x00007ffcf242b000 	C:\Windows\SYSTEM32\POWRPROF.dll
0x00007ffcf0c50000 - 0x00007ffcf0c59000 	C:\Windows\SYSTEM32\WSOCK32.dll
0x00007ffce8450000 - 0x00007ffce8477000 	C:\Windows\SYSTEM32\WINMM.dll
0x00007ffcf4b20000 - 0x00007ffcf4b8b000 	C:\Windows\System32\WS2_32.dll
0x00007ffce9a00000 - 0x00007ffce9a0a000 	C:\Windows\SYSTEM32\VERSION.dll
0x00007ffcf2250000 - 0x00007ffcf2262000 	C:\Windows\SYSTEM32\UMPDC.dll
0x00007ffcf1660000 - 0x00007ffcf1672000 	C:\Windows\SYSTEM32\kernel.appcore.dll
0x00007ffcec5b0000 - 0x00007ffcec5ba000 	C:\Program Files\Zulu\zulu-17\bin\jimage.dll
0x00007ffcf0a00000 - 0x00007ffcf0be4000 	C:\Windows\SYSTEM32\DBGHELP.DLL
0x00007ffcd9d60000 - 0x00007ffcd9d94000 	C:\Windows\SYSTEM32\dbgcore.DLL
0x00007ffcf3040000 - 0x00007ffcf30c2000 	C:\Windows\System32\bcryptPrimitives.dll
0x00007ffce5840000 - 0x00007ffce5865000 	C:\Program Files\Zulu\zulu-17\bin\java.dll
0x00007ffcd1ff0000 - 0x00007ffcd20c7000 	C:\Program Files\Zulu\zulu-17\bin\jsvml.dll
0x00007ffcf3950000 - 0x00007ffcf4094000 	C:\Windows\System32\SHELL32.dll
0x00007ffcf0eb0000 - 0x00007ffcf164b000 	C:\Windows\SYSTEM32\windows.storage.dll
0x00007ffcf4b90000 - 0x00007ffcf4ee4000 	C:\Windows\System32\combase.dll
0x00007ffcf2870000 - 0x00007ffcf289d000 	C:\Windows\SYSTEM32\Wldp.dll
0x00007ffcf4a60000 - 0x00007ffcf4b0d000 	C:\Windows\System32\SHCORE.dll
0x00007ffcf38f0000 - 0x00007ffcf3945000 	C:\Windows\System32\shlwapi.dll
0x00007ffcf2d60000 - 0x00007ffcf2d85000 	C:\Windows\SYSTEM32\profapi.dll
0x00007ffce5820000 - 0x00007ffce5839000 	C:\Program Files\Zulu\zulu-17\bin\net.dll
0x00007ffce9bc0000 - 0x00007ffce9cca000 	C:\Windows\SYSTEM32\WINHTTP.dll
0x00007ffcf25d0000 - 0x00007ffcf263a000 	C:\Windows\system32\mswsock.dll
0x00007ffce5710000 - 0x00007ffce5726000 	C:\Program Files\Zulu\zulu-17\bin\nio.dll
0x00007ffce56f0000 - 0x00007ffce5708000 	C:\Program Files\Zulu\zulu-17\bin\zip.dll
0x00007ffceac90000 - 0x00007ffceaca0000 	C:\Program Files\Zulu\zulu-17\bin\verify.dll
0x00007ffceab40000 - 0x00007ffceab67000 	C:\Users\ASUS\.gradle\native\e1d6ef7f7dcc3fd88c89a11ec53ec762bb8ba0a96d01ffa2cd45eb1d1d8dd5c5\windows-amd64\native-platform.dll
0x00007ffcc2a70000 - 0x00007ffcc2bb4000 	C:\Users\ASUS\.gradle\native\0d407fdbe67a94daf76414ababcb853783967236a71b16ec16e742cd7a986fd3\windows-amd64\native-platform-file-events.dll
0x00007ffce96f0000 - 0x00007ffce96f9000 	C:\Program Files\Zulu\zulu-17\bin\management.dll
0x00007ffce7640000 - 0x00007ffce764b000 	C:\Program Files\Zulu\zulu-17\bin\management_ext.dll
0x00007ffcf53f0000 - 0x00007ffcf53f8000 	C:\Windows\System32\PSAPI.DLL
0x00007ffcf27d0000 - 0x00007ffcf27e8000 	C:\Windows\SYSTEM32\CRYPTSP.dll
0x00007ffcf1e70000 - 0x00007ffcf1ea4000 	C:\Windows\system32\rsaenh.dll
0x00007ffcf3650000 - 0x00007ffcf3677000 	C:\Windows\System32\bcrypt.dll
0x00007ffcf2d20000 - 0x00007ffcf2d4e000 	C:\Windows\SYSTEM32\USERENV.dll
0x00007ffcf27c0000 - 0x00007ffcf27cc000 	C:\Windows\SYSTEM32\CRYPTBASE.dll
0x00007ffcf2270000 - 0x00007ffcf22ab000 	C:\Windows\SYSTEM32\IPHLPAPI.DLL
0x00007ffcf4ef0000 - 0x00007ffcf4ef8000 	C:\Windows\System32\NSI.dll
0x00007ffcea570000 - 0x00007ffcea587000 	C:\Windows\SYSTEM32\dhcpcsvc6.DLL
0x00007ffceb320000 - 0x00007ffceb33d000 	C:\Windows\SYSTEM32\dhcpcsvc.DLL
0x00007ffcf22b0000 - 0x00007ffcf237a000 	C:\Windows\SYSTEM32\DNSAPI.dll
0x00007ffce5b40000 - 0x00007ffce5b4e000 	C:\Program Files\Zulu\zulu-17\bin\sunmscapi.dll
0x00007ffcf30d0000 - 0x00007ffcf322d000 	C:\Windows\System32\CRYPT32.dll
0x00007ffcf28e0000 - 0x00007ffcf2907000 	C:\Windows\SYSTEM32\ncrypt.dll
0x00007ffcf28a0000 - 0x00007ffcf28db000 	C:\Windows\SYSTEM32\NTASN1.dll
0x00007ffcd4c70000 - 0x00007ffcd4c77000 	C:\Windows\system32\wshunix.dll

dbghelp: loaded successfully - version: 4.0.5 - missing functions: none
symbol engine: initialized successfully - sym options: 0x614 - pdb path: .;C:\Program Files\Zulu\zulu-17\bin;C:\Windows\SYSTEM32;C:\Windows\WinSxS\amd64_microsoft.windows.common-controls_6595b64144ccf1df_6.0.19041.3570_none_60bb2a3971f3e41a;C:\Program Files\Zulu\zulu-17\bin\server;C:\Users\ASUS\.gradle\native\e1d6ef7f7dcc3fd88c89a11ec53ec762bb8ba0a96d01ffa2cd45eb1d1d8dd5c5\windows-amd64;C:\Users\ASUS\.gradle\native\0d407fdbe67a94daf76414ababcb853783967236a71b16ec16e742cd7a986fd3\windows-amd64

VM Arguments:
jvm_args: --add-opens=java.base/java.util=ALL-UNNAMED --add-opens=java.base/java.lang=ALL-UNNAMED --add-opens=java.base/java.lang.invoke=ALL-UNNAMED --add-opens=java.base/java.util=ALL-UNNAMED --add-opens=java.prefs/java.util.prefs=ALL-UNNAMED --add-opens=java.prefs/java.util.prefs=ALL-UNNAMED --add-opens=java.base/java.nio.charset=ALL-UNNAMED --add-opens=java.base/java.net=ALL-UNNAMED --add-opens=java.base/java.util.concurrent.atomic=ALL-UNNAMED -Xmx2048m -Dfile.encoding=UTF-8 -Duser.country=ID -Duser.language=en -Duser.variant 
java_command: org.gradle.launcher.daemon.bootstrap.GradleDaemon 7.5
java_class_path (initial): C:\Users\ASUS\.gradle\wrapper\dists\gradle-7.5-bin\f1w0cc9nuo0eivz97x2xlu9sv\gradle-7.5\lib\gradle-launcher-7.5.jar
Launcher Type: SUN_STANDARD

[Global flags]
     intx CICompilerCount                          = 3                                         {product} {ergonomic}
     uint ConcGCThreads                            = 1                                         {product} {ergonomic}
     uint G1ConcRefinementThreads                  = 4                                         {product} {ergonomic}
   size_t G1HeapRegionSize                         = 1048576                                   {product} {ergonomic}
    uintx GCDrainStackTargetSize                   = 64                                        {product} {ergonomic}
   size_t InitialHeapSize                          = 134217728                                 {product} {ergonomic}
   size_t MarkStackSize                            = 4194304                                   {product} {ergonomic}
   size_t MaxHeapSize                              = 2147483648                                {product} {command line}
   size_t MaxNewSize                               = 1287651328                                {product} {ergonomic}
   size_t MinHeapDeltaBytes                        = 1048576                                   {product} {ergonomic}
   size_t MinHeapSize                              = 8388608                                   {product} {ergonomic}
    uintx NonNMethodCodeHeapSize                   = 5832780                                {pd product} {ergonomic}
    uintx NonProfiledCodeHeapSize                  = 122912730                              {pd product} {ergonomic}
    uintx ProfiledCodeHeapSize                     = 122912730                              {pd product} {ergonomic}
    uintx ReservedCodeCacheSize                    = 251658240                              {pd product} {ergonomic}
     bool SegmentedCodeCache                       = true                                      {product} {ergonomic}
   size_t SoftMaxHeapSize                          = 2147483648                             {manageable} {ergonomic}
     bool UseCompressedClassPointers               = true                           {product lp64_product} {ergonomic}
     bool UseCompressedOops                        = true                           {product lp64_product} {ergonomic}
     bool UseG1GC                                  = true                                      {product} {ergonomic}
     bool UseLargePagesIndividualAllocation        = false                                  {pd product} {ergonomic}

Logging:
Log output configuration:
 #0: stdout all=warning uptime,level,tags
 #1: stderr all=off uptime,level,tags

Environment Variables:
JAVA_HOME=C:\Program Files\Zulu\zulu-17
PATH=C:\Program Files\Zulu\zulu-17\bin\;C:\Windows\system32;C:\Windows;C:\Windows\System32\Wbem;C:\Windows\System32\WindowsPowerShell\v1.0\;C:\Windows\System32\OpenSSH\;E:\SDK dan Gradle\gradle-8.0.1-all\gradle-8.0.1\bin;C:\Development\flutter_windows_3.10.6-stable\flutter\bin\cache\dart-sdk\bin;C:\Program Files\Git\cmd;C:\Users\ASUS\AppData\Local\Microsoft\WindowsApps;C:\Users\ASUS\AppData\Local\Programs\Microsoft VS Code\bin;C:\Development\flutter_windows_3.10.6-stable\flutter\bin;
USERNAME=ASUS
OS=Windows_NT
PROCESSOR_IDENTIFIER=Intel64 Family 6 Model 78 Stepping 3, GenuineIntel
TMP=C:\Users\ASUS\AppData\Local\Temp
TEMP=C:\Users\ASUS\AppData\Local\Temp



---------------  S Y S T E M  ---------------

OS:
 Windows 10 , 64 bit Build 19041 (10.0.19041.3570)
OS uptime: 5 days 20:43 hours

CPU: total 4 (initial active 4) (2 cores per cpu, 2 threads per core) family 6 model 78 stepping 3 microcode 0xcc, cx8, cmov, fxsr, ht, mmx, 3dnowpref, sse, sse2, sse3, ssse3, sse4.1, sse4.2, popcnt, lzcnt, tsc, tscinvbit, avx, avx2, aes, erms, clmul, bmi1, bmi2, adx, fma, vzeroupper, clflush, clflushopt
Processor Information for all 4 processors :
  Max Mhz: 2592, Current Mhz: 2492, Mhz Limit: 2488

Memory: 4k page, system-wide physical 8085M (293M free)
TotalPageFile size 12233M (AvailPageFile size 78M)
current process WorkingSet (physical memory assigned to process): 385M, peak: 388M
current process commit charge ("private bytes"): 422M, peak: 537M

vm_info: OpenJDK 64-Bit Server VM (17.0.8+7-LTS) for windows-amd64 JRE (17.0.8+7-LTS) (Zulu17.44+15-CA), built on Jul  5 2023 07:56:11 by "zulu_re" with MS VC++ 16.10 / 16.11 (VS2019)

END.
