#
# There is insufficient memory for the Java Runtime Environment to continue.
# Native memory allocation (malloc) failed to allocate 927776 bytes for Chunk::new
# Possible reasons:
#   The system is out of physical RAM or swap space
#   The process is running with CompressedOops enabled, and the Java Heap may be blocking the growth of the native heap
# Possible solutions:
#   Reduce memory load on the system
#   Increase physical memory or swap space
#   Check if swap backing store is full
#   Decrease Java heap size (-Xmx/-Xms)
#   Decrease number of Java threads
#   Decrease Java thread stack sizes (-Xss)
#   Set larger code cache with -XX:ReservedCodeCacheSize=
#   JVM is running with Unscaled Compressed Oops mode in which the Java heap is
#     placed in the first 4GB address space. The Java Heap base address is the
#     maximum limit for the native heap growth. Please use -XX:HeapBaseMinAddress
#     to set the Java Heap base and to place the Java Heap above 4GB virtual address.
# This output file may be truncated or incomplete.
#
#  Out of Memory Error (arena.cpp:189), pid=2336, tid=9688
#
# JRE version: OpenJDK Runtime Environment (17.0.6) (build 17.0.6+0-b2043.56-10027231)
# Java VM: OpenJDK 64-Bit Server VM (17.0.6+0-b2043.56-10027231, mixed mode, tiered, compressed oops, compressed class ptrs, g1 gc, windows-amd64)
# No core dump will be written. Minidumps are not enabled by default on client versions of Windows
#

---------------  S U M M A R Y ------------

Command Line: --add-opens=java.base/java.util=ALL-UNNAMED --add-opens=java.base/java.lang=ALL-UNNAMED --add-opens=java.base/java.lang.invoke=ALL-UNNAMED --add-opens=java.base/java.util=ALL-UNNAMED --add-opens=java.prefs/java.util.prefs=ALL-UNNAMED --add-opens=java.prefs/java.util.prefs=ALL-UNNAMED --add-opens=java.base/java.nio.charset=ALL-UNNAMED --add-opens=java.base/java.net=ALL-UNNAMED --add-opens=java.base/java.util.concurrent.atomic=ALL-UNNAMED -Xmx2048m -Dfile.encoding=UTF-8 -Duser.country=ID -Duser.language=en -Duser.variant org.gradle.launcher.daemon.bootstrap.GradleDaemon 7.5

Host: Intel(R) Core(TM) i7-6500U CPU @ 2.50GHz, 4 cores, 7G,  Windows 10 , 64 bit Build 19041 (10.0.19041.3570)
Time: Fri Nov 10 22:22:30 2023 SE Asia Standard Time elapsed time: 30.849124 seconds (0d 0h 0m 30s)

---------------  T H R E A D  ---------------

Current thread (0x000002964c021510):  JavaThread "C2 CompilerThread0" daemon [_thread_in_native, id=9688, stack(0x000000ee3a300000,0x000000ee3a400000)]


Current CompileTask:
C2:  30849 6378       4       org.objectweb.asm.ClassReader::readCode (5109 bytes)

Stack: [0x000000ee3a300000,0x000000ee3a400000]
Native frames: (J=compiled Java code, j=interpreted, Vv=VM code, C=native code)
V  [jvm.dll+0x683c9a]
V  [jvm.dll+0x8427a4]
V  [jvm.dll+0x843f9e]
V  [jvm.dll+0x844603]
V  [jvm.dll+0x249b75]
V  [jvm.dll+0xabcac]
V  [jvm.dll+0xac27c]
V  [jvm.dll+0x2b0eef]
V  [jvm.dll+0x58a267]
V  [jvm.dll+0x2243b2]
V  [jvm.dll+0x21d8bf]
V  [jvm.dll+0x21b51b]
V  [jvm.dll+0x1a4fdd]
V  [jvm.dll+0x22b098]
V  [jvm.dll+0x229159]
V  [jvm.dll+0x7f81ec]
V  [jvm.dll+0x7f274a]
V  [jvm.dll+0x682ad5]
C  [ucrtbase.dll+0x21bb2]
C  [KERNEL32.DLL+0x17344]
C  [ntdll.dll+0x526b1]


---------------  P R O C E S S  ---------------

Threads class SMR info:
_java_thread_list=0x000002964fb33a00, length=81, elements={
0x0000029631ee9a50, 0x000002964b4d0620, 0x000002964b4d1230, 0x000002964b4de750,
0x000002964b4dfd30, 0x000002964b4e0200, 0x000002964b4e06d0, 0x000002964c021510,
0x000002964c02baf0, 0x000002964c02e010, 0x000002964c1c4440, 0x000002964c1cb140,
0x000002964f209f90, 0x000002964e58ef60, 0x000002964d8809b0, 0x000002964efc5090,
0x000002964efc5560, 0x000002964d2cf110, 0x000002964db498a0, 0x000002964efc1590,
0x000002964efc10c0, 0x000002964efc28d0, 0x000002964efc1a60, 0x000002964efc2400,
0x000002964e446120, 0x000002964e442760, 0x000002964e444440, 0x000002964e445780,
0x000002964e442c30, 0x000002964e443100, 0x000002964e444de0, 0x000002964e445c50,
0x000002964e4435d0, 0x000002964e444910, 0x000002964e443aa0, 0x000002964e443f70,
0x000002964f415c80, 0x000002964f416150, 0x000002964f414470, 0x000002964f410110,
0x000002964f413600, 0x000002964f413ad0, 0x000002964f4105e0, 0x000002964f410f80,
0x000002964f414940, 0x000002964f411450, 0x000002964f414e10, 0x000002964f411920,
0x000002964f412790, 0x000002964f9df280, 0x000002964f9df750, 0x000002964f9dbd90,
0x000002964f9dc260, 0x000002964f9e00f0, 0x000002964f9dfc20, 0x000002964f9da0b0,
0x000002964f9de410, 0x000002964f9db8c0, 0x000002964f9e0a90, 0x000002964f9e1430,
0x000002964f9e0f60, 0x000002964f9e1900, 0x000002964f9dd0d0, 0x000002964f9daf20,
0x000002964f9dc730, 0x000002964f9e05c0, 0x000002964f9dedb0, 0x000002964f9dcc00,
0x000002964f9da580, 0x000002964f9dd5a0, 0x000002964f9daa50, 0x000002964f9de8e0,
0x000002964f9dda70, 0x000002964f9db3f0, 0x000002964f9ddf40, 0x000002964fb64930,
0x000002964fb64460, 0x000002964fb5e420, 0x000002964fb61440, 0x000002964fb605d0,
0x000002964fb61910
}

Java Threads: ( => current thread )
  0x0000029631ee9a50 JavaThread "main" [_thread_blocked, id=9196, stack(0x000000ee39600000,0x000000ee39700000)]
  0x000002964b4d0620 JavaThread "Reference Handler" daemon [_thread_blocked, id=6996, stack(0x000000ee39d00000,0x000000ee39e00000)]
  0x000002964b4d1230 JavaThread "Finalizer" daemon [_thread_blocked, id=1388, stack(0x000000ee39e00000,0x000000ee39f00000)]
  0x000002964b4de750 JavaThread "Signal Dispatcher" daemon [_thread_blocked, id=11964, stack(0x000000ee39f00000,0x000000ee3a000000)]
  0x000002964b4dfd30 JavaThread "Attach Listener" daemon [_thread_blocked, id=2040, stack(0x000000ee3a000000,0x000000ee3a100000)]
  0x000002964b4e0200 JavaThread "Service Thread" daemon [_thread_blocked, id=9728, stack(0x000000ee3a100000,0x000000ee3a200000)]
  0x000002964b4e06d0 JavaThread "Monitor Deflation Thread" daemon [_thread_blocked, id=8756, stack(0x000000ee3a200000,0x000000ee3a300000)]
=>0x000002964c021510 JavaThread "C2 CompilerThread0" daemon [_thread_in_native, id=9688, stack(0x000000ee3a300000,0x000000ee3a400000)]
  0x000002964c02baf0 JavaThread "C1 CompilerThread0" daemon [_thread_in_vm, id=3816, stack(0x000000ee3a400000,0x000000ee3a500000)]
  0x000002964c02e010 JavaThread "Sweeper thread" daemon [_thread_blocked, id=11432, stack(0x000000ee3a500000,0x000000ee3a600000)]
  0x000002964c1c4440 JavaThread "Common-Cleaner" daemon [_thread_blocked, id=2704, stack(0x000000ee3a600000,0x000000ee3a700000)]
  0x000002964c1cb140 JavaThread "Notification Thread" daemon [_thread_blocked, id=10320, stack(0x000000ee3a700000,0x000000ee3a800000)]
  0x000002964f209f90 JavaThread "Daemon health stats" [_thread_blocked, id=11588, stack(0x000000ee3ad00000,0x000000ee3ae00000)]
  0x000002964e58ef60 JavaThread "Incoming local TCP Connector on port 59975" [_thread_in_native, id=8496, stack(0x000000ee3ac00000,0x000000ee3ad00000)]
  0x000002964d8809b0 JavaThread "Daemon periodic checks" [_thread_blocked, id=3168, stack(0x000000ee3ae00000,0x000000ee3af00000)]
  0x000002964efc5090 JavaThread "Daemon" [_thread_blocked, id=10484, stack(0x000000ee3b000000,0x000000ee3b100000)]
  0x000002964efc5560 JavaThread "Handler for socket connection from /127.0.0.1:59975 to /127.0.0.1:59976" [_thread_in_native, id=10852, stack(0x000000ee3b100000,0x000000ee3b200000)]
  0x000002964d2cf110 JavaThread "Cancel handler" [_thread_blocked, id=12848, stack(0x000000ee3af00000,0x000000ee3b000000)]
  0x000002964db498a0 JavaThread "Daemon worker" [_thread_in_Java, id=9200, stack(0x000000ee3b200000,0x000000ee3b300000)]
  0x000002964efc1590 JavaThread "Asynchronous log dispatcher for DefaultDaemonConnection: socket connection from /127.0.0.1:59975 to /127.0.0.1:59976" [_thread_blocked, id=6364, stack(0x000000ee3b300000,0x000000ee3b400000)]
  0x000002964efc10c0 JavaThread "Stdin handler" [_thread_blocked, id=5856, stack(0x000000ee3b400000,0x000000ee3b500000)]
  0x000002964efc28d0 JavaThread "Daemon client event forwarder" [_thread_blocked, id=12956, stack(0x000000ee3b500000,0x000000ee3b600000)]
  0x000002964efc1a60 JavaThread "Cache worker for journal cache (C:\Users\ASUS\.gradle\caches\journal-1)" [_thread_blocked, id=7812, stack(0x000000ee3b600000,0x000000ee3b700000)]
  0x000002964efc2400 JavaThread "File lock request listener" [_thread_in_native, id=5940, stack(0x000000ee3b700000,0x000000ee3b800000)]
  0x000002964e446120 JavaThread "Cache worker for file hash cache (C:\Users\ASUS\.gradle\caches\7.5\fileHashes)" [_thread_blocked, id=1380, stack(0x000000ee3b800000,0x000000ee3b900000)]
  0x000002964e442760 JavaThread "File lock release action executor" [_thread_blocked, id=5152, stack(0x000000ee3b900000,0x000000ee3ba00000)]
  0x000002964e444440 JavaThread "File watcher server" daemon [_thread_in_native, id=4968, stack(0x000000ee3ba00000,0x000000ee3bb00000)]
  0x000002964e445780 JavaThread "File watcher consumer" daemon [_thread_blocked, id=6872, stack(0x000000ee3bb00000,0x000000ee3bc00000)]
  0x000002964e442c30 JavaThread "jar transforms" [_thread_blocked, id=13252, stack(0x000000ee3bc00000,0x000000ee3bd00000)]
  0x000002964e443100 JavaThread "jar transforms Thread 2" [_thread_blocked, id=13220, stack(0x000000ee3bd00000,0x000000ee3be00000)]
  0x000002964e444de0 JavaThread "jar transforms Thread 3" [_thread_blocked, id=12768, stack(0x000000ee3be00000,0x000000ee3bf00000)]
  0x000002964e445c50 JavaThread "jar transforms Thread 4" [_thread_blocked, id=8908, stack(0x000000ee3bf00000,0x000000ee3c000000)]
  0x000002964e4435d0 JavaThread "Cache worker for checksums cache (E:\Project Coba-coba\Mapbox\.gradle\7.5\checksums)" [_thread_blocked, id=1268, stack(0x000000ee3c100000,0x000000ee3c200000)]
  0x000002964e444910 JavaThread "Cache worker for cache directory md-rule (C:\Users\ASUS\.gradle\caches\7.5\md-rule)" [_thread_blocked, id=8012, stack(0x000000ee3c200000,0x000000ee3c300000)]
  0x000002964e443aa0 JavaThread "Cache worker for file content cache (C:\Users\ASUS\.gradle\caches\7.5\fileContent)" [_thread_blocked, id=1724, stack(0x000000ee3c000000,0x000000ee3c100000)]
  0x000002964e443f70 JavaThread "Cache worker for file hash cache (E:\Project Coba-coba\Mapbox\.gradle\7.5\fileHashes)" [_thread_blocked, id=9924, stack(0x000000ee3c300000,0x000000ee3c400000)]
  0x000002964f415c80 JavaThread "Cache worker for cache directory md-supplier (C:\Users\ASUS\.gradle\caches\7.5\md-supplier)" [_thread_blocked, id=9876, stack(0x000000ee3c400000,0x000000ee3c500000)]
  0x000002964f416150 JavaThread "Cache worker for execution history cache (C:\Users\ASUS\.gradle\caches\7.5\executionHistory)" [_thread_blocked, id=4424, stack(0x000000ee3c500000,0x000000ee3c600000)]
  0x000002964f414470 JavaThread "Cache worker for kotlin-dsl (C:\Users\ASUS\.gradle\caches\7.5\kotlin-dsl)" [_thread_blocked, id=6968, stack(0x000000ee3c600000,0x000000ee3c700000)]
  0x000002964f410110 JavaThread "Cache worker for dependencies-accessors (E:\Project Coba-coba\Mapbox\.gradle\7.5\dependencies-accessors)" [_thread_blocked, id=8632, stack(0x000000ee3c700000,0x000000ee3c800000)]
  0x000002964f413600 JavaThread "Cache worker for Build Output Cleanup Cache (E:\Project Coba-coba\Mapbox\.gradle\buildOutputCleanup)" [_thread_blocked, id=12128, stack(0x000000ee3c800000,0x000000ee3c900000)]
  0x000002964f413ad0 JavaThread "Unconstrained build operations" [_thread_blocked, id=2852, stack(0x000000ee3c900000,0x000000ee3ca00000)]
  0x000002964f4105e0 JavaThread "Unconstrained build operations Thread 2" [_thread_blocked, id=4156, stack(0x000000ee3ca00000,0x000000ee3cb00000)]
  0x000002964f410f80 JavaThread "Unconstrained build operations Thread 3" [_thread_blocked, id=6532, stack(0x000000ee3cb00000,0x000000ee3cc00000)]
  0x000002964f414940 JavaThread "Unconstrained build operations Thread 4" [_thread_blocked, id=12808, stack(0x000000ee3cc00000,0x000000ee3cd00000)]
  0x000002964f411450 JavaThread "Unconstrained build operations Thread 5" [_thread_blocked, id=10916, stack(0x000000ee3cd00000,0x000000ee3ce00000)]
  0x000002964f414e10 JavaThread "Unconstrained build operations Thread 6" [_thread_blocked, id=11280, stack(0x000000ee3ce00000,0x000000ee3cf00000)]
  0x000002964f411920 JavaThread "Unconstrained build operations Thread 7" [_thread_blocked, id=10868, stack(0x000000ee3cf00000,0x000000ee3d000000)]
  0x000002964f412790 JavaThread "Unconstrained build operations Thread 8" [_thread_blocked, id=9564, stack(0x000000ee3d000000,0x000000ee3d100000)]
  0x000002964f9df280 JavaThread "Unconstrained build operations Thread 9" [_thread_blocked, id=3164, stack(0x000000ee3d100000,0x000000ee3d200000)]
  0x000002964f9df750 JavaThread "Unconstrained build operations Thread 10" [_thread_blocked, id=11468, stack(0x000000ee3d200000,0x000000ee3d300000)]
  0x000002964f9dbd90 JavaThread "Unconstrained build operations Thread 11" [_thread_blocked, id=9912, stack(0x000000ee3d300000,0x000000ee3d400000)]
  0x000002964f9dc260 JavaThread "Unconstrained build operations Thread 12" [_thread_blocked, id=7660, stack(0x000000ee3d400000,0x000000ee3d500000)]
  0x000002964f9e00f0 JavaThread "Unconstrained build operations Thread 13" [_thread_blocked, id=9004, stack(0x000000ee3d500000,0x000000ee3d600000)]
  0x000002964f9dfc20 JavaThread "Unconstrained build operations Thread 14" [_thread_blocked, id=3856, stack(0x000000ee3d600000,0x000000ee3d700000)]
  0x000002964f9da0b0 JavaThread "Unconstrained build operations Thread 15" [_thread_blocked, id=2060, stack(0x000000ee3d700000,0x000000ee3d800000)]
  0x000002964f9de410 JavaThread "Unconstrained build operations Thread 16" [_thread_blocked, id=6524, stack(0x000000ee3d800000,0x000000ee3d900000)]
  0x000002964f9db8c0 JavaThread "Unconstrained build operations Thread 17" [_thread_blocked, id=6580, stack(0x000000ee3d900000,0x000000ee3da00000)]
  0x000002964f9e0a90 JavaThread "Unconstrained build operations Thread 18" [_thread_blocked, id=7688, stack(0x000000ee3da00000,0x000000ee3db00000)]
  0x000002964f9e1430 JavaThread "Unconstrained build operations Thread 19" [_thread_blocked, id=4700, stack(0x000000ee3db00000,0x000000ee3dc00000)]
  0x000002964f9e0f60 JavaThread "Unconstrained build operations Thread 20" [_thread_blocked, id=11644, stack(0x000000ee3dc00000,0x000000ee3dd00000)]
  0x000002964f9e1900 JavaThread "Unconstrained build operations Thread 21" [_thread_blocked, id=5032, stack(0x000000ee3dd00000,0x000000ee3de00000)]
  0x000002964f9dd0d0 JavaThread "Unconstrained build operations Thread 22" [_thread_blocked, id=1820, stack(0x000000ee3de00000,0x000000ee3df00000)]
  0x000002964f9daf20 JavaThread "Unconstrained build operations Thread 23" [_thread_blocked, id=8852, stack(0x000000ee3df00000,0x000000ee3e000000)]
  0x000002964f9dc730 JavaThread "Unconstrained build operations Thread 24" [_thread_blocked, id=3096, stack(0x000000ee3e000000,0x000000ee3e100000)]
  0x000002964f9e05c0 JavaThread "Unconstrained build operations Thread 25" [_thread_blocked, id=6768, stack(0x000000ee3e100000,0x000000ee3e200000)]
  0x000002964f9dedb0 JavaThread "Unconstrained build operations Thread 26" [_thread_blocked, id=8080, stack(0x000000ee3e200000,0x000000ee3e300000)]
  0x000002964f9dcc00 JavaThread "Unconstrained build operations Thread 27" [_thread_blocked, id=7976, stack(0x000000ee3e300000,0x000000ee3e400000)]
  0x000002964f9da580 JavaThread "Unconstrained build operations Thread 28" [_thread_blocked, id=5176, stack(0x000000ee3e400000,0x000000ee3e500000)]
  0x000002964f9dd5a0 JavaThread "Unconstrained build operations Thread 29" [_thread_blocked, id=9176, stack(0x000000ee3e500000,0x000000ee3e600000)]
  0x000002964f9daa50 JavaThread "Unconstrained build operations Thread 30" [_thread_blocked, id=9228, stack(0x000000ee3e600000,0x000000ee3e700000)]
  0x000002964f9de8e0 JavaThread "Unconstrained build operations Thread 31" [_thread_blocked, id=9208, stack(0x000000ee3e700000,0x000000ee3e800000)]
  0x000002964f9dda70 JavaThread "Unconstrained build operations Thread 32" [_thread_blocked, id=9772, stack(0x000000ee3e800000,0x000000ee3e900000)]
  0x000002964f9db3f0 JavaThread "Unconstrained build operations Thread 33" [_thread_blocked, id=10172, stack(0x000000ee3e900000,0x000000ee3ea00000)]
  0x000002964f9ddf40 JavaThread "Unconstrained build operations Thread 34" [_thread_blocked, id=2968, stack(0x000000ee3ea00000,0x000000ee3eb00000)]
  0x000002964fb64930 JavaThread "Unconstrained build operations Thread 35" [_thread_blocked, id=7004, stack(0x000000ee3eb00000,0x000000ee3ec00000)]
  0x000002964fb64460 JavaThread "Unconstrained build operations Thread 36" [_thread_blocked, id=10672, stack(0x000000ee3ec00000,0x000000ee3ed00000)]
  0x000002964fb5e420 JavaThread "Unconstrained build operations Thread 37" [_thread_blocked, id=11336, stack(0x000000ee3ed00000,0x000000ee3ee00000)]
  0x000002964fb61440 JavaThread "Unconstrained build operations Thread 38" [_thread_blocked, id=4844, stack(0x000000ee3ee00000,0x000000ee3ef00000)]
  0x000002964fb605d0 JavaThread "Unconstrained build operations Thread 39" [_thread_blocked, id=9264, stack(0x000000ee3ef00000,0x000000ee3f000000)]
  0x000002964fb61910 JavaThread "Unconstrained build operations Thread 40" [_thread_blocked, id=9332, stack(0x000000ee3f000000,0x000000ee3f100000)]

Other Threads:
  0x000002964b454c30 VMThread "VM Thread" [stack: 0x000000ee39c00000,0x000000ee39d00000] [id=9908]
  0x000002964b43b050 WatcherThread [stack: 0x000000ee3a800000,0x000000ee3a900000] [id=6888]
  0x0000029631f46050 GCTaskThread "GC Thread#0" [stack: 0x000000ee39700000,0x000000ee39800000] [id=1332]
  0x000002964c33b720 GCTaskThread "GC Thread#1" [stack: 0x000000ee3aa00000,0x000000ee3ab00000] [id=7140]
  0x000002964c6f0820 GCTaskThread "GC Thread#2" [stack: 0x000000ee3ab00000,0x000000ee3ac00000] [id=7452]
  0x000002964c6d5ea0 GCTaskThread "GC Thread#3" [stack: 0x000000ee3a900000,0x000000ee3aa00000] [id=9788]
  0x0000029631f57640 ConcurrentGCThread "G1 Main Marker" [stack: 0x000000ee39800000,0x000000ee39900000] [id=6184]
  0x0000029631f5af80 ConcurrentGCThread "G1 Conc#0" [stack: 0x000000ee39900000,0x000000ee39a00000] [id=10376]
  0x0000029631fbd6c0 ConcurrentGCThread "G1 Refine#0" [stack: 0x000000ee39a00000,0x000000ee39b00000] [id=11580]
  0x0000029631fbdc00 ConcurrentGCThread "G1 Service" [stack: 0x000000ee39b00000,0x000000ee39c00000] [id=4944]

Threads with active compile tasks:
C2 CompilerThread0    30899 6378       4       org.objectweb.asm.ClassReader::readCode (5109 bytes)
C1 CompilerThread0    30899 6497       2       com.google.common.io.ByteStreams::read (93 bytes)

VM state: not at safepoint (normal execution)

VM Mutex/Monitor currently owned by a thread: None

Heap address: 0x0000000080000000, size: 2048 MB, Compressed Oops mode: 32-bit

CDS archive(s) not mapped
Compressed class space mapped at: 0x0000000100000000-0x0000000140000000, reserved size: 1073741824
Narrow klass base: 0x0000000000000000, Narrow klass shift: 3, Narrow klass range: 0x140000000

GC Precious Log:
 CPUs: 4 total, 4 available
 Memory: 8085M
 Large Page Support: Disabled
 NUMA Support: Disabled
 Compressed Oops: Enabled (32-bit)
 Heap Region Size: 1M
 Heap Min Capacity: 8M
 Heap Initial Capacity: 128M
 Heap Max Capacity: 2G
 Pre-touch: Disabled
 Parallel Workers: 4
 Concurrent Workers: 1
 Concurrent Refinement Workers: 4
 Periodic GC: Disabled

Heap:
 garbage-first heap   total 128000K, used 76941K [0x0000000080000000, 0x0000000100000000)
  region size 1024K, 7 young (7168K), 2 survivors (2048K)
 Metaspace       used 55424K, committed 56064K, reserved 1097728K
  class space    used 7399K, committed 7680K, reserved 1048576K

Heap Regions: E=young(eden), S=young(survivor), O=old, HS=humongous(starts), HC=humongous(continues), CS=collection set, F=free, OA=open archive, CA=closed archive, TAMS=top-at-mark-start (previous, next)
|   0|0x0000000080000000, 0x0000000080100000, 0x0000000080100000|100%|HS|  |TAMS 0x0000000080100000, 0x0000000080000000| Complete 
|   1|0x0000000080100000, 0x0000000080200000, 0x0000000080200000|100%|HC|  |TAMS 0x0000000080200000, 0x0000000080100000| Complete 
|   2|0x0000000080200000, 0x0000000080300000, 0x0000000080300000|100%|HC|  |TAMS 0x0000000080300000, 0x0000000080200000| Complete 
|   3|0x0000000080300000, 0x0000000080400000, 0x0000000080400000|100%| O|  |TAMS 0x0000000080400000, 0x0000000080300000| Untracked 
|   4|0x0000000080400000, 0x0000000080500000, 0x0000000080500000|100%| O|  |TAMS 0x0000000080500000, 0x0000000080400000| Untracked 
|   5|0x0000000080500000, 0x0000000080600000, 0x0000000080600000|100%| O|  |TAMS 0x0000000080600000, 0x0000000080500000| Untracked 
|   6|0x0000000080600000, 0x0000000080700000, 0x0000000080700000|100%| O|  |TAMS 0x0000000080700000, 0x0000000080600000| Untracked 
|   7|0x0000000080700000, 0x0000000080800000, 0x0000000080800000|100%| O|  |TAMS 0x0000000080800000, 0x0000000080700000| Untracked 
|   8|0x0000000080800000, 0x0000000080900000, 0x0000000080900000|100%| O|  |TAMS 0x0000000080900000, 0x0000000080800000| Untracked 
|   9|0x0000000080900000, 0x0000000080a00000, 0x0000000080a00000|100%| O|  |TAMS 0x0000000080a00000, 0x0000000080900000| Untracked 
|  10|0x0000000080a00000, 0x0000000080b00000, 0x0000000080b00000|100%| O|  |TAMS 0x0000000080b00000, 0x0000000080a00000| Untracked 
|  11|0x0000000080b00000, 0x0000000080c00000, 0x0000000080c00000|100%| O|  |TAMS 0x0000000080c00000, 0x0000000080b00000| Untracked 
|  12|0x0000000080c00000, 0x0000000080d00000, 0x0000000080d00000|100%| O|  |TAMS 0x0000000080d00000, 0x0000000080c00000| Untracked 
|  13|0x0000000080d00000, 0x0000000080e00000, 0x0000000080e00000|100%| O|  |TAMS 0x0000000080e00000, 0x0000000080d00000| Untracked 
|  14|0x0000000080e00000, 0x0000000080f00000, 0x0000000080f00000|100%| O|  |TAMS 0x0000000080f00000, 0x0000000080e00000| Untracked 
|  15|0x0000000080f00000, 0x0000000081000000, 0x0000000081000000|100%| O|  |TAMS 0x0000000081000000, 0x0000000080f00000| Untracked 
|  16|0x0000000081000000, 0x0000000081100000, 0x0000000081100000|100%| O|  |TAMS 0x0000000081100000, 0x0000000081000000| Untracked 
|  17|0x0000000081100000, 0x0000000081200000, 0x0000000081200000|100%| O|  |TAMS 0x0000000081200000, 0x0000000081100000| Untracked 
|  18|0x0000000081200000, 0x0000000081300000, 0x0000000081300000|100%| O|  |TAMS 0x0000000081300000, 0x0000000081200000| Untracked 
|  19|0x0000000081300000, 0x0000000081400000, 0x0000000081400000|100%| O|  |TAMS 0x0000000081400000, 0x0000000081300000| Untracked 
|  20|0x0000000081400000, 0x0000000081500000, 0x0000000081500000|100%|HS|  |TAMS 0x0000000081500000, 0x0000000081400000| Complete 
|  21|0x0000000081500000, 0x0000000081600000, 0x0000000081600000|100%|HC|  |TAMS 0x0000000081600000, 0x0000000081500000| Complete 
|  22|0x0000000081600000, 0x0000000081700000, 0x0000000081700000|100%|HS|  |TAMS 0x0000000081700000, 0x0000000081600000| Complete 
|  23|0x0000000081700000, 0x0000000081800000, 0x0000000081800000|100%|HC|  |TAMS 0x0000000081800000, 0x0000000081700000| Complete 
|  24|0x0000000081800000, 0x0000000081900000, 0x0000000081900000|100%|HC|  |TAMS 0x0000000081900000, 0x0000000081800000| Complete 
|  25|0x0000000081900000, 0x0000000081a00000, 0x0000000081a00000|100%|HS|  |TAMS 0x0000000081a00000, 0x0000000081900000| Complete 
|  26|0x0000000081a00000, 0x0000000081b00000, 0x0000000081b00000|100%|HC|  |TAMS 0x0000000081b00000, 0x0000000081a00000| Complete 
|  27|0x0000000081b00000, 0x0000000081c00000, 0x0000000081c00000|100%|HC|  |TAMS 0x0000000081c00000, 0x0000000081b00000| Complete 
|  28|0x0000000081c00000, 0x0000000081d00000, 0x0000000081d00000|100%|HS|  |TAMS 0x0000000081d00000, 0x0000000081c00000| Complete 
|  29|0x0000000081d00000, 0x0000000081e00000, 0x0000000081e00000|100%|HC|  |TAMS 0x0000000081e00000, 0x0000000081d00000| Complete 
|  30|0x0000000081e00000, 0x0000000081f00000, 0x0000000081f00000|100%|HC|  |TAMS 0x0000000081f00000, 0x0000000081e00000| Complete 
|  31|0x0000000081f00000, 0x0000000082000000, 0x0000000082000000|100%|HC|  |TAMS 0x0000000082000000, 0x0000000081f00000| Complete 
|  32|0x0000000082000000, 0x0000000082100000, 0x0000000082100000|100%|HC|  |TAMS 0x0000000082100000, 0x0000000082000000| Complete 
|  33|0x0000000082100000, 0x0000000082200000, 0x0000000082200000|100%|HC|  |TAMS 0x0000000082200000, 0x0000000082100000| Complete 
|  34|0x0000000082200000, 0x0000000082300000, 0x0000000082300000|100%|HC|  |TAMS 0x0000000082300000, 0x0000000082200000| Complete 
|  35|0x0000000082300000, 0x0000000082400000, 0x0000000082400000|100%|HC|  |TAMS 0x0000000082400000, 0x0000000082300000| Complete 
|  36|0x0000000082400000, 0x0000000082500000, 0x0000000082500000|100%|HC|  |TAMS 0x0000000082500000, 0x0000000082400000| Complete 
|  37|0x0000000082500000, 0x0000000082600000, 0x0000000082600000|100%|HC|  |TAMS 0x0000000082600000, 0x0000000082500000| Complete 
|  38|0x0000000082600000, 0x0000000082700000, 0x0000000082700000|100%|HC|  |TAMS 0x0000000082700000, 0x0000000082600000| Complete 
|  39|0x0000000082700000, 0x0000000082800000, 0x0000000082800000|100%|HC|  |TAMS 0x0000000082800000, 0x0000000082700000| Complete 
|  40|0x0000000082800000, 0x0000000082900000, 0x0000000082900000|100%| O|  |TAMS 0x0000000082900000, 0x0000000082800000| Untracked 
|  41|0x0000000082900000, 0x0000000082a00000, 0x0000000082a00000|100%| O|  |TAMS 0x0000000082a00000, 0x0000000082900000| Untracked 
|  42|0x0000000082a00000, 0x0000000082b00000, 0x0000000082b00000|100%|HS|  |TAMS 0x0000000082b00000, 0x0000000082a00000| Complete 
|  43|0x0000000082b00000, 0x0000000082c00000, 0x0000000082c00000|100%|HC|  |TAMS 0x0000000082c00000, 0x0000000082b00000| Complete 
|  44|0x0000000082c00000, 0x0000000082d00000, 0x0000000082d00000|100%| O|  |TAMS 0x0000000082d00000, 0x0000000082c00000| Untracked 
|  45|0x0000000082d00000, 0x0000000082e00000, 0x0000000082e00000|100%| O|  |TAMS 0x0000000082e00000, 0x0000000082d00000| Untracked 
|  46|0x0000000082e00000, 0x0000000082f00000, 0x0000000082f00000|100%| O|  |TAMS 0x0000000082f00000, 0x0000000082e00000| Untracked 
|  47|0x0000000082f00000, 0x0000000083000000, 0x0000000083000000|100%| O|  |TAMS 0x0000000083000000, 0x0000000082f00000| Untracked 
|  48|0x0000000083000000, 0x0000000083100000, 0x0000000083100000|100%| O|  |TAMS 0x0000000083100000, 0x0000000083000000| Untracked 
|  49|0x0000000083100000, 0x0000000083200000, 0x0000000083200000|100%| O|  |TAMS 0x0000000083200000, 0x0000000083100000| Untracked 
|  50|0x0000000083200000, 0x0000000083300000, 0x0000000083300000|100%| O|  |TAMS 0x0000000083300000, 0x0000000083200000| Untracked 
|  51|0x0000000083300000, 0x0000000083400000, 0x0000000083400000|100%|HS|  |TAMS 0x0000000083400000, 0x0000000083300000| Complete 
|  52|0x0000000083400000, 0x0000000083500000, 0x0000000083500000|100%|HC|  |TAMS 0x0000000083500000, 0x0000000083400000| Complete 
|  53|0x0000000083500000, 0x0000000083600000, 0x0000000083600000|100%|HC|  |TAMS 0x0000000083600000, 0x0000000083500000| Complete 
|  54|0x0000000083600000, 0x0000000083700000, 0x0000000083700000|100%| O|  |TAMS 0x0000000083700000, 0x0000000083600000| Untracked 
|  55|0x0000000083700000, 0x0000000083800000, 0x0000000083800000|100%| O|  |TAMS 0x0000000083800000, 0x0000000083700000| Untracked 
|  56|0x0000000083800000, 0x0000000083900000, 0x0000000083900000|100%| O|  |TAMS 0x0000000083900000, 0x0000000083800000| Untracked 
|  57|0x0000000083900000, 0x0000000083a00000, 0x0000000083a00000|100%|HS|  |TAMS 0x0000000083a00000, 0x0000000083900000| Complete 
|  58|0x0000000083a00000, 0x0000000083b00000, 0x0000000083b00000|100%|HC|  |TAMS 0x0000000083b00000, 0x0000000083a00000| Complete 
|  59|0x0000000083b00000, 0x0000000083c00000, 0x0000000083c00000|100%|HC|  |TAMS 0x0000000083c00000, 0x0000000083b00000| Complete 
|  60|0x0000000083c00000, 0x0000000083d00000, 0x0000000083d00000|100%| O|  |TAMS 0x0000000083d00000, 0x0000000083c00000| Untracked 
|  61|0x0000000083d00000, 0x0000000083e00000, 0x0000000083e00000|100%| O|  |TAMS 0x0000000083e00000, 0x0000000083d00000| Untracked 
|  62|0x0000000083e00000, 0x0000000083f00000, 0x0000000083f00000|100%| O|  |TAMS 0x0000000083f00000, 0x0000000083e00000| Untracked 
|  63|0x0000000083f00000, 0x0000000084000000, 0x0000000084000000|100%| O|  |TAMS 0x0000000084000000, 0x0000000083f00000| Untracked 
|  64|0x0000000084000000, 0x0000000084100000, 0x0000000084100000|100%| O|  |TAMS 0x0000000084100000, 0x0000000084000000| Untracked 
|  65|0x0000000084100000, 0x0000000084200000, 0x0000000084200000|100%| O|  |TAMS 0x0000000084111400, 0x0000000084100000| Untracked 
|  66|0x0000000084200000, 0x0000000084300000, 0x0000000084300000|100%| O|  |TAMS 0x0000000084200000, 0x0000000084200000| Untracked 
|  67|0x0000000084300000, 0x0000000084400000, 0x0000000084400000|100%|HS|  |TAMS 0x0000000084300000, 0x0000000084300000| Complete 
|  68|0x0000000084400000, 0x0000000084500000, 0x0000000084500000|100%| O|  |TAMS 0x0000000084400000, 0x0000000084400000| Untracked 
|  69|0x0000000084500000, 0x000000008455ca00, 0x0000000084600000| 36%| O|  |TAMS 0x0000000084500000, 0x0000000084500000| Untracked 
|  70|0x0000000084600000, 0x0000000084600000, 0x0000000084700000|  0%| F|  |TAMS 0x0000000084600000, 0x0000000084600000| Untracked 
|  71|0x0000000084700000, 0x0000000084700000, 0x0000000084800000|  0%| F|  |TAMS 0x0000000084700000, 0x0000000084700000| Untracked 
|  72|0x0000000084800000, 0x0000000084800000, 0x0000000084900000|  0%| F|  |TAMS 0x0000000084800000, 0x0000000084800000| Untracked 
|  73|0x0000000084900000, 0x0000000084900000, 0x0000000084a00000|  0%| F|  |TAMS 0x0000000084900000, 0x0000000084900000| Untracked 
|  74|0x0000000084a00000, 0x0000000084a00000, 0x0000000084b00000|  0%| F|  |TAMS 0x0000000084a00000, 0x0000000084a00000| Untracked 
|  75|0x0000000084b00000, 0x0000000084b00000, 0x0000000084c00000|  0%| F|  |TAMS 0x0000000084b00000, 0x0000000084b00000| Untracked 
|  76|0x0000000084c00000, 0x0000000084c00000, 0x0000000084d00000|  0%| F|  |TAMS 0x0000000084c00000, 0x0000000084c00000| Untracked 
|  77|0x0000000084d00000, 0x0000000084d00000, 0x0000000084e00000|  0%| F|  |TAMS 0x0000000084d00000, 0x0000000084d00000| Untracked 
|  78|0x0000000084e00000, 0x0000000084e00000, 0x0000000084f00000|  0%| F|  |TAMS 0x0000000084e00000, 0x0000000084e00000| Untracked 
|  79|0x0000000084f00000, 0x0000000084f00000, 0x0000000085000000|  0%| F|  |TAMS 0x0000000084f00000, 0x0000000084f00000| Untracked 
|  80|0x0000000085000000, 0x0000000085000000, 0x0000000085100000|  0%| F|  |TAMS 0x0000000085000000, 0x0000000085000000| Untracked 
|  81|0x0000000085100000, 0x0000000085100000, 0x0000000085200000|  0%| F|  |TAMS 0x0000000085100000, 0x0000000085100000| Untracked 
|  82|0x0000000085200000, 0x0000000085200000, 0x0000000085300000|  0%| F|  |TAMS 0x0000000085200000, 0x0000000085200000| Untracked 
|  83|0x0000000085300000, 0x0000000085300000, 0x0000000085400000|  0%| F|  |TAMS 0x0000000085300000, 0x0000000085300000| Untracked 
|  84|0x0000000085400000, 0x0000000085400000, 0x0000000085500000|  0%| F|  |TAMS 0x0000000085400000, 0x0000000085400000| Untracked 
|  85|0x0000000085500000, 0x0000000085500000, 0x0000000085600000|  0%| F|  |TAMS 0x0000000085500000, 0x0000000085500000| Untracked 
|  86|0x0000000085600000, 0x0000000085600000, 0x0000000085700000|  0%| F|  |TAMS 0x0000000085600000, 0x0000000085600000| Untracked 
|  87|0x0000000085700000, 0x0000000085700000, 0x0000000085800000|  0%| F|  |TAMS 0x0000000085700000, 0x0000000085700000| Untracked 
|  88|0x0000000085800000, 0x0000000085800000, 0x0000000085900000|  0%| F|  |TAMS 0x0000000085800000, 0x0000000085800000| Untracked 
|  89|0x0000000085900000, 0x0000000085900000, 0x0000000085a00000|  0%| F|  |TAMS 0x0000000085900000, 0x0000000085900000| Untracked 
|  90|0x0000000085a00000, 0x0000000085a00000, 0x0000000085b00000|  0%| F|  |TAMS 0x0000000085a00000, 0x0000000085a00000| Untracked 
|  91|0x0000000085b00000, 0x0000000085b00000, 0x0000000085c00000|  0%| F|  |TAMS 0x0000000085b00000, 0x0000000085b00000| Untracked 
|  92|0x0000000085c00000, 0x0000000085cc6d90, 0x0000000085d00000| 77%| S|CS|TAMS 0x0000000085c00000, 0x0000000085c00000| Complete 
|  93|0x0000000085d00000, 0x0000000085e00000, 0x0000000085e00000|100%| S|CS|TAMS 0x0000000085d00000, 0x0000000085d00000| Complete 
|  94|0x0000000085e00000, 0x0000000085e00000, 0x0000000085f00000|  0%| F|  |TAMS 0x0000000085e00000, 0x0000000085e00000| Untracked 
|  95|0x0000000085f00000, 0x0000000085f00000, 0x0000000086000000|  0%| F|  |TAMS 0x0000000085f00000, 0x0000000085f00000| Untracked 
|  96|0x0000000086000000, 0x0000000086000000, 0x0000000086100000|  0%| F|  |TAMS 0x0000000086000000, 0x0000000086000000| Untracked 
|  97|0x0000000086100000, 0x0000000086100000, 0x0000000086200000|  0%| F|  |TAMS 0x0000000086100000, 0x0000000086100000| Untracked 
|  98|0x0000000086200000, 0x0000000086200000, 0x0000000086300000|  0%| F|  |TAMS 0x0000000086200000, 0x0000000086200000| Untracked 
|  99|0x0000000086300000, 0x0000000086300000, 0x0000000086400000|  0%| F|  |TAMS 0x0000000086300000, 0x0000000086300000| Untracked 
| 100|0x0000000086400000, 0x0000000086400000, 0x0000000086500000|  0%| F|  |TAMS 0x0000000086400000, 0x0000000086400000| Untracked 
| 101|0x0000000086500000, 0x0000000086500000, 0x0000000086600000|  0%| F|  |TAMS 0x0000000086500000, 0x0000000086500000| Untracked 
| 102|0x0000000086600000, 0x0000000086600000, 0x0000000086700000|  0%| F|  |TAMS 0x0000000086600000, 0x0000000086600000| Untracked 
| 103|0x0000000086700000, 0x0000000086700000, 0x0000000086800000|  0%| F|  |TAMS 0x0000000086700000, 0x0000000086700000| Untracked 
| 104|0x0000000086800000, 0x0000000086800000, 0x0000000086900000|  0%| F|  |TAMS 0x0000000086800000, 0x0000000086800000| Untracked 
| 105|0x0000000086900000, 0x0000000086900000, 0x0000000086a00000|  0%| F|  |TAMS 0x0000000086900000, 0x0000000086900000| Untracked 
| 106|0x0000000086a00000, 0x0000000086a00000, 0x0000000086b00000|  0%| F|  |TAMS 0x0000000086a00000, 0x0000000086a00000| Untracked 
| 107|0x0000000086b00000, 0x0000000086b00000, 0x0000000086c00000|  0%| F|  |TAMS 0x0000000086b00000, 0x0000000086b00000| Untracked 
| 108|0x0000000086c00000, 0x0000000086c00000, 0x0000000086d00000|  0%| F|  |TAMS 0x0000000086c00000, 0x0000000086c00000| Untracked 
| 109|0x0000000086d00000, 0x0000000086d00000, 0x0000000086e00000|  0%| F|  |TAMS 0x0000000086d00000, 0x0000000086d00000| Untracked 
| 110|0x0000000086e00000, 0x0000000086e00000, 0x0000000086f00000|  0%| F|  |TAMS 0x0000000086e00000, 0x0000000086e00000| Untracked 
| 111|0x0000000086f00000, 0x0000000086f00000, 0x0000000087000000|  0%| F|  |TAMS 0x0000000086f00000, 0x0000000086f00000| Untracked 
| 112|0x0000000087000000, 0x0000000087000000, 0x0000000087100000|  0%| F|  |TAMS 0x0000000087000000, 0x0000000087000000| Untracked 
| 113|0x0000000087100000, 0x0000000087100000, 0x0000000087200000|  0%| F|  |TAMS 0x0000000087100000, 0x0000000087100000| Untracked 
| 114|0x0000000087200000, 0x0000000087200000, 0x0000000087300000|  0%| F|  |TAMS 0x0000000087200000, 0x0000000087200000| Untracked 
| 115|0x0000000087300000, 0x0000000087300000, 0x0000000087400000|  0%| F|  |TAMS 0x0000000087300000, 0x0000000087300000| Untracked 
| 116|0x0000000087400000, 0x0000000087400000, 0x0000000087500000|  0%| F|  |TAMS 0x0000000087400000, 0x0000000087400000| Untracked 
| 117|0x0000000087500000, 0x0000000087500000, 0x0000000087600000|  0%| F|  |TAMS 0x0000000087500000, 0x0000000087500000| Untracked 
| 118|0x0000000087600000, 0x0000000087600000, 0x0000000087700000|  0%| F|  |TAMS 0x0000000087600000, 0x0000000087600000| Untracked 
| 119|0x0000000087700000, 0x0000000087700000, 0x0000000087800000|  0%| F|  |TAMS 0x0000000087700000, 0x0000000087700000| Untracked 
| 120|0x0000000087800000, 0x000000008787c568, 0x0000000087900000| 48%| E|  |TAMS 0x0000000087800000, 0x0000000087800000| Complete 
| 121|0x0000000087900000, 0x0000000087a00000, 0x0000000087a00000|100%| E|CS|TAMS 0x0000000087900000, 0x0000000087900000| Complete 
| 122|0x0000000087a00000, 0x0000000087b00000, 0x0000000087b00000|100%| E|CS|TAMS 0x0000000087a00000, 0x0000000087a00000| Complete 
| 123|0x0000000087b00000, 0x0000000087c00000, 0x0000000087c00000|100%| E|CS|TAMS 0x0000000087b00000, 0x0000000087b00000| Complete 
| 127|0x0000000087f00000, 0x0000000088000000, 0x0000000088000000|100%| E|CS|TAMS 0x0000000087f00000, 0x0000000087f00000| Complete 

Card table byte_map: [0x00000296447c0000,0x0000029644bc0000] _byte_map_base: 0x00000296443c0000

Marking Bits (Prev, Next): (CMBitMap*) 0x0000029631f465b0, (CMBitMap*) 0x0000029631f46570
 Prev Bits: [0x0000029646fc0000, 0x0000029648fc0000)
 Next Bits: [0x0000029644fc0000, 0x0000029646fc0000)

Polling page: 0x00000296316c0000

Metaspace:

Usage:
  Non-class:     46.90 MB used.
      Class:      7.23 MB used.
       Both:     54.13 MB used.

Virtual space:
  Non-class space:       48.00 MB reserved,      47.25 MB ( 98%) committed,  6 nodes.
      Class space:        1.00 GB reserved,       7.50 MB ( <1%) committed,  1 nodes.
             Both:        1.05 GB reserved,      54.75 MB (  5%) committed. 

Chunk freelists:
   Non-Class:  800.00 KB
       Class:  528.00 KB
        Both:  1.30 MB

MaxMetaspaceSize: unlimited
CompressedClassSpaceSize: 1.00 GB
Initial GC threshold: 21.00 MB
Current GC threshold: 91.06 MB
CDS: off
MetaspaceReclaimPolicy: balanced
 - commit_granule_bytes: 65536.
 - commit_granule_words: 8192.
 - virtual_space_node_default_size: 1048576.
 - enlarge_chunks_in_place: 1.
 - new_chunks_are_fully_committed: 0.
 - uncommit_free_chunks: 1.
 - use_allocation_guard: 0.
 - handle_deallocations: 1.


Internal statistics:

num_allocs_failed_limit: 3.
num_arena_births: 634.
num_arena_deaths: 0.
num_vsnodes_births: 7.
num_vsnodes_deaths: 0.
num_space_committed: 876.
num_space_uncommitted: 0.
num_chunks_returned_to_freelist: 3.
num_chunks_taken_from_freelist: 2498.
num_chunk_merges: 3.
num_chunk_splits: 1618.
num_chunks_enlarged: 1073.
num_purges: 0.
num_inconsistent_stats: 0.

CodeHeap 'non-profiled nmethods': size=120000Kb used=2870Kb max_used=3226Kb free=117129Kb
 bounds [0x000002963ce90000, 0x000002963d1c0000, 0x00000296443c0000]
CodeHeap 'profiled nmethods': size=120000Kb used=11133Kb max_used=11133Kb free=108866Kb
 bounds [0x00000296353c0000, 0x0000029635eb0000, 0x000002963c8f0000]
CodeHeap 'non-nmethods': size=5760Kb used=2322Kb max_used=2374Kb free=3437Kb
 bounds [0x000002963c8f0000, 0x000002963cb60000, 0x000002963ce90000]
 total_blobs=6583 nmethods=5740 adapters=755
 compilation: enabled
              stopped_count=0, restarted_count=0
 full_count=0

Compilation events (20 events):
Event: 30.830 Thread 0x000002964c02baf0 6474       2       org.gradle.api.internal.changedetection.state.CachingResourceHasher::hash (11 bytes)
Event: 30.830 Thread 0x000002964c02baf0 nmethod 6474 0x0000029635e93b90 code [0x0000029635e93d20, 0x0000029635e93e48]
Event: 30.830 Thread 0x000002964c02baf0 6475       2       org.gradle.api.internal.changedetection.state.AbiExtractingClasspathResourceHasher::hash (58 bytes)
Event: 30.831 Thread 0x000002964c02baf0 nmethod 6475 0x0000029635e93f10 code [0x0000029635e94140, 0x0000029635e947b8]
Event: 30.831 Thread 0x000002964c02baf0 6476       2       org.gradle.api.internal.changedetection.state.AbiExtractingClasspathResourceHasher::isNotClassFile (15 bytes)
Event: 30.831 Thread 0x000002964c02baf0 nmethod 6476 0x0000029635e94b90 code [0x0000029635e94d40, 0x0000029635e94ea8]
Event: 30.831 Thread 0x000002964c02baf0 6477   !   2       org.gradle.api.internal.file.archive.impl.JdkZipEntry::withInputStream (74 bytes)
Event: 30.832 Thread 0x000002964c02baf0 nmethod 6477 0x0000029635e95010 code [0x0000029635e95240, 0x0000029635e95798]
Event: 30.832 Thread 0x000002964c02baf0 6478       2       org.gradle.api.internal.file.archive.impl.FileZipInput$1$1::get (5 bytes)
Event: 30.832 Thread 0x000002964c02baf0 nmethod 6478 0x0000029635e95c10 code [0x0000029635e95dc0, 0x0000029635e95fd8]
Event: 30.832 Thread 0x000002964c02baf0 6479   !   2       org.gradle.api.internal.file.archive.impl.FileZipInput$1$1::get (28 bytes)
Event: 30.832 Thread 0x000002964c02baf0 nmethod 6479 0x0000029635e96190 code [0x0000029635e96340, 0x0000029635e96558]
Event: 30.832 Thread 0x000002964c02baf0 6480       2       org.gradle.api.internal.file.archive.impl.JdkZipEntry$1::run (6 bytes)
Event: 30.833 Thread 0x000002964c02baf0 nmethod 6480 0x0000029635e96710 code [0x0000029635e96900, 0x0000029635e96ca8]
Event: 30.833 Thread 0x000002964c02baf0 6481       2       org.gradle.api.internal.changedetection.state.AbiExtractingClasspathResourceHasher$FallbackStrategy$2::handle (11 bytes)
Event: 30.833 Thread 0x000002964c02baf0 nmethod 6481 0x0000029635e96e90 code [0x0000029635e97040, 0x0000029635e971a8]
Event: 30.843 Thread 0x000002964c02baf0 6482       2       org.gradle.internal.normalization.java.impl.MethodStubbingApiMemberAdapter::generateUnsupportedOperationExceptionMethod (74 bytes)
Event: 30.843 Thread 0x000002964c02baf0 nmethod 6482 0x0000029635e97310 code [0x0000029635e97520, 0x0000029635e97808]
Event: 30.843 Thread 0x000002964c02baf0 6483       2       java.util.LinkedList::clear (60 bytes)
Event: 30.843 Thread 0x000002964c02baf0 nmethod 6483 0x0000029635e97990 code [0x0000029635e97b40, 0x0000029635e97db8]

GC Heap History (20 events):
Event: 17.482 GC heap before
{Heap before GC invocations=20 (full 0):
 garbage-first heap   total 99328K, used 72175K [0x0000000080000000, 0x0000000100000000)
  region size 1024K, 18 young (18432K), 3 survivors (3072K)
 Metaspace       used 44440K, committed 44864K, reserved 1089536K
  class space    used 5855K, committed 6080K, reserved 1048576K
}
Event: 17.498 GC heap after
{Heap after GC invocations=21 (full 0):
 garbage-first heap   total 99328K, used 54290K [0x0000000080000000, 0x0000000100000000)
  region size 1024K, 2 young (2048K), 2 survivors (2048K)
 Metaspace       used 44440K, committed 44864K, reserved 1089536K
  class space    used 5855K, committed 6080K, reserved 1048576K
}
Event: 18.344 GC heap before
{Heap before GC invocations=21 (full 0):
 garbage-first heap   total 99328K, used 67602K [0x0000000080000000, 0x0000000100000000)
  region size 1024K, 17 young (17408K), 2 survivors (2048K)
 Metaspace       used 45969K, committed 46400K, reserved 1089536K
  class space    used 6092K, committed 6272K, reserved 1048576K
}
Event: 18.349 GC heap after
{Heap after GC invocations=22 (full 0):
 garbage-first heap   total 99328K, used 56187K [0x0000000080000000, 0x0000000100000000)
  region size 1024K, 4 young (4096K), 4 survivors (4096K)
 Metaspace       used 45969K, committed 46400K, reserved 1089536K
  class space    used 6092K, committed 6272K, reserved 1048576K
}
Event: 18.484 GC heap before
{Heap before GC invocations=23 (full 0):
 garbage-first heap   total 102400K, used 59259K [0x0000000080000000, 0x0000000100000000)
  region size 1024K, 5 young (5120K), 4 survivors (4096K)
 Metaspace       used 45969K, committed 46400K, reserved 1089536K
  class space    used 6092K, committed 6272K, reserved 1048576K
}
Event: 18.492 GC heap after
{Heap after GC invocations=24 (full 0):
 garbage-first heap   total 102400K, used 59586K [0x0000000080000000, 0x0000000100000000)
  region size 1024K, 3 young (3072K), 3 survivors (3072K)
 Metaspace       used 45969K, committed 46400K, reserved 1089536K
  class space    used 6092K, committed 6272K, reserved 1048576K
}
Event: 18.929 GC heap before
{Heap before GC invocations=25 (full 0):
 garbage-first heap   total 109568K, used 71874K [0x0000000080000000, 0x0000000100000000)
  region size 1024K, 14 young (14336K), 3 survivors (3072K)
 Metaspace       used 46671K, committed 47104K, reserved 1097728K
  class space    used 6173K, committed 6400K, reserved 1048576K
}
Event: 18.936 GC heap after
{Heap after GC invocations=26 (full 0):
 garbage-first heap   total 109568K, used 64826K [0x0000000080000000, 0x0000000100000000)
  region size 1024K, 3 young (3072K), 3 survivors (3072K)
 Metaspace       used 46671K, committed 47104K, reserved 1097728K
  class space    used 6173K, committed 6400K, reserved 1048576K
}
Event: 25.939 GC heap before
{Heap before GC invocations=27 (full 0):
 garbage-first heap   total 112640K, used 86330K [0x0000000080000000, 0x0000000100000000)
  region size 1024K, 23 young (23552K), 3 survivors (3072K)
 Metaspace       used 48817K, committed 49344K, reserved 1097728K
  class space    used 6379K, committed 6592K, reserved 1048576K
}
Event: 25.943 GC heap after
{Heap after GC invocations=28 (full 0):
 garbage-first heap   total 112640K, used 65698K [0x0000000080000000, 0x0000000100000000)
  region size 1024K, 2 young (2048K), 2 survivors (2048K)
 Metaspace       used 48817K, committed 49344K, reserved 1097728K
  class space    used 6379K, committed 6592K, reserved 1048576K
}
Event: 26.877 GC heap before
{Heap before GC invocations=28 (full 0):
 garbage-first heap   total 112640K, used 87202K [0x0000000080000000, 0x0000000100000000)
  region size 1024K, 24 young (24576K), 2 survivors (2048K)
 Metaspace       used 50891K, committed 51520K, reserved 1097728K
  class space    used 6757K, committed 7040K, reserved 1048576K
}
Event: 26.887 GC heap after
{Heap after GC invocations=29 (full 0):
 garbage-first heap   total 112640K, used 67286K [0x0000000080000000, 0x0000000100000000)
  region size 1024K, 3 young (3072K), 3 survivors (3072K)
 Metaspace       used 50891K, committed 51520K, reserved 1097728K
  class space    used 6757K, committed 7040K, reserved 1048576K
}
Event: 28.974 GC heap before
{Heap before GC invocations=30 (full 0):
 garbage-first heap   total 116736K, used 89814K [0x0000000080000000, 0x0000000100000000)
  region size 1024K, 25 young (25600K), 3 survivors (3072K)
 Metaspace       used 53360K, committed 54016K, reserved 1097728K
  class space    used 7180K, committed 7488K, reserved 1048576K
}
Event: 28.980 GC heap after
{Heap after GC invocations=31 (full 0):
 garbage-first heap   total 116736K, used 68649K [0x0000000080000000, 0x0000000100000000)
  region size 1024K, 3 young (3072K), 3 survivors (3072K)
 Metaspace       used 53360K, committed 54016K, reserved 1097728K
  class space    used 7180K, committed 7488K, reserved 1048576K
}
Event: 30.064 GC heap before
{Heap before GC invocations=31 (full 0):
 garbage-first heap   total 116736K, used 93225K [0x0000000080000000, 0x0000000100000000)
  region size 1024K, 27 young (27648K), 3 survivors (3072K)
 Metaspace       used 54892K, committed 55552K, reserved 1097728K
  class space    used 7361K, committed 7680K, reserved 1048576K
}
Event: 30.072 GC heap after
{Heap after GC invocations=32 (full 0):
 garbage-first heap   total 116736K, used 70104K [0x0000000080000000, 0x0000000100000000)
  region size 1024K, 4 young (4096K), 4 survivors (4096K)
 Metaspace       used 54892K, committed 55552K, reserved 1097728K
  class space    used 7361K, committed 7680K, reserved 1048576K
}
Event: 30.609 GC heap before
{Heap before GC invocations=33 (full 0):
 garbage-first heap   total 121856K, used 83416K [0x0000000080000000, 0x0000000100000000)
  region size 1024K, 19 young (19456K), 4 survivors (4096K)
 Metaspace       used 55137K, committed 55808K, reserved 1097728K
  class space    used 7374K, committed 7680K, reserved 1048576K
}
Event: 30.615 GC heap after
{Heap after GC invocations=34 (full 0):
 garbage-first heap   total 121856K, used 71622K [0x0000000080000000, 0x0000000100000000)
  region size 1024K, 4 young (4096K), 4 survivors (4096K)
 Metaspace       used 55137K, committed 55808K, reserved 1097728K
  class space    used 7374K, committed 7680K, reserved 1048576K
}
Event: 30.838 GC heap before
{Heap before GC invocations=35 (full 0):
 garbage-first heap   total 128000K, used 100294K [0x0000000080000000, 0x0000000100000000)
  region size 1024K, 31 young (31744K), 4 survivors (4096K)
 Metaspace       used 55409K, committed 56064K, reserved 1097728K
  class space    used 7399K, committed 7680K, reserved 1048576K
}
Event: 30.842 GC heap after
{Heap after GC invocations=36 (full 0):
 garbage-first heap   total 128000K, used 72845K [0x0000000080000000, 0x0000000100000000)
  region size 1024K, 2 young (2048K), 2 survivors (2048K)
 Metaspace       used 55409K, committed 56064K, reserved 1097728K
  class space    used 7399K, committed 7680K, reserved 1048576K
}

Dll operation events (2 events):
Event: 0.010 Loaded shared library C:\Program Files\Android\Android Studio\jbr\bin\java.dll
Event: 1.360 Loaded shared library C:\Program Files\Android\Android Studio\jbr\bin\verify.dll

Deoptimization events (20 events):
Event: 30.261 Thread 0x000002964db498a0 DEOPT PACKING pc=0x000002963d043f70 sp=0x000000ee3b2f7d80
Event: 30.261 Thread 0x000002964db498a0 DEOPT UNPACKING pc=0x000002963c9469a3 sp=0x000000ee3b2f7d08 mode 2
Event: 30.401 Thread 0x000002964db498a0 Uncommon trap: trap_request=0xffffffc6 fr.pc=0x000002963d0aeb4c relative=0x0000000000003cec
Event: 30.401 Thread 0x000002964db498a0 Uncommon trap: reason=bimorphic_or_optimized_type_check action=maybe_recompile pc=0x000002963d0aeb4c method=java.util.AbstractCollection.addAll(Ljava/util/Collection;)Z @ 29 c2
Event: 30.401 Thread 0x000002964db498a0 DEOPT PACKING pc=0x000002963d0aeb4c sp=0x000000ee3b2fb170
Event: 30.401 Thread 0x000002964db498a0 DEOPT UNPACKING pc=0x000002963c9469a3 sp=0x000000ee3b2fb160 mode 2
Event: 30.531 Thread 0x000002964db498a0 DEOPT PACKING pc=0x00000296356bed51 sp=0x000000ee3b2f8610
Event: 30.531 Thread 0x000002964db498a0 DEOPT UNPACKING pc=0x000002963c947143 sp=0x000000ee3b2f7b08 mode 0
Event: 30.532 Thread 0x000002964db498a0 DEOPT PACKING pc=0x0000029635e24163 sp=0x000000ee3b2f8690
Event: 30.532 Thread 0x000002964db498a0 DEOPT UNPACKING pc=0x000002963c947143 sp=0x000000ee3b2f7bc8 mode 0
Event: 30.546 Thread 0x000002964db498a0 DEOPT PACKING pc=0x00000296358c4bda sp=0x000000ee3b2f8610
Event: 30.546 Thread 0x000002964db498a0 DEOPT UNPACKING pc=0x000002963c947143 sp=0x000000ee3b2f7b08 mode 0
Event: 30.560 Thread 0x000002964db498a0 DEOPT PACKING pc=0x00000296356bed51 sp=0x000000ee3b2f8b10
Event: 30.560 Thread 0x000002964db498a0 DEOPT UNPACKING pc=0x000002963c947143 sp=0x000000ee3b2f8008 mode 0
Event: 30.560 Thread 0x000002964db498a0 DEOPT PACKING pc=0x00000296356bed51 sp=0x000000ee3b2f8b10
Event: 30.560 Thread 0x000002964db498a0 DEOPT UNPACKING pc=0x000002963c947143 sp=0x000000ee3b2f8008 mode 0
Event: 30.635 Thread 0x000002964db498a0 Uncommon trap: trap_request=0xffffffc6 fr.pc=0x000002963d0aeb4c relative=0x0000000000003cec
Event: 30.635 Thread 0x000002964db498a0 Uncommon trap: reason=bimorphic_or_optimized_type_check action=maybe_recompile pc=0x000002963d0aeb4c method=java.util.AbstractCollection.addAll(Ljava/util/Collection;)Z @ 29 c2
Event: 30.635 Thread 0x000002964db498a0 DEOPT PACKING pc=0x000002963d0aeb4c sp=0x000000ee3b2f7e90
Event: 30.635 Thread 0x000002964db498a0 DEOPT UNPACKING pc=0x000002963c9469a3 sp=0x000000ee3b2f7e80 mode 2

Classes unloaded (0 events):
No events

Classes redefined (0 events):
No events

Internal exceptions (20 events):
Event: 25.897 Thread 0x000002964db498a0 Exception <a 'java/lang/NoSuchMethodError'{0x0000000085f2b0d8}: 'java.lang.Object java.lang.invoke.DirectMethodHandle$Holder.invokeStatic(java.lang.Object, java.lang.Object, java.lang.Object, java.lang.Object, java.lang.Object, java.lang.Object, java.lang.Object, java.lang.Object, java.lang.Object, java.lang.Object, java.lang.Object, java.lang.Object, java.lang.Object, java.lang.Object, java.lang.Object, java.lang.Object, java.lang.Object, java.lang.Object, java.lang.Object, java.lang.Object, java.lang.Obj
Event: 26.015 Thread 0x000002964db498a0 Exception <a 'java/lang/IncompatibleClassChangeError'{0x00000000868526f0}: Found class java.lang.Object, but interface was expected> (0x00000000868526f0) 
thrown [s\src\hotspot\share\interpreter\linkResolver.cpp, line 838]
Event: 26.141 Thread 0x000002964db498a0 Exception <a 'java/lang/IncompatibleClassChangeError'{0x00000000866ef238}: Found class java.lang.Object, but interface was expected> (0x00000000866ef238) 
thrown [s\src\hotspot\share\interpreter\linkResolver.cpp, line 838]
Event: 26.148 Thread 0x000002964db498a0 Exception <a 'java/lang/NoSuchMethodError'{0x0000000086568690}: 'void java.lang.invoke.DirectMethodHandle$Holder.invokeStatic(java.lang.Object, java.lang.Object, java.lang.Object, java.lang.Object, java.lang.Object, java.lang.Object)'> (0x0000000086568690) 
thrown [s\src\hotspot\share\interpreter\linkResolver.cpp, line 771]
Event: 26.164 Thread 0x000002964db498a0 Exception <a 'java/lang/NoSuchMethodError'{0x0000000086464308}: 'int java.lang.invoke.DirectMethodHandle$Holder.invokeStaticInit(java.lang.Object, java.lang.Object, java.lang.Object, java.lang.Object, java.lang.Object)'> (0x0000000086464308) 
thrown [s\src\hotspot\share\interpreter\linkResolver.cpp, line 771]
Event: 26.473 Thread 0x000002964db498a0 Exception <a 'java/lang/NoSuchMethodError'{0x0000000085f15040}: 'void java.lang.invoke.DirectMethodHandle$Holder.invokeInterface(java.lang.Object, java.lang.Object)'> (0x0000000085f15040) 
thrown [s\src\hotspot\share\interpreter\linkResolver.cpp, line 771]
Event: 26.654 Thread 0x000002964db498a0 Exception <a 'java/lang/ClassNotFoundException'{0x0000000085cdceb8}: org/jetbrains/plugins/gradle/model/web/WebConfigurationBeanInfo> (0x0000000085cdceb8) 
thrown [s\src\hotspot\share\classfile\systemDictionary.cpp, line 256]
Event: 26.654 Thread 0x000002964db498a0 Exception <a 'java/lang/ClassNotFoundException'{0x0000000085ce5240}: org/jetbrains/plugins/gradle/model/web/WebConfigurationCustomizer> (0x0000000085ce5240) 
thrown [s\src\hotspot\share\classfile\systemDictionary.cpp, line 256]
Event: 26.656 Thread 0x000002964db498a0 Exception <a 'java/lang/ClassNotFoundException'{0x0000000085b05600}: org/jetbrains/plugins/gradle/model/scala/ScalaModelBeanInfo> (0x0000000085b05600) 
thrown [s\src\hotspot\share\classfile\systemDictionary.cpp, line 256]
Event: 26.657 Thread 0x000002964db498a0 Exception <a 'java/lang/ClassNotFoundException'{0x0000000085b0d908}: org/jetbrains/plugins/gradle/model/scala/ScalaModelCustomizer> (0x0000000085b0d908) 
thrown [s\src\hotspot\share\classfile\systemDictionary.cpp, line 256]
Event: 26.660 Thread 0x000002964db498a0 Exception <a 'java/lang/ClassNotFoundException'{0x0000000085b404b8}: org/jetbrains/plugins/gradle/model/DependencyAccessorsModelBeanInfo> (0x0000000085b404b8) 
thrown [s\src\hotspot\share\classfile\systemDictionary.cpp, line 256]
Event: 26.661 Thread 0x000002964db498a0 Exception <a 'java/lang/ClassNotFoundException'{0x0000000085b48868}: org/jetbrains/plugins/gradle/model/DependencyAccessorsModelCustomizer> (0x0000000085b48868) 
thrown [s\src\hotspot\share\classfile\systemDictionary.cpp, line 256]
Event: 27.011 Thread 0x000002964db498a0 Exception <a 'java/lang/ClassNotFoundException'{0x0000000086f5ba60}: org/gradle/api/internal/project/DefaultProject_DecoratedBeanInfo> (0x0000000086f5ba60) 
thrown [s\src\hotspot\share\classfile\systemDictionary.cpp, line 256]
Event: 27.012 Thread 0x000002964db498a0 Exception <a 'java/lang/ClassNotFoundException'{0x0000000086f685b8}: org/gradle/api/internal/project/DefaultProjectBeanInfo> (0x0000000086f685b8) 
thrown [s\src\hotspot\share\classfile\systemDictionary.cpp, line 256]
Event: 27.012 Thread 0x000002964db498a0 Exception <a 'java/lang/ClassNotFoundException'{0x0000000086f75440}: org/gradle/api/internal/project/DefaultProjectCustomizer> (0x0000000086f75440) 
thrown [s\src\hotspot\share\classfile\systemDictionary.cpp, line 256]
Event: 27.018 Thread 0x000002964db498a0 Exception <a 'java/lang/ClassNotFoundException'{0x0000000086e1a250}: org/gradle/api/internal/project/DefaultProject_DecoratedCustomizer> (0x0000000086e1a250) 
thrown [s\src\hotspot\share\classfile\systemDictionary.cpp, line 256]
Event: 27.205 Thread 0x000002964db498a0 Implicit null exception at 0x000002963d01f4ef to 0x000002963d01f714
Event: 27.205 Thread 0x000002964db498a0 Implicit null exception at 0x000002963ceb20e0 to 0x000002963ceb217a
Event: 29.147 Thread 0x000002964db498a0 Exception <a 'java/lang/NoSuchMethodError'{0x0000000086b03010}: 'void java.lang.invoke.DirectMethodHandle$Holder.invokeStatic(java.lang.Object, java.lang.Object, java.lang.Object, int, java.lang.Object)'> (0x0000000086b03010) 
thrown [s\src\hotspot\share\interpreter\linkResolver.cpp, line 771]
Event: 29.584 Thread 0x000002964db498a0 Implicit null exception at 0x000002963cf287ef to 0x000002963cf28a64

VM Operations (20 events):
Event: 29.076 Executing VM operation: HandshakeAllThreads
Event: 29.076 Executing VM operation: HandshakeAllThreads done
Event: 29.490 Executing VM operation: ICBufferFull
Event: 29.490 Executing VM operation: ICBufferFull done
Event: 29.498 Executing VM operation: HandshakeAllThreads
Event: 29.498 Executing VM operation: HandshakeAllThreads done
Event: 30.064 Executing VM operation: G1CollectForAllocation
Event: 30.079 Executing VM operation: G1CollectForAllocation done
Event: 30.143 Executing VM operation: G1Concurrent
Event: 30.146 Executing VM operation: G1Concurrent done
Event: 30.177 Executing VM operation: G1Concurrent
Event: 30.177 Executing VM operation: G1Concurrent done
Event: 30.609 Executing VM operation: G1TryInitiateConcMark
Event: 30.615 Executing VM operation: G1TryInitiateConcMark done
Event: 30.684 Executing VM operation: G1Concurrent
Event: 30.687 Executing VM operation: G1Concurrent done
Event: 30.720 Executing VM operation: G1Concurrent
Event: 30.720 Executing VM operation: G1Concurrent done
Event: 30.837 Executing VM operation: G1CollectForAllocation
Event: 30.842 Executing VM operation: G1CollectForAllocation done

Events (20 events):
Event: 29.603 Thread 0x000002964f9e1900 Thread added: 0x000002964f9e1900
Event: 29.603 Thread 0x000002964f9dd0d0 Thread added: 0x000002964f9dd0d0
Event: 29.603 Thread 0x000002964f9daf20 Thread added: 0x000002964f9daf20
Event: 29.604 Thread 0x000002964f9dc730 Thread added: 0x000002964f9dc730
Event: 29.604 Thread 0x000002964f9e05c0 Thread added: 0x000002964f9e05c0
Event: 29.604 Thread 0x000002964f9dedb0 Thread added: 0x000002964f9dedb0
Event: 29.604 Thread 0x000002964f9dcc00 Thread added: 0x000002964f9dcc00
Event: 29.604 Thread 0x000002964f9da580 Thread added: 0x000002964f9da580
Event: 29.605 Thread 0x000002964f9dd5a0 Thread added: 0x000002964f9dd5a0
Event: 29.605 Thread 0x000002964f9daa50 Thread added: 0x000002964f9daa50
Event: 29.605 Thread 0x000002964f9de8e0 Thread added: 0x000002964f9de8e0
Event: 29.605 Thread 0x000002964f9dda70 Thread added: 0x000002964f9dda70
Event: 29.606 Thread 0x000002964f9db3f0 Thread added: 0x000002964f9db3f0
Event: 29.606 Thread 0x000002964f9ddf40 Thread added: 0x000002964f9ddf40
Event: 29.606 Thread 0x000002964fb64930 Thread added: 0x000002964fb64930
Event: 29.606 Thread 0x000002964fb64460 Thread added: 0x000002964fb64460
Event: 29.606 Thread 0x000002964fb5e420 Thread added: 0x000002964fb5e420
Event: 29.607 Thread 0x000002964fb61440 Thread added: 0x000002964fb61440
Event: 29.607 Thread 0x000002964fb605d0 Thread added: 0x000002964fb605d0
Event: 29.607 Thread 0x000002964fb61910 Thread added: 0x000002964fb61910


Dynamic libraries:
0x00007ff7b2310000 - 0x00007ff7b231a000 	C:\Program Files\Android\Android Studio\jbr\bin\java.exe
0x00007ffcf5750000 - 0x00007ffcf5947000 	C:\Windows\SYSTEM32\ntdll.dll
0x00007ffcf5280000 - 0x00007ffcf533d000 	C:\Windows\System32\KERNEL32.DLL
0x00007ffcf3230000 - 0x00007ffcf3526000 	C:\Windows\System32\KERNELBASE.dll
0x00007ffcf2ed0000 - 0x00007ffcf2fd0000 	C:\Windows\System32\ucrtbase.dll
0x00007ffce57c0000 - 0x00007ffce57d7000 	C:\Program Files\Android\Android Studio\jbr\bin\jli.dll
0x00007ffcf40a0000 - 0x00007ffcf423e000 	C:\Windows\System32\USER32.dll
0x00007ffce5cc0000 - 0x00007ffce5cdb000 	C:\Program Files\Android\Android Studio\jbr\bin\VCRUNTIME140.dll
0x00007ffce0390000 - 0x00007ffce062a000 	C:\Windows\WinSxS\amd64_microsoft.windows.common-controls_6595b64144ccf1df_6.0.19041.3570_none_60bb2a3971f3e41a\COMCTL32.dll
0x00007ffcf36d0000 - 0x00007ffcf36f2000 	C:\Windows\System32\win32u.dll
0x00007ffcf5020000 - 0x00007ffcf50be000 	C:\Windows\System32\msvcrt.dll
0x00007ffcf56e0000 - 0x00007ffcf570c000 	C:\Windows\System32\GDI32.dll
0x00007ffcf3530000 - 0x00007ffcf364a000 	C:\Windows\System32\gdi32full.dll
0x00007ffcf2e30000 - 0x00007ffcf2ecd000 	C:\Windows\System32\msvcp_win.dll
0x00007ffcf4990000 - 0x00007ffcf49c0000 	C:\Windows\System32\IMM32.DLL
0x00007ffcee080000 - 0x00007ffcee08c000 	C:\Program Files\Android\Android Studio\jbr\bin\vcruntime140_1.dll
0x00007ffccb620000 - 0x00007ffccb6ad000 	C:\Program Files\Android\Android Studio\jbr\bin\msvcp140.dll
0x00007ffcbd840000 - 0x00007ffcbe4ae000 	C:\Program Files\Android\Android Studio\jbr\bin\server\jvm.dll
0x00007ffcf4860000 - 0x00007ffcf490e000 	C:\Windows\System32\ADVAPI32.dll
0x00007ffcf49c0000 - 0x00007ffcf4a5c000 	C:\Windows\System32\sechost.dll
0x00007ffcf5150000 - 0x00007ffcf5276000 	C:\Windows\System32\RPCRT4.dll
0x00007ffcf0c50000 - 0x00007ffcf0c59000 	C:\Windows\SYSTEM32\WSOCK32.dll
0x00007ffce9a00000 - 0x00007ffce9a0a000 	C:\Windows\SYSTEM32\VERSION.dll
0x00007ffcf4b20000 - 0x00007ffcf4b8b000 	C:\Windows\System32\WS2_32.dll
0x00007ffce8450000 - 0x00007ffce8477000 	C:\Windows\SYSTEM32\WINMM.dll
0x00007ffcf1660000 - 0x00007ffcf1672000 	C:\Windows\SYSTEM32\kernel.appcore.dll
0x00007ffcee070000 - 0x00007ffcee07a000 	C:\Program Files\Android\Android Studio\jbr\bin\jimage.dll
0x00007ffcf0a00000 - 0x00007ffcf0be4000 	C:\Windows\SYSTEM32\DBGHELP.DLL
0x00007ffcd9d60000 - 0x00007ffcd9d94000 	C:\Windows\SYSTEM32\dbgcore.DLL
0x00007ffcf3040000 - 0x00007ffcf30c2000 	C:\Windows\System32\bcryptPrimitives.dll
0x00007ffceb3e0000 - 0x00007ffceb405000 	C:\Program Files\Android\Android Studio\jbr\bin\java.dll
0x00007ffcec660000 - 0x00007ffcec678000 	C:\Program Files\Android\Android Studio\jbr\bin\zip.dll
0x00007ffcf3950000 - 0x00007ffcf4094000 	C:\Windows\System32\SHELL32.dll
0x00007ffcf0eb0000 - 0x00007ffcf164b000 	C:\Windows\SYSTEM32\windows.storage.dll
0x00007ffcf4b90000 - 0x00007ffcf4ee4000 	C:\Windows\System32\combase.dll
0x00007ffcf2870000 - 0x00007ffcf289d000 	C:\Windows\SYSTEM32\Wldp.dll
0x00007ffcf4a60000 - 0x00007ffcf4b0d000 	C:\Windows\System32\SHCORE.dll
0x00007ffcf38f0000 - 0x00007ffcf3945000 	C:\Windows\System32\shlwapi.dll
0x00007ffcf2d60000 - 0x00007ffcf2d85000 	C:\Windows\SYSTEM32\profapi.dll
0x00007ffceb3c0000 - 0x00007ffceb3d9000 	C:\Program Files\Android\Android Studio\jbr\bin\net.dll
0x00007ffce9bc0000 - 0x00007ffce9cca000 	C:\Windows\SYSTEM32\WINHTTP.dll
0x00007ffcf25d0000 - 0x00007ffcf263a000 	C:\Windows\system32\mswsock.dll
0x00007ffceab20000 - 0x00007ffceab36000 	C:\Program Files\Android\Android Studio\jbr\bin\nio.dll
0x00007ffcee010000 - 0x00007ffcee020000 	C:\Program Files\Android\Android Studio\jbr\bin\verify.dll
0x00007ffceab40000 - 0x00007ffceab67000 	C:\Users\ASUS\.gradle\native\e1d6ef7f7dcc3fd88c89a11ec53ec762bb8ba0a96d01ffa2cd45eb1d1d8dd5c5\windows-amd64\native-platform.dll
0x00007ffcc2a70000 - 0x00007ffcc2bb4000 	C:\Users\ASUS\.gradle\native\0d407fdbe67a94daf76414ababcb853783967236a71b16ec16e742cd7a986fd3\windows-amd64\native-platform-file-events.dll
0x00007ffced990000 - 0x00007ffced999000 	C:\Program Files\Android\Android Studio\jbr\bin\management.dll
0x00007ffcec9a0000 - 0x00007ffcec9ab000 	C:\Program Files\Android\Android Studio\jbr\bin\management_ext.dll
0x00007ffcf53f0000 - 0x00007ffcf53f8000 	C:\Windows\System32\PSAPI.DLL
0x00007ffcf27d0000 - 0x00007ffcf27e8000 	C:\Windows\SYSTEM32\CRYPTSP.dll
0x00007ffcf1e70000 - 0x00007ffcf1ea4000 	C:\Windows\system32\rsaenh.dll
0x00007ffcf3650000 - 0x00007ffcf3677000 	C:\Windows\System32\bcrypt.dll
0x00007ffcf2d20000 - 0x00007ffcf2d4e000 	C:\Windows\SYSTEM32\USERENV.dll
0x00007ffcf27c0000 - 0x00007ffcf27cc000 	C:\Windows\SYSTEM32\CRYPTBASE.dll
0x00007ffcf2270000 - 0x00007ffcf22ab000 	C:\Windows\SYSTEM32\IPHLPAPI.DLL
0x00007ffcf4ef0000 - 0x00007ffcf4ef8000 	C:\Windows\System32\NSI.dll
0x00007ffcea570000 - 0x00007ffcea587000 	C:\Windows\SYSTEM32\dhcpcsvc6.DLL
0x00007ffceb320000 - 0x00007ffceb33d000 	C:\Windows\SYSTEM32\dhcpcsvc.DLL
0x00007ffcf22b0000 - 0x00007ffcf237a000 	C:\Windows\SYSTEM32\DNSAPI.dll
0x00007ffcd4c70000 - 0x00007ffcd4c77000 	C:\Windows\system32\wshunix.dll

dbghelp: loaded successfully - version: 4.0.5 - missing functions: none
symbol engine: initialized successfully - sym options: 0x614 - pdb path: .;C:\Program Files\Android\Android Studio\jbr\bin;C:\Windows\SYSTEM32;C:\Windows\WinSxS\amd64_microsoft.windows.common-controls_6595b64144ccf1df_6.0.19041.3570_none_60bb2a3971f3e41a;C:\Program Files\Android\Android Studio\jbr\bin\server;C:\Users\ASUS\.gradle\native\e1d6ef7f7dcc3fd88c89a11ec53ec762bb8ba0a96d01ffa2cd45eb1d1d8dd5c5\windows-amd64;C:\Users\ASUS\.gradle\native\0d407fdbe67a94daf76414ababcb853783967236a71b16ec16e742cd7a986fd3\windows-amd64

VM Arguments:
jvm_args: --add-opens=java.base/java.util=ALL-UNNAMED --add-opens=java.base/java.lang=ALL-UNNAMED --add-opens=java.base/java.lang.invoke=ALL-UNNAMED --add-opens=java.base/java.util=ALL-UNNAMED --add-opens=java.prefs/java.util.prefs=ALL-UNNAMED --add-opens=java.prefs/java.util.prefs=ALL-UNNAMED --add-opens=java.base/java.nio.charset=ALL-UNNAMED --add-opens=java.base/java.net=ALL-UNNAMED --add-opens=java.base/java.util.concurrent.atomic=ALL-UNNAMED -Xmx2048m -Dfile.encoding=UTF-8 -Duser.country=ID -Duser.language=en -Duser.variant 
java_command: org.gradle.launcher.daemon.bootstrap.GradleDaemon 7.5
java_class_path (initial): C:\Users\ASUS\.gradle\wrapper\dists\gradle-7.5-bin\f1w0cc9nuo0eivz97x2xlu9sv\gradle-7.5\lib\gradle-launcher-7.5.jar
Launcher Type: SUN_STANDARD

[Global flags]
     intx CICompilerCount                          = 3                                         {product} {ergonomic}
     uint ConcGCThreads                            = 1                                         {product} {ergonomic}
     uint G1ConcRefinementThreads                  = 4                                         {product} {ergonomic}
   size_t G1HeapRegionSize                         = 1048576                                   {product} {ergonomic}
    uintx GCDrainStackTargetSize                   = 64                                        {product} {ergonomic}
   size_t InitialHeapSize                          = 134217728                                 {product} {ergonomic}
   size_t MarkStackSize                            = 4194304                                   {product} {ergonomic}
   size_t MaxHeapSize                              = 2147483648                                {product} {command line}
   size_t MaxNewSize                               = 1287651328                                {product} {ergonomic}
   size_t MinHeapDeltaBytes                        = 1048576                                   {product} {ergonomic}
   size_t MinHeapSize                              = 8388608                                   {product} {ergonomic}
    uintx NonNMethodCodeHeapSize                   = 5832780                                {pd product} {ergonomic}
    uintx NonProfiledCodeHeapSize                  = 122912730                              {pd product} {ergonomic}
    uintx ProfiledCodeHeapSize                     = 122912730                              {pd product} {ergonomic}
    uintx ReservedCodeCacheSize                    = 251658240                              {pd product} {ergonomic}
     bool SegmentedCodeCache                       = true                                      {product} {ergonomic}
   size_t SoftMaxHeapSize                          = 2147483648                             {manageable} {ergonomic}
     bool UseCompressedClassPointers               = true                           {product lp64_product} {ergonomic}
     bool UseCompressedOops                        = true                           {product lp64_product} {ergonomic}
     bool UseG1GC                                  = true                                      {product} {ergonomic}
     bool UseLargePagesIndividualAllocation        = false                                  {pd product} {ergonomic}

Logging:
Log output configuration:
 #0: stdout all=warning uptime,level,tags
 #1: stderr all=off uptime,level,tags

Environment Variables:
JAVA_HOME=C:\Program Files\Zulu\zulu-17
PATH=C:\Program Files\Zulu\zulu-17\bin\;C:\Windows\system32;C:\Windows;C:\Windows\System32\Wbem;C:\Windows\System32\WindowsPowerShell\v1.0\;C:\Windows\System32\OpenSSH\;E:\SDK dan Gradle\gradle-8.0.1-all\gradle-8.0.1\bin;C:\Development\flutter_windows_3.10.6-stable\flutter\bin\cache\dart-sdk\bin;C:\Program Files\Git\cmd;C:\Users\ASUS\AppData\Local\Microsoft\WindowsApps;C:\Users\ASUS\AppData\Local\Programs\Microsoft VS Code\bin;C:\Development\flutter_windows_3.10.6-stable\flutter\bin;
USERNAME=ASUS
OS=Windows_NT
PROCESSOR_IDENTIFIER=Intel64 Family 6 Model 78 Stepping 3, GenuineIntel
TMP=C:\Users\ASUS\AppData\Local\Temp
TEMP=C:\Users\ASUS\AppData\Local\Temp


JNI global refs:
JNI global refs: 24, weak refs: 9

JNI global refs memory usage: 843, weak refs: 841


---------------  S Y S T E M  ---------------

OS:
 Windows 10 , 64 bit Build 19041 (10.0.19041.3570)
OS uptime: 5 days 20:40 hours

CPU: total 4 (initial active 4) (2 cores per cpu, 2 threads per core) family 6 model 78 stepping 3 microcode 0xcc, cx8, cmov, fxsr, ht, mmx, 3dnowpref, sse, sse2, sse3, ssse3, sse4.1, sse4.2, popcnt, lzcnt, tsc, tscinvbit, avx, avx2, aes, erms, clmul, bmi1, bmi2, adx, fma, vzeroupper, clflush, clflushopt

Memory: 4k page, system-wide physical 8085M (333M free)
TotalPageFile size 12233M (AvailPageFile size 1M)
current process WorkingSet (physical memory assigned to process): 281M, peak: 281M
current process commit charge ("private bytes"): 310M, peak: 311M

vm_info: OpenJDK 64-Bit Server VM (17.0.6+0-b2043.56-10027231) for windows-amd64 JRE (17.0.6+0-b2043.56-10027231), built on Apr 28 2023 00:43:19 by "androidbuild" with MS VC++ 16.10 / 16.11 (VS2019)

END.
