#
# There is insufficient memory for the Java Runtime Environment to continue.
# Native memory allocation (malloc) failed to allocate 1578736 bytes for Chunk::new
# Possible reasons:
#   The system is out of physical RAM or swap space
#   The process is running with CompressedOops enabled, and the Java Heap may be blocking the growth of the native heap
# Possible solutions:
#   Reduce memory load on the system
#   Increase physical memory or swap space
#   Check if swap backing store is full
#   Decrease Java heap size (-Xmx/-Xms)
#   Decrease number of Java threads
#   Decrease Java thread stack sizes (-Xss)
#   Set larger code cache with -XX:ReservedCodeCacheSize=
#   JVM is running with Unscaled Compressed Oops mode in which the Java heap is
#     placed in the first 4GB address space. The Java Heap base address is the
#     maximum limit for the native heap growth. Please use -XX:HeapBaseMinAddress
#     to set the Java Heap base and to place the Java Heap above 4GB virtual address.
# This output file may be truncated or incomplete.
#
#  Out of Memory Error (arena.cpp:189), pid=11964, tid=7812
#
# JRE version: OpenJDK Runtime Environment Zulu17.44+15-CA (17.0.8+7) (build 17.0.8+7-LTS)
# Java VM: OpenJDK 64-Bit Server VM Zulu17.44+15-CA (17.0.8+7-LTS, mixed mode, sharing, tiered, compressed oops, compressed class ptrs, g1 gc, windows-amd64)
# No core dump will be written. Minidumps are not enabled by default on client versions of Windows
#

---------------  S U M M A R Y ------------

Command Line: --add-opens=java.base/java.util=ALL-UNNAMED --add-opens=java.base/java.lang=ALL-UNNAMED --add-opens=java.base/java.lang.invoke=ALL-UNNAMED --add-opens=java.base/java.util=ALL-UNNAMED --add-opens=java.prefs/java.util.prefs=ALL-UNNAMED --add-opens=java.prefs/java.util.prefs=ALL-UNNAMED --add-opens=java.base/java.nio.charset=ALL-UNNAMED --add-opens=java.base/java.net=ALL-UNNAMED --add-opens=java.base/java.util.concurrent.atomic=ALL-UNNAMED -Xmx2048m -Dfile.encoding=UTF-8 -Duser.country=ID -Duser.language=en -Duser.variant org.gradle.launcher.daemon.bootstrap.GradleDaemon 7.5

Host: Intel(R) Core(TM) i7-6500U CPU @ 2.50GHz, 4 cores, 7G,  Windows 10 , 64 bit Build 19041 (10.0.19041.3570)
Time: Fri Nov 10 22:25:21 2023 SE Asia Standard Time elapsed time: 14.692278 seconds (0d 0h 0m 14s)

---------------  T H R E A D  ---------------

Current thread (0x000002305510a9a0):  JavaThread "C2 CompilerThread0" daemon [_thread_in_native, id=7812, stack(0x000000a111d00000,0x000000a111e00000)]


Current CompileTask:
C2:  14692 8488   !   4       java.net.URLClassLoader::findClass (47 bytes)

Stack: [0x000000a111d00000,0x000000a111e00000]
Native frames: (J=compiled Java code, j=interpreted, Vv=VM code, C=native code)
V  [jvm.dll+0x67e01a]
V  [jvm.dll+0x83be54]
V  [jvm.dll+0x83d5fe]
V  [jvm.dll+0x83dc63]
V  [jvm.dll+0x24b18f]
V  [jvm.dll+0xac3ac]
V  [jvm.dll+0xac97c]
V  [jvm.dll+0x36a1a7]
V  [jvm.dll+0x1bd4b2]
V  [jvm.dll+0x21a299]
V  [jvm.dll+0x219561]
V  [jvm.dll+0x1a576d]
V  [jvm.dll+0x229259]
V  [jvm.dll+0x22729c]
V  [jvm.dll+0x7f1b4c]
V  [jvm.dll+0x7ebf6a]
V  [jvm.dll+0x67ce65]
C  [ucrtbase.dll+0x21bb2]
C  [KERNEL32.DLL+0x17344]
C  [ntdll.dll+0x526b1]


---------------  P R O C E S S  ---------------

Threads class SMR info:
_java_thread_list=0x000002309fdf80b0, length=83, elements={
0x00000230374b5010, 0x00000230550e6650, 0x00000230550e73e0, 0x00000230550fc800,
0x00000230550ff0e0, 0x0000023055101160, 0x0000023055103040, 0x000002305510a9a0,
0x000002305510ba50, 0x0000023055111300, 0x0000023055105dd0, 0x00000230551058c0,
0x0000023055102b30, 0x0000023055103550, 0x0000023055104ea0, 0x0000023055104480,
0x0000023055103a60, 0x0000023055103f70, 0x0000023055104990, 0x00000230551053b0,
0x000002309bd2b2a0, 0x000002309bd2a880, 0x000002309bd27af0, 0x000002309bd29950,
0x000002309bd2ad90, 0x000002309bd26bc0, 0x000002309bd266b0, 0x000002309bd28000,
0x000002309bd2c1d0, 0x000002309bd270d0, 0x000002309bd2bcc0, 0x000002309bd2cbf0,
0x000002309bd275e0, 0x000002309bd28510, 0x000002309bd29e60, 0x000002309bd25780,
0x000002309bd25c90, 0x000002309c97aa50, 0x000002309c975950, 0x000002309c9772a0,
0x000002309c97b470, 0x000002309c97c3a0, 0x000002309c97b980, 0x000002309c97be90,
0x000002309c975e60, 0x000002309c976880, 0x000002309c97c8b0, 0x000002309c975440,
0x000002309c97a540, 0x000002309c976d90, 0x000002309c97cdc0, 0x000002309c978bf0,
0x000002309c979100, 0x000002309c977cc0, 0x000002309c9781d0, 0x000002309c9777b0,
0x000002309c979610, 0x000002309c97a030, 0x000002309d85d300, 0x000002309d85a570,
0x000002309d85d810, 0x000002309d85bec0, 0x000002309d85dd20, 0x000002309d85e230,
0x000002309d85f670, 0x000002309d860ab0, 0x000002309d85a060, 0x000002309d85e740,
0x000002309d8605a0, 0x000002309d85aa80, 0x000002309d85ec50, 0x000002309d85fb80,
0x000002309d85c3d0, 0x000002309d85b9b0, 0x000002309d85f160, 0x000002309d85cdf0,
0x000002309d860fc0, 0x000002309d8614d0, 0x000002309d8619e0, 0x000002309d860090,
0x000002309d85af90, 0x000002309c0d2050, 0x00000230556072d0
}

Java Threads: ( => current thread )
  0x00000230374b5010 JavaThread "main" [_thread_blocked, id=10484, stack(0x000000a111000000,0x000000a111100000)]
  0x00000230550e6650 JavaThread "Reference Handler" daemon [_thread_blocked, id=6364, stack(0x000000a111700000,0x000000a111800000)]
  0x00000230550e73e0 JavaThread "Finalizer" daemon [_thread_blocked, id=1380, stack(0x000000a111800000,0x000000a111900000)]
  0x00000230550fc800 JavaThread "Signal Dispatcher" daemon [_thread_blocked, id=5152, stack(0x000000a111900000,0x000000a111a00000)]
  0x00000230550ff0e0 JavaThread "Attach Listener" daemon [_thread_blocked, id=4968, stack(0x000000a111a00000,0x000000a111b00000)]
  0x0000023055101160 JavaThread "Service Thread" daemon [_thread_blocked, id=6872, stack(0x000000a111b00000,0x000000a111c00000)]
  0x0000023055103040 JavaThread "Monitor Deflation Thread" daemon [_thread_blocked, id=8908, stack(0x000000a111c00000,0x000000a111d00000)]
=>0x000002305510a9a0 JavaThread "C2 CompilerThread0" daemon [_thread_in_native, id=7812, stack(0x000000a111d00000,0x000000a111e00000)]
  0x000002305510ba50 JavaThread "C1 CompilerThread0" daemon [_thread_blocked, id=13252, stack(0x000000a111e00000,0x000000a111f00000)]
  0x0000023055111300 JavaThread "Sweeper thread" daemon [_thread_blocked, id=1724, stack(0x000000a111f00000,0x000000a112000000)]
  0x0000023055105dd0 JavaThread "Common-Cleaner" daemon [_thread_blocked, id=12592, stack(0x000000a112000000,0x000000a112100000)]
  0x00000230551058c0 JavaThread "Notification Thread" daemon [_thread_blocked, id=2948, stack(0x000000a112100000,0x000000a112200000)]
  0x0000023055102b30 JavaThread "Daemon health stats" [_thread_blocked, id=12128, stack(0x000000a112700000,0x000000a112800000)]
  0x0000023055103550 JavaThread "Incoming local TCP Connector on port 60005" [_thread_in_native, id=2060, stack(0x000000a112300000,0x000000a112400000)]
  0x0000023055104ea0 JavaThread "Daemon periodic checks" [_thread_blocked, id=6532, stack(0x000000a112800000,0x000000a112900000)]
  0x0000023055104480 JavaThread "Daemon" [_thread_blocked, id=11280, stack(0x000000a112a00000,0x000000a112b00000)]
  0x0000023055103a60 JavaThread "Handler for socket connection from /127.0.0.1:60005 to /127.0.0.1:60006" [_thread_in_native, id=10868, stack(0x000000a112b00000,0x000000a112c00000)]
  0x0000023055103f70 JavaThread "Cancel handler" [_thread_blocked, id=9564, stack(0x000000a112c00000,0x000000a112d00000)]
  0x0000023055104990 JavaThread "Daemon worker" [_thread_in_vm, id=3164, stack(0x000000a112d00000,0x000000a112e00000)]
  0x00000230551053b0 JavaThread "Asynchronous log dispatcher for DefaultDaemonConnection: socket connection from /127.0.0.1:60005 to /127.0.0.1:60006" [_thread_blocked, id=7660, stack(0x000000a112e00000,0x000000a112f00000)]
  0x000002309bd2b2a0 JavaThread "Stdin handler" [_thread_blocked, id=9004, stack(0x000000a112f00000,0x000000a113000000)]
  0x000002309bd2a880 JavaThread "Daemon client event forwarder" [_thread_blocked, id=3856, stack(0x000000a113000000,0x000000a113100000)]
  0x000002309bd27af0 JavaThread "Cache worker for journal cache (C:\Users\ASUS\.gradle\caches\journal-1)" [_thread_blocked, id=2852, stack(0x000000a113100000,0x000000a113200000)]
  0x000002309bd29950 JavaThread "File lock request listener" [_thread_in_native, id=7688, stack(0x000000a113200000,0x000000a113300000)]
  0x000002309bd2ad90 JavaThread "Cache worker for file hash cache (C:\Users\ASUS\.gradle\caches\7.5\fileHashes)" [_thread_blocked, id=4700, stack(0x000000a113300000,0x000000a113400000)]
  0x000002309bd26bc0 JavaThread "File watcher server" daemon [_thread_in_native, id=11644, stack(0x000000a113400000,0x000000a113500000)]
  0x000002309bd266b0 JavaThread "File watcher consumer" daemon [_thread_blocked, id=5032, stack(0x000000a113500000,0x000000a113600000)]
  0x000002309bd28000 JavaThread "jar transforms" [_thread_blocked, id=1820, stack(0x000000a113600000,0x000000a113700000)]
  0x000002309bd2c1d0 JavaThread "jar transforms Thread 2" [_thread_blocked, id=8852, stack(0x000000a113700000,0x000000a113800000)]
  0x000002309bd270d0 JavaThread "jar transforms Thread 3" [_thread_blocked, id=3096, stack(0x000000a113800000,0x000000a113900000)]
  0x000002309bd2bcc0 JavaThread "jar transforms Thread 4" [_thread_blocked, id=6768, stack(0x000000a113900000,0x000000a113a00000)]
  0x000002309bd2cbf0 JavaThread "Cache worker for checksums cache (E:\Project Coba-coba\Mapbox\.gradle\7.5\checksums)" [_thread_blocked, id=8080, stack(0x000000a113a00000,0x000000a113b00000)]
  0x000002309bd275e0 JavaThread "Cache worker for cache directory md-rule (C:\Users\ASUS\.gradle\caches\7.5\md-rule)" [_thread_blocked, id=7976, stack(0x000000a113b00000,0x000000a113c00000)]
  0x000002309bd28510 JavaThread "Cache worker for file content cache (C:\Users\ASUS\.gradle\caches\7.5\fileContent)" [_thread_blocked, id=5176, stack(0x000000a113c00000,0x000000a113d00000)]
  0x000002309bd29e60 JavaThread "Cache worker for file hash cache (E:\Project Coba-coba\Mapbox\.gradle\7.5\fileHashes)" [_thread_blocked, id=9176, stack(0x000000a113d00000,0x000000a113e00000)]
  0x000002309bd25780 JavaThread "Cache worker for cache directory md-supplier (C:\Users\ASUS\.gradle\caches\7.5\md-supplier)" [_thread_blocked, id=9228, stack(0x000000a113e00000,0x000000a113f00000)]
  0x000002309bd25c90 JavaThread "Cache worker for execution history cache (C:\Users\ASUS\.gradle\caches\7.5\executionHistory)" [_thread_blocked, id=9772, stack(0x000000a113f00000,0x000000a114000000)]
  0x000002309c97aa50 JavaThread "Cache worker for kotlin-dsl (C:\Users\ASUS\.gradle\caches\7.5\kotlin-dsl)" [_thread_blocked, id=10672, stack(0x000000a114100000,0x000000a114200000)]
  0x000002309c975950 JavaThread "Cache worker for dependencies-accessors (E:\Project Coba-coba\Mapbox\.gradle\7.5\dependencies-accessors)" [_thread_blocked, id=11336, stack(0x000000a114200000,0x000000a114300000)]
  0x000002309c9772a0 JavaThread "Cache worker for Build Output Cleanup Cache (E:\Project Coba-coba\Mapbox\.gradle\buildOutputCleanup)" [_thread_blocked, id=4844, stack(0x000000a114300000,0x000000a114400000)]
  0x000002309c97b470 JavaThread "Unconstrained build operations" [_thread_blocked, id=9264, stack(0x000000a114400000,0x000000a114500000)]
  0x000002309c97c3a0 JavaThread "Unconstrained build operations Thread 2" [_thread_blocked, id=9332, stack(0x000000a114500000,0x000000a114600000)]
  0x000002309c97b980 JavaThread "Unconstrained build operations Thread 3" [_thread_blocked, id=12808, stack(0x000000a114600000,0x000000a114700000)]
  0x000002309c97be90 JavaThread "Unconstrained build operations Thread 4" [_thread_blocked, id=9688, stack(0x000000a114700000,0x000000a114800000)]
  0x000002309c975e60 JavaThread "Unconstrained build operations Thread 5" [_thread_blocked, id=1956, stack(0x000000a114800000,0x000000a114900000)]
  0x000002309c976880 JavaThread "Unconstrained build operations Thread 6" [_thread_blocked, id=11708, stack(0x000000a114900000,0x000000a114a00000)]
  0x000002309c97c8b0 JavaThread "Unconstrained build operations Thread 7" [_thread_blocked, id=5236, stack(0x000000a114a00000,0x000000a114b00000)]
  0x000002309c975440 JavaThread "Unconstrained build operations Thread 8" [_thread_blocked, id=8380, stack(0x000000a114b00000,0x000000a114c00000)]
  0x000002309c97a540 JavaThread "Unconstrained build operations Thread 9" [_thread_blocked, id=5048, stack(0x000000a114c00000,0x000000a114d00000)]
  0x000002309c976d90 JavaThread "Unconstrained build operations Thread 10" [_thread_blocked, id=10128, stack(0x000000a114d00000,0x000000a114e00000)]
  0x000002309c97cdc0 JavaThread "Unconstrained build operations Thread 11" [_thread_blocked, id=1080, stack(0x000000a114e00000,0x000000a114f00000)]
  0x000002309c978bf0 JavaThread "Unconstrained build operations Thread 12" [_thread_blocked, id=10344, stack(0x000000a114f00000,0x000000a115000000)]
  0x000002309c979100 JavaThread "Unconstrained build operations Thread 13" [_thread_blocked, id=7856, stack(0x000000a115000000,0x000000a115100000)]
  0x000002309c977cc0 JavaThread "Unconstrained build operations Thread 14" [_thread_blocked, id=2128, stack(0x000000a115100000,0x000000a115200000)]
  0x000002309c9781d0 JavaThread "Unconstrained build operations Thread 15" [_thread_blocked, id=6820, stack(0x000000a115200000,0x000000a115300000)]
  0x000002309c9777b0 JavaThread "Unconstrained build operations Thread 16" [_thread_blocked, id=13164, stack(0x000000a115300000,0x000000a115400000)]
  0x000002309c979610 JavaThread "Unconstrained build operations Thread 17" [_thread_blocked, id=2336, stack(0x000000a115400000,0x000000a115500000)]
  0x000002309c97a030 JavaThread "Unconstrained build operations Thread 18" [_thread_blocked, id=6648, stack(0x000000a115500000,0x000000a115600000)]
  0x000002309d85d300 JavaThread "Unconstrained build operations Thread 19" [_thread_blocked, id=8392, stack(0x000000a115600000,0x000000a115700000)]
  0x000002309d85a570 JavaThread "Unconstrained build operations Thread 20" [_thread_blocked, id=10228, stack(0x000000a115700000,0x000000a115800000)]
  0x000002309d85d810 JavaThread "Unconstrained build operations Thread 21" [_thread_blocked, id=12720, stack(0x000000a115800000,0x000000a115900000)]
  0x000002309d85bec0 JavaThread "Unconstrained build operations Thread 22" [_thread_blocked, id=3772, stack(0x000000a115900000,0x000000a115a00000)]
  0x000002309d85dd20 JavaThread "Unconstrained build operations Thread 23" [_thread_blocked, id=9020, stack(0x000000a115a00000,0x000000a115b00000)]
  0x000002309d85e230 JavaThread "Unconstrained build operations Thread 24" [_thread_blocked, id=6180, stack(0x000000a115b00000,0x000000a115c00000)]
  0x000002309d85f670 JavaThread "Unconstrained build operations Thread 25" [_thread_blocked, id=7180, stack(0x000000a115c00000,0x000000a115d00000)]
  0x000002309d860ab0 JavaThread "Unconstrained build operations Thread 26" [_thread_blocked, id=6096, stack(0x000000a115d00000,0x000000a115e00000)]
  0x000002309d85a060 JavaThread "Unconstrained build operations Thread 27" [_thread_blocked, id=10856, stack(0x000000a115e00000,0x000000a115f00000)]
  0x000002309d85e740 JavaThread "Unconstrained build operations Thread 28" [_thread_blocked, id=10080, stack(0x000000a115f00000,0x000000a116000000)]
  0x000002309d8605a0 JavaThread "Unconstrained build operations Thread 29" [_thread_blocked, id=11448, stack(0x000000a116000000,0x000000a116100000)]
  0x000002309d85aa80 JavaThread "Unconstrained build operations Thread 30" [_thread_blocked, id=10020, stack(0x000000a116100000,0x000000a116200000)]
  0x000002309d85ec50 JavaThread "Unconstrained build operations Thread 31" [_thread_blocked, id=3400, stack(0x000000a116200000,0x000000a116300000)]
  0x000002309d85fb80 JavaThread "Unconstrained build operations Thread 32" [_thread_blocked, id=12296, stack(0x000000a116300000,0x000000a116400000)]
  0x000002309d85c3d0 JavaThread "Unconstrained build operations Thread 33" [_thread_blocked, id=5072, stack(0x000000a116400000,0x000000a116500000)]
  0x000002309d85b9b0 JavaThread "Unconstrained build operations Thread 34" [_thread_blocked, id=10960, stack(0x000000a116500000,0x000000a116600000)]
  0x000002309d85f160 JavaThread "Unconstrained build operations Thread 35" [_thread_blocked, id=12888, stack(0x000000a116600000,0x000000a116700000)]
  0x000002309d85cdf0 JavaThread "Unconstrained build operations Thread 36" [_thread_blocked, id=5660, stack(0x000000a116700000,0x000000a116800000)]
  0x000002309d860fc0 JavaThread "Unconstrained build operations Thread 37" [_thread_blocked, id=9596, stack(0x000000a116800000,0x000000a116900000)]
  0x000002309d8614d0 JavaThread "Unconstrained build operations Thread 38" [_thread_blocked, id=11436, stack(0x000000a116900000,0x000000a116a00000)]
  0x000002309d8619e0 JavaThread "Unconstrained build operations Thread 39" [_thread_blocked, id=10404, stack(0x000000a116a00000,0x000000a116b00000)]
  0x000002309d860090 JavaThread "Unconstrained build operations Thread 40" [_thread_blocked, id=6464, stack(0x000000a116b00000,0x000000a116c00000)]
  0x000002309d85af90 JavaThread "Memory manager" [_thread_blocked, id=5416, stack(0x000000a116c00000,0x000000a116d00000)]
  0x000002309c0d2050 JavaThread "C2 CompilerThread1" daemon [_thread_in_native, id=10628, stack(0x000000a112900000,0x000000a112a00000)]
  0x00000230556072d0 JavaThread "pool-3-thread-1" [_thread_blocked, id=6132, stack(0x000000a116d00000,0x000000a116e00000)]

Other Threads:
  0x00000230550e06d0 VMThread "VM Thread" [stack: 0x000000a111600000,0x000000a111700000] [id=5940]
  0x0000023055352d30 WatcherThread [stack: 0x000000a112200000,0x000000a112300000] [id=1268]
  0x00000230375135c0 GCTaskThread "GC Thread#0" [stack: 0x000000a111100000,0x000000a111200000] [id=10852]
  0x00000230554516e0 GCTaskThread "GC Thread#1" [stack: 0x000000a112400000,0x000000a112500000] [id=9924]
  0x0000023055452760 GCTaskThread "GC Thread#2" [stack: 0x000000a112500000,0x000000a112600000] [id=9876]
  0x00000230554521e0 GCTaskThread "GC Thread#3" [stack: 0x000000a112600000,0x000000a112700000] [id=13220]
  0x0000023037524420 ConcurrentGCThread "G1 Main Marker" [stack: 0x000000a111200000,0x000000a111300000] [id=12848]
  0x0000023037526500 ConcurrentGCThread "G1 Conc#0" [stack: 0x000000a111300000,0x000000a111400000] [id=9200]
  0x000002303757dfb0 ConcurrentGCThread "G1 Refine#0" [stack: 0x000000a111400000,0x000000a111500000] [id=5856]
  0x000002309d8b7ef0 ConcurrentGCThread "G1 Refine#1" [stack: 0x000000a114000000,0x000000a114100000] [id=10172]
  0x000002303757e8f0 ConcurrentGCThread "G1 Service" [stack: 0x000000a111500000,0x000000a111600000] [id=12956]

Threads with active compile tasks:
C2 CompilerThread0    14726 8488   !   4       java.net.URLClassLoader::findClass (47 bytes)
C1 CompilerThread0    14726 8638       3       com.google.common.collect.ImmutableBiMap::of (10 bytes)
C2 CompilerThread1    14726 8635       4       java.beans.Introspector::decapitalize (68 bytes)

VM state: not at safepoint (normal execution)

VM Mutex/Monitor currently owned by a thread: None

Heap address: 0x0000000080000000, size: 2048 MB, Compressed Oops mode: 32-bit

CDS archive(s) mapped at: [0x0000023056000000-0x0000023056c00000-0x0000023056c00000), size 12582912, SharedBaseAddress: 0x0000023056000000, ArchiveRelocationMode: 1.
Compressed class space mapped at: 0x0000023057000000-0x0000023097000000, reserved size: 1073741824
Narrow klass base: 0x0000023056000000, Narrow klass shift: 0, Narrow klass range: 0x100000000

GC Precious Log:
 CPUs: 4 total, 4 available
 Memory: 8085M
 Large Page Support: Disabled
 NUMA Support: Disabled
 Compressed Oops: Enabled (32-bit)
 Heap Region Size: 1M
 Heap Min Capacity: 8M
 Heap Initial Capacity: 128M
 Heap Max Capacity: 2G
 Pre-touch: Disabled
 Parallel Workers: 4
 Concurrent Workers: 1
 Concurrent Refinement Workers: 4
 Periodic GC: Disabled

Heap:
 garbage-first heap   total 224256K, used 135342K [0x0000000080000000, 0x0000000100000000)
  region size 1024K, 13 young (13312K), 5 survivors (5120K)
 Metaspace       used 77519K, committed 78208K, reserved 1179648K
  class space    used 10555K, committed 10880K, reserved 1048576K

Heap Regions: E=young(eden), S=young(survivor), O=old, HS=humongous(starts), HC=humongous(continues), CS=collection set, F=free, OA=open archive, CA=closed archive, TAMS=top-at-mark-start (previous, next)
|   0|0x0000000080000000, 0x0000000080100000, 0x0000000080100000|100%|HS|  |TAMS 0x0000000080100000, 0x0000000080000000| Complete 
|   1|0x0000000080100000, 0x0000000080200000, 0x0000000080200000|100%|HC|  |TAMS 0x0000000080200000, 0x0000000080100000| Complete 
|   2|0x0000000080200000, 0x0000000080300000, 0x0000000080300000|100%|HC|  |TAMS 0x0000000080300000, 0x0000000080200000| Complete 
|   3|0x0000000080300000, 0x0000000080400000, 0x0000000080400000|100%| O|  |TAMS 0x0000000080400000, 0x0000000080300000| Untracked 
|   4|0x0000000080400000, 0x0000000080500000, 0x0000000080500000|100%| O|  |TAMS 0x0000000080500000, 0x0000000080400000| Untracked 
|   5|0x0000000080500000, 0x0000000080600000, 0x0000000080600000|100%| O|  |TAMS 0x0000000080600000, 0x0000000080500000| Untracked 
|   6|0x0000000080600000, 0x0000000080700000, 0x0000000080700000|100%| O|  |TAMS 0x0000000080700000, 0x0000000080600000| Untracked 
|   7|0x0000000080700000, 0x0000000080800000, 0x0000000080800000|100%| O|  |TAMS 0x0000000080800000, 0x0000000080700000| Untracked 
|   8|0x0000000080800000, 0x0000000080900000, 0x0000000080900000|100%| O|  |TAMS 0x0000000080900000, 0x0000000080800000| Untracked 
|   9|0x0000000080900000, 0x0000000080a00000, 0x0000000080a00000|100%| O|  |TAMS 0x0000000080a00000, 0x0000000080900000| Untracked 
|  10|0x0000000080a00000, 0x0000000080b00000, 0x0000000080b00000|100%| O|  |TAMS 0x0000000080b00000, 0x0000000080a00000| Untracked 
|  11|0x0000000080b00000, 0x0000000080c00000, 0x0000000080c00000|100%|HS|  |TAMS 0x0000000080c00000, 0x0000000080b00000| Complete 
|  12|0x0000000080c00000, 0x0000000080d00000, 0x0000000080d00000|100%|HC|  |TAMS 0x0000000080d00000, 0x0000000080c00000| Complete 
|  13|0x0000000080d00000, 0x0000000080e00000, 0x0000000080e00000|100%|HS|  |TAMS 0x0000000080e00000, 0x0000000080d00000| Complete 
|  14|0x0000000080e00000, 0x0000000080f00000, 0x0000000080f00000|100%|HC|  |TAMS 0x0000000080f00000, 0x0000000080e00000| Complete 
|  15|0x0000000080f00000, 0x0000000081000000, 0x0000000081000000|100%|HC|  |TAMS 0x0000000081000000, 0x0000000080f00000| Complete 
|  16|0x0000000081000000, 0x0000000081100000, 0x0000000081100000|100%|HS|  |TAMS 0x0000000081100000, 0x0000000081000000| Complete 
|  17|0x0000000081100000, 0x0000000081200000, 0x0000000081200000|100%|HC|  |TAMS 0x0000000081200000, 0x0000000081100000| Complete 
|  18|0x0000000081200000, 0x0000000081300000, 0x0000000081300000|100%|HC|  |TAMS 0x0000000081300000, 0x0000000081200000| Complete 
|  19|0x0000000081300000, 0x0000000081400000, 0x0000000081400000|100%|HS|  |TAMS 0x0000000081400000, 0x0000000081300000| Complete 
|  20|0x0000000081400000, 0x0000000081500000, 0x0000000081500000|100%|HC|  |TAMS 0x0000000081500000, 0x0000000081400000| Complete 
|  21|0x0000000081500000, 0x0000000081600000, 0x0000000081600000|100%|HC|  |TAMS 0x0000000081600000, 0x0000000081500000| Complete 
|  22|0x0000000081600000, 0x0000000081700000, 0x0000000081700000|100%|HC|  |TAMS 0x0000000081700000, 0x0000000081600000| Complete 
|  23|0x0000000081700000, 0x0000000081800000, 0x0000000081800000|100%|HC|  |TAMS 0x0000000081800000, 0x0000000081700000| Complete 
|  24|0x0000000081800000, 0x0000000081900000, 0x0000000081900000|100%|HC|  |TAMS 0x0000000081900000, 0x0000000081800000| Complete 
|  25|0x0000000081900000, 0x0000000081a00000, 0x0000000081a00000|100%|HC|  |TAMS 0x0000000081a00000, 0x0000000081900000| Complete 
|  26|0x0000000081a00000, 0x0000000081b00000, 0x0000000081b00000|100%|HC|  |TAMS 0x0000000081b00000, 0x0000000081a00000| Complete 
|  27|0x0000000081b00000, 0x0000000081c00000, 0x0000000081c00000|100%|HC|  |TAMS 0x0000000081c00000, 0x0000000081b00000| Complete 
|  28|0x0000000081c00000, 0x0000000081d00000, 0x0000000081d00000|100%|HC|  |TAMS 0x0000000081d00000, 0x0000000081c00000| Complete 
|  29|0x0000000081d00000, 0x0000000081e00000, 0x0000000081e00000|100%|HC|  |TAMS 0x0000000081e00000, 0x0000000081d00000| Complete 
|  30|0x0000000081e00000, 0x0000000081f00000, 0x0000000081f00000|100%|HC|  |TAMS 0x0000000081f00000, 0x0000000081e00000| Complete 
|  31|0x0000000081f00000, 0x0000000082000000, 0x0000000082000000|100%|HS|  |TAMS 0x0000000082000000, 0x0000000081f00000| Complete 
|  32|0x0000000082000000, 0x0000000082100000, 0x0000000082100000|100%|HC|  |TAMS 0x0000000082100000, 0x0000000082000000| Complete 
|  33|0x0000000082100000, 0x0000000082200000, 0x0000000082200000|100%| O|  |TAMS 0x0000000082200000, 0x0000000082100000| Untracked 
|  34|0x0000000082200000, 0x0000000082300000, 0x0000000082300000|100%| O|  |TAMS 0x0000000082300000, 0x0000000082200000| Untracked 
|  35|0x0000000082300000, 0x0000000082400000, 0x0000000082400000|100%| O|  |TAMS 0x0000000082400000, 0x0000000082300000| Untracked 
|  36|0x0000000082400000, 0x0000000082500000, 0x0000000082500000|100%| O|  |TAMS 0x0000000082500000, 0x0000000082400000| Untracked 
|  37|0x0000000082500000, 0x0000000082600000, 0x0000000082600000|100%| O|  |TAMS 0x0000000082600000, 0x0000000082500000| Untracked 
|  38|0x0000000082600000, 0x0000000082700000, 0x0000000082700000|100%| O|  |TAMS 0x0000000082700000, 0x0000000082600000| Untracked 
|  39|0x0000000082700000, 0x0000000082800000, 0x0000000082800000|100%| O|  |TAMS 0x0000000082800000, 0x0000000082700000| Untracked 
|  40|0x0000000082800000, 0x0000000082900000, 0x0000000082900000|100%| O|  |TAMS 0x0000000082900000, 0x0000000082800000| Untracked 
|  41|0x0000000082900000, 0x0000000082a00000, 0x0000000082a00000|100%| O|  |TAMS 0x0000000082a00000, 0x0000000082900000| Untracked 
|  42|0x0000000082a00000, 0x0000000082b00000, 0x0000000082b00000|100%| O|  |TAMS 0x0000000082b00000, 0x0000000082a00000| Untracked 
|  43|0x0000000082b00000, 0x0000000082c00000, 0x0000000082c00000|100%| O|  |TAMS 0x0000000082c00000, 0x0000000082b00000| Untracked 
|  44|0x0000000082c00000, 0x0000000082d00000, 0x0000000082d00000|100%| O|  |TAMS 0x0000000082d00000, 0x0000000082c00000| Untracked 
|  45|0x0000000082d00000, 0x0000000082e00000, 0x0000000082e00000|100%| O|  |TAMS 0x0000000082e00000, 0x0000000082d00000| Untracked 
|  46|0x0000000082e00000, 0x0000000082f00000, 0x0000000082f00000|100%| O|  |TAMS 0x0000000082f00000, 0x0000000082e00000| Untracked 
|  47|0x0000000082f00000, 0x0000000083000000, 0x0000000083000000|100%|HS|  |TAMS 0x0000000083000000, 0x0000000082f00000| Complete 
|  48|0x0000000083000000, 0x0000000083100000, 0x0000000083100000|100%|HC|  |TAMS 0x0000000083100000, 0x0000000083000000| Complete 
|  49|0x0000000083100000, 0x0000000083200000, 0x0000000083200000|100%|HC|  |TAMS 0x0000000083200000, 0x0000000083100000| Complete 
|  50|0x0000000083200000, 0x0000000083300000, 0x0000000083300000|100%| O|  |TAMS 0x0000000083300000, 0x0000000083200000| Untracked 
|  51|0x0000000083300000, 0x0000000083400000, 0x0000000083400000|100%| O|  |TAMS 0x0000000083400000, 0x0000000083300000| Untracked 
|  52|0x0000000083400000, 0x0000000083500000, 0x0000000083500000|100%| O|  |TAMS 0x0000000083500000, 0x0000000083400000| Untracked 
|  53|0x0000000083500000, 0x0000000083600000, 0x0000000083600000|100%| O|  |TAMS 0x0000000083600000, 0x0000000083500000| Untracked 
|  54|0x0000000083600000, 0x0000000083700000, 0x0000000083700000|100%|HS|  |TAMS 0x0000000083700000, 0x0000000083600000| Complete 
|  55|0x0000000083700000, 0x0000000083800000, 0x0000000083800000|100%|HC|  |TAMS 0x0000000083800000, 0x0000000083700000| Complete 
|  56|0x0000000083800000, 0x0000000083900000, 0x0000000083900000|100%|HC|  |TAMS 0x0000000083900000, 0x0000000083800000| Complete 
|  57|0x0000000083900000, 0x0000000083a00000, 0x0000000083a00000|100%| O|  |TAMS 0x0000000083a00000, 0x0000000083900000| Untracked 
|  58|0x0000000083a00000, 0x0000000083b00000, 0x0000000083b00000|100%| O|  |TAMS 0x0000000083b00000, 0x0000000083a00000| Untracked 
|  59|0x0000000083b00000, 0x0000000083c00000, 0x0000000083c00000|100%| O|  |TAMS 0x0000000083c00000, 0x0000000083b00000| Untracked 
|  60|0x0000000083c00000, 0x0000000083d00000, 0x0000000083d00000|100%| O|  |TAMS 0x0000000083d00000, 0x0000000083c00000| Untracked 
|  61|0x0000000083d00000, 0x0000000083e00000, 0x0000000083e00000|100%| O|  |TAMS 0x0000000083e00000, 0x0000000083d00000| Untracked 
|  62|0x0000000083e00000, 0x0000000083f00000, 0x0000000083f00000|100%| O|  |TAMS 0x0000000083f00000, 0x0000000083e00000| Untracked 
|  63|0x0000000083f00000, 0x0000000084000000, 0x0000000084000000|100%| O|  |TAMS 0x0000000084000000, 0x0000000083f00000| Untracked 
|  64|0x0000000084000000, 0x0000000084100000, 0x0000000084100000|100%| O|  |TAMS 0x0000000084100000, 0x0000000084000000| Untracked 
|  65|0x0000000084100000, 0x0000000084200000, 0x0000000084200000|100%| O|  |TAMS 0x0000000084200000, 0x0000000084100000| Untracked 
|  66|0x0000000084200000, 0x0000000084300000, 0x0000000084300000|100%| O|  |TAMS 0x0000000084300000, 0x0000000084200000| Untracked 
|  67|0x0000000084300000, 0x0000000084400000, 0x0000000084400000|100%| O|  |TAMS 0x0000000084400000, 0x0000000084300000| Untracked 
|  68|0x0000000084400000, 0x0000000084500000, 0x0000000084500000|100%|HS|  |TAMS 0x0000000084500000, 0x0000000084400000| Complete 
|  69|0x0000000084500000, 0x0000000084600000, 0x0000000084600000|100%|HS|  |TAMS 0x0000000084600000, 0x0000000084500000| Complete 
|  70|0x0000000084600000, 0x0000000084700000, 0x0000000084700000|100%|HC|  |TAMS 0x0000000084700000, 0x0000000084600000| Complete 
|  71|0x0000000084700000, 0x0000000084800000, 0x0000000084800000|100%|HS|  |TAMS 0x0000000084800000, 0x0000000084700000| Complete 
|  72|0x0000000084800000, 0x0000000084900000, 0x0000000084900000|100%|HS|  |TAMS 0x0000000084900000, 0x0000000084800000| Complete 
|  73|0x0000000084900000, 0x0000000084a00000, 0x0000000084a00000|100%|HC|  |TAMS 0x0000000084a00000, 0x0000000084900000| Complete 
|  74|0x0000000084a00000, 0x0000000084b00000, 0x0000000084b00000|100%|HC|  |TAMS 0x0000000084b00000, 0x0000000084a00000| Complete 
|  75|0x0000000084b00000, 0x0000000084c00000, 0x0000000084c00000|100%|HC|  |TAMS 0x0000000084c00000, 0x0000000084b00000| Complete 
|  76|0x0000000084c00000, 0x0000000084d00000, 0x0000000084d00000|100%| O|  |TAMS 0x0000000084d00000, 0x0000000084c00000| Untracked 
|  77|0x0000000084d00000, 0x0000000084e00000, 0x0000000084e00000|100%| O|  |TAMS 0x0000000084e00000, 0x0000000084d00000| Untracked 
|  78|0x0000000084e00000, 0x0000000084f00000, 0x0000000084f00000|100%| O|  |TAMS 0x0000000084f00000, 0x0000000084e00000| Untracked 
|  79|0x0000000084f00000, 0x0000000085000000, 0x0000000085000000|100%| O|  |TAMS 0x0000000085000000, 0x0000000084f00000| Untracked 
|  80|0x0000000085000000, 0x0000000085100000, 0x0000000085100000|100%| O|  |TAMS 0x0000000085100000, 0x0000000085000000| Untracked 
|  81|0x0000000085100000, 0x0000000085200000, 0x0000000085200000|100%| O|  |TAMS 0x0000000085200000, 0x0000000085100000| Untracked 
|  82|0x0000000085200000, 0x0000000085300000, 0x0000000085300000|100%| O|  |TAMS 0x0000000085300000, 0x0000000085200000| Untracked 
|  83|0x0000000085300000, 0x0000000085400000, 0x0000000085400000|100%| O|  |TAMS 0x0000000085400000, 0x0000000085300000| Untracked 
|  84|0x0000000085400000, 0x0000000085500000, 0x0000000085500000|100%| O|  |TAMS 0x0000000085500000, 0x0000000085400000| Untracked 
|  85|0x0000000085500000, 0x0000000085600000, 0x0000000085600000|100%| O|  |TAMS 0x0000000085600000, 0x0000000085500000| Untracked 
|  86|0x0000000085600000, 0x0000000085700000, 0x0000000085700000|100%| O|  |TAMS 0x0000000085700000, 0x0000000085600000| Untracked 
|  87|0x0000000085700000, 0x0000000085800000, 0x0000000085800000|100%| O|  |TAMS 0x0000000085800000, 0x0000000085700000| Untracked 
|  88|0x0000000085800000, 0x0000000085900000, 0x0000000085900000|100%| O|  |TAMS 0x0000000085900000, 0x0000000085800000| Untracked 
|  89|0x0000000085900000, 0x0000000085a00000, 0x0000000085a00000|100%| O|  |TAMS 0x0000000085a00000, 0x0000000085900000| Untracked 
|  90|0x0000000085a00000, 0x0000000085b00000, 0x0000000085b00000|100%| O|  |TAMS 0x0000000085b00000, 0x0000000085a00000| Untracked 
|  91|0x0000000085b00000, 0x0000000085c00000, 0x0000000085c00000|100%| O|  |TAMS 0x0000000085c00000, 0x0000000085b00000| Untracked 
|  92|0x0000000085c00000, 0x0000000085d00000, 0x0000000085d00000|100%| O|  |TAMS 0x0000000085d00000, 0x0000000085c00000| Untracked 
|  93|0x0000000085d00000, 0x0000000085e00000, 0x0000000085e00000|100%| O|  |TAMS 0x0000000085e00000, 0x0000000085d00000| Untracked 
|  94|0x0000000085e00000, 0x0000000085e00000, 0x0000000085f00000|  0%| F|  |TAMS 0x0000000085e00000, 0x0000000085e00000| Untracked 
|  95|0x0000000085f00000, 0x0000000086000000, 0x0000000086000000|100%| O|  |TAMS 0x0000000086000000, 0x0000000085f00000| Untracked 
|  96|0x0000000086000000, 0x0000000086100000, 0x0000000086100000|100%| O|  |TAMS 0x0000000086100000, 0x0000000086000000| Untracked 
|  97|0x0000000086100000, 0x0000000086200000, 0x0000000086200000|100%| O|  |TAMS 0x0000000086200000, 0x0000000086100000| Untracked 
|  98|0x0000000086200000, 0x0000000086300000, 0x0000000086300000|100%| O|  |TAMS 0x0000000086300000, 0x0000000086200000| Untracked 
|  99|0x0000000086300000, 0x00000000863adc00, 0x0000000086400000| 67%| O|  |TAMS 0x00000000863adc00, 0x0000000086300000| Untracked 
| 100|0x0000000086400000, 0x0000000086500000, 0x0000000086500000|100%|HS|  |TAMS 0x0000000086400000, 0x0000000086400000| Complete 
| 101|0x0000000086500000, 0x0000000086600000, 0x0000000086600000|100%|HC|  |TAMS 0x0000000086500000, 0x0000000086500000| Complete 
| 102|0x0000000086600000, 0x0000000086700000, 0x0000000086700000|100%|HS|  |TAMS 0x0000000086600000, 0x0000000086600000| Complete 
| 103|0x0000000086700000, 0x0000000086800000, 0x0000000086800000|100%|HC|  |TAMS 0x0000000086700000, 0x0000000086700000| Complete 
| 104|0x0000000086800000, 0x0000000086900000, 0x0000000086900000|100%|HC|  |TAMS 0x0000000086800000, 0x0000000086800000| Complete 
| 105|0x0000000086900000, 0x0000000086a00000, 0x0000000086a00000|100%|HS|  |TAMS 0x0000000086900000, 0x0000000086900000| Complete 
| 106|0x0000000086a00000, 0x0000000086b00000, 0x0000000086b00000|100%|HC|  |TAMS 0x0000000086a00000, 0x0000000086a00000| Complete 
| 107|0x0000000086b00000, 0x0000000086c00000, 0x0000000086c00000|100%|HC|  |TAMS 0x0000000086b00000, 0x0000000086b00000| Complete 
| 108|0x0000000086c00000, 0x0000000086d00000, 0x0000000086d00000|100%|HS|  |TAMS 0x0000000086c00000, 0x0000000086c00000| Complete 
| 109|0x0000000086d00000, 0x0000000086e00000, 0x0000000086e00000|100%|HC|  |TAMS 0x0000000086d00000, 0x0000000086d00000| Complete 
| 110|0x0000000086e00000, 0x0000000086f00000, 0x0000000086f00000|100%|HC|  |TAMS 0x0000000086e00000, 0x0000000086e00000| Complete 
| 111|0x0000000086f00000, 0x0000000087000000, 0x0000000087000000|100%|HC|  |TAMS 0x0000000086f00000, 0x0000000086f00000| Complete 
| 112|0x0000000087000000, 0x0000000087100000, 0x0000000087100000|100%|HC|  |TAMS 0x0000000087000000, 0x0000000087000000| Complete 
| 113|0x0000000087100000, 0x0000000087200000, 0x0000000087200000|100%|HC|  |TAMS 0x0000000087100000, 0x0000000087100000| Complete 
| 114|0x0000000087200000, 0x0000000087300000, 0x0000000087300000|100%|HC|  |TAMS 0x0000000087200000, 0x0000000087200000| Complete 
| 115|0x0000000087300000, 0x0000000087400000, 0x0000000087400000|100%|HC|  |TAMS 0x0000000087300000, 0x0000000087300000| Complete 
| 116|0x0000000087400000, 0x0000000087500000, 0x0000000087500000|100%|HC|  |TAMS 0x0000000087400000, 0x0000000087400000| Complete 
| 117|0x0000000087500000, 0x0000000087600000, 0x0000000087600000|100%|HC|  |TAMS 0x0000000087500000, 0x0000000087500000| Complete 
| 118|0x0000000087600000, 0x0000000087700000, 0x0000000087700000|100%|HC|  |TAMS 0x0000000087600000, 0x0000000087600000| Complete 
| 119|0x0000000087700000, 0x0000000087800000, 0x0000000087800000|100%|HC|  |TAMS 0x0000000087700000, 0x0000000087700000| Complete 
| 120|0x0000000087800000, 0x0000000087900000, 0x0000000087900000|100%|HS|  |TAMS 0x0000000087800000, 0x0000000087800000| Complete 
| 121|0x0000000087900000, 0x0000000087a00000, 0x0000000087a00000|100%|HC|  |TAMS 0x0000000087900000, 0x0000000087900000| Complete 
| 122|0x0000000087a00000, 0x0000000087a00000, 0x0000000087b00000|  0%| F|  |TAMS 0x0000000087a00000, 0x0000000087a00000| Untracked 
| 123|0x0000000087b00000, 0x0000000087b00000, 0x0000000087c00000|  0%| F|  |TAMS 0x0000000087b00000, 0x0000000087b00000| Untracked 
| 124|0x0000000087c00000, 0x0000000087c00000, 0x0000000087d00000|  0%| F|  |TAMS 0x0000000087c00000, 0x0000000087c00000| Untracked 
| 125|0x0000000087d00000, 0x0000000087d00000, 0x0000000087e00000|  0%| F|  |TAMS 0x0000000087d00000, 0x0000000087d00000| Untracked 
| 126|0x0000000087e00000, 0x0000000087e00000, 0x0000000087f00000|  0%| F|  |TAMS 0x0000000087e00000, 0x0000000087e00000| Untracked 
| 127|0x0000000087f00000, 0x0000000087f00000, 0x0000000088000000|  0%| F|  |TAMS 0x0000000087f00000, 0x0000000087f00000| Untracked 
| 128|0x0000000088000000, 0x0000000088000000, 0x0000000088100000|  0%| F|  |TAMS 0x0000000088000000, 0x0000000088000000| Untracked 
| 129|0x0000000088100000, 0x0000000088100000, 0x0000000088200000|  0%| F|  |TAMS 0x0000000088100000, 0x0000000088100000| Untracked 
| 130|0x0000000088200000, 0x0000000088200000, 0x0000000088300000|  0%| F|  |TAMS 0x0000000088200000, 0x0000000088200000| Untracked 
| 131|0x0000000088300000, 0x0000000088300000, 0x0000000088400000|  0%| F|  |TAMS 0x0000000088300000, 0x0000000088300000| Untracked 
| 132|0x0000000088400000, 0x0000000088400000, 0x0000000088500000|  0%| F|  |TAMS 0x0000000088400000, 0x0000000088400000| Untracked 
| 133|0x0000000088500000, 0x0000000088500000, 0x0000000088600000|  0%| F|  |TAMS 0x0000000088500000, 0x0000000088500000| Untracked 
| 134|0x0000000088600000, 0x0000000088600000, 0x0000000088700000|  0%| F|  |TAMS 0x0000000088600000, 0x0000000088600000| Untracked 
| 135|0x0000000088700000, 0x0000000088700000, 0x0000000088800000|  0%| F|  |TAMS 0x0000000088700000, 0x0000000088700000| Untracked 
| 136|0x0000000088800000, 0x0000000088800000, 0x0000000088900000|  0%| F|  |TAMS 0x0000000088800000, 0x0000000088800000| Untracked 
| 137|0x0000000088900000, 0x0000000088900000, 0x0000000088a00000|  0%| F|  |TAMS 0x0000000088900000, 0x0000000088900000| Untracked 
| 138|0x0000000088a00000, 0x0000000088a00000, 0x0000000088b00000|  0%| F|  |TAMS 0x0000000088a00000, 0x0000000088a00000| Untracked 
| 139|0x0000000088b00000, 0x0000000088b00000, 0x0000000088c00000|  0%| F|  |TAMS 0x0000000088b00000, 0x0000000088b00000| Untracked 
| 140|0x0000000088c00000, 0x0000000088c00000, 0x0000000088d00000|  0%| F|  |TAMS 0x0000000088c00000, 0x0000000088c00000| Untracked 
| 141|0x0000000088d00000, 0x0000000088d00000, 0x0000000088e00000|  0%| F|  |TAMS 0x0000000088d00000, 0x0000000088d00000| Untracked 
| 142|0x0000000088e00000, 0x0000000088e00000, 0x0000000088f00000|  0%| F|  |TAMS 0x0000000088e00000, 0x0000000088e00000| Untracked 
| 143|0x0000000088f00000, 0x0000000088f00000, 0x0000000089000000|  0%| F|  |TAMS 0x0000000088f00000, 0x0000000088f00000| Untracked 
| 144|0x0000000089000000, 0x0000000089000000, 0x0000000089100000|  0%| F|  |TAMS 0x0000000089000000, 0x0000000089000000| Untracked 
| 145|0x0000000089100000, 0x0000000089100000, 0x0000000089200000|  0%| F|  |TAMS 0x0000000089100000, 0x0000000089100000| Untracked 
| 146|0x0000000089200000, 0x0000000089200000, 0x0000000089300000|  0%| F|  |TAMS 0x0000000089200000, 0x0000000089200000| Untracked 
| 147|0x0000000089300000, 0x0000000089300000, 0x0000000089400000|  0%| F|  |TAMS 0x0000000089300000, 0x0000000089300000| Untracked 
| 148|0x0000000089400000, 0x0000000089400000, 0x0000000089500000|  0%| F|  |TAMS 0x0000000089400000, 0x0000000089400000| Untracked 
| 149|0x0000000089500000, 0x0000000089500000, 0x0000000089600000|  0%| F|  |TAMS 0x0000000089500000, 0x0000000089500000| Untracked 
| 150|0x0000000089600000, 0x000000008967df90, 0x0000000089700000| 49%| S|CS|TAMS 0x0000000089600000, 0x0000000089600000| Complete 
| 151|0x0000000089700000, 0x0000000089800000, 0x0000000089800000|100%| S|CS|TAMS 0x0000000089700000, 0x0000000089700000| Complete 
| 152|0x0000000089800000, 0x0000000089900000, 0x0000000089900000|100%| S|CS|TAMS 0x0000000089800000, 0x0000000089800000| Complete 
| 153|0x0000000089900000, 0x0000000089a00000, 0x0000000089a00000|100%| S|CS|TAMS 0x0000000089900000, 0x0000000089900000| Complete 
| 154|0x0000000089a00000, 0x0000000089b00000, 0x0000000089b00000|100%| S|CS|TAMS 0x0000000089a00000, 0x0000000089a00000| Complete 
| 155|0x0000000089b00000, 0x0000000089b00000, 0x0000000089c00000|  0%| F|  |TAMS 0x0000000089b00000, 0x0000000089b00000| Untracked 
| 156|0x0000000089c00000, 0x0000000089c00000, 0x0000000089d00000|  0%| F|  |TAMS 0x0000000089c00000, 0x0000000089c00000| Untracked 
| 157|0x0000000089d00000, 0x0000000089d00000, 0x0000000089e00000|  0%| F|  |TAMS 0x0000000089d00000, 0x0000000089d00000| Untracked 
| 158|0x0000000089e00000, 0x0000000089e00000, 0x0000000089f00000|  0%| F|  |TAMS 0x0000000089e00000, 0x0000000089e00000| Untracked 
| 159|0x0000000089f00000, 0x0000000089f00000, 0x000000008a000000|  0%| F|  |TAMS 0x0000000089f00000, 0x0000000089f00000| Untracked 
| 160|0x000000008a000000, 0x000000008a000000, 0x000000008a100000|  0%| F|  |TAMS 0x000000008a000000, 0x000000008a000000| Untracked 
| 161|0x000000008a100000, 0x000000008a100000, 0x000000008a200000|  0%| F|  |TAMS 0x000000008a100000, 0x000000008a100000| Untracked 
| 162|0x000000008a200000, 0x000000008a200000, 0x000000008a300000|  0%| F|  |TAMS 0x000000008a200000, 0x000000008a200000| Untracked 
| 163|0x000000008a300000, 0x000000008a300000, 0x000000008a400000|  0%| F|  |TAMS 0x000000008a300000, 0x000000008a300000| Untracked 
| 164|0x000000008a400000, 0x000000008a400000, 0x000000008a500000|  0%| F|  |TAMS 0x000000008a400000, 0x000000008a400000| Untracked 
| 165|0x000000008a500000, 0x000000008a500000, 0x000000008a600000|  0%| F|  |TAMS 0x000000008a500000, 0x000000008a500000| Untracked 
| 166|0x000000008a600000, 0x000000008a600000, 0x000000008a700000|  0%| F|  |TAMS 0x000000008a600000, 0x000000008a600000| Untracked 
| 167|0x000000008a700000, 0x000000008a700000, 0x000000008a800000|  0%| F|  |TAMS 0x000000008a700000, 0x000000008a700000| Untracked 
| 168|0x000000008a800000, 0x000000008a800000, 0x000000008a900000|  0%| F|  |TAMS 0x000000008a800000, 0x000000008a800000| Untracked 
| 169|0x000000008a900000, 0x000000008a900000, 0x000000008aa00000|  0%| F|  |TAMS 0x000000008a900000, 0x000000008a900000| Untracked 
| 170|0x000000008aa00000, 0x000000008aa00000, 0x000000008ab00000|  0%| F|  |TAMS 0x000000008aa00000, 0x000000008aa00000| Untracked 
| 171|0x000000008ab00000, 0x000000008ab00000, 0x000000008ac00000|  0%| F|  |TAMS 0x000000008ab00000, 0x000000008ab00000| Untracked 
| 172|0x000000008ac00000, 0x000000008ac00000, 0x000000008ad00000|  0%| F|  |TAMS 0x000000008ac00000, 0x000000008ac00000| Untracked 
| 173|0x000000008ad00000, 0x000000008ad00000, 0x000000008ae00000|  0%| F|  |TAMS 0x000000008ad00000, 0x000000008ad00000| Untracked 
| 174|0x000000008ae00000, 0x000000008ae00000, 0x000000008af00000|  0%| F|  |TAMS 0x000000008ae00000, 0x000000008ae00000| Untracked 
| 175|0x000000008af00000, 0x000000008af00000, 0x000000008b000000|  0%| F|  |TAMS 0x000000008af00000, 0x000000008af00000| Untracked 
| 176|0x000000008b000000, 0x000000008b000000, 0x000000008b100000|  0%| F|  |TAMS 0x000000008b000000, 0x000000008b000000| Untracked 
| 177|0x000000008b100000, 0x000000008b100000, 0x000000008b200000|  0%| F|  |TAMS 0x000000008b100000, 0x000000008b100000| Untracked 
| 178|0x000000008b200000, 0x000000008b300000, 0x000000008b300000|100%| E|CS|TAMS 0x000000008b200000, 0x000000008b200000| Complete 
| 179|0x000000008b300000, 0x000000008b400000, 0x000000008b400000|100%| E|CS|TAMS 0x000000008b300000, 0x000000008b300000| Complete 
| 180|0x000000008b400000, 0x000000008b500000, 0x000000008b500000|100%| E|CS|TAMS 0x000000008b400000, 0x000000008b400000| Complete 
| 181|0x000000008b500000, 0x000000008b600000, 0x000000008b600000|100%| E|CS|TAMS 0x000000008b500000, 0x000000008b500000| Complete 
| 182|0x000000008b600000, 0x000000008b700000, 0x000000008b700000|100%| E|CS|TAMS 0x000000008b600000, 0x000000008b600000| Complete 
| 183|0x000000008b700000, 0x000000008b700000, 0x000000008b800000|  0%| F|  |TAMS 0x000000008b700000, 0x000000008b700000| Untracked 
| 184|0x000000008b800000, 0x000000008b800000, 0x000000008b900000|  0%| F|  |TAMS 0x000000008b800000, 0x000000008b800000| Untracked 
| 185|0x000000008b900000, 0x000000008b900000, 0x000000008ba00000|  0%| F|  |TAMS 0x000000008b900000, 0x000000008b900000| Untracked 
| 186|0x000000008ba00000, 0x000000008ba00000, 0x000000008bb00000|  0%| F|  |TAMS 0x000000008ba00000, 0x000000008ba00000| Untracked 
| 187|0x000000008bb00000, 0x000000008bb00000, 0x000000008bc00000|  0%| F|  |TAMS 0x000000008bb00000, 0x000000008bb00000| Untracked 
| 188|0x000000008bc00000, 0x000000008bc00000, 0x000000008bd00000|  0%| F|  |TAMS 0x000000008bc00000, 0x000000008bc00000| Untracked 
| 189|0x000000008bd00000, 0x000000008bd00000, 0x000000008be00000|  0%| F|  |TAMS 0x000000008bd00000, 0x000000008bd00000| Untracked 
| 190|0x000000008be00000, 0x000000008be00000, 0x000000008bf00000|  0%| F|  |TAMS 0x000000008be00000, 0x000000008be00000| Untracked 
| 191|0x000000008bf00000, 0x000000008bf00000, 0x000000008c000000|  0%| F|  |TAMS 0x000000008bf00000, 0x000000008bf00000| Untracked 
| 192|0x000000008c000000, 0x000000008c000000, 0x000000008c100000|  0%| F|  |TAMS 0x000000008c000000, 0x000000008c000000| Untracked 
| 193|0x000000008c100000, 0x000000008c100000, 0x000000008c200000|  0%| F|  |TAMS 0x000000008c100000, 0x000000008c100000| Untracked 
| 194|0x000000008c200000, 0x000000008c200000, 0x000000008c300000|  0%| F|  |TAMS 0x000000008c200000, 0x000000008c200000| Untracked 
| 195|0x000000008c300000, 0x000000008c300000, 0x000000008c400000|  0%| F|  |TAMS 0x000000008c300000, 0x000000008c300000| Untracked 
| 196|0x000000008c400000, 0x000000008c400000, 0x000000008c500000|  0%| F|  |TAMS 0x000000008c400000, 0x000000008c400000| Untracked 
| 197|0x000000008c500000, 0x000000008c500000, 0x000000008c600000|  0%| F|  |TAMS 0x000000008c500000, 0x000000008c500000| Untracked 
| 198|0x000000008c600000, 0x000000008c600000, 0x000000008c700000|  0%| F|  |TAMS 0x000000008c600000, 0x000000008c600000| Untracked 
| 199|0x000000008c700000, 0x000000008c700000, 0x000000008c800000|  0%| F|  |TAMS 0x000000008c700000, 0x000000008c700000| Untracked 
| 200|0x000000008c800000, 0x000000008c800000, 0x000000008c900000|  0%| F|  |TAMS 0x000000008c800000, 0x000000008c800000| Untracked 
| 201|0x000000008c900000, 0x000000008c900000, 0x000000008ca00000|  0%| F|  |TAMS 0x000000008c900000, 0x000000008c900000| Untracked 
| 202|0x000000008ca00000, 0x000000008ca00000, 0x000000008cb00000|  0%| F|  |TAMS 0x000000008ca00000, 0x000000008ca00000| Untracked 
| 203|0x000000008cb00000, 0x000000008cb00000, 0x000000008cc00000|  0%| F|  |TAMS 0x000000008cb00000, 0x000000008cb00000| Untracked 
| 204|0x000000008cc00000, 0x000000008cc00000, 0x000000008cd00000|  0%| F|  |TAMS 0x000000008cc00000, 0x000000008cc00000| Untracked 
| 205|0x000000008cd00000, 0x000000008cd00000, 0x000000008ce00000|  0%| F|  |TAMS 0x000000008cd00000, 0x000000008cd00000| Untracked 
| 206|0x000000008ce00000, 0x000000008ce00000, 0x000000008cf00000|  0%| F|  |TAMS 0x000000008ce00000, 0x000000008ce00000| Untracked 
| 207|0x000000008cf00000, 0x000000008cf00000, 0x000000008d000000|  0%| F|  |TAMS 0x000000008cf00000, 0x000000008cf00000| Untracked 
| 208|0x000000008d000000, 0x000000008d000000, 0x000000008d100000|  0%| F|  |TAMS 0x000000008d000000, 0x000000008d000000| Untracked 
| 209|0x000000008d100000, 0x000000008d100000, 0x000000008d200000|  0%| F|  |TAMS 0x000000008d100000, 0x000000008d100000| Untracked 
| 210|0x000000008d200000, 0x000000008d200000, 0x000000008d300000|  0%| F|  |TAMS 0x000000008d200000, 0x000000008d200000| Untracked 
| 211|0x000000008d300000, 0x000000008d300000, 0x000000008d400000|  0%| F|  |TAMS 0x000000008d300000, 0x000000008d300000| Untracked 
| 212|0x000000008d400000, 0x000000008d400000, 0x000000008d500000|  0%| F|  |TAMS 0x000000008d400000, 0x000000008d400000| Untracked 
| 213|0x000000008d500000, 0x000000008d500000, 0x000000008d600000|  0%| F|  |TAMS 0x000000008d500000, 0x000000008d500000| Untracked 
| 214|0x000000008d600000, 0x000000008d600000, 0x000000008d700000|  0%| F|  |TAMS 0x000000008d600000, 0x000000008d600000| Untracked 
| 215|0x000000008d700000, 0x000000008d700000, 0x000000008d800000|  0%| F|  |TAMS 0x000000008d700000, 0x000000008d700000| Untracked 
| 216|0x000000008d800000, 0x000000008d900000, 0x000000008d900000|100%| E|  |TAMS 0x000000008d800000, 0x000000008d800000| Complete 
| 217|0x000000008d900000, 0x000000008da00000, 0x000000008da00000|100%| E|CS|TAMS 0x000000008d900000, 0x000000008d900000| Complete 
| 218|0x000000008da00000, 0x000000008db00000, 0x000000008db00000|100%| E|CS|TAMS 0x000000008da00000, 0x000000008da00000| Complete 

Card table byte_map: [0x000002304e450000,0x000002304e850000] _byte_map_base: 0x000002304e050000

Marking Bits (Prev, Next): (CMBitMap*) 0x0000023037513b30, (CMBitMap*) 0x0000023037513af0
 Prev Bits: [0x0000023050c50000, 0x0000023052c50000)
 Next Bits: [0x000002304ec50000, 0x0000023050c50000)

Polling page: 0x00000230353f0000

Metaspace:

Usage:
  Non-class:     65.42 MB used.
      Class:     10.31 MB used.
       Both:     75.73 MB used.

Virtual space:
  Non-class space:      128.00 MB reserved,      65.81 MB ( 51%) committed,  2 nodes.
      Class space:        1.00 GB reserved,      10.62 MB (  1%) committed,  1 nodes.
             Both:        1.12 GB reserved,      76.44 MB (  7%) committed. 

Chunk freelists:
   Non-Class:  14.23 MB
       Class:  5.26 MB
        Both:  19.50 MB

MaxMetaspaceSize: unlimited
CompressedClassSpaceSize: 1.00 GB
Initial GC threshold: 21.00 MB
Current GC threshold: 126.69 MB
CDS: on
MetaspaceReclaimPolicy: balanced
 - commit_granule_bytes: 65536.
 - commit_granule_words: 8192.
 - virtual_space_node_default_size: 8388608.
 - enlarge_chunks_in_place: 1.
 - new_chunks_are_fully_committed: 0.
 - uncommit_free_chunks: 1.
 - use_allocation_guard: 0.
 - handle_deallocations: 1.


Internal statistics:

num_allocs_failed_limit: 6.
num_arena_births: 898.
num_arena_deaths: 0.
num_vsnodes_births: 3.
num_vsnodes_deaths: 0.
num_space_committed: 1223.
num_space_uncommitted: 0.
num_chunks_returned_to_freelist: 6.
num_chunks_taken_from_freelist: 4001.
num_chunk_merges: 3.
num_chunk_splits: 2713.
num_chunks_enlarged: 1857.
num_inconsistent_stats: 0.

CodeHeap 'non-profiled nmethods': size=120000Kb used=4459Kb max_used=4459Kb free=115540Kb
 bounds [0x0000023046b20000, 0x0000023046f80000, 0x000002304e050000]
CodeHeap 'profiled nmethods': size=120000Kb used=15567Kb max_used=15567Kb free=104432Kb
 bounds [0x000002303f050000, 0x000002303ff90000, 0x0000023046580000]
CodeHeap 'non-nmethods': size=5760Kb used=2386Kb max_used=2462Kb free=3373Kb
 bounds [0x0000023046580000, 0x0000023046800000, 0x0000023046b20000]
 total_blobs=8753 nmethods=7834 adapters=831
 compilation: enabled
              stopped_count=0, restarted_count=0
 full_count=0

Compilation events (20 events):
Event: 14.660 Thread 0x000002309c0d2050 8614 %     4       java.io.DataOutputStream::writeUTF @ 187 (411 bytes)
Event: 14.660 Thread 0x000002305510ba50 nmethod 8613 0x000002303ff6fd10 code [0x000002303ff6ff40, 0x000002303ff70738]
Event: 14.661 Thread 0x000002305510ba50 8616       3       java.io.ObjectOutputStream$HandleTable::insert (39 bytes)
Event: 14.661 Thread 0x000002305510ba50 nmethod 8616 0x000002303ff70b10 code [0x000002303ff70ce0, 0x000002303ff710a8]
Event: 14.661 Thread 0x000002305510ba50 8617       3       java.io.ObjectStreamField::getTypeCode (9 bytes)
Event: 14.662 Thread 0x000002305510ba50 nmethod 8617 0x000002303ff71290 code [0x000002303ff714a0, 0x000002303ff71a88]
Event: 14.662 Thread 0x000002305510ba50 8618       3       java.io.ObjectOutputStream$BlockDataOutputStream::drain (45 bytes)
Event: 14.662 Thread 0x000002305510ba50 nmethod 8618 0x000002303ff71d10 code [0x000002303ff71ec0, 0x000002303ff72198]
Event: 14.662 Thread 0x000002305510ba50 8619       3       java.io.ObjectOutputStream$BlockDataOutputStream::getUTFLength (124 bytes)
Event: 14.663 Thread 0x000002305510ba50 nmethod 8619 0x000002303ff72290 code [0x000002303ff72480, 0x000002303ff72a68]
Event: 14.663 Thread 0x000002305510ba50 8620       3       java.io.ObjectOutputStream$BlockDataOutputStream::writeBytes (144 bytes)
Event: 14.664 Thread 0x000002305510ba50 nmethod 8620 0x000002303ff72d10 code [0x000002303ff72f20, 0x000002303ff735d8]
Event: 14.665 Thread 0x000002305510ba50 8622   !   3       java.io.ObjectOutputStream::writeObject0 (620 bytes)
Event: 14.669 Thread 0x000002305510ba50 nmethod 8622 0x000002303ff73910 code [0x000002303ff73fe0, 0x000002303ff77d98]
Event: 14.673 Thread 0x000002305510ba50 8623       3       sun.invoke.util.VerifyAccess$1::<init> (15 bytes)
Event: 14.673 Thread 0x000002305510ba50 nmethod 8623 0x000002303ff79510 code [0x000002303ff796c0, 0x000002303ff798d8]
Event: 14.673 Thread 0x000002305510ba50 8624       3       sun.invoke.util.VerifyAccess$1::run (5 bytes)
Event: 14.673 Thread 0x000002305510ba50 nmethod 8624 0x000002303ff79990 code [0x000002303ff79b40, 0x000002303ff79d48]
Event: 14.675 Thread 0x000002309c0d2050 nmethod 8614% 0x0000023046f77e10 code [0x0000023046f77fc0, 0x0000023046f78a58]
Event: 14.675 Thread 0x000002309c0d2050 8615       4       java.lang.ClassValue::get (31 bytes)

GC Heap History (20 events):
Event: 10.084 GC heap before
{Heap before GC invocations=20 (full 0):
 garbage-first heap   total 155648K, used 112433K [0x0000000080000000, 0x0000000100000000)
  region size 1024K, 26 young (26624K), 2 survivors (2048K)
 Metaspace       used 50873K, committed 51584K, reserved 1114112K
  class space    used 6933K, committed 7296K, reserved 1048576K
}
Event: 10.087 GC heap after
{Heap after GC invocations=21 (full 0):
 garbage-first heap   total 155648K, used 88776K [0x0000000080000000, 0x0000000100000000)
  region size 1024K, 3 young (3072K), 3 survivors (3072K)
 Metaspace       used 50873K, committed 51584K, reserved 1114112K
  class space    used 6933K, committed 7296K, reserved 1048576K
}
Event: 10.986 GC heap before
{Heap before GC invocations=22 (full 0):
 garbage-first heap   total 155648K, used 116424K [0x0000000080000000, 0x0000000100000000)
  region size 1024K, 29 young (29696K), 3 survivors (3072K)
 Metaspace       used 55376K, committed 56128K, reserved 1114112K
  class space    used 7517K, committed 7872K, reserved 1048576K
}
Event: 10.994 GC heap after
{Heap after GC invocations=23 (full 0):
 garbage-first heap   total 155648K, used 93550K [0x0000000080000000, 0x0000000100000000)
  region size 1024K, 4 young (4096K), 4 survivors (4096K)
 Metaspace       used 55376K, committed 56128K, reserved 1114112K
  class space    used 7517K, committed 7872K, reserved 1048576K
}
Event: 11.008 GC heap before
{Heap before GC invocations=23 (full 0):
 garbage-first heap   total 155648K, used 99694K [0x0000000080000000, 0x0000000100000000)
  region size 1024K, 7 young (7168K), 4 survivors (4096K)
 Metaspace       used 55377K, committed 56128K, reserved 1114112K
  class space    used 7517K, committed 7872K, reserved 1048576K
}
Event: 11.017 GC heap after
{Heap after GC invocations=24 (full 0):
 garbage-first heap   total 155648K, used 96166K [0x0000000080000000, 0x0000000100000000)
  region size 1024K, 1 young (1024K), 1 survivors (1024K)
 Metaspace       used 55377K, committed 56128K, reserved 1114112K
  class space    used 7517K, committed 7872K, reserved 1048576K
}
Event: 11.043 GC heap before
{Heap before GC invocations=24 (full 0):
 garbage-first heap   total 155648K, used 98214K [0x0000000080000000, 0x0000000100000000)
  region size 1024K, 4 young (4096K), 1 survivors (1024K)
 Metaspace       used 55382K, committed 56128K, reserved 1114112K
  class space    used 7517K, committed 7872K, reserved 1048576K
}
Event: 11.046 GC heap after
{Heap after GC invocations=25 (full 0):
 garbage-first heap   total 187392K, used 96412K [0x0000000080000000, 0x0000000100000000)
  region size 1024K, 2 young (2048K), 2 survivors (2048K)
 Metaspace       used 55382K, committed 56128K, reserved 1114112K
  class space    used 7517K, committed 7872K, reserved 1048576K
}
Event: 11.729 GC heap before
{Heap before GC invocations=26 (full 0):
 garbage-first heap   total 187392K, used 138396K [0x0000000080000000, 0x0000000100000000)
  region size 1024K, 42 young (43008K), 2 survivors (2048K)
 Metaspace       used 58844K, committed 59648K, reserved 1114112K
  class space    used 7938K, committed 8320K, reserved 1048576K
}
Event: 11.733 GC heap after
{Heap after GC invocations=27 (full 0):
 garbage-first heap   total 187392K, used 99496K [0x0000000080000000, 0x0000000100000000)
  region size 1024K, 4 young (4096K), 4 survivors (4096K)
 Metaspace       used 58844K, committed 59648K, reserved 1114112K
  class space    used 7938K, committed 8320K, reserved 1048576K
}
Event: 12.482 GC heap before
{Heap before GC invocations=28 (full 0):
 garbage-first heap   total 187392K, used 140456K [0x0000000080000000, 0x0000000100000000)
  region size 1024K, 45 young (46080K), 4 survivors (4096K)
 Metaspace       used 63408K, committed 64128K, reserved 1114112K
  class space    used 8550K, committed 8896K, reserved 1048576K
}
Event: 12.488 GC heap after
{Heap after GC invocations=29 (full 0):
 garbage-first heap   total 187392K, used 97211K [0x0000000080000000, 0x0000000100000000)
  region size 1024K, 3 young (3072K), 3 survivors (3072K)
 Metaspace       used 63408K, committed 64128K, reserved 1114112K
  class space    used 8550K, committed 8896K, reserved 1048576K
}
Event: 13.168 GC heap before
{Heap before GC invocations=29 (full 0):
 garbage-first heap   total 187392K, used 142267K [0x0000000080000000, 0x0000000100000000)
  region size 1024K, 48 young (49152K), 3 survivors (3072K)
 Metaspace       used 67620K, committed 68352K, reserved 1114112K
  class space    used 9067K, committed 9408K, reserved 1048576K
}
Event: 13.175 GC heap after
{Heap after GC invocations=30 (full 0):
 garbage-first heap   total 187392K, used 98973K [0x0000000080000000, 0x0000000100000000)
  region size 1024K, 4 young (4096K), 4 survivors (4096K)
 Metaspace       used 67620K, committed 68352K, reserved 1114112K
  class space    used 9067K, committed 9408K, reserved 1048576K
}
Event: 13.982 GC heap before
{Heap before GC invocations=31 (full 0):
 garbage-first heap   total 187392K, used 147101K [0x0000000080000000, 0x0000000100000000)
  region size 1024K, 51 young (52224K), 4 survivors (4096K)
 Metaspace       used 73028K, committed 73664K, reserved 1114112K
  class space    used 10016K, committed 10304K, reserved 1048576K
}
Event: 13.990 GC heap after
{Heap after GC invocations=32 (full 0):
 garbage-first heap   total 187392K, used 102228K [0x0000000080000000, 0x0000000100000000)
  region size 1024K, 5 young (5120K), 5 survivors (5120K)
 Metaspace       used 73028K, committed 73664K, reserved 1114112K
  class space    used 10016K, committed 10304K, reserved 1048576K
}
Event: 14.051 GC heap before
{Heap before GC invocations=32 (full 0):
 garbage-first heap   total 187392K, used 106324K [0x0000000080000000, 0x0000000100000000)
  region size 1024K, 9 young (9216K), 5 survivors (5120K)
 Metaspace       used 73475K, committed 74112K, reserved 1114112K
  class space    used 10076K, committed 10368K, reserved 1048576K
}
Event: 14.058 GC heap after
{Heap after GC invocations=33 (full 0):
 garbage-first heap   total 187392K, used 101907K [0x0000000080000000, 0x0000000100000000)
  region size 1024K, 1 young (1024K), 1 survivors (1024K)
 Metaspace       used 73475K, committed 74112K, reserved 1114112K
  class space    used 10076K, committed 10368K, reserved 1048576K
}
Event: 14.522 GC heap before
{Heap before GC invocations=33 (full 0):
 garbage-first heap   total 187392K, used 127507K [0x0000000080000000, 0x0000000100000000)
  region size 1024K, 28 young (28672K), 1 survivors (1024K)
 Metaspace       used 76907K, committed 77568K, reserved 1179648K
  class space    used 10454K, committed 10752K, reserved 1048576K
}
Event: 14.529 GC heap after
{Heap after GC invocations=34 (full 0):
 garbage-first heap   total 187392K, used 105646K [0x0000000080000000, 0x0000000100000000)
  region size 1024K, 5 young (5120K), 5 survivors (5120K)
 Metaspace       used 76907K, committed 77568K, reserved 1179648K
  class space    used 10454K, committed 10752K, reserved 1048576K
}

Dll operation events (12 events):
Event: 0.009 Loaded shared library C:\Program Files\Zulu\zulu-17\bin\java.dll
Event: 0.029 Loaded shared library C:\Program Files\Zulu\zulu-17\bin\jsvml.dll
Event: 0.074 Loaded shared library C:\Program Files\Zulu\zulu-17\bin\net.dll
Event: 0.076 Loaded shared library C:\Program Files\Zulu\zulu-17\bin\nio.dll
Event: 0.082 Loaded shared library C:\Program Files\Zulu\zulu-17\bin\zip.dll
Event: 0.319 Loaded shared library C:\Program Files\Zulu\zulu-17\bin\jimage.dll
Event: 0.413 Loaded shared library C:\Program Files\Zulu\zulu-17\bin\verify.dll
Event: 0.633 Loaded shared library C:\Users\ASUS\.gradle\native\e1d6ef7f7dcc3fd88c89a11ec53ec762bb8ba0a96d01ffa2cd45eb1d1d8dd5c5\windows-amd64\native-platform.dll
Event: 0.639 Loaded shared library C:\Users\ASUS\.gradle\native\0d407fdbe67a94daf76414ababcb853783967236a71b16ec16e742cd7a986fd3\windows-amd64\native-platform-file-events.dll
Event: 1.684 Loaded shared library C:\Program Files\Zulu\zulu-17\bin\management.dll
Event: 1.687 Loaded shared library C:\Program Files\Zulu\zulu-17\bin\management_ext.dll
Event: 2.218 Loaded shared library C:\Program Files\Zulu\zulu-17\bin\sunmscapi.dll

Deoptimization events (20 events):
Event: 14.405 Thread 0x0000023055104990 Uncommon trap: trap_request=0xffffff45 fr.pc=0x0000023046e26eb0 relative=0x0000000000000cb0
Event: 14.405 Thread 0x0000023055104990 Uncommon trap: reason=unstable_if action=reinterpret pc=0x0000023046e26eb0 method=com.esotericsoftware.kryo.io.Input.readString()Ljava/lang/String; @ 28 c2
Event: 14.405 Thread 0x0000023055104990 DEOPT PACKING pc=0x0000023046e26eb0 sp=0x000000a112df8610
Event: 14.405 Thread 0x0000023055104990 DEOPT UNPACKING pc=0x00000230465d69a3 sp=0x000000a112df85e8 mode 2
Event: 14.411 Thread 0x0000023055104990 Uncommon trap: trap_request=0xffffff45 fr.pc=0x0000023046e1d160 relative=0x00000000000001c0
Event: 14.411 Thread 0x0000023055104990 Uncommon trap: reason=unstable_if action=reinterpret pc=0x0000023046e1d160 method=com.esotericsoftware.kryo.io.Input.require(I)I @ 65 c2
Event: 14.411 Thread 0x0000023055104990 DEOPT PACKING pc=0x0000023046e1d160 sp=0x000000a112df84f0
Event: 14.411 Thread 0x0000023055104990 DEOPT UNPACKING pc=0x00000230465d69a3 sp=0x000000a112df84a0 mode 2
Event: 14.423 Thread 0x0000023055104990 Uncommon trap: trap_request=0xffffff45 fr.pc=0x0000023046d83970 relative=0x0000000000000070
Event: 14.423 Thread 0x0000023055104990 Uncommon trap: reason=unstable_if action=reinterpret pc=0x0000023046d83970 method=com.google.common.cache.LocalCache.isExpired(Lcom/google/common/cache/ReferenceEntry;J)Z @ 9 c2
Event: 14.423 Thread 0x0000023055104990 DEOPT PACKING pc=0x0000023046d83970 sp=0x000000a112df8790
Event: 14.423 Thread 0x0000023055104990 DEOPT UNPACKING pc=0x00000230465d69a3 sp=0x000000a112df8720 mode 2
Event: 14.444 Thread 0x0000023055104990 Uncommon trap: trap_request=0xffffff45 fr.pc=0x0000023046cbeb08 relative=0x00000000000007c8
Event: 14.444 Thread 0x0000023055104990 Uncommon trap: reason=unstable_if action=reinterpret pc=0x0000023046cbeb08 method=java.lang.Integer.stringSize(I)I @ 3 c2
Event: 14.444 Thread 0x0000023055104990 DEOPT PACKING pc=0x0000023046cbeb08 sp=0x000000a112dfc620
Event: 14.444 Thread 0x0000023055104990 DEOPT UNPACKING pc=0x00000230465d69a3 sp=0x000000a112dfc570 mode 2
Event: 14.456 Thread 0x0000023055104990 Uncommon trap: trap_request=0xffffff45 fr.pc=0x0000023046bcab84 relative=0x0000000000000664
Event: 14.456 Thread 0x0000023055104990 Uncommon trap: reason=unstable_if action=reinterpret pc=0x0000023046bcab84 method=jdk.internal.org.objectweb.asm.Frame.getAbstractTypeFromDescriptor(Ljdk/internal/org/objectweb/asm/SymbolTable;Ljava/lang/String;I)I @ 189 c2
Event: 14.456 Thread 0x0000023055104990 DEOPT PACKING pc=0x0000023046bcab84 sp=0x000000a112dfbc80
Event: 14.456 Thread 0x0000023055104990 DEOPT UNPACKING pc=0x00000230465d69a3 sp=0x000000a112dfbc40 mode 2

Classes unloaded (0 events):
No events

Classes redefined (0 events):
No events

Internal exceptions (20 events):
Event: 12.384 Thread 0x0000023055104990 Exception <a 'java/lang/ClassNotFoundException'{0x00000000895766b0}: org/jetbrains/kotlin/gradle/targets/js/npm/DefaultPeerNpmDependencyExtensionBeanInfo> (0x00000000895766b0) 
thrown [s\src\hotspot\share\classfile\systemDictionary.cpp, line 259]
Event: 12.385 Thread 0x0000023055104990 Exception <a 'java/lang/ClassNotFoundException'{0x0000000089581e80}: org/jetbrains/kotlin/gradle/targets/js/npm/DefaultPeerNpmDependencyExtensionCustomizer> (0x0000000089581e80) 
thrown [s\src\hotspot\share\classfile\systemDictionary.cpp, line 259]
Event: 12.389 Thread 0x0000023055104990 Exception <a 'java/lang/ClassNotFoundException'{0x00000000895c3350}: org/jetbrains/kotlin/gradle/targets/js/npm/DefaultPeerNpmDependencyExtension$delegate$1BeanInfo> (0x00000000895c3350) 
thrown [s\src\hotspot\share\classfile\systemDictionary.cpp, line 259]
Event: 12.390 Thread 0x0000023055104990 Exception <a 'java/lang/ClassNotFoundException'{0x00000000895ceaa0}: org/jetbrains/kotlin/gradle/targets/js/npm/DefaultPeerNpmDependencyExtension$delegate$1Customizer> (0x00000000895ceaa0) 
thrown [s\src\hotspot\share\classfile\systemDictionary.cpp, line 259]
Event: 13.943 Thread 0x0000023055104990 Exception <a 'java/lang/ClassNotFoundException'{0x0000000088a96f28}: com/android/build/gradle/internal/api/ApkVariantOutputImpl_DecoratedBeanInfo> (0x0000000088a96f28) 
thrown [s\src\hotspot\share\classfile\systemDictionary.cpp, line 259]
Event: 13.944 Thread 0x0000023055104990 Exception <a 'java/lang/ClassNotFoundException'{0x0000000088aa3d18}: com/android/build/gradle/internal/api/ApkVariantOutputImplBeanInfo> (0x0000000088aa3d18) 
thrown [s\src\hotspot\share\classfile\systemDictionary.cpp, line 259]
Event: 13.945 Thread 0x0000023055104990 Exception <a 'java/lang/ClassNotFoundException'{0x0000000088ab0b18}: com/android/build/gradle/internal/api/BaseVariantOutputImplBeanInfo> (0x0000000088ab0b18) 
thrown [s\src\hotspot\share\classfile\systemDictionary.cpp, line 259]
Event: 13.945 Thread 0x0000023055104990 Exception <a 'java/lang/ClassNotFoundException'{0x0000000088abd8f0}: com/android/build/gradle/internal/api/BaseVariantOutputImplCustomizer> (0x0000000088abd8f0) 
thrown [s\src\hotspot\share\classfile\systemDictionary.cpp, line 259]
Event: 13.947 Thread 0x0000023055104990 Exception <a 'java/lang/ClassNotFoundException'{0x0000000088add5c8}: com/android/build/gradle/internal/api/ApkVariantOutputImplCustomizer> (0x0000000088add5c8) 
thrown [s\src\hotspot\share\classfile\systemDictionary.cpp, line 259]
Event: 13.948 Thread 0x0000023055104990 Exception <a 'java/lang/ClassNotFoundException'{0x0000000088af8270}: com/android/build/gradle/internal/api/ApkVariantOutputImpl_DecoratedCustomizer> (0x0000000088af8270) 
thrown [s\src\hotspot\share\classfile\systemDictionary.cpp, line 259]
Event: 14.029 Thread 0x0000023055104990 Exception <a 'java/lang/ClassNotFoundException'{0x000000008b498c68}: com/android/build/gradle/internal/api/ReadOnlyBuildTypeBeanInfo> (0x000000008b498c68) 
thrown [s\src\hotspot\share\classfile\systemDictionary.cpp, line 259]
Event: 14.030 Thread 0x0000023055104990 Exception <a 'java/lang/ClassNotFoundException'{0x000000008b4a5ef0}: com/android/build/gradle/internal/api/ReadOnlyBaseConfigBeanInfo> (0x000000008b4a5ef0) 
thrown [s\src\hotspot\share\classfile\systemDictionary.cpp, line 259]
Event: 14.031 Thread 0x0000023055104990 Exception <a 'java/lang/ClassNotFoundException'{0x000000008b4b2ca8}: com/android/build/gradle/internal/api/ReadOnlyBaseConfigCustomizer> (0x000000008b4b2ca8) 
thrown [s\src\hotspot\share\classfile\systemDictionary.cpp, line 259]
Event: 14.032 Thread 0x0000023055104990 Exception <a 'java/lang/ClassNotFoundException'{0x000000008b4d0ae0}: com/android/build/gradle/internal/api/ReadOnlyBuildTypeCustomizer> (0x000000008b4d0ae0) 
thrown [s\src\hotspot\share\classfile\systemDictionary.cpp, line 259]
Event: 14.236 Thread 0x0000023055104990 Implicit null exception at 0x0000023046f4ede0 to 0x0000023046f4ee78
Event: 14.356 Thread 0x0000023055104990 Exception <a 'java/lang/NoSuchMethodError'{0x000000008a23e310}: static Lcom/android/build/gradle/internal/profile/ProjectData;.<clinit>()V> (0x000000008a23e310) 
thrown [s\src\hotspot\share\prims\jni.cpp, line 1107]
Event: 14.391 Thread 0x0000023055104990 Exception <a 'sun/nio/fs/WindowsException'{0x000000008a026988}> (0x000000008a026988) 
thrown [s\src\hotspot\share\prims\jni.cpp, line 516]
Event: 14.660 Thread 0x000002309bd2a880 Exception <a 'java/lang/NoSuchMethodError'{0x000000008da083b0}: static Lorg/gradle/tooling/internal/provider/PhasedBuildActionResult;.<clinit>()V> (0x000000008da083b0) 
thrown [s\src\hotspot\share\prims\jni.cpp, line 1107]
Event: 14.661 Thread 0x000002309bd2a880 Exception <a 'java/lang/NoSuchMethodError'{0x000000008da11998}: static Lorg/gradle/tooling/internal/provider/serialization/SerializedPayload;.<clinit>()V> (0x000000008da11998) 
thrown [s\src\hotspot\share\prims\jni.cpp, line 1107]
Event: 14.669 Thread 0x000002309bd2a880 Exception <a 'java/lang/NoSuchMethodError'{0x000000008da18430}: static [B.<clinit>()V> (0x000000008da18430) 
thrown [s\src\hotspot\share\prims\jni.cpp, line 1107]

VM Operations (20 events):
Event: 13.168 Executing VM operation: G1CollectForAllocation
Event: 13.175 Executing VM operation: G1CollectForAllocation done
Event: 13.242 Executing VM operation: HandshakeAllThreads
Event: 13.243 Executing VM operation: HandshakeAllThreads done
Event: 13.280 Executing VM operation: G1PauseRemark
Event: 13.286 Executing VM operation: G1PauseRemark done
Event: 13.340 Executing VM operation: G1PauseCleanup
Event: 13.341 Executing VM operation: G1PauseCleanup done
Event: 13.982 Executing VM operation: G1CollectForAllocation
Event: 13.990 Executing VM operation: G1CollectForAllocation done
Event: 14.051 Executing VM operation: G1CollectForAllocation
Event: 14.058 Executing VM operation: G1CollectForAllocation done
Event: 14.188 Executing VM operation: HandshakeAllThreads
Event: 14.188 Executing VM operation: HandshakeAllThreads done
Event: 14.420 Executing VM operation: HandshakeAllThreads
Event: 14.420 Executing VM operation: HandshakeAllThreads done
Event: 14.522 Executing VM operation: G1TryInitiateConcMark
Event: 14.529 Executing VM operation: G1TryInitiateConcMark done
Event: 14.646 Executing VM operation: G1PauseRemark
Event: 14.653 Executing VM operation: G1PauseRemark done

Events (20 events):
Event: 14.393 loading class java/util/concurrent/ConcurrentLinkedQueue$Itr
Event: 14.393 loading class java/util/concurrent/ConcurrentLinkedQueue$Itr done
Event: 14.419 loading class java/util/AbstractList$ListItr
Event: 14.419 loading class java/util/AbstractList$ListItr done
Event: 14.453 loading class java/io/NotSerializableException
Event: 14.453 loading class java/io/NotSerializableException done
Event: 14.644 loading class java/util/function/ToDoubleBiFunction
Event: 14.644 loading class java/util/function/ToDoubleBiFunction done
Event: 14.644 loading class java/util/function/DoubleBinaryOperator
Event: 14.644 loading class java/util/function/DoubleBinaryOperator done
Event: 14.644 loading class java/util/function/ToLongBiFunction
Event: 14.644 loading class java/util/function/ToLongBiFunction done
Event: 14.644 loading class java/util/function/LongBinaryOperator
Event: 14.644 loading class java/util/function/LongBinaryOperator done
Event: 14.644 loading class java/util/function/ToIntBiFunction
Event: 14.644 loading class java/util/function/ToIntBiFunction done
Event: 14.645 loading class java/io/ObjectOutputStream$PutFieldImpl
Event: 14.645 loading class java/io/ObjectOutputStream$PutField
Event: 14.645 loading class java/io/ObjectOutputStream$PutField done
Event: 14.645 loading class java/io/ObjectOutputStream$PutFieldImpl done


Dynamic libraries:
0x00007ff6e3eb0000 - 0x00007ff6e3ebe000 	C:\Program Files\Zulu\zulu-17\bin\java.exe
0x00007ffcf5750000 - 0x00007ffcf5947000 	C:\Windows\SYSTEM32\ntdll.dll
0x00007ffcf5280000 - 0x00007ffcf533d000 	C:\Windows\System32\KERNEL32.DLL
0x00007ffcf3230000 - 0x00007ffcf3526000 	C:\Windows\System32\KERNELBASE.dll
0x00007ffcf2ed0000 - 0x00007ffcf2fd0000 	C:\Windows\System32\ucrtbase.dll
0x00007ffce5890000 - 0x00007ffce58a9000 	C:\Program Files\Zulu\zulu-17\bin\jli.dll
0x00007ffce5870000 - 0x00007ffce588b000 	C:\Program Files\Zulu\zulu-17\bin\VCRUNTIME140.dll
0x00007ffcf40a0000 - 0x00007ffcf423e000 	C:\Windows\System32\USER32.dll
0x00007ffce0390000 - 0x00007ffce062a000 	C:\Windows\WinSxS\amd64_microsoft.windows.common-controls_6595b64144ccf1df_6.0.19041.3570_none_60bb2a3971f3e41a\COMCTL32.dll
0x00007ffcf36d0000 - 0x00007ffcf36f2000 	C:\Windows\System32\win32u.dll
0x00007ffcf5020000 - 0x00007ffcf50be000 	C:\Windows\System32\msvcrt.dll
0x00007ffcf56e0000 - 0x00007ffcf570c000 	C:\Windows\System32\GDI32.dll
0x00007ffcf3530000 - 0x00007ffcf364a000 	C:\Windows\System32\gdi32full.dll
0x00007ffcf2e30000 - 0x00007ffcf2ecd000 	C:\Windows\System32\msvcp_win.dll
0x00007ffcf4990000 - 0x00007ffcf49c0000 	C:\Windows\System32\IMM32.DLL
0x00007ffced9a0000 - 0x00007ffced9ac000 	C:\Program Files\Zulu\zulu-17\bin\vcruntime140_1.dll
0x00007ffce5730000 - 0x00007ffce57bd000 	C:\Program Files\Zulu\zulu-17\bin\msvcp140.dll
0x00007ffcbe4b0000 - 0x00007ffcbf118000 	C:\Program Files\Zulu\zulu-17\bin\server\jvm.dll
0x00007ffcf4860000 - 0x00007ffcf490e000 	C:\Windows\System32\ADVAPI32.dll
0x00007ffcf49c0000 - 0x00007ffcf4a5c000 	C:\Windows\System32\sechost.dll
0x00007ffcf5150000 - 0x00007ffcf5276000 	C:\Windows\System32\RPCRT4.dll
0x00007ffcf23e0000 - 0x00007ffcf242b000 	C:\Windows\SYSTEM32\POWRPROF.dll
0x00007ffcf0c50000 - 0x00007ffcf0c59000 	C:\Windows\SYSTEM32\WSOCK32.dll
0x00007ffce9a00000 - 0x00007ffce9a0a000 	C:\Windows\SYSTEM32\VERSION.dll
0x00007ffcf4b20000 - 0x00007ffcf4b8b000 	C:\Windows\System32\WS2_32.dll
0x00007ffce8450000 - 0x00007ffce8477000 	C:\Windows\SYSTEM32\WINMM.dll
0x00007ffcf2250000 - 0x00007ffcf2262000 	C:\Windows\SYSTEM32\UMPDC.dll
0x00007ffcf1660000 - 0x00007ffcf1672000 	C:\Windows\SYSTEM32\kernel.appcore.dll
0x00007ffcec5b0000 - 0x00007ffcec5ba000 	C:\Program Files\Zulu\zulu-17\bin\jimage.dll
0x00007ffcf0a00000 - 0x00007ffcf0be4000 	C:\Windows\SYSTEM32\DBGHELP.DLL
0x00007ffcd9d60000 - 0x00007ffcd9d94000 	C:\Windows\SYSTEM32\dbgcore.DLL
0x00007ffcf3040000 - 0x00007ffcf30c2000 	C:\Windows\System32\bcryptPrimitives.dll
0x00007ffce5840000 - 0x00007ffce5865000 	C:\Program Files\Zulu\zulu-17\bin\java.dll
0x00007ffcd1ff0000 - 0x00007ffcd20c7000 	C:\Program Files\Zulu\zulu-17\bin\jsvml.dll
0x00007ffcf3950000 - 0x00007ffcf4094000 	C:\Windows\System32\SHELL32.dll
0x00007ffcf0eb0000 - 0x00007ffcf164b000 	C:\Windows\SYSTEM32\windows.storage.dll
0x00007ffcf4b90000 - 0x00007ffcf4ee4000 	C:\Windows\System32\combase.dll
0x00007ffcf2870000 - 0x00007ffcf289d000 	C:\Windows\SYSTEM32\Wldp.dll
0x00007ffcf4a60000 - 0x00007ffcf4b0d000 	C:\Windows\System32\SHCORE.dll
0x00007ffcf38f0000 - 0x00007ffcf3945000 	C:\Windows\System32\shlwapi.dll
0x00007ffcf2d60000 - 0x00007ffcf2d85000 	C:\Windows\SYSTEM32\profapi.dll
0x00007ffce5820000 - 0x00007ffce5839000 	C:\Program Files\Zulu\zulu-17\bin\net.dll
0x00007ffce9bc0000 - 0x00007ffce9cca000 	C:\Windows\SYSTEM32\WINHTTP.dll
0x00007ffcf25d0000 - 0x00007ffcf263a000 	C:\Windows\system32\mswsock.dll
0x00007ffce5710000 - 0x00007ffce5726000 	C:\Program Files\Zulu\zulu-17\bin\nio.dll
0x00007ffce56f0000 - 0x00007ffce5708000 	C:\Program Files\Zulu\zulu-17\bin\zip.dll
0x00007ffceac90000 - 0x00007ffceaca0000 	C:\Program Files\Zulu\zulu-17\bin\verify.dll
0x00007ffceab40000 - 0x00007ffceab67000 	C:\Users\ASUS\.gradle\native\e1d6ef7f7dcc3fd88c89a11ec53ec762bb8ba0a96d01ffa2cd45eb1d1d8dd5c5\windows-amd64\native-platform.dll
0x00007ffcc2a70000 - 0x00007ffcc2bb4000 	C:\Users\ASUS\.gradle\native\0d407fdbe67a94daf76414ababcb853783967236a71b16ec16e742cd7a986fd3\windows-amd64\native-platform-file-events.dll
0x00007ffce96f0000 - 0x00007ffce96f9000 	C:\Program Files\Zulu\zulu-17\bin\management.dll
0x00007ffce7640000 - 0x00007ffce764b000 	C:\Program Files\Zulu\zulu-17\bin\management_ext.dll
0x00007ffcf53f0000 - 0x00007ffcf53f8000 	C:\Windows\System32\PSAPI.DLL
0x00007ffcf27d0000 - 0x00007ffcf27e8000 	C:\Windows\SYSTEM32\CRYPTSP.dll
0x00007ffcf1e70000 - 0x00007ffcf1ea4000 	C:\Windows\system32\rsaenh.dll
0x00007ffcf3650000 - 0x00007ffcf3677000 	C:\Windows\System32\bcrypt.dll
0x00007ffcf2d20000 - 0x00007ffcf2d4e000 	C:\Windows\SYSTEM32\USERENV.dll
0x00007ffcf27c0000 - 0x00007ffcf27cc000 	C:\Windows\SYSTEM32\CRYPTBASE.dll
0x00007ffcf2270000 - 0x00007ffcf22ab000 	C:\Windows\SYSTEM32\IPHLPAPI.DLL
0x00007ffcf4ef0000 - 0x00007ffcf4ef8000 	C:\Windows\System32\NSI.dll
0x00007ffcea570000 - 0x00007ffcea587000 	C:\Windows\SYSTEM32\dhcpcsvc6.DLL
0x00007ffceb320000 - 0x00007ffceb33d000 	C:\Windows\SYSTEM32\dhcpcsvc.DLL
0x00007ffcf22b0000 - 0x00007ffcf237a000 	C:\Windows\SYSTEM32\DNSAPI.dll
0x00007ffce5b40000 - 0x00007ffce5b4e000 	C:\Program Files\Zulu\zulu-17\bin\sunmscapi.dll
0x00007ffcf30d0000 - 0x00007ffcf322d000 	C:\Windows\System32\CRYPT32.dll
0x00007ffcf28e0000 - 0x00007ffcf2907000 	C:\Windows\SYSTEM32\ncrypt.dll
0x00007ffcf28a0000 - 0x00007ffcf28db000 	C:\Windows\SYSTEM32\NTASN1.dll
0x00007ffcd4c70000 - 0x00007ffcd4c77000 	C:\Windows\system32\wshunix.dll

dbghelp: loaded successfully - version: 4.0.5 - missing functions: none
symbol engine: initialized successfully - sym options: 0x614 - pdb path: .;C:\Program Files\Zulu\zulu-17\bin;C:\Windows\SYSTEM32;C:\Windows\WinSxS\amd64_microsoft.windows.common-controls_6595b64144ccf1df_6.0.19041.3570_none_60bb2a3971f3e41a;C:\Program Files\Zulu\zulu-17\bin\server;C:\Users\ASUS\.gradle\native\e1d6ef7f7dcc3fd88c89a11ec53ec762bb8ba0a96d01ffa2cd45eb1d1d8dd5c5\windows-amd64;C:\Users\ASUS\.gradle\native\0d407fdbe67a94daf76414ababcb853783967236a71b16ec16e742cd7a986fd3\windows-amd64

VM Arguments:
jvm_args: --add-opens=java.base/java.util=ALL-UNNAMED --add-opens=java.base/java.lang=ALL-UNNAMED --add-opens=java.base/java.lang.invoke=ALL-UNNAMED --add-opens=java.base/java.util=ALL-UNNAMED --add-opens=java.prefs/java.util.prefs=ALL-UNNAMED --add-opens=java.prefs/java.util.prefs=ALL-UNNAMED --add-opens=java.base/java.nio.charset=ALL-UNNAMED --add-opens=java.base/java.net=ALL-UNNAMED --add-opens=java.base/java.util.concurrent.atomic=ALL-UNNAMED -Xmx2048m -Dfile.encoding=UTF-8 -Duser.country=ID -Duser.language=en -Duser.variant 
java_command: org.gradle.launcher.daemon.bootstrap.GradleDaemon 7.5
java_class_path (initial): C:\Users\ASUS\.gradle\wrapper\dists\gradle-7.5-bin\f1w0cc9nuo0eivz97x2xlu9sv\gradle-7.5\lib\gradle-launcher-7.5.jar
Launcher Type: SUN_STANDARD

[Global flags]
     intx CICompilerCount                          = 3                                         {product} {ergonomic}
     uint ConcGCThreads                            = 1                                         {product} {ergonomic}
     uint G1ConcRefinementThreads                  = 4                                         {product} {ergonomic}
   size_t G1HeapRegionSize                         = 1048576                                   {product} {ergonomic}
    uintx GCDrainStackTargetSize                   = 64                                        {product} {ergonomic}
   size_t InitialHeapSize                          = 134217728                                 {product} {ergonomic}
   size_t MarkStackSize                            = 4194304                                   {product} {ergonomic}
   size_t MaxHeapSize                              = 2147483648                                {product} {command line}
   size_t MaxNewSize                               = 1287651328                                {product} {ergonomic}
   size_t MinHeapDeltaBytes                        = 1048576                                   {product} {ergonomic}
   size_t MinHeapSize                              = 8388608                                   {product} {ergonomic}
    uintx NonNMethodCodeHeapSize                   = 5832780                                {pd product} {ergonomic}
    uintx NonProfiledCodeHeapSize                  = 122912730                              {pd product} {ergonomic}
    uintx ProfiledCodeHeapSize                     = 122912730                              {pd product} {ergonomic}
    uintx ReservedCodeCacheSize                    = 251658240                              {pd product} {ergonomic}
     bool SegmentedCodeCache                       = true                                      {product} {ergonomic}
   size_t SoftMaxHeapSize                          = 2147483648                             {manageable} {ergonomic}
     bool UseCompressedClassPointers               = true                           {product lp64_product} {ergonomic}
     bool UseCompressedOops                        = true                           {product lp64_product} {ergonomic}
     bool UseG1GC                                  = true                                      {product} {ergonomic}
     bool UseLargePagesIndividualAllocation        = false                                  {pd product} {ergonomic}

Logging:
Log output configuration:
 #0: stdout all=warning uptime,level,tags
 #1: stderr all=off uptime,level,tags

Environment Variables:
JAVA_HOME=C:\Program Files\Zulu\zulu-17
PATH=C:\Program Files\Zulu\zulu-17\bin\;C:\Windows\system32;C:\Windows;C:\Windows\System32\Wbem;C:\Windows\System32\WindowsPowerShell\v1.0\;C:\Windows\System32\OpenSSH\;E:\SDK dan Gradle\gradle-8.0.1-all\gradle-8.0.1\bin;C:\Development\flutter_windows_3.10.6-stable\flutter\bin\cache\dart-sdk\bin;C:\Program Files\Git\cmd;C:\Users\ASUS\AppData\Local\Microsoft\WindowsApps;C:\Users\ASUS\AppData\Local\Programs\Microsoft VS Code\bin;C:\Development\flutter_windows_3.10.6-stable\flutter\bin;
USERNAME=ASUS
OS=Windows_NT
PROCESSOR_IDENTIFIER=Intel64 Family 6 Model 78 Stepping 3, GenuineIntel
TMP=C:\Users\ASUS\AppData\Local\Temp
TEMP=C:\Users\ASUS\AppData\Local\Temp



---------------  S Y S T E M  ---------------

OS:
 Windows 10 , 64 bit Build 19041 (10.0.19041.3570)
OS uptime: 5 days 20:43 hours

CPU: total 4 (initial active 4) (2 cores per cpu, 2 threads per core) family 6 model 78 stepping 3 microcode 0xcc, cx8, cmov, fxsr, ht, mmx, 3dnowpref, sse, sse2, sse3, ssse3, sse4.1, sse4.2, popcnt, lzcnt, tsc, tscinvbit, avx, avx2, aes, erms, clmul, bmi1, bmi2, adx, fma, vzeroupper, clflush, clflushopt
Processor Information for all 4 processors :
  Max Mhz: 2592, Current Mhz: 2492, Mhz Limit: 2488

Memory: 4k page, system-wide physical 8085M (391M free)
TotalPageFile size 12233M (AvailPageFile size 5M)
current process WorkingSet (physical memory assigned to process): 410M, peak: 410M
current process commit charge ("private bytes"): 482M, peak: 483M

vm_info: OpenJDK 64-Bit Server VM (17.0.8+7-LTS) for windows-amd64 JRE (17.0.8+7-LTS) (Zulu17.44+15-CA), built on Jul  5 2023 07:56:11 by "zulu_re" with MS VC++ 16.10 / 16.11 (VS2019)

END.
